2020-04-28 17:25:03,484 - __main__ - INFO - Argument '--device' supplied, device in scope 'usdal1-03pac01-mgt.ip.mrshmc.com'
2020-04-28 17:25:03,485 - __main__ - INFO - Argument '--filename' supplied, configuration contained in '../pangenerator/output/mel-brow-addres.csv'
2020-04-28 17:25:03,485 - __main__ - INFO - Argument '--no-checks' supplied, no integrity checks performed on dbedit file or in relation to existing configuration.
2020-04-28 17:25:03,485 - __main__ - INFO - Argument '--no-locks' supplied, no commit or configuration locks will be taken.
2020-04-28 17:25:03,498 - __main__ - INFO - Argument '--test' supplied, TEST mode - will not perform updates via API.
2020-04-28 17:25:03,499 - __main__ - INFO - Argument '--verbose' supplied, logging will be printed to console.
2020-04-28 17:25:12,612 - __main__ - INFO - Device System Info: SystemInfo(version='9.0.4', platform='M-500', serial='007307001217')
2020-04-28 17:25:12,613 - __main__ - INFO - Filename '../pangenerator/output/mel-brow-addres.csv' provided. Parsing...
2020-04-28 17:25:12,619 - __main__ - INFO - dbedit: Ignoring commented line '#vendor,objtype,op_action,location,name,subtype,members,ip,netmask,cidr,description,color,protocol,source_port,destination_port,nexthop,tag,value,interface,enable_user_identification,metric,mgmt_profile,zone,rule_action,application,category,data_filtering,destination,disable_server_response_inspection,disabled,file_blocking,fromzone,group,hip_profiles,icmp_unreachable,log_end,log_setting,log_start,negate_destination,negate_source,negate_target,schedule,service,source,source_user,spyware,target,tozone ,url_filtering,virus,vulnerability,wildfire_analysis,destination_dynamic_translated_address,destination_dynamic_translated_distribution,destination_dynamic_translated_port,destination_translated_address,destination_translated_port,ha_binding,nat_type,source_translation_address_type,source_translation_fallback_interface,source_translation_fallback_ip_address,source_translation_fallback_ip_type,source_translation_fallback_translated_addresses,source_translation_fallback_type,source_translation_interface,source_translation_ip_address,source_translation_static_bi_directional,source_translation_static_translated_address,source_translation_translated_addresses,source_translation_type,to_interface,category,subcategory,technology,risk,evasive,excessive_bandwidth_use,prone_to_misuse,is_saas,transfers_files,tunnels_other_apps,used_by_malware,has_known_vulnerabilities,pervasive,default_type,parent_app,timeout,tcp_timeout,udp_timeout,tcp_half_closed_timeout,tcp_time_wait_timeout,tunnel_applications,file_type_ident,virus_ident,data_ident,default_port,default_ip_protocol,default_icmp_type,default_icmp_code,ignore_this_end_marker'
2020-04-28 17:25:12,619 - __main__ - INFO - dbedit: Found vendor 'palo', location 'global', action 'create', type 'address' processing...
2020-04-28 17:25:12,620 - __main__ - INFO - dbedit: Found vendor 'palo', location 'global', action 'create', type 'address' processing...
2020-04-28 17:25:12,621 - __main__ - INFO - dbedit: Found vendor 'palo', location 'global', action 'create', type 'address' processing...
2020-04-28 17:25:12,625 - __main__ - INFO - dbedit: Found vendor 'palo', location 'global', action 'create', type 'address' processing...
2020-04-28 17:25:12,626 - __main__ - INFO - dbedit: Found vendor 'palo', location 'global', action 'create', type 'address' processing...
2020-04-28 17:25:12,626 - __main__ - INFO - dbedit: Found vendor 'palo', location 'global', action 'create', type 'address' processing...
2020-04-28 17:25:12,627 - __main__ - INFO - dbedit: Found vendor 'palo', location 'global', action 'create', type 'address' processing...
2020-04-28 17:25:12,628 - __main__ - INFO - dbedit: Found vendor 'palo', location 'global', action 'create', type 'address' processing...
2020-04-28 17:25:12,628 - __main__ - INFO - dbedit: Found vendor 'palo', location 'global', action 'create', type 'address' processing...
2020-04-28 17:25:12,629 - __main__ - INFO - dbedit: Found vendor 'palo', location 'global', action 'create', type 'address' processing...
2020-04-28 17:25:12,629 - __main__ - INFO - dbedit: Found vendor 'palo', location 'global', action 'create', type 'address' processing...
2020-04-28 17:25:12,630 - __main__ - INFO - dbedit: Found vendor 'palo', location 'global', action 'create', type 'address' processing...
2020-04-28 17:25:12,630 - __main__ - INFO - dbedit: Found vendor 'palo', location 'global', action 'create', type 'address' processing...
2020-04-28 17:25:12,631 - __main__ - INFO - dbedit: Found vendor 'palo', location 'global', action 'create', type 'address' processing...
2020-04-28 17:25:12,631 - __main__ - INFO - dbedit: Found vendor 'palo', location 'global', action 'create', type 'address' processing...
2020-04-28 17:25:12,632 - __main__ - INFO - dbedit: Found vendor 'palo', location 'global', action 'create', type 'address' processing...
2020-04-28 17:25:12,632 - __main__ - INFO - dbedit: Found vendor 'palo', location 'global', action 'create', type 'address' processing...
2020-04-28 17:25:12,633 - __main__ - INFO - dbedit: Found vendor 'palo', location 'global', action 'create', type 'address' processing...
2020-04-28 17:25:12,637 - __main__ - INFO - dbedit: Found vendor 'palo', location 'global', action 'create', type 'address' processing...
2020-04-28 17:25:12,637 - __main__ - INFO - dbedit: Found vendor 'palo', location 'global', action 'create', type 'address' processing...
2020-04-28 17:25:12,638 - __main__ - INFO - dbedit: Found vendor 'palo', location 'global', action 'create', type 'address' processing...
2020-04-28 17:25:12,638 - __main__ - INFO - dbedit: Found vendor 'palo', location 'global', action 'create', type 'address' processing...
2020-04-28 17:25:12,639 - __main__ - INFO - dbedit: Found vendor 'palo', location 'global', action 'create', type 'address' processing...
2020-04-28 17:25:12,639 - __main__ - INFO - dbedit: Found vendor 'palo', location 'global', action 'create', type 'address' processing...
2020-04-28 17:25:12,639 - __main__ - INFO - dbedit: Found vendor 'palo', location 'global', action 'create', type 'address' processing...
2020-04-28 17:25:12,640 - __main__ - INFO - dbedit: Found vendor 'palo', location 'global', action 'create', type 'address' processing...
2020-04-28 17:25:12,640 - __main__ - INFO - dbedit: Found vendor 'palo', location 'global', action 'create', type 'address' processing...
2020-04-28 17:25:12,640 - __main__ - INFO - dbedit: Found vendor 'palo', location 'global', action 'create', type 'address' processing...
2020-04-28 17:25:12,640 - __main__ - INFO - dbedit: Found vendor 'palo', location 'global', action 'create', type 'address' processing...
2020-04-28 17:25:12,641 - __main__ - INFO - dbedit: Found vendor 'palo', location 'global', action 'create', type 'address' processing...
2020-04-28 17:25:12,641 - __main__ - INFO - dbedit: Found vendor 'palo', location 'global', action 'create', type 'address' processing...
2020-04-28 17:25:12,641 - __main__ - INFO - dbedit: Found vendor 'palo', location 'global', action 'create', type 'address' processing...
2020-04-28 17:25:12,641 - __main__ - INFO - dbedit: Found vendor 'palo', location 'global', action 'create', type 'address' processing...
2020-04-28 17:25:12,642 - __main__ - INFO - dbedit: Found vendor 'palo', location 'global', action 'create', type 'address' processing...
2020-04-28 17:25:12,642 - __main__ - INFO - dbedit: Found vendor 'palo', location 'global', action 'create', type 'address' processing...
2020-04-28 17:25:12,642 - __main__ - INFO - dbedit: Found vendor 'palo', location 'global', action 'create', type 'address' processing...
2020-04-28 17:25:12,642 - __main__ - INFO - dbedit: Found vendor 'palo', location 'global', action 'create', type 'address' processing...
2020-04-28 17:25:12,642 - __main__ - INFO - dbedit: Found vendor 'palo', location 'global', action 'create', type 'address' processing...
2020-04-28 17:25:12,643 - __main__ - INFO - dbedit: Found vendor 'palo', location 'global', action 'create', type 'address' processing...
2020-04-28 17:25:12,643 - __main__ - INFO - dbedit: Found vendor 'palo', location 'global', action 'create', type 'address' processing...
2020-04-28 17:25:12,643 - __main__ - INFO - dbedit: Found vendor 'palo', location 'global', action 'create', type 'address' processing...
2020-04-28 17:25:12,643 - __main__ - INFO - dbedit: Found vendor 'palo', location 'global', action 'create', type 'address' processing...
2020-04-28 17:25:12,643 - __main__ - INFO - dbedit: Found vendor 'palo', location 'global', action 'create', type 'address' processing...
2020-04-28 17:25:12,643 - __main__ - INFO - dbedit: Found vendor 'palo', location 'global', action 'create', type 'address' processing...
2020-04-28 17:25:12,644 - __main__ - INFO - dbedit: Found vendor 'palo', location 'global', action 'create', type 'address' processing...
2020-04-28 17:25:12,644 - __main__ - INFO - dbedit: Found vendor 'palo', location 'global', action 'create', type 'address' processing...
2020-04-28 17:25:12,644 - __main__ - INFO - dbedit: Found vendor 'palo', location 'global', action 'create', type 'address' processing...
2020-04-28 17:25:12,644 - __main__ - INFO - dbedit: Found vendor 'palo', location 'global', action 'create', type 'address' processing...
2020-04-28 17:25:12,644 - __main__ - INFO - dbedit: Found vendor 'palo', location 'global', action 'create', type 'address' processing...
2020-04-28 17:25:12,645 - __main__ - INFO - dbedit: Found vendor 'palo', location 'global', action 'create', type 'address' processing...
2020-04-28 17:25:12,645 - __main__ - INFO - dbedit: Found vendor 'palo', location 'global', action 'create', type 'address' processing...
2020-04-28 17:25:12,645 - __main__ - INFO - dbedit: Found vendor 'palo', location 'global', action 'create', type 'address' processing...
2020-04-28 17:25:12,649 - __main__ - INFO - dbedit: Found vendor 'palo', location 'global', action 'create', type 'address' processing...
2020-04-28 17:25:12,650 - __main__ - INFO - dbedit: Found vendor 'palo', location 'global', action 'create', type 'address' processing...
2020-04-28 17:25:12,650 - __main__ - INFO - dbedit: Found vendor 'palo', location 'global', action 'create', type 'address' processing...
2020-04-28 17:25:12,650 - __main__ - INFO - dbedit: Found vendor 'palo', location 'global', action 'create', type 'address' processing...
2020-04-28 17:25:12,650 - __main__ - INFO - dbedit: Found vendor 'palo', location 'global', action 'create', type 'address' processing...
2020-04-28 17:25:12,651 - __main__ - INFO - dbedit: Found vendor 'palo', location 'global', action 'create', type 'address' processing...
2020-04-28 17:25:12,651 - __main__ - INFO - dbedit: Found vendor 'palo', location 'global', action 'create', type 'address' processing...
2020-04-28 17:25:12,651 - __main__ - INFO - dbedit: Found vendor 'palo', location 'global', action 'create', type 'address' processing...
2020-04-28 17:25:12,651 - __main__ - INFO - dbedit: Found vendor 'palo', location 'global', action 'create', type 'address' processing...
2020-04-28 17:25:12,651 - __main__ - INFO - dbedit: Found vendor 'palo', location 'global', action 'create', type 'address' processing...
2020-04-28 17:25:12,652 - __main__ - INFO - dbedit: Found vendor 'palo', location 'global', action 'create', type 'address' processing...
2020-04-28 17:25:12,652 - __main__ - INFO - dbedit: Found vendor 'palo', location 'global', action 'create', type 'address' processing...
2020-04-28 17:25:12,652 - __main__ - INFO - dbedit: Found vendor 'palo', location 'global', action 'create', type 'address' processing...
2020-04-28 17:25:12,652 - __main__ - INFO - dbedit: Found vendor 'palo', location 'global', action 'create', type 'address' processing...
2020-04-28 17:25:12,652 - __main__ - INFO - dbedit: Found vendor 'palo', location 'global', action 'create', type 'address' processing...
2020-04-28 17:25:12,653 - __main__ - INFO - dbedit: Found vendor 'palo', location 'global', action 'create', type 'address' processing...
2020-04-28 17:25:12,653 - __main__ - INFO - dbedit: Found vendor 'palo', location 'global', action 'create', type 'address' processing...
2020-04-28 17:25:12,653 - __main__ - INFO - dbedit: Found vendor 'palo', location 'global', action 'create', type 'address' processing...
2020-04-28 17:25:12,653 - __main__ - INFO - dbedit: Found vendor 'palo', location 'global', action 'create', type 'address' processing...
2020-04-28 17:25:12,653 - __main__ - INFO - dbedit: Found vendor 'palo', location 'global', action 'create', type 'address' processing...
2020-04-28 17:25:12,654 - __main__ - INFO - dbedit: Found vendor 'palo', location 'global', action 'create', type 'address' processing...
2020-04-28 17:25:12,654 - __main__ - INFO - dbedit: Found vendor 'palo', location 'global', action 'create', type 'address' processing...
2020-04-28 17:25:12,654 - __main__ - INFO - dbedit: Found vendor 'palo', location 'global', action 'create', type 'address' processing...
2020-04-28 17:25:12,654 - __main__ - INFO - dbedit: Found vendor 'palo', location 'global', action 'create', type 'address' processing...
2020-04-28 17:25:12,654 - __main__ - INFO - dbedit: Found vendor 'palo', location 'global', action 'create', type 'address' processing...
2020-04-28 17:25:12,655 - __main__ - INFO - dbedit: Found vendor 'palo', location 'global', action 'create', type 'address' processing...
2020-04-28 17:25:12,655 - __main__ - INFO - dbedit: Found vendor 'palo', location 'global', action 'create', type 'address' processing...
2020-04-28 17:25:12,655 - __main__ - INFO - dbedit: Found vendor 'palo', location 'global', action 'create', type 'address' processing...
2020-04-28 17:25:12,655 - __main__ - INFO - dbedit: Found vendor 'palo', location 'global', action 'create', type 'address' processing...
2020-04-28 17:25:12,655 - __main__ - INFO - dbedit: Found vendor 'palo', location 'global', action 'create', type 'address' processing...
2020-04-28 17:25:12,656 - __main__ - INFO - dbedit: Found vendor 'palo', location 'global', action 'create', type 'address' processing...
2020-04-28 17:25:12,656 - __main__ - INFO - dbedit: Found vendor 'palo', location 'global', action 'create', type 'address' processing...
2020-04-28 17:25:12,656 - __main__ - INFO - dbedit: Found vendor 'palo', location 'global', action 'create', type 'address' processing...
2020-04-28 17:25:12,656 - __main__ - INFO - dbedit: Found vendor 'palo', location 'global', action 'create', type 'address' processing...
2020-04-28 17:25:12,656 - __main__ - INFO - dbedit: Found vendor 'palo', location 'global', action 'create', type 'address' processing...
2020-04-28 17:25:12,657 - __main__ - INFO - dbedit: Found vendor 'palo', location 'global', action 'create', type 'address' processing...
2020-04-28 17:25:12,657 - __main__ - INFO - dbedit: Found vendor 'palo', location 'global', action 'create', type 'address' processing...
2020-04-28 17:25:12,657 - __main__ - INFO - dbedit: Found vendor 'palo', location 'global', action 'create', type 'address' processing...
2020-04-28 17:25:12,657 - __main__ - INFO - dbedit: Found vendor 'palo', location 'global', action 'create', type 'address' processing...
2020-04-28 17:25:12,657 - __main__ - INFO - dbedit: Found vendor 'palo', location 'global', action 'create', type 'address' processing...
2020-04-28 17:25:12,657 - __main__ - INFO - dbedit: Found vendor 'palo', location 'global', action 'create', type 'address' processing...
2020-04-28 17:25:12,663 - __main__ - INFO - dbedit: Found vendor 'palo', location 'global', action 'create', type 'address' processing...
2020-04-28 17:25:12,663 - __main__ - INFO - dbedit: Found vendor 'palo', location 'global', action 'create', type 'address' processing...
2020-04-28 17:25:12,664 - __main__ - INFO - dbedit: Found vendor 'palo', location 'global', action 'create', type 'address' processing...
2020-04-28 17:25:12,664 - __main__ - INFO - dbedit: Found vendor 'palo', location 'global', action 'create', type 'address' processing...
2020-04-28 17:25:12,664 - __main__ - INFO - dbedit: Found vendor 'palo', location 'global', action 'create', type 'address' processing...
2020-04-28 17:25:12,664 - __main__ - INFO - dbedit: Found vendor 'palo', location 'global', action 'create', type 'address' processing...
2020-04-28 17:25:12,665 - __main__ - INFO - dbedit: Found vendor 'palo', location 'global', action 'create', type 'address' processing...
2020-04-28 17:25:12,665 - __main__ - INFO - dbedit: Found vendor 'palo', location 'global', action 'create', type 'address' processing...
2020-04-28 17:25:12,665 - __main__ - INFO - dbedit: Found vendor 'palo', location 'global', action 'create', type 'address' processing...
2020-04-28 17:25:12,665 - __main__ - INFO - dbedit: Found vendor 'palo', location 'global', action 'create', type 'address' processing...
2020-04-28 17:25:12,665 - __main__ - INFO - dbedit: Found vendor 'palo', location 'global', action 'create', type 'address' processing...
2020-04-28 17:25:12,666 - __main__ - INFO - dbedit: Found vendor 'palo', location 'global', action 'create', type 'address' processing...
2020-04-28 17:25:12,666 - __main__ - INFO - dbedit: Found vendor 'palo', location 'global', action 'create', type 'address' processing...
2020-04-28 17:25:12,666 - __main__ - INFO - dbedit: Found vendor 'palo', location 'global', action 'create', type 'address' processing...
2020-04-28 17:25:12,666 - __main__ - INFO - dbedit: Found vendor 'palo', location 'global', action 'create', type 'address' processing...
2020-04-28 17:25:12,666 - __main__ - INFO - dbedit: Found vendor 'palo', location 'global', action 'create', type 'address' processing...
2020-04-28 17:25:12,667 - __main__ - INFO - dbedit: Found vendor 'palo', location 'global', action 'create', type 'address' processing...
2020-04-28 17:25:12,667 - __main__ - INFO - dbedit: Found vendor 'palo', location 'global', action 'create', type 'address' processing...
2020-04-28 17:25:12,667 - __main__ - INFO - dbedit: Found vendor 'palo', location 'global', action 'create', type 'address' processing...
2020-04-28 17:25:12,667 - __main__ - INFO - dbedit: Found vendor 'palo', location 'global', action 'create', type 'address' processing...
2020-04-28 17:25:12,667 - __main__ - INFO - dbedit: Found vendor 'palo', location 'global', action 'create', type 'address' processing...
2020-04-28 17:25:12,668 - __main__ - INFO - dbedit: Found vendor 'palo', location 'global', action 'create', type 'address' processing...
2020-04-28 17:25:12,668 - __main__ - INFO - dbedit: Found vendor 'palo', location 'global', action 'create', type 'address' processing...
2020-04-28 17:25:12,668 - __main__ - INFO - dbedit: Found vendor 'palo', location 'global', action 'create', type 'address' processing...
2020-04-28 17:25:12,668 - __main__ - INFO - dbedit: Found vendor 'palo', location 'global', action 'create', type 'address' processing...
2020-04-28 17:25:12,668 - __main__ - INFO - dbedit: Found vendor 'palo', location 'global', action 'create', type 'address' processing...
2020-04-28 17:25:12,668 - __main__ - INFO - dbedit: Found vendor 'palo', location 'global', action 'create', type 'address' processing...
2020-04-28 17:25:12,668 - __main__ - INFO - dbedit: Found vendor 'palo', location 'global', action 'create', type 'address' processing...
2020-04-28 17:25:12,669 - __main__ - INFO - dbedit: Found vendor 'palo', location 'global', action 'create', type 'address' processing...
2020-04-28 17:25:12,669 - __main__ - INFO - dbedit: Found vendor 'palo', location 'global', action 'create', type 'address' processing...
2020-04-28 17:25:12,669 - __main__ - INFO - dbedit: Found vendor 'palo', location 'global', action 'create', type 'address' processing...
2020-04-28 17:25:12,669 - __main__ - INFO - dbedit: Found vendor 'palo', location 'global', action 'create', type 'address' processing...
2020-04-28 17:25:12,669 - __main__ - INFO - dbedit: Found vendor 'palo', location 'global', action 'create', type 'address' processing...
2020-04-28 17:25:12,669 - __main__ - INFO - dbedit: Found vendor 'palo', location 'global', action 'create', type 'address' processing...
2020-04-28 17:25:12,670 - __main__ - INFO - dbedit: Found vendor 'palo', location 'global', action 'create', type 'address' processing...
2020-04-28 17:25:12,670 - __main__ - INFO - dbedit: Found vendor 'palo', location 'global', action 'create', type 'address' processing...
2020-04-28 17:25:12,670 - __main__ - INFO - dbedit: Found vendor 'palo', location 'global', action 'create', type 'address' processing...
2020-04-28 17:25:12,670 - __main__ - INFO - dbedit: Found vendor 'palo', location 'global', action 'create', type 'address' processing...
2020-04-28 17:25:12,670 - __main__ - INFO - dbedit: Found vendor 'palo', location 'global', action 'create', type 'address' processing...
2020-04-28 17:25:12,670 - __main__ - INFO - dbedit: Found vendor 'palo', location 'global', action 'create', type 'address' processing...
2020-04-28 17:25:12,671 - __main__ - INFO - dbedit: Found vendor 'palo', location 'global', action 'create', type 'address' processing...
2020-04-28 17:25:12,671 - __main__ - INFO - dbedit: Found vendor 'palo', location 'global', action 'create', type 'address' processing...
2020-04-28 17:25:12,671 - __main__ - INFO - dbedit: Found vendor 'palo', location 'global', action 'create', type 'address' processing...
2020-04-28 17:25:12,672 - __main__ - INFO - dbedit: Found vendor 'palo', location 'global', action 'create', type 'address' processing...
2020-04-28 17:25:12,677 - __main__ - INFO - dbedit: Found vendor 'palo', location 'global', action 'create', type 'address' processing...
2020-04-28 17:25:12,677 - __main__ - INFO - dbedit: Found vendor 'palo', location 'global', action 'create', type 'address' processing...
2020-04-28 17:25:12,677 - __main__ - INFO - dbedit: Found vendor 'palo', location 'global', action 'create', type 'address' processing...
2020-04-28 17:25:12,677 - __main__ - INFO - dbedit: Found vendor 'palo', location 'global', action 'create', type 'address' processing...
2020-04-28 17:25:12,678 - __main__ - INFO - dbedit: Found vendor 'palo', location 'global', action 'create', type 'address' processing...
2020-04-28 17:25:12,678 - __main__ - INFO - dbedit: Found vendor 'palo', location 'global', action 'create', type 'address' processing...
2020-04-28 17:25:12,678 - __main__ - INFO - dbedit: Found vendor 'palo', location 'global', action 'create', type 'address' processing...
2020-04-28 17:25:12,678 - __main__ - INFO - dbedit: Found vendor 'palo', location 'global', action 'create', type 'address' processing...
2020-04-28 17:25:12,678 - __main__ - INFO - dbedit: Found vendor 'palo', location 'global', action 'create', type 'address' processing...
2020-04-28 17:25:12,679 - __main__ - INFO - dbedit: Found vendor 'palo', location 'global', action 'create', type 'address' processing...
2020-04-28 17:25:12,679 - __main__ - INFO - dbedit: Found vendor 'palo', location 'global', action 'create', type 'address' processing...
2020-04-28 17:25:12,679 - __main__ - INFO - dbedit: Found vendor 'palo', location 'global', action 'create', type 'address' processing...
2020-04-28 17:25:12,679 - __main__ - INFO - dbedit: Found vendor 'palo', location 'global', action 'create', type 'address' processing...
2020-04-28 17:25:12,679 - __main__ - INFO - dbedit: Found vendor 'palo', location 'global', action 'create', type 'address' processing...
2020-04-28 17:25:12,680 - __main__ - INFO - dbedit: Found vendor 'palo', location 'global', action 'create', type 'address' processing...
2020-04-28 17:25:12,680 - __main__ - INFO - dbedit: Found vendor 'palo', location 'global', action 'create', type 'address' processing...
2020-04-28 17:25:12,680 - __main__ - INFO - dbedit: Found vendor 'palo', location 'global', action 'create', type 'address' processing...
2020-04-28 17:25:12,680 - __main__ - INFO - dbedit: Found vendor 'palo', location 'global', action 'create', type 'address' processing...
2020-04-28 17:25:12,680 - __main__ - INFO - dbedit: Found vendor 'palo', location 'global', action 'create', type 'address' processing...
2020-04-28 17:25:12,681 - __main__ - INFO - dbedit: Found vendor 'palo', location 'global', action 'create', type 'address' processing...
2020-04-28 17:25:12,681 - __main__ - INFO - dbedit: Found vendor 'palo', location 'global', action 'create', type 'address' processing...
2020-04-28 17:25:12,681 - __main__ - INFO - dbedit: Found vendor 'palo', location 'global', action 'create', type 'address' processing...
2020-04-28 17:25:12,681 - __main__ - INFO - dbedit: Found vendor 'palo', location 'global', action 'create', type 'address' processing...
2020-04-28 17:25:12,681 - __main__ - INFO - dbedit: Found vendor 'palo', location 'global', action 'create', type 'address' processing...
2020-04-28 17:25:12,682 - __main__ - INFO - dbedit: Found vendor 'palo', location 'global', action 'create', type 'address' processing...
2020-04-28 17:25:12,682 - __main__ - INFO - dbedit: Found vendor 'palo', location 'global', action 'create', type 'address' processing...
2020-04-28 17:25:12,682 - __main__ - INFO - dbedit: Found vendor 'palo', location 'global', action 'create', type 'address' processing...
2020-04-28 17:25:12,682 - __main__ - INFO - dbedit: Found vendor 'palo', location 'global', action 'create', type 'address' processing...
2020-04-28 17:25:12,682 - __main__ - INFO - dbedit: Found vendor 'palo', location 'global', action 'create', type 'address' processing...
2020-04-28 17:25:12,683 - __main__ - INFO - dbedit: Found vendor 'palo', location 'global', action 'create', type 'address' processing...
2020-04-28 17:25:12,683 - __main__ - INFO - dbedit: Found vendor 'palo', location 'global', action 'create', type 'address' processing...
2020-04-28 17:25:12,683 - __main__ - INFO - dbedit: Found vendor 'palo', location 'global', action 'create', type 'address' processing...
2020-04-28 17:25:12,683 - __main__ - INFO - dbedit: Found vendor 'palo', location 'global', action 'create', type 'address' processing...
2020-04-28 17:25:12,683 - __main__ - INFO - dbedit: Found vendor 'palo', location 'global', action 'create', type 'address' processing...
2020-04-28 17:25:12,683 - __main__ - INFO - dbedit: Found vendor 'palo', location 'global', action 'create', type 'address' processing...
2020-04-28 17:25:12,684 - __main__ - INFO - dbedit: Found vendor 'palo', location 'global', action 'create', type 'address' processing...
2020-04-28 17:25:12,684 - __main__ - INFO - dbedit: Found vendor 'palo', location 'global', action 'create', type 'address' processing...
2020-04-28 17:25:12,684 - __main__ - INFO - dbedit: Found vendor 'palo', location 'global', action 'create', type 'address' processing...
2020-04-28 17:25:12,684 - __main__ - INFO - dbedit: Found vendor 'palo', location 'global', action 'create', type 'address' processing...
2020-04-28 17:25:12,684 - __main__ - INFO - dbedit: Found vendor 'palo', location 'global', action 'create', type 'address' processing...
2020-04-28 17:25:12,684 - __main__ - INFO - dbedit: Found vendor 'palo', location 'global', action 'create', type 'address' processing...
2020-04-28 17:25:12,685 - __main__ - INFO - dbedit: Found vendor 'palo', location 'global', action 'create', type 'address' processing...
2020-04-28 17:25:12,685 - __main__ - INFO - dbedit: Found vendor 'palo', location 'global', action 'create', type 'address' processing...
2020-04-28 17:25:12,685 - __main__ - INFO - dbedit: Found vendor 'palo', location 'global', action 'create', type 'address' processing...
2020-04-28 17:25:12,689 - __main__ - INFO - dbedit: Found vendor 'palo', location 'global', action 'create', type 'address' processing...
2020-04-28 17:25:12,690 - __main__ - INFO - dbedit: Found vendor 'palo', location 'global', action 'create', type 'address' processing...
2020-04-28 17:25:12,690 - __main__ - INFO - dbedit: Found vendor 'palo', location 'global', action 'create', type 'address' processing...
2020-04-28 17:25:12,690 - __main__ - INFO - dbedit: Found vendor 'palo', location 'global', action 'create', type 'address' processing...
2020-04-28 17:25:12,691 - __main__ - INFO - dbedit: Found vendor 'palo', location 'global', action 'create', type 'address' processing...
2020-04-28 17:25:12,691 - __main__ - INFO - dbedit: Found vendor 'palo', location 'global', action 'create', type 'address' processing...
2020-04-28 17:25:12,691 - __main__ - INFO - dbedit: Found vendor 'palo', location 'global', action 'create', type 'address' processing...
2020-04-28 17:25:12,692 - __main__ - INFO - dbedit: Found vendor 'palo', location 'global', action 'create', type 'address' processing...
2020-04-28 17:25:12,692 - __main__ - INFO - dbedit: Found vendor 'palo', location 'global', action 'create', type 'address' processing...
2020-04-28 17:25:12,693 - __main__ - INFO - dbedit: Found vendor 'palo', location 'global', action 'create', type 'address' processing...
2020-04-28 17:25:12,693 - __main__ - INFO - dbedit: Found vendor 'palo', location 'global', action 'create', type 'address' processing...
2020-04-28 17:25:12,693 - __main__ - INFO - dbedit: Found vendor 'palo', location 'global', action 'create', type 'address' processing...
2020-04-28 17:25:12,694 - __main__ - INFO - dbedit: Found vendor 'palo', location 'global', action 'create', type 'address' processing...
2020-04-28 17:25:12,694 - __main__ - INFO - dbedit: Found vendor 'palo', location 'global', action 'create', type 'address' processing...
2020-04-28 17:25:12,694 - __main__ - INFO - dbedit: Found vendor 'palo', location 'global', action 'create', type 'address' processing...
2020-04-28 17:25:12,694 - __main__ - INFO - dbedit: Found vendor 'palo', location 'global', action 'create', type 'address' processing...
2020-04-28 17:25:12,695 - __main__ - INFO - dbedit: Found vendor 'palo', location 'global', action 'create', type 'address' processing...
2020-04-28 17:25:12,695 - __main__ - INFO - dbedit: Found vendor 'palo', location 'global', action 'create', type 'address' processing...
2020-04-28 17:25:12,695 - __main__ - INFO - dbedit: Found vendor 'palo', location 'global', action 'create', type 'address' processing...
2020-04-28 17:25:12,695 - __main__ - INFO - dbedit: Found vendor 'palo', location 'global', action 'create', type 'address' processing...
2020-04-28 17:25:12,695 - __main__ - INFO - dbedit: Found vendor 'palo', location 'global', action 'create', type 'address' processing...
2020-04-28 17:25:12,696 - __main__ - INFO - dbedit: Found vendor 'palo', location 'global', action 'create', type 'address' processing...
2020-04-28 17:25:12,696 - __main__ - INFO - dbedit: Found vendor 'palo', location 'global', action 'create', type 'address' processing...
2020-04-28 17:25:12,696 - __main__ - INFO - dbedit: Found vendor 'palo', location 'global', action 'create', type 'address' processing...
2020-04-28 17:25:12,696 - __main__ - INFO - dbedit: Found vendor 'palo', location 'global', action 'create', type 'address' processing...
2020-04-28 17:25:12,696 - __main__ - INFO - dbedit: Found vendor 'palo', location 'global', action 'create', type 'address' processing...
2020-04-28 17:25:12,697 - __main__ - INFO - dbedit: Found vendor 'palo', location 'global', action 'create', type 'address' processing...
2020-04-28 17:25:12,697 - __main__ - INFO - dbedit: Found vendor 'palo', location 'global', action 'create', type 'address' processing...
2020-04-28 17:25:12,697 - __main__ - INFO - dbedit: Found vendor 'palo', location 'global', action 'create', type 'address' processing...
2020-04-28 17:25:12,697 - __main__ - INFO - dbedit: Found vendor 'palo', location 'global', action 'create', type 'address' processing...
2020-04-28 17:25:12,697 - __main__ - INFO - dbedit: Found vendor 'palo', location 'global', action 'create', type 'address' processing...
2020-04-28 17:25:12,698 - __main__ - INFO - dbedit: Found vendor 'palo', location 'global', action 'create', type 'address' processing...
2020-04-28 17:25:12,698 - __main__ - INFO - dbedit: Found vendor 'palo', location 'global', action 'create', type 'address' processing...
2020-04-28 17:25:12,701 - __main__ - INFO - dbedit: Found vendor 'palo', location 'global', action 'create', type 'address' processing...
2020-04-28 17:25:12,701 - __main__ - INFO - dbedit: Found vendor 'palo', location 'global', action 'create', type 'address' processing...
2020-04-28 17:25:12,702 - __main__ - INFO - dbedit: Found vendor 'palo', location 'global', action 'create', type 'address' processing...
2020-04-28 17:25:12,702 - __main__ - INFO - dbedit: Found vendor 'palo', location 'global', action 'create', type 'address' processing...
2020-04-28 17:25:12,702 - __main__ - INFO - dbedit: Found vendor 'palo', location 'global', action 'create', type 'address' processing...
2020-04-28 17:25:12,702 - __main__ - INFO - dbedit: Found vendor 'palo', location 'global', action 'create', type 'address' processing...
2020-04-28 17:25:12,702 - __main__ - INFO - dbedit: Found vendor 'palo', location 'global', action 'create', type 'address' processing...
2020-04-28 17:25:12,703 - __main__ - INFO - dbedit: Found vendor 'palo', location 'global', action 'create', type 'address' processing...
2020-04-28 17:25:12,703 - __main__ - INFO - dbedit: Found vendor 'palo', location 'global', action 'create', type 'address' processing...
2020-04-28 17:25:12,703 - __main__ - INFO - dbedit: Found vendor 'palo', location 'global', action 'create', type 'address' processing...
2020-04-28 17:25:12,704 - __main__ - INFO - dbedit: Found vendor 'palo', location 'global', action 'create', type 'address' processing...
2020-04-28 17:25:12,704 - __main__ - INFO - dbedit: Found vendor 'palo', location 'global', action 'create', type 'address' processing...
2020-04-28 17:25:12,704 - __main__ - INFO - dbedit: Found vendor 'palo', location 'global', action 'create', type 'address' processing...
2020-04-28 17:25:12,705 - __main__ - INFO - dbedit: Found vendor 'palo', location 'global', action 'create', type 'address' processing...
2020-04-28 17:25:12,705 - __main__ - INFO - dbedit: Found vendor 'palo', location 'global', action 'create', type 'address' processing...
2020-04-28 17:25:12,705 - __main__ - INFO - dbedit: Found vendor 'palo', location 'global', action 'create', type 'address' processing...
2020-04-28 17:25:12,706 - __main__ - INFO - dbedit: Found vendor 'palo', location 'global', action 'create', type 'address' processing...
2020-04-28 17:25:12,706 - __main__ - INFO - dbedit: Found vendor 'palo', location 'global', action 'create', type 'address-group' processing...
2020-04-28 17:25:12,706 - __main__ - INFO - dbedit: Found vendor 'palo', location 'global', action 'create', type 'address-group' processing...
2020-04-28 17:25:12,706 - __main__ - INFO - dbedit: Found vendor 'palo', location 'global', action 'create', type 'address-group' processing...
2020-04-28 17:25:12,707 - __main__ - INFO - Connecting to Panorama 'usdal1-03pac01-mgt.ip.mrshmc.com'
2020-04-28 17:25:12,707 - __main__ - INFO - Global Object Level: 'usdal1-03pac01-mgt.ip.mrshmc.com'
2020-04-28 17:25:12,707 - __main__ - INFO - Panorama 'usdal1-03pac01-mgt.ip.mrshmc.com' dbedit update checking...
2020-04-28 17:25:12,707 - __main__ - INFO - Panorama 'global': dbedit delete requests '0' DeleteObject objects
2020-04-28 17:25:12,707 - __main__ - INFO - Panorama 'global': dbedit delete requests '0' Dip objects
2020-04-28 17:25:12,708 - __main__ - INFO - Panorama 'global': dbedit rename requests '0' RenameObject objects
2020-04-28 17:25:12,708 - __main__ - INFO - Panorama 'global': dbedit create requests '0' Dip objects
2020-04-28 17:25:12,708 - __main__ - INFO - Panorama 'global': dbedit create requests '231' AddressObject objects
2020-04-28 17:25:12,708 - __main__ - INFO - Panorama 'global': dbedit create requests '3' AddressGroup objects
2020-04-28 17:25:12,709 - __main__ - INFO - Panorama 'global': dbedit create requests '0' ApplicationObject objects
2020-04-28 17:25:12,709 - __main__ - INFO - Panorama 'global': dbedit create requests '0' ApplicationGroup objects
2020-04-28 17:25:12,709 - __main__ - INFO - Panorama 'global': dbedit create requests '0' ApplicationFilter objects
2020-04-28 17:25:12,709 - __main__ - INFO - Panorama 'global': dbedit create requests '0' ServiceObject objects
2020-04-28 17:25:12,709 - __main__ - INFO - Panorama 'global': dbedit create requests '0' ServiceGroup objects
2020-04-28 17:25:12,713 - __main__ - INFO - Panorama 'global': dbedit create requests '0' Tag objects
2020-04-28 17:25:12,713 - __main__ - INFO - Panorama 'global': dbedit create requests '0' PreSecurityRule objects
2020-04-28 17:25:12,713 - __main__ - INFO - Panorama 'global': dbedit create requests '0' PreNatRule objects
2020-04-28 17:25:12,713 - __main__ - INFO - Panorama 'global': dbedit create requests '0' PostSecurityRule objects
2020-04-28 17:25:12,714 - __main__ - INFO - Panorama 'global': dbedit create requests '0' PostNatRule objects
2020-04-28 17:25:12,714 - __main__ - INFO - Panorama 'usdal1-03pac01-mgt.ip.mrshmc.com': Updating objects, (action 'create')
2020-04-28 17:25:12,714 - __main__ - INFO - Panorama 'usdal1-03pac01-mgt.ip.mrshmc.com': TEST MODE - not creating AddressObject 'H-10.1.0.0-32'. TEST!
2020-04-28 17:25:12,714 - __main__ - INFO - Panorama 'usdal1-03pac01-mgt.ip.mrshmc.com': TEST MODE - not creating AddressObject 'H-10.172.100.15-32'. TEST!
2020-04-28 17:25:12,714 - __main__ - INFO - Panorama 'usdal1-03pac01-mgt.ip.mrshmc.com': TEST MODE - not creating AddressObject 'H-10.197.101.48-32'. TEST!
2020-04-28 17:25:12,714 - __main__ - INFO - Panorama 'usdal1-03pac01-mgt.ip.mrshmc.com': TEST MODE - not creating AddressObject 'H-10.227.52.11-32'. TEST!
2020-04-28 17:25:12,714 - __main__ - INFO - Panorama 'usdal1-03pac01-mgt.ip.mrshmc.com': TEST MODE - not creating AddressObject 'H-10.50.149.30-32'. TEST!
2020-04-28 17:25:12,714 - __main__ - INFO - Panorama 'usdal1-03pac01-mgt.ip.mrshmc.com': TEST MODE - not creating AddressObject 'H-10.50.199.100-32'. TEST!
2020-04-28 17:25:12,715 - __main__ - INFO - Panorama 'usdal1-03pac01-mgt.ip.mrshmc.com': TEST MODE - not creating AddressObject 'H-10.52.0.3-32'. TEST!
2020-04-28 17:25:12,715 - __main__ - INFO - Panorama 'usdal1-03pac01-mgt.ip.mrshmc.com': TEST MODE - not creating AddressObject 'H-10.52.0.4-32'. TEST!
2020-04-28 17:25:12,715 - __main__ - INFO - Panorama 'usdal1-03pac01-mgt.ip.mrshmc.com': TEST MODE - not creating AddressObject 'H-10.52.31.100-32'. TEST!
2020-04-28 17:25:12,715 - __main__ - INFO - Panorama 'usdal1-03pac01-mgt.ip.mrshmc.com': TEST MODE - not creating AddressObject 'H-10.52.35.231-32'. TEST!
2020-04-28 17:25:12,715 - __main__ - INFO - Panorama 'usdal1-03pac01-mgt.ip.mrshmc.com': TEST MODE - not creating AddressObject 'H-10.52.35.232-32'. TEST!
2020-04-28 17:25:12,715 - __main__ - INFO - Panorama 'usdal1-03pac01-mgt.ip.mrshmc.com': TEST MODE - not creating AddressObject 'H-10.52.35.233-32'. TEST!
2020-04-28 17:25:12,715 - __main__ - INFO - Panorama 'usdal1-03pac01-mgt.ip.mrshmc.com': TEST MODE - not creating AddressObject 'H-10.52.35.235-32'. TEST!
2020-04-28 17:25:12,715 - __main__ - INFO - Panorama 'usdal1-03pac01-mgt.ip.mrshmc.com': TEST MODE - not creating AddressObject 'H-10.52.35.236-32'. TEST!
2020-04-28 17:25:12,716 - __main__ - INFO - Panorama 'usdal1-03pac01-mgt.ip.mrshmc.com': TEST MODE - not creating AddressObject 'H-10.52.35.237-32'. TEST!
2020-04-28 17:25:12,716 - __main__ - INFO - Panorama 'usdal1-03pac01-mgt.ip.mrshmc.com': TEST MODE - not creating AddressObject 'H-10.52.35.238-32'. TEST!
2020-04-28 17:25:12,716 - __main__ - INFO - Panorama 'usdal1-03pac01-mgt.ip.mrshmc.com': TEST MODE - not creating AddressObject 'H-10.52.35.240-32'. TEST!
2020-04-28 17:25:12,716 - __main__ - INFO - Panorama 'usdal1-03pac01-mgt.ip.mrshmc.com': TEST MODE - not creating AddressObject 'H-10.52.35.241-32'. TEST!
2020-04-28 17:25:12,716 - __main__ - INFO - Panorama 'usdal1-03pac01-mgt.ip.mrshmc.com': TEST MODE - not creating AddressObject 'H-108.129.62.47-32'. TEST!
2020-04-28 17:25:12,716 - __main__ - INFO - Panorama 'usdal1-03pac01-mgt.ip.mrshmc.com': TEST MODE - not creating AddressObject 'H-119.205.211.41-32'. TEST!
2020-04-28 17:25:12,716 - __main__ - INFO - Panorama 'usdal1-03pac01-mgt.ip.mrshmc.com': TEST MODE - not creating AddressObject 'H-121.14.119.115-32'. TEST!
2020-04-28 17:25:12,716 - __main__ - INFO - Panorama 'usdal1-03pac01-mgt.ip.mrshmc.com': TEST MODE - not creating AddressObject 'H-121.14.119.116-32'. TEST!
2020-04-28 17:25:12,716 - __main__ - INFO - Panorama 'usdal1-03pac01-mgt.ip.mrshmc.com': TEST MODE - not creating AddressObject 'H-121.14.119.117-32'. TEST!
2020-04-28 17:25:12,717 - __main__ - INFO - Panorama 'usdal1-03pac01-mgt.ip.mrshmc.com': TEST MODE - not creating AddressObject 'H-121.14.119.118-32'. TEST!
2020-04-28 17:25:12,717 - __main__ - INFO - Panorama 'usdal1-03pac01-mgt.ip.mrshmc.com': TEST MODE - not creating AddressObject 'H-138.235.33.0-32'. TEST!
2020-04-28 17:25:12,717 - __main__ - INFO - Panorama 'usdal1-03pac01-mgt.ip.mrshmc.com': TEST MODE - not creating AddressObject 'H-165.225.114.251-32'. TEST!
2020-04-28 17:25:12,717 - __main__ - INFO - Panorama 'usdal1-03pac01-mgt.ip.mrshmc.com': TEST MODE - not creating AddressObject 'H-165.225.114.252-32'. TEST!
2020-04-28 17:25:12,717 - __main__ - INFO - Panorama 'usdal1-03pac01-mgt.ip.mrshmc.com': TEST MODE - not creating AddressObject 'H-165.225.114.253-32'. TEST!
2020-04-28 17:25:12,717 - __main__ - INFO - Panorama 'usdal1-03pac01-mgt.ip.mrshmc.com': TEST MODE - not creating AddressObject 'H-165.225.114.254-32'. TEST!
2020-04-28 17:25:12,717 - __main__ - INFO - Panorama 'usdal1-03pac01-mgt.ip.mrshmc.com': TEST MODE - not creating AddressObject 'H-168.74.30.200-32'. TEST!
2020-04-28 17:25:12,717 - __main__ - INFO - Panorama 'usdal1-03pac01-mgt.ip.mrshmc.com': TEST MODE - not creating AddressObject 'H-172.79.6.38-32'. TEST!
2020-04-28 17:25:12,717 - __main__ - INFO - Panorama 'usdal1-03pac01-mgt.ip.mrshmc.com': TEST MODE - not creating AddressObject 'H-174.136.6.130-32'. TEST!
2020-04-28 17:25:12,718 - __main__ - INFO - Panorama 'usdal1-03pac01-mgt.ip.mrshmc.com': TEST MODE - not creating AddressObject 'H-18.229.56.203-32'. TEST!
2020-04-28 17:25:12,718 - __main__ - INFO - Panorama 'usdal1-03pac01-mgt.ip.mrshmc.com': TEST MODE - not creating AddressObject 'H-196.33.216.123-32'. TEST!
2020-04-28 17:25:12,718 - __main__ - INFO - Panorama 'usdal1-03pac01-mgt.ip.mrshmc.com': TEST MODE - not creating AddressObject 'H-198.105.200.23-32'. TEST!
2020-04-28 17:25:12,718 - __main__ - INFO - Panorama 'usdal1-03pac01-mgt.ip.mrshmc.com': TEST MODE - not creating AddressObject 'H-198.105.202.16-32'. TEST!
2020-04-28 17:25:12,718 - __main__ - INFO - Panorama 'usdal1-03pac01-mgt.ip.mrshmc.com': TEST MODE - not creating AddressObject 'H-202.49.83.36-32'. TEST!
2020-04-28 17:25:12,718 - __main__ - INFO - Panorama 'usdal1-03pac01-mgt.ip.mrshmc.com': TEST MODE - not creating AddressObject 'H-203.121.101.89-32'. TEST!
2020-04-28 17:25:12,718 - __main__ - INFO - Panorama 'usdal1-03pac01-mgt.ip.mrshmc.com': TEST MODE - not creating AddressObject 'H-203.147.144.68-32'. TEST!
2020-04-28 17:25:12,718 - __main__ - INFO - Panorama 'usdal1-03pac01-mgt.ip.mrshmc.com': TEST MODE - not creating AddressObject 'H-203.152.105.111-32'. TEST!
2020-04-28 17:25:12,718 - __main__ - INFO - Panorama 'usdal1-03pac01-mgt.ip.mrshmc.com': TEST MODE - not creating AddressObject 'H-203.21.58.7-32'. TEST!
2020-04-28 17:25:12,718 - __main__ - INFO - Panorama 'usdal1-03pac01-mgt.ip.mrshmc.com': TEST MODE - not creating AddressObject 'H-203.233.91.35-32'. TEST!
2020-04-28 17:25:12,719 - __main__ - INFO - Panorama 'usdal1-03pac01-mgt.ip.mrshmc.com': TEST MODE - not creating AddressObject 'H-203.233.91.71-32'. TEST!
2020-04-28 17:25:12,719 - __main__ - INFO - Panorama 'usdal1-03pac01-mgt.ip.mrshmc.com': TEST MODE - not creating AddressObject 'H-203.4.129.226-32'. TEST!
2020-04-28 17:25:12,719 - __main__ - INFO - Panorama 'usdal1-03pac01-mgt.ip.mrshmc.com': TEST MODE - not creating AddressObject 'H-203.86.1.232-32'. TEST!
2020-04-28 17:25:12,719 - __main__ - INFO - Panorama 'usdal1-03pac01-mgt.ip.mrshmc.com': TEST MODE - not creating AddressObject 'H-203.86.1.233-32'. TEST!
2020-04-28 17:25:12,719 - __main__ - INFO - Panorama 'usdal1-03pac01-mgt.ip.mrshmc.com': TEST MODE - not creating AddressObject 'H-203.86.1.235-32'. TEST!
2020-04-28 17:25:12,719 - __main__ - INFO - Panorama 'usdal1-03pac01-mgt.ip.mrshmc.com': TEST MODE - not creating AddressObject 'H-203.86.1.238-32'. TEST!
2020-04-28 17:25:12,719 - __main__ - INFO - Panorama 'usdal1-03pac01-mgt.ip.mrshmc.com': TEST MODE - not creating AddressObject 'H-205.156.70.10-32'. TEST!
2020-04-28 17:25:12,719 - __main__ - INFO - Panorama 'usdal1-03pac01-mgt.ip.mrshmc.com': TEST MODE - not creating AddressObject 'H-205.156.70.12-32'. TEST!
2020-04-28 17:25:12,720 - __main__ - INFO - Panorama 'usdal1-03pac01-mgt.ip.mrshmc.com': TEST MODE - not creating AddressObject 'H-205.156.88.1-32'. TEST!
2020-04-28 17:25:12,720 - __main__ - INFO - Panorama 'usdal1-03pac01-mgt.ip.mrshmc.com': TEST MODE - not creating AddressObject 'H-205.156.88.2-32'. TEST!
2020-04-28 17:25:12,720 - __main__ - INFO - Panorama 'usdal1-03pac01-mgt.ip.mrshmc.com': TEST MODE - not creating AddressObject 'H-205.156.88.234-32'. TEST!
2020-04-28 17:25:12,720 - __main__ - INFO - Panorama 'usdal1-03pac01-mgt.ip.mrshmc.com': TEST MODE - not creating AddressObject 'H-205.156.88.235-32'. TEST!
2020-04-28 17:25:12,720 - __main__ - INFO - Panorama 'usdal1-03pac01-mgt.ip.mrshmc.com': TEST MODE - not creating AddressObject 'H-205.156.88.3-32'. TEST!
2020-04-28 17:25:12,720 - __main__ - INFO - Panorama 'usdal1-03pac01-mgt.ip.mrshmc.com': TEST MODE - not creating AddressObject 'H-205.156.88.4-32'. TEST!
2020-04-28 17:25:12,720 - __main__ - INFO - Panorama 'usdal1-03pac01-mgt.ip.mrshmc.com': TEST MODE - not creating AddressObject 'H-205.156.94.10-32'. TEST!
2020-04-28 17:25:12,720 - __main__ - INFO - Panorama 'usdal1-03pac01-mgt.ip.mrshmc.com': TEST MODE - not creating AddressObject 'H-205.156.94.12-32'. TEST!
2020-04-28 17:25:12,720 - __main__ - INFO - Panorama 'usdal1-03pac01-mgt.ip.mrshmc.com': TEST MODE - not creating AddressObject 'H-206.100.1.124-32'. TEST!
2020-04-28 17:25:12,720 - __main__ - INFO - Panorama 'usdal1-03pac01-mgt.ip.mrshmc.com': TEST MODE - not creating AddressObject 'H-207.223.240.120-32'. TEST!
2020-04-28 17:25:12,721 - __main__ - INFO - Panorama 'usdal1-03pac01-mgt.ip.mrshmc.com': TEST MODE - not creating AddressObject 'H-210.22.12.34-32'. TEST!
2020-04-28 17:25:12,721 - __main__ - INFO - Panorama 'usdal1-03pac01-mgt.ip.mrshmc.com': TEST MODE - not creating AddressObject 'H-210.22.12.48-32'. TEST!
2020-04-28 17:25:12,721 - __main__ - INFO - Panorama 'usdal1-03pac01-mgt.ip.mrshmc.com': TEST MODE - not creating AddressObject 'H-210.22.12.49-32'. TEST!
2020-04-28 17:25:12,721 - __main__ - INFO - Panorama 'usdal1-03pac01-mgt.ip.mrshmc.com': TEST MODE - not creating AddressObject 'H-210.24.138.162-32'. TEST!
2020-04-28 17:25:12,721 - __main__ - INFO - Panorama 'usdal1-03pac01-mgt.ip.mrshmc.com': TEST MODE - not creating AddressObject 'H-211.154.129.207-32'. TEST!
2020-04-28 17:25:12,721 - __main__ - INFO - Panorama 'usdal1-03pac01-mgt.ip.mrshmc.com': TEST MODE - not creating AddressObject 'H-211.35.96.26-32'. TEST!
2020-04-28 17:25:12,721 - __main__ - INFO - Panorama 'usdal1-03pac01-mgt.ip.mrshmc.com': TEST MODE - not creating AddressObject 'H-211.35.96.43-32'. TEST!
2020-04-28 17:25:12,721 - __main__ - INFO - Panorama 'usdal1-03pac01-mgt.ip.mrshmc.com': TEST MODE - not creating AddressObject 'H-211.36.85.94-32'. TEST!
2020-04-28 17:25:12,721 - __main__ - INFO - Panorama 'usdal1-03pac01-mgt.ip.mrshmc.com': TEST MODE - not creating AddressObject 'H-211.42.85.240-32'. TEST!
2020-04-28 17:25:12,721 - __main__ - INFO - Panorama 'usdal1-03pac01-mgt.ip.mrshmc.com': TEST MODE - not creating AddressObject 'H-212.187.211.5-32'. TEST!
2020-04-28 17:25:12,722 - __main__ - INFO - Panorama 'usdal1-03pac01-mgt.ip.mrshmc.com': TEST MODE - not creating AddressObject 'H-219.134.132.36-32'. TEST!
2020-04-28 17:25:12,722 - __main__ - INFO - Panorama 'usdal1-03pac01-mgt.ip.mrshmc.com': TEST MODE - not creating AddressObject 'H-219.134.132.37-32'. TEST!
2020-04-28 17:25:12,731 - __main__ - INFO - Panorama 'usdal1-03pac01-mgt.ip.mrshmc.com': TEST MODE - not creating AddressObject 'H-220.103.253.231-32'. TEST!
2020-04-28 17:25:12,731 - __main__ - INFO - Panorama 'usdal1-03pac01-mgt.ip.mrshmc.com': TEST MODE - not creating AddressObject 'H-220.112.39.14-32'. TEST!
2020-04-28 17:25:12,731 - __main__ - INFO - Panorama 'usdal1-03pac01-mgt.ip.mrshmc.com': TEST MODE - not creating AddressObject 'H-220.112.40.167-32'. TEST!
2020-04-28 17:25:12,732 - __main__ - INFO - Panorama 'usdal1-03pac01-mgt.ip.mrshmc.com': TEST MODE - not creating AddressObject 'H-220.112.42.8-32'. TEST!
2020-04-28 17:25:12,732 - __main__ - INFO - Panorama 'usdal1-03pac01-mgt.ip.mrshmc.com': TEST MODE - not creating AddressObject 'H-220.231.180.167-32'. TEST!
2020-04-28 17:25:12,732 - __main__ - INFO - Panorama 'usdal1-03pac01-mgt.ip.mrshmc.com': TEST MODE - not creating AddressObject 'H-220.73.215.84-32'. TEST!
2020-04-28 17:25:12,732 - __main__ - INFO - Panorama 'usdal1-03pac01-mgt.ip.mrshmc.com': TEST MODE - not creating AddressObject 'H-221.228.198.144-32'. TEST!
2020-04-28 17:25:12,733 - __main__ - INFO - Panorama 'usdal1-03pac01-mgt.ip.mrshmc.com': TEST MODE - not creating AddressObject 'H-221.228.198.151-32'. TEST!
2020-04-28 17:25:12,733 - __main__ - INFO - Panorama 'usdal1-03pac01-mgt.ip.mrshmc.com': TEST MODE - not creating AddressObject 'H-3.10.8.220-32'. TEST!
2020-04-28 17:25:12,733 - __main__ - INFO - Panorama 'usdal1-03pac01-mgt.ip.mrshmc.com': TEST MODE - not creating AddressObject 'H-3.105.227.19-32'. TEST!
2020-04-28 17:25:12,733 - __main__ - INFO - Panorama 'usdal1-03pac01-mgt.ip.mrshmc.com': TEST MODE - not creating AddressObject 'H-38.103.25.180-32'. TEST!
2020-04-28 17:25:12,733 - __main__ - INFO - Panorama 'usdal1-03pac01-mgt.ip.mrshmc.com': TEST MODE - not creating AddressObject 'H-52.196.118.63-32'. TEST!
2020-04-28 17:25:12,733 - __main__ - INFO - Panorama 'usdal1-03pac01-mgt.ip.mrshmc.com': TEST MODE - not creating AddressObject 'H-52.63.58.54-32'. TEST!
2020-04-28 17:25:12,734 - __main__ - INFO - Panorama 'usdal1-03pac01-mgt.ip.mrshmc.com': TEST MODE - not creating AddressObject 'H-52.63.91.200-32'. TEST!
2020-04-28 17:25:12,734 - __main__ - INFO - Panorama 'usdal1-03pac01-mgt.ip.mrshmc.com': TEST MODE - not creating AddressObject 'H-52.65.142.146-32'. TEST!
2020-04-28 17:25:12,734 - __main__ - INFO - Panorama 'usdal1-03pac01-mgt.ip.mrshmc.com': TEST MODE - not creating AddressObject 'H-52.65.152.196-32'. TEST!
2020-04-28 17:25:12,734 - __main__ - INFO - Panorama 'usdal1-03pac01-mgt.ip.mrshmc.com': TEST MODE - not creating AddressObject 'H-54.252.36.101-32'. TEST!
2020-04-28 17:25:12,734 - __main__ - INFO - Panorama 'usdal1-03pac01-mgt.ip.mrshmc.com': TEST MODE - not creating AddressObject 'H-57.250.231.200-32'. TEST!
2020-04-28 17:25:12,734 - __main__ - INFO - Panorama 'usdal1-03pac01-mgt.ip.mrshmc.com': TEST MODE - not creating AddressObject 'H-58.26.83.218-32'. TEST!
2020-04-28 17:25:12,734 - __main__ - INFO - Panorama 'usdal1-03pac01-mgt.ip.mrshmc.com': TEST MODE - not creating AddressObject 'H-58.26.83.253-32'. TEST!
2020-04-28 17:25:12,734 - __main__ - INFO - Panorama 'usdal1-03pac01-mgt.ip.mrshmc.com': TEST MODE - not creating AddressObject 'H-59.100.100.12-32'. TEST!
2020-04-28 17:25:12,734 - __main__ - INFO - Panorama 'usdal1-03pac01-mgt.ip.mrshmc.com': TEST MODE - not creating AddressObject 'H-59.100.101.12-32'. TEST!
2020-04-28 17:25:12,735 - __main__ - INFO - Panorama 'usdal1-03pac01-mgt.ip.mrshmc.com': TEST MODE - not creating AddressObject 'H-80.127.122.74-32'. TEST!
2020-04-28 17:25:12,735 - __main__ - INFO - Panorama 'usdal1-03pac01-mgt.ip.mrshmc.com': TEST MODE - not creating AddressObject 'H-92.168.29.235-32'. TEST!
2020-04-28 17:25:12,735 - __main__ - INFO - Panorama 'usdal1-03pac01-mgt.ip.mrshmc.com': TEST MODE - not creating AddressObject 'H-92.168.29.236-32'. TEST!
2020-04-28 17:25:12,735 - __main__ - INFO - Panorama 'usdal1-03pac01-mgt.ip.mrshmc.com': TEST MODE - not creating AddressObject 'N-10.100.178.0-24'. TEST!
2020-04-28 17:25:12,735 - __main__ - INFO - Panorama 'usdal1-03pac01-mgt.ip.mrshmc.com': TEST MODE - not creating AddressObject 'N-10.120.198.0-24'. TEST!
2020-04-28 17:25:12,735 - __main__ - INFO - Panorama 'usdal1-03pac01-mgt.ip.mrshmc.com': TEST MODE - not creating AddressObject 'N-10.121.80.0-24'. TEST!
2020-04-28 17:25:12,735 - __main__ - INFO - Panorama 'usdal1-03pac01-mgt.ip.mrshmc.com': TEST MODE - not creating AddressObject 'N-10.121.85.0-24'. TEST!
2020-04-28 17:25:12,735 - __main__ - INFO - Panorama 'usdal1-03pac01-mgt.ip.mrshmc.com': TEST MODE - not creating AddressObject 'N-10.121.86.0-24'. TEST!
2020-04-28 17:25:12,735 - __main__ - INFO - Panorama 'usdal1-03pac01-mgt.ip.mrshmc.com': TEST MODE - not creating AddressObject 'N-10.121.87.0-24'. TEST!
2020-04-28 17:25:12,735 - __main__ - INFO - Panorama 'usdal1-03pac01-mgt.ip.mrshmc.com': TEST MODE - not creating AddressObject 'N-10.121.90.0-24'. TEST!
2020-04-28 17:25:12,736 - __main__ - INFO - Panorama 'usdal1-03pac01-mgt.ip.mrshmc.com': TEST MODE - not creating AddressObject 'N-10.122.1.0-24'. TEST!
2020-04-28 17:25:12,736 - __main__ - INFO - Panorama 'usdal1-03pac01-mgt.ip.mrshmc.com': TEST MODE - not creating AddressObject 'N-10.122.42.0-24'. TEST!
2020-04-28 17:25:12,736 - __main__ - INFO - Panorama 'usdal1-03pac01-mgt.ip.mrshmc.com': TEST MODE - not creating AddressObject 'N-10.122.44.0-24'. TEST!
2020-04-28 17:25:12,736 - __main__ - INFO - Panorama 'usdal1-03pac01-mgt.ip.mrshmc.com': TEST MODE - not creating AddressObject 'N-10.122.46.0-24'. TEST!
2020-04-28 17:25:12,736 - __main__ - INFO - Panorama 'usdal1-03pac01-mgt.ip.mrshmc.com': TEST MODE - not creating AddressObject 'N-10.122.48.0-24'. TEST!
2020-04-28 17:25:12,736 - __main__ - INFO - Panorama 'usdal1-03pac01-mgt.ip.mrshmc.com': TEST MODE - not creating AddressObject 'N-10.16.141.0-24'. TEST!
2020-04-28 17:25:12,736 - __main__ - INFO - Panorama 'usdal1-03pac01-mgt.ip.mrshmc.com': TEST MODE - not creating AddressObject 'N-10.16.144.0-24'. TEST!
2020-04-28 17:25:12,736 - __main__ - INFO - Panorama 'usdal1-03pac01-mgt.ip.mrshmc.com': TEST MODE - not creating AddressObject 'N-10.16.145.0-24'. TEST!
2020-04-28 17:25:12,736 - __main__ - INFO - Panorama 'usdal1-03pac01-mgt.ip.mrshmc.com': TEST MODE - not creating AddressObject 'N-10.16.150.0-24'. TEST!
2020-04-28 17:25:12,736 - __main__ - INFO - Panorama 'usdal1-03pac01-mgt.ip.mrshmc.com': TEST MODE - not creating AddressObject 'N-10.16.151.0-24'. TEST!
2020-04-28 17:25:12,737 - __main__ - INFO - Panorama 'usdal1-03pac01-mgt.ip.mrshmc.com': TEST MODE - not creating AddressObject 'N-10.16.154.0-24'. TEST!
2020-04-28 17:25:12,737 - __main__ - INFO - Panorama 'usdal1-03pac01-mgt.ip.mrshmc.com': TEST MODE - not creating AddressObject 'N-10.16.155.0-24'. TEST!
2020-04-28 17:25:12,737 - __main__ - INFO - Panorama 'usdal1-03pac01-mgt.ip.mrshmc.com': TEST MODE - not creating AddressObject 'N-10.16.160.0-24'. TEST!
2020-04-28 17:25:12,737 - __main__ - INFO - Panorama 'usdal1-03pac01-mgt.ip.mrshmc.com': TEST MODE - not creating AddressObject 'N-10.16.161.0-24'. TEST!
2020-04-28 17:25:12,737 - __main__ - INFO - Panorama 'usdal1-03pac01-mgt.ip.mrshmc.com': TEST MODE - not creating AddressObject 'N-10.16.162.0-24'. TEST!
2020-04-28 17:25:12,737 - __main__ - INFO - Panorama 'usdal1-03pac01-mgt.ip.mrshmc.com': TEST MODE - not creating AddressObject 'N-10.16.163.0-24'. TEST!
2020-04-28 17:25:12,737 - __main__ - INFO - Panorama 'usdal1-03pac01-mgt.ip.mrshmc.com': TEST MODE - not creating AddressObject 'N-10.16.164.0-24'. TEST!
2020-04-28 17:25:12,737 - __main__ - INFO - Panorama 'usdal1-03pac01-mgt.ip.mrshmc.com': TEST MODE - not creating AddressObject 'N-10.16.165.0-24'. TEST!
2020-04-28 17:25:12,737 - __main__ - INFO - Panorama 'usdal1-03pac01-mgt.ip.mrshmc.com': TEST MODE - not creating AddressObject 'N-10.16.171.0-24'. TEST!
2020-04-28 17:25:12,738 - __main__ - INFO - Panorama 'usdal1-03pac01-mgt.ip.mrshmc.com': TEST MODE - not creating AddressObject 'N-10.16.172.0-24'. TEST!
2020-04-28 17:25:12,738 - __main__ - INFO - Panorama 'usdal1-03pac01-mgt.ip.mrshmc.com': TEST MODE - not creating AddressObject 'N-10.16.173.0-24'. TEST!
2020-04-28 17:25:12,738 - __main__ - INFO - Panorama 'usdal1-03pac01-mgt.ip.mrshmc.com': TEST MODE - not creating AddressObject 'N-10.16.174.0-24'. TEST!
2020-04-28 17:25:12,738 - __main__ - INFO - Panorama 'usdal1-03pac01-mgt.ip.mrshmc.com': TEST MODE - not creating AddressObject 'N-10.16.175.0-24'. TEST!
2020-04-28 17:25:12,738 - __main__ - INFO - Panorama 'usdal1-03pac01-mgt.ip.mrshmc.com': TEST MODE - not creating AddressObject 'N-10.16.214.0-24'. TEST!
2020-04-28 17:25:12,738 - __main__ - INFO - Panorama 'usdal1-03pac01-mgt.ip.mrshmc.com': TEST MODE - not creating AddressObject 'N-10.16.215.0-24'. TEST!
2020-04-28 17:25:12,738 - __main__ - INFO - Panorama 'usdal1-03pac01-mgt.ip.mrshmc.com': TEST MODE - not creating AddressObject 'N-10.16.224.0-24'. TEST!
2020-04-28 17:25:12,738 - __main__ - INFO - Panorama 'usdal1-03pac01-mgt.ip.mrshmc.com': TEST MODE - not creating AddressObject 'N-10.16.225.0-24'. TEST!
2020-04-28 17:25:12,738 - __main__ - INFO - Panorama 'usdal1-03pac01-mgt.ip.mrshmc.com': TEST MODE - not creating AddressObject 'N-10.16.234.0-24'. TEST!
2020-04-28 17:25:12,738 - __main__ - INFO - Panorama 'usdal1-03pac01-mgt.ip.mrshmc.com': TEST MODE - not creating AddressObject 'N-10.16.235.0-24'. TEST!
2020-04-28 17:25:12,739 - __main__ - INFO - Panorama 'usdal1-03pac01-mgt.ip.mrshmc.com': TEST MODE - not creating AddressObject 'N-10.16.244.0-24'. TEST!
2020-04-28 17:25:12,739 - __main__ - INFO - Panorama 'usdal1-03pac01-mgt.ip.mrshmc.com': TEST MODE - not creating AddressObject 'N-10.16.245.0-24'. TEST!
2020-04-28 17:25:12,739 - __main__ - INFO - Panorama 'usdal1-03pac01-mgt.ip.mrshmc.com': TEST MODE - not creating AddressObject 'N-10.170.46.0-23'. TEST!
2020-04-28 17:25:12,739 - __main__ - INFO - Panorama 'usdal1-03pac01-mgt.ip.mrshmc.com': TEST MODE - not creating AddressObject 'N-10.18.139.0-24'. TEST!
2020-04-28 17:25:12,739 - __main__ - INFO - Panorama 'usdal1-03pac01-mgt.ip.mrshmc.com': TEST MODE - not creating AddressObject 'N-10.18.140.0-24'. TEST!
2020-04-28 17:25:12,739 - __main__ - INFO - Panorama 'usdal1-03pac01-mgt.ip.mrshmc.com': TEST MODE - not creating AddressObject 'N-10.18.141.0-24'. TEST!
2020-04-28 17:25:12,739 - __main__ - INFO - Panorama 'usdal1-03pac01-mgt.ip.mrshmc.com': TEST MODE - not creating AddressObject 'N-10.18.142.0-24'. TEST!
2020-04-28 17:25:12,739 - __main__ - INFO - Panorama 'usdal1-03pac01-mgt.ip.mrshmc.com': TEST MODE - not creating AddressObject 'N-10.18.144.0-24'. TEST!
2020-04-28 17:25:12,746 - __main__ - INFO - Panorama 'usdal1-03pac01-mgt.ip.mrshmc.com': TEST MODE - not creating AddressObject 'N-10.18.145.0-24'. TEST!
2020-04-28 17:25:12,747 - __main__ - INFO - Panorama 'usdal1-03pac01-mgt.ip.mrshmc.com': TEST MODE - not creating AddressObject 'N-10.18.146.0-24'. TEST!
2020-04-28 17:25:12,747 - __main__ - INFO - Panorama 'usdal1-03pac01-mgt.ip.mrshmc.com': TEST MODE - not creating AddressObject 'N-10.18.147.0-24'. TEST!
2020-04-28 17:25:12,747 - __main__ - INFO - Panorama 'usdal1-03pac01-mgt.ip.mrshmc.com': TEST MODE - not creating AddressObject 'N-10.18.149.0-24'. TEST!
2020-04-28 17:25:12,747 - __main__ - INFO - Panorama 'usdal1-03pac01-mgt.ip.mrshmc.com': TEST MODE - not creating AddressObject 'N-10.18.150.0-24'. TEST!
2020-04-28 17:25:12,748 - __main__ - INFO - Panorama 'usdal1-03pac01-mgt.ip.mrshmc.com': TEST MODE - not creating AddressObject 'N-10.18.151.0-24'. TEST!
2020-04-28 17:25:12,748 - __main__ - INFO - Panorama 'usdal1-03pac01-mgt.ip.mrshmc.com': TEST MODE - not creating AddressObject 'N-10.18.152.0-24'. TEST!
2020-04-28 17:25:12,748 - __main__ - INFO - Panorama 'usdal1-03pac01-mgt.ip.mrshmc.com': TEST MODE - not creating AddressObject 'N-10.18.154.0-24'. TEST!
2020-04-28 17:25:12,748 - __main__ - INFO - Panorama 'usdal1-03pac01-mgt.ip.mrshmc.com': TEST MODE - not creating AddressObject 'N-10.18.155.0-24'. TEST!
2020-04-28 17:25:12,748 - __main__ - INFO - Panorama 'usdal1-03pac01-mgt.ip.mrshmc.com': TEST MODE - not creating AddressObject 'N-10.18.156.0-24'. TEST!
2020-04-28 17:25:12,749 - __main__ - INFO - Panorama 'usdal1-03pac01-mgt.ip.mrshmc.com': TEST MODE - not creating AddressObject 'N-10.18.157.0-24'. TEST!
2020-04-28 17:25:12,749 - __main__ - INFO - Panorama 'usdal1-03pac01-mgt.ip.mrshmc.com': TEST MODE - not creating AddressObject 'N-10.18.160.0-24'. TEST!
2020-04-28 17:25:12,749 - __main__ - INFO - Panorama 'usdal1-03pac01-mgt.ip.mrshmc.com': TEST MODE - not creating AddressObject 'N-10.18.161.0-24'. TEST!
2020-04-28 17:25:12,749 - __main__ - INFO - Panorama 'usdal1-03pac01-mgt.ip.mrshmc.com': TEST MODE - not creating AddressObject 'N-10.18.162.0-24'. TEST!
2020-04-28 17:25:12,749 - __main__ - INFO - Panorama 'usdal1-03pac01-mgt.ip.mrshmc.com': TEST MODE - not creating AddressObject 'N-10.18.172.0-24'. TEST!
2020-04-28 17:25:12,749 - __main__ - INFO - Panorama 'usdal1-03pac01-mgt.ip.mrshmc.com': TEST MODE - not creating AddressObject 'N-10.18.173.0-24'. TEST!
2020-04-28 17:25:12,749 - __main__ - INFO - Panorama 'usdal1-03pac01-mgt.ip.mrshmc.com': TEST MODE - not creating AddressObject 'N-10.18.174.0-24'. TEST!
2020-04-28 17:25:12,749 - __main__ - INFO - Panorama 'usdal1-03pac01-mgt.ip.mrshmc.com': TEST MODE - not creating AddressObject 'N-10.19.102.0-24'. TEST!
2020-04-28 17:25:12,750 - __main__ - INFO - Panorama 'usdal1-03pac01-mgt.ip.mrshmc.com': TEST MODE - not creating AddressObject 'N-10.19.97.0-24'. TEST!
2020-04-28 17:25:12,750 - __main__ - INFO - Panorama 'usdal1-03pac01-mgt.ip.mrshmc.com': TEST MODE - not creating AddressObject 'N-10.19.99.0-24'. TEST!
2020-04-28 17:25:12,750 - __main__ - INFO - Panorama 'usdal1-03pac01-mgt.ip.mrshmc.com': TEST MODE - not creating AddressObject 'N-10.196.228.0-23'. TEST!
2020-04-28 17:25:12,750 - __main__ - INFO - Panorama 'usdal1-03pac01-mgt.ip.mrshmc.com': TEST MODE - not creating AddressObject 'N-10.196.68.0-22'. TEST!
2020-04-28 17:25:12,750 - __main__ - INFO - Panorama 'usdal1-03pac01-mgt.ip.mrshmc.com': TEST MODE - not creating AddressObject 'N-10.197.22.0-24'. TEST!
2020-04-28 17:25:12,750 - __main__ - INFO - Panorama 'usdal1-03pac01-mgt.ip.mrshmc.com': TEST MODE - not creating AddressObject 'N-10.227.92.0-22'. TEST!
2020-04-28 17:25:12,750 - __main__ - INFO - Panorama 'usdal1-03pac01-mgt.ip.mrshmc.com': TEST MODE - not creating AddressObject 'N-10.227.96.0-22'. TEST!
2020-04-28 17:25:12,750 - __main__ - INFO - Panorama 'usdal1-03pac01-mgt.ip.mrshmc.com': TEST MODE - not creating AddressObject 'N-10.26.14.0-24'. TEST!
2020-04-28 17:25:12,750 - __main__ - INFO - Panorama 'usdal1-03pac01-mgt.ip.mrshmc.com': TEST MODE - not creating AddressObject 'N-10.26.15.0-24'. TEST!
2020-04-28 17:25:12,750 - __main__ - INFO - Panorama 'usdal1-03pac01-mgt.ip.mrshmc.com': TEST MODE - not creating AddressObject 'N-10.26.16.0-24'. TEST!
2020-04-28 17:25:12,751 - __main__ - INFO - Panorama 'usdal1-03pac01-mgt.ip.mrshmc.com': TEST MODE - not creating AddressObject 'N-10.26.17.0-24'. TEST!
2020-04-28 17:25:12,751 - __main__ - INFO - Panorama 'usdal1-03pac01-mgt.ip.mrshmc.com': TEST MODE - not creating AddressObject 'N-10.26.23.0-24'. TEST!
2020-04-28 17:25:12,751 - __main__ - INFO - Panorama 'usdal1-03pac01-mgt.ip.mrshmc.com': TEST MODE - not creating AddressObject 'N-10.26.24.0-24'. TEST!
2020-04-28 17:25:12,751 - __main__ - INFO - Panorama 'usdal1-03pac01-mgt.ip.mrshmc.com': TEST MODE - not creating AddressObject 'N-10.26.25.0-24'. TEST!
2020-04-28 17:25:12,751 - __main__ - INFO - Panorama 'usdal1-03pac01-mgt.ip.mrshmc.com': TEST MODE - not creating AddressObject 'N-10.26.26.0-24'. TEST!
2020-04-28 17:25:12,751 - __main__ - INFO - Panorama 'usdal1-03pac01-mgt.ip.mrshmc.com': TEST MODE - not creating AddressObject 'N-10.31.154.0-24'. TEST!
2020-04-28 17:25:12,751 - __main__ - INFO - Panorama 'usdal1-03pac01-mgt.ip.mrshmc.com': TEST MODE - not creating AddressObject 'N-10.31.155.0-24'. TEST!
2020-04-28 17:25:12,751 - __main__ - INFO - Panorama 'usdal1-03pac01-mgt.ip.mrshmc.com': TEST MODE - not creating AddressObject 'N-10.31.157.0-24'. TEST!
2020-04-28 17:25:12,751 - __main__ - INFO - Panorama 'usdal1-03pac01-mgt.ip.mrshmc.com': TEST MODE - not creating AddressObject 'N-10.31.210.0-24'. TEST!
2020-04-28 17:25:12,752 - __main__ - INFO - Panorama 'usdal1-03pac01-mgt.ip.mrshmc.com': TEST MODE - not creating AddressObject 'N-10.31.213.0-24'. TEST!
2020-04-28 17:25:12,752 - __main__ - INFO - Panorama 'usdal1-03pac01-mgt.ip.mrshmc.com': TEST MODE - not creating AddressObject 'N-10.34.10.0-24'. TEST!
2020-04-28 17:25:12,752 - __main__ - INFO - Panorama 'usdal1-03pac01-mgt.ip.mrshmc.com': TEST MODE - not creating AddressObject 'N-10.34.13.0-24'. TEST!
2020-04-28 17:25:12,752 - __main__ - INFO - Panorama 'usdal1-03pac01-mgt.ip.mrshmc.com': TEST MODE - not creating AddressObject 'N-10.34.2.0-24'. TEST!
2020-04-28 17:25:12,752 - __main__ - INFO - Panorama 'usdal1-03pac01-mgt.ip.mrshmc.com': TEST MODE - not creating AddressObject 'N-10.34.5.0-24'. TEST!
2020-04-28 17:25:12,752 - __main__ - INFO - Panorama 'usdal1-03pac01-mgt.ip.mrshmc.com': TEST MODE - not creating AddressObject 'N-10.4.34.0-24'. TEST!
2020-04-28 17:25:12,752 - __main__ - INFO - Panorama 'usdal1-03pac01-mgt.ip.mrshmc.com': TEST MODE - not creating AddressObject 'N-10.4.35.0-24'. TEST!
2020-04-28 17:25:12,752 - __main__ - INFO - Panorama 'usdal1-03pac01-mgt.ip.mrshmc.com': TEST MODE - not creating AddressObject 'N-10.4.36.0-24'. TEST!
2020-04-28 17:25:12,752 - __main__ - INFO - Panorama 'usdal1-03pac01-mgt.ip.mrshmc.com': TEST MODE - not creating AddressObject 'N-10.4.38.0-24'. TEST!
2020-04-28 17:25:12,753 - __main__ - INFO - Panorama 'usdal1-03pac01-mgt.ip.mrshmc.com': TEST MODE - not creating AddressObject 'N-10.49.35.0-24'. TEST!
2020-04-28 17:25:12,753 - __main__ - INFO - Panorama 'usdal1-03pac01-mgt.ip.mrshmc.com': TEST MODE - not creating AddressObject 'N-10.5.226.0-24'. TEST!
2020-04-28 17:25:12,753 - __main__ - INFO - Panorama 'usdal1-03pac01-mgt.ip.mrshmc.com': TEST MODE - not creating AddressObject 'N-10.5.230.0-24'. TEST!
2020-04-28 17:25:12,753 - __main__ - INFO - Panorama 'usdal1-03pac01-mgt.ip.mrshmc.com': TEST MODE - not creating AddressObject 'N-10.5.234.0-24'. TEST!
2020-04-28 17:25:12,753 - __main__ - INFO - Panorama 'usdal1-03pac01-mgt.ip.mrshmc.com': TEST MODE - not creating AddressObject 'N-10.5.238.0-24'. TEST!
2020-04-28 17:25:12,753 - __main__ - INFO - Panorama 'usdal1-03pac01-mgt.ip.mrshmc.com': TEST MODE - not creating AddressObject 'N-10.50.120.0-24'. TEST!
2020-04-28 17:25:12,753 - __main__ - INFO - Panorama 'usdal1-03pac01-mgt.ip.mrshmc.com': TEST MODE - not creating AddressObject 'N-10.50.88.0-21'. TEST!
2020-04-28 17:25:12,753 - __main__ - INFO - Panorama 'usdal1-03pac01-mgt.ip.mrshmc.com': TEST MODE - not creating AddressObject 'N-10.50.96.0-21'. TEST!
2020-04-28 17:25:12,753 - __main__ - INFO - Panorama 'usdal1-03pac01-mgt.ip.mrshmc.com': TEST MODE - not creating AddressObject 'N-10.8.203.0-24'. TEST!
2020-04-28 17:25:12,753 - __main__ - INFO - Panorama 'usdal1-03pac01-mgt.ip.mrshmc.com': TEST MODE - not creating AddressObject 'N-10.8.204.0-24'. TEST!
2020-04-28 17:25:12,754 - __main__ - INFO - Panorama 'usdal1-03pac01-mgt.ip.mrshmc.com': TEST MODE - not creating AddressObject 'N-10.8.207.0-24'. TEST!
2020-04-28 17:25:12,754 - __main__ - INFO - Panorama 'usdal1-03pac01-mgt.ip.mrshmc.com': TEST MODE - not creating AddressObject 'N-10.8.208.0-24'. TEST!
2020-04-28 17:25:12,754 - __main__ - INFO - Panorama 'usdal1-03pac01-mgt.ip.mrshmc.com': TEST MODE - not creating AddressObject 'N-10.9.225.0-24'. TEST!
2020-04-28 17:25:12,754 - __main__ - INFO - Panorama 'usdal1-03pac01-mgt.ip.mrshmc.com': TEST MODE - not creating AddressObject 'N-10.9.228.0-24'. TEST!
2020-04-28 17:25:12,754 - __main__ - INFO - Panorama 'usdal1-03pac01-mgt.ip.mrshmc.com': TEST MODE - not creating AddressObject 'N-10.9.230.0-24'. TEST!
2020-04-28 17:25:12,754 - __main__ - INFO - Panorama 'usdal1-03pac01-mgt.ip.mrshmc.com': TEST MODE - not creating AddressObject 'N-10.9.65.0-24'. TEST!
2020-04-28 17:25:12,755 - __main__ - INFO - Panorama 'usdal1-03pac01-mgt.ip.mrshmc.com': TEST MODE - not creating AddressObject 'N-10.9.66.0-24'. TEST!
2020-04-28 17:25:12,755 - __main__ - INFO - Panorama 'usdal1-03pac01-mgt.ip.mrshmc.com': TEST MODE - not creating AddressObject 'N-10.9.70.0-24'. TEST!
2020-04-28 17:25:12,755 - __main__ - INFO - Panorama 'usdal1-03pac01-mgt.ip.mrshmc.com': TEST MODE - not creating AddressObject 'N-10.9.72.0-24'. TEST!
2020-04-28 17:25:12,755 - __main__ - INFO - Panorama 'usdal1-03pac01-mgt.ip.mrshmc.com': TEST MODE - not creating AddressObject 'N-10.9.74.0-24'. TEST!
2020-04-28 17:25:12,762 - __main__ - INFO - Panorama 'usdal1-03pac01-mgt.ip.mrshmc.com': TEST MODE - not creating AddressObject 'N-10.9.75.0-24'. TEST!
2020-04-28 17:25:12,762 - __main__ - INFO - Panorama 'usdal1-03pac01-mgt.ip.mrshmc.com': TEST MODE - not creating AddressObject 'N-10.9.76.0-24'. TEST!
2020-04-28 17:25:12,762 - __main__ - INFO - Panorama 'usdal1-03pac01-mgt.ip.mrshmc.com': TEST MODE - not creating AddressObject 'N-10.9.77.0-24'. TEST!
2020-04-28 17:25:12,762 - __main__ - INFO - Panorama 'usdal1-03pac01-mgt.ip.mrshmc.com': TEST MODE - not creating AddressObject 'N-10.9.79.0-24'. TEST!
2020-04-28 17:25:12,763 - __main__ - INFO - Panorama 'usdal1-03pac01-mgt.ip.mrshmc.com': TEST MODE - not creating AddressObject 'N-10.9.80.0-24'. TEST!
2020-04-28 17:25:12,763 - __main__ - INFO - Panorama 'usdal1-03pac01-mgt.ip.mrshmc.com': TEST MODE - not creating AddressObject 'N-10.9.81.0-24'. TEST!
2020-04-28 17:25:12,763 - __main__ - INFO - Panorama 'usdal1-03pac01-mgt.ip.mrshmc.com': TEST MODE - not creating AddressObject 'N-10.9.84.0-24'. TEST!
2020-04-28 17:25:12,763 - __main__ - INFO - Panorama 'usdal1-03pac01-mgt.ip.mrshmc.com': TEST MODE - not creating AddressObject 'N-10.9.85.0-24'. TEST!
2020-04-28 17:25:12,763 - __main__ - INFO - Panorama 'usdal1-03pac01-mgt.ip.mrshmc.com': TEST MODE - not creating AddressObject 'N-10.9.86.0-24'. TEST!
2020-04-28 17:25:12,763 - __main__ - INFO - Panorama 'usdal1-03pac01-mgt.ip.mrshmc.com': TEST MODE - not creating AddressObject 'N-10.9.87.0-24'. TEST!
2020-04-28 17:25:12,763 - __main__ - INFO - Panorama 'usdal1-03pac01-mgt.ip.mrshmc.com': TEST MODE - not creating AddressObject 'N-10.9.89.0-24'. TEST!
2020-04-28 17:25:12,764 - __main__ - INFO - Panorama 'usdal1-03pac01-mgt.ip.mrshmc.com': TEST MODE - not creating AddressObject 'N-10.9.90.0-24'. TEST!
2020-04-28 17:25:12,764 - __main__ - INFO - Panorama 'usdal1-03pac01-mgt.ip.mrshmc.com': TEST MODE - not creating AddressObject 'N-111.221.32.0-21'. TEST!
2020-04-28 17:25:12,764 - __main__ - INFO - Panorama 'usdal1-03pac01-mgt.ip.mrshmc.com': TEST MODE - not creating AddressObject 'N-138.235.41.0-24'. TEST!
2020-04-28 17:25:12,764 - __main__ - INFO - Panorama 'usdal1-03pac01-mgt.ip.mrshmc.com': TEST MODE - not creating AddressObject 'N-164.55.240.0-28'. TEST!
2020-04-28 17:25:12,764 - __main__ - INFO - Panorama 'usdal1-03pac01-mgt.ip.mrshmc.com': TEST MODE - not creating AddressObject 'N-202.3.8.160-27'. TEST!
2020-04-28 17:25:12,764 - __main__ - INFO - Panorama 'usdal1-03pac01-mgt.ip.mrshmc.com': TEST MODE - not creating AddressObject 'N-203.0.77.0-24'. TEST!
2020-04-28 17:25:12,764 - __main__ - INFO - Panorama 'usdal1-03pac01-mgt.ip.mrshmc.com': TEST MODE - not creating AddressObject 'N-203.2.190.192-27'. TEST!
2020-04-28 17:25:12,764 - __main__ - INFO - Panorama 'usdal1-03pac01-mgt.ip.mrshmc.com': TEST MODE - not creating AddressObject 'N-203.2.191.192-27'. TEST!
2020-04-28 17:25:12,764 - __main__ - INFO - Panorama 'usdal1-03pac01-mgt.ip.mrshmc.com': TEST MODE - not creating AddressObject 'N-203.23.96.0-24'. TEST!
2020-04-28 17:25:12,764 - __main__ - INFO - Panorama 'usdal1-03pac01-mgt.ip.mrshmc.com': TEST MODE - not creating AddressObject 'N-203.77.184.0-21'. TEST!
2020-04-28 17:25:12,765 - __main__ - INFO - Panorama 'usdal1-03pac01-mgt.ip.mrshmc.com': TEST MODE - not creating AddressObject 'N-205.233.0.0-24'. TEST!
2020-04-28 17:25:12,765 - __main__ - INFO - Panorama 'usdal1-03pac01-mgt.ip.mrshmc.com': TEST MODE - not creating AddressObject 'N-8.5.128.0-24'. TEST!
2020-04-28 17:25:12,765 - __main__ - INFO - Panorama 'usdal1-03pac01-mgt.ip.mrshmc.com': TEST MODE - not creating AddressObject 'N-94.103.30.144-28'. TEST!
2020-04-28 17:25:12,765 - __main__ - INFO - Panorama 'usdal1-03pac01-mgt.ip.mrshmc.com': Updating objects, (action 'create')
2020-04-28 17:25:12,765 - __main__ - INFO - Panorama 'usdal1-03pac01-mgt.ip.mrshmc.com': TEST MODE - not creating AddressGroup 'G_CIRC'. TEST!
2020-04-28 17:25:12,765 - __main__ - INFO - Panorama 'usdal1-03pac01-mgt.ip.mrshmc.com': TEST MODE - not creating AddressGroup 'G_QCgateways'. TEST!
2020-04-28 17:25:12,765 - __main__ - INFO - Panorama 'usdal1-03pac01-mgt.ip.mrshmc.com': TEST MODE - not creating AddressGroup 'G_outbound-blocked-hosts'. TEST!
2020-04-28 17:25:12,765 - __main__ - INFO - Panorama 'global': dbedit edit requests '0' EditObject objects
2020-04-28 17:25:12,766 - __main__ - INFO - Panorama 'global': dbedit addtogroup requests '0' ModifyGroup objects
2020-04-28 17:25:12,766 - __main__ - INFO - Panorama 'global': dbedit removefromgroup requests '0' ModifyGroup objects
2020-04-28 17:25:12,766 - __main__ - INFO - AMAZING! No API update failures detected ;)
