2020-04-28 20:47:58,016 - __main__ - INFO - Argument '--device' supplied, device in scope 'usdal1-03pac01-mgt.ip.mrshmc.com'
2020-04-28 20:47:58,017 - __main__ - INFO - Argument '--filename' supplied, configuration contained in '../pangenerator/output/mel-brow-port.csv'
2020-04-28 20:47:58,017 - __main__ - INFO - Argument '--no-locks' supplied, no commit or configuration locks will be taken.
2020-04-28 20:47:58,018 - __main__ - INFO - Argument '--test' supplied, TEST mode - will not perform updates via API.
2020-04-28 20:47:58,018 - __main__ - INFO - Argument '--verbose' supplied, logging will be printed to console.
2020-04-28 20:48:03,993 - __main__ - INFO - Device System Info: SystemInfo(version='9.0.4', platform='M-500', serial='007307001217')
2020-04-28 20:48:03,994 - __main__ - INFO - Filename '../pangenerator/output/mel-brow-port.csv' provided. Parsing...
2020-04-28 20:48:04,001 - __main__ - INFO - dbedit: Ignoring commented line '#vendor,objtype,op_action,location,name,subtype,members,ip,netmask,cidr,description,color,protocol,source_port,destination_port,nexthop,tag,value,interface,enable_user_identification,metric,mgmt_profile,zone,rule_action,application,category,data_filtering,destination,disable_server_response_inspection,disabled,file_blocking,fromzone,group,hip_profiles,icmp_unreachable,log_end,log_setting,log_start,negate_destination,negate_source,negate_target,schedule,service,source,source_user,spyware,target,tozone ,url_filtering,virus,vulnerability,wildfire_analysis,destination_dynamic_translated_address,destination_dynamic_translated_distribution,destination_dynamic_translated_port,destination_translated_address,destination_translated_port,ha_binding,nat_type,source_translation_address_type,source_translation_fallback_interface,source_translation_fallback_ip_address,source_translation_fallback_ip_type,source_translation_fallback_translated_addresses,source_translation_fallback_type,source_translation_interface,source_translation_ip_address,source_translation_static_bi_directional,source_translation_static_translated_address,source_translation_translated_addresses,source_translation_type,to_interface,category,subcategory,technology,risk,evasive,excessive_bandwidth_use,prone_to_misuse,is_saas,transfers_files,tunnels_other_apps,used_by_malware,has_known_vulnerabilities,pervasive,default_type,parent_app,timeout,tcp_timeout,udp_timeout,tcp_half_closed_timeout,tcp_time_wait_timeout,tunnel_applications,file_type_ident,virus_ident,data_ident,default_port,default_ip_protocol,default_icmp_type,default_icmp_code,ignore_this_end_marker'
2020-04-28 20:48:04,002 - __main__ - INFO - dbedit: Found vendor 'palo', location 'global', action 'create', type 'service' processing...
2020-04-28 20:48:04,002 - __main__ - INFO - dbedit: Found vendor 'palo', location 'global', action 'create', type 'service' processing...
2020-04-28 20:48:04,002 - __main__ - INFO - dbedit: Found vendor 'palo', location 'global', action 'create', type 'service' processing...
2020-04-28 20:48:04,005 - __main__ - INFO - dbedit: Found vendor 'palo', location 'global', action 'create', type 'service' processing...
2020-04-28 20:48:04,005 - __main__ - INFO - dbedit: Found vendor 'palo', location 'global', action 'create', type 'service' processing...
2020-04-28 20:48:04,005 - __main__ - INFO - dbedit: Found vendor 'palo', location 'global', action 'create', type 'service' processing...
2020-04-28 20:48:04,006 - __main__ - INFO - dbedit: Found vendor 'palo', location 'global', action 'create', type 'service' processing...
2020-04-28 20:48:04,006 - __main__ - INFO - dbedit: Found vendor 'palo', location 'global', action 'create', type 'service' processing...
2020-04-28 20:48:04,006 - __main__ - INFO - dbedit: Found vendor 'palo', location 'global', action 'create', type 'service' processing...
2020-04-28 20:48:04,007 - __main__ - INFO - dbedit: Found vendor 'palo', location 'global', action 'create', type 'service' processing...
2020-04-28 20:48:04,007 - __main__ - INFO - dbedit: Found vendor 'palo', location 'global', action 'create', type 'service' processing...
2020-04-28 20:48:04,007 - __main__ - INFO - dbedit: Found vendor 'palo', location 'global', action 'create', type 'service' processing...
2020-04-28 20:48:04,007 - __main__ - INFO - dbedit: Found vendor 'palo', location 'global', action 'create', type 'service' processing...
2020-04-28 20:48:04,008 - __main__ - INFO - dbedit: Found vendor 'palo', location 'global', action 'create', type 'service' processing...
2020-04-28 20:48:04,008 - __main__ - INFO - dbedit: Found vendor 'palo', location 'global', action 'create', type 'service' processing...
2020-04-28 20:48:04,008 - __main__ - INFO - dbedit: Found vendor 'palo', location 'global', action 'create', type 'service' processing...
2020-04-28 20:48:04,008 - __main__ - INFO - dbedit: Found vendor 'palo', location 'global', action 'create', type 'service' processing...
2020-04-28 20:48:04,008 - __main__ - INFO - dbedit: Found vendor 'palo', location 'global', action 'create', type 'service' processing...
2020-04-28 20:48:04,008 - __main__ - INFO - dbedit: Found vendor 'palo', location 'global', action 'create', type 'service' processing...
2020-04-28 20:48:04,008 - __main__ - INFO - dbedit: Found vendor 'palo', location 'global', action 'create', type 'service' processing...
2020-04-28 20:48:04,009 - __main__ - INFO - dbedit: Found vendor 'palo', location 'global', action 'create', type 'service' processing...
2020-04-28 20:48:04,009 - __main__ - INFO - dbedit: Found vendor 'palo', location 'global', action 'create', type 'service' processing...
2020-04-28 20:48:04,009 - __main__ - INFO - dbedit: Found vendor 'palo', location 'global', action 'create', type 'service' processing...
2020-04-28 20:48:04,009 - __main__ - INFO - dbedit: Found vendor 'palo', location 'global', action 'create', type 'service' processing...
2020-04-28 20:48:04,009 - __main__ - INFO - dbedit: Found vendor 'palo', location 'global', action 'create', type 'service' processing...
2020-04-28 20:48:04,009 - __main__ - INFO - dbedit: Found vendor 'palo', location 'global', action 'create', type 'service' processing...
2020-04-28 20:48:04,010 - __main__ - INFO - dbedit: Found vendor 'palo', location 'global', action 'create', type 'service' processing...
2020-04-28 20:48:04,010 - __main__ - INFO - dbedit: Found vendor 'palo', location 'global', action 'create', type 'service' processing...
2020-04-28 20:48:04,010 - __main__ - INFO - dbedit: Found vendor 'palo', location 'global', action 'create', type 'service' processing...
2020-04-28 20:48:04,010 - __main__ - INFO - dbedit: Found vendor 'palo', location 'global', action 'create', type 'service' processing...
2020-04-28 20:48:04,010 - __main__ - INFO - dbedit: Found vendor 'palo', location 'global', action 'create', type 'service' processing...
2020-04-28 20:48:04,011 - __main__ - INFO - dbedit: Found vendor 'palo', location 'global', action 'create', type 'service' processing...
2020-04-28 20:48:04,011 - __main__ - INFO - dbedit: Found vendor 'palo', location 'global', action 'create', type 'service' processing...
2020-04-28 20:48:04,011 - __main__ - INFO - dbedit: Found vendor 'palo', location 'global', action 'create', type 'service' processing...
2020-04-28 20:48:04,011 - __main__ - INFO - dbedit: Found vendor 'palo', location 'global', action 'create', type 'service' processing...
2020-04-28 20:48:04,011 - __main__ - INFO - dbedit: Found vendor 'palo', location 'global', action 'create', type 'service' processing...
2020-04-28 20:48:04,012 - __main__ - INFO - dbedit: Found vendor 'palo', location 'global', action 'create', type 'service' processing...
2020-04-28 20:48:04,012 - __main__ - INFO - dbedit: Found vendor 'palo', location 'global', action 'create', type 'service' processing...
2020-04-28 20:48:04,012 - __main__ - INFO - dbedit: Found vendor 'palo', location 'global', action 'create', type 'service' processing...
2020-04-28 20:48:04,012 - __main__ - INFO - dbedit: Found vendor 'palo', location 'global', action 'create', type 'service' processing...
2020-04-28 20:48:04,012 - __main__ - INFO - dbedit: Found vendor 'palo', location 'global', action 'create', type 'service' processing...
2020-04-28 20:48:04,012 - __main__ - INFO - dbedit: Found vendor 'palo', location 'global', action 'create', type 'service' processing...
2020-04-28 20:48:04,013 - __main__ - INFO - dbedit: Found vendor 'palo', location 'global', action 'create', type 'service' processing...
2020-04-28 20:48:04,013 - __main__ - INFO - dbedit: Found vendor 'palo', location 'global', action 'create', type 'service' processing...
2020-04-28 20:48:04,013 - __main__ - INFO - dbedit: Found vendor 'palo', location 'global', action 'create', type 'service' processing...
2020-04-28 20:48:04,013 - __main__ - INFO - dbedit: Found vendor 'palo', location 'global', action 'create', type 'service' processing...
2020-04-28 20:48:04,017 - __main__ - INFO - dbedit: Found vendor 'palo', location 'global', action 'create', type 'service' processing...
2020-04-28 20:48:04,018 - __main__ - INFO - dbedit: Found vendor 'palo', location 'global', action 'create', type 'service' processing...
2020-04-28 20:48:04,018 - __main__ - INFO - dbedit: Found vendor 'palo', location 'global', action 'create', type 'service' processing...
2020-04-28 20:48:04,018 - __main__ - INFO - dbedit: Found vendor 'palo', location 'global', action 'create', type 'service' processing...
2020-04-28 20:48:04,019 - __main__ - INFO - dbedit: Found vendor 'palo', location 'global', action 'create', type 'service' processing...
2020-04-28 20:48:04,019 - __main__ - INFO - dbedit: Found vendor 'palo', location 'global', action 'create', type 'service' processing...
2020-04-28 20:48:04,019 - __main__ - INFO - dbedit: Found vendor 'palo', location 'global', action 'create', type 'service' processing...
2020-04-28 20:48:04,020 - __main__ - INFO - dbedit: Found vendor 'palo', location 'global', action 'create', type 'service' processing...
2020-04-28 20:48:04,020 - __main__ - INFO - dbedit: Found vendor 'palo', location 'global', action 'create', type 'service' processing...
2020-04-28 20:48:04,020 - __main__ - INFO - dbedit: Found vendor 'palo', location 'global', action 'create', type 'service' processing...
2020-04-28 20:48:04,020 - __main__ - INFO - dbedit: Found vendor 'palo', location 'global', action 'create', type 'service' processing...
2020-04-28 20:48:04,021 - __main__ - INFO - dbedit: Found vendor 'palo', location 'global', action 'create', type 'service' processing...
2020-04-28 20:48:04,021 - __main__ - INFO - dbedit: Found vendor 'palo', location 'global', action 'create', type 'service' processing...
2020-04-28 20:48:04,021 - __main__ - INFO - dbedit: Found vendor 'palo', location 'global', action 'create', type 'service' processing...
2020-04-28 20:48:04,021 - __main__ - INFO - dbedit: Found vendor 'palo', location 'global', action 'create', type 'service' processing...
2020-04-28 20:48:04,021 - __main__ - INFO - dbedit: Found vendor 'palo', location 'global', action 'create', type 'service' processing...
2020-04-28 20:48:04,022 - __main__ - INFO - dbedit: Found vendor 'palo', location 'global', action 'create', type 'service' processing...
2020-04-28 20:48:04,022 - __main__ - INFO - dbedit: Found vendor 'palo', location 'global', action 'create', type 'service' processing...
2020-04-28 20:48:04,022 - __main__ - INFO - dbedit: Found vendor 'palo', location 'global', action 'create', type 'service' processing...
2020-04-28 20:48:04,022 - __main__ - INFO - dbedit: Found vendor 'palo', location 'global', action 'create', type 'service' processing...
2020-04-28 20:48:04,022 - __main__ - INFO - dbedit: Found vendor 'palo', location 'global', action 'create', type 'service' processing...
2020-04-28 20:48:04,022 - __main__ - INFO - dbedit: Found vendor 'palo', location 'global', action 'create', type 'service' processing...
2020-04-28 20:48:04,023 - __main__ - INFO - dbedit: Found vendor 'palo', location 'global', action 'create', type 'service' processing...
2020-04-28 20:48:04,023 - __main__ - INFO - dbedit: Found vendor 'palo', location 'global', action 'create', type 'service' processing...
2020-04-28 20:48:04,023 - __main__ - INFO - dbedit: Found vendor 'palo', location 'global', action 'create', type 'service' processing...
2020-04-28 20:48:04,023 - __main__ - INFO - dbedit: Found vendor 'palo', location 'global', action 'create', type 'service' processing...
2020-04-28 20:48:04,023 - __main__ - INFO - dbedit: Found vendor 'palo', location 'global', action 'create', type 'service' processing...
2020-04-28 20:48:04,024 - __main__ - INFO - dbedit: Found vendor 'palo', location 'global', action 'create', type 'service' processing...
2020-04-28 20:48:04,024 - __main__ - INFO - dbedit: Found vendor 'palo', location 'global', action 'create', type 'service' processing...
2020-04-28 20:48:04,024 - __main__ - INFO - dbedit: Found vendor 'palo', location 'global', action 'create', type 'service' processing...
2020-04-28 20:48:04,024 - __main__ - INFO - dbedit: Found vendor 'palo', location 'global', action 'create', type 'service' processing...
2020-04-28 20:48:04,024 - __main__ - INFO - dbedit: Found vendor 'palo', location 'global', action 'create', type 'service' processing...
2020-04-28 20:48:04,024 - __main__ - INFO - dbedit: Found vendor 'palo', location 'global', action 'create', type 'service' processing...
2020-04-28 20:48:04,024 - __main__ - INFO - dbedit: Found vendor 'palo', location 'global', action 'create', type 'service' processing...
2020-04-28 20:48:04,025 - __main__ - INFO - dbedit: Found vendor 'palo', location 'global', action 'create', type 'service' processing...
2020-04-28 20:48:04,025 - __main__ - INFO - dbedit: Found vendor 'palo', location 'global', action 'create', type 'service' processing...
2020-04-28 20:48:04,025 - __main__ - INFO - dbedit: Found vendor 'palo', location 'global', action 'create', type 'service' processing...
2020-04-28 20:48:04,025 - __main__ - INFO - dbedit: Found vendor 'palo', location 'global', action 'create', type 'service' processing...
2020-04-28 20:48:04,025 - __main__ - INFO - dbedit: Found vendor 'palo', location 'global', action 'create', type 'service' processing...
2020-04-28 20:48:04,025 - __main__ - INFO - dbedit: Found vendor 'palo', location 'global', action 'create', type 'service' processing...
2020-04-28 20:48:04,025 - __main__ - INFO - dbedit: Found vendor 'palo', location 'global', action 'create', type 'service' processing...
2020-04-28 20:48:04,026 - __main__ - INFO - dbedit: Found vendor 'palo', location 'global', action 'create', type 'service' processing...
2020-04-28 20:48:04,026 - __main__ - INFO - dbedit: Found vendor 'palo', location 'global', action 'create', type 'service' processing...
2020-04-28 20:48:04,026 - __main__ - INFO - dbedit: Found vendor 'palo', location 'global', action 'create', type 'service' processing...
2020-04-28 20:48:04,030 - __main__ - INFO - dbedit: Found vendor 'palo', location 'global', action 'create', type 'service' processing...
2020-04-28 20:48:04,031 - __main__ - INFO - dbedit: Found vendor 'palo', location 'global', action 'create', type 'service' processing...
2020-04-28 20:48:04,031 - __main__ - INFO - dbedit: Found vendor 'palo', location 'global', action 'create', type 'service' processing...
2020-04-28 20:48:04,031 - __main__ - INFO - dbedit: Found vendor 'palo', location 'global', action 'create', type 'service' processing...
2020-04-28 20:48:04,031 - __main__ - INFO - dbedit: Found vendor 'palo', location 'global', action 'create', type 'service' processing...
2020-04-28 20:48:04,032 - __main__ - INFO - dbedit: Found vendor 'palo', location 'global', action 'create', type 'service' processing...
2020-04-28 20:48:04,032 - __main__ - INFO - dbedit: Found vendor 'palo', location 'global', action 'create', type 'service' processing...
2020-04-28 20:48:04,032 - __main__ - INFO - dbedit: Found vendor 'palo', location 'global', action 'create', type 'service' processing...
2020-04-28 20:48:04,033 - __main__ - INFO - dbedit: Found vendor 'palo', location 'global', action 'create', type 'service' processing...
2020-04-28 20:48:04,033 - __main__ - INFO - dbedit: Found vendor 'palo', location 'global', action 'create', type 'service' processing...
2020-04-28 20:48:04,033 - __main__ - INFO - dbedit: Found vendor 'palo', location 'global', action 'create', type 'service' processing...
2020-04-28 20:48:04,034 - __main__ - INFO - dbedit: Found vendor 'palo', location 'global', action 'create', type 'service' processing...
2020-04-28 20:48:04,034 - __main__ - INFO - dbedit: Found vendor 'palo', location 'global', action 'create', type 'service' processing...
2020-04-28 20:48:04,034 - __main__ - INFO - dbedit: Found vendor 'palo', location 'global', action 'create', type 'service' processing...
2020-04-28 20:48:04,034 - __main__ - INFO - dbedit: Found vendor 'palo', location 'global', action 'create', type 'service' processing...
2020-04-28 20:48:04,035 - __main__ - INFO - dbedit: Found vendor 'palo', location 'global', action 'create', type 'service' processing...
2020-04-28 20:48:04,035 - __main__ - INFO - dbedit: Found vendor 'palo', location 'global', action 'create', type 'service' processing...
2020-04-28 20:48:04,035 - __main__ - INFO - dbedit: Found vendor 'palo', location 'global', action 'create', type 'service' processing...
2020-04-28 20:48:04,035 - __main__ - INFO - dbedit: Found vendor 'palo', location 'global', action 'create', type 'service' processing...
2020-04-28 20:48:04,035 - __main__ - INFO - dbedit: Found vendor 'palo', location 'global', action 'create', type 'service' processing...
2020-04-28 20:48:04,035 - __main__ - INFO - dbedit: Found vendor 'palo', location 'global', action 'create', type 'service' processing...
2020-04-28 20:48:04,036 - __main__ - INFO - dbedit: Found vendor 'palo', location 'global', action 'create', type 'service' processing...
2020-04-28 20:48:04,036 - __main__ - INFO - dbedit: Found vendor 'palo', location 'global', action 'create', type 'service' processing...
2020-04-28 20:48:04,036 - __main__ - INFO - dbedit: Found vendor 'palo', location 'global', action 'create', type 'service' processing...
2020-04-28 20:48:04,036 - __main__ - INFO - dbedit: Found vendor 'palo', location 'global', action 'create', type 'service' processing...
2020-04-28 20:48:04,036 - __main__ - INFO - dbedit: Found vendor 'palo', location 'global', action 'create', type 'service' processing...
2020-04-28 20:48:04,036 - __main__ - INFO - dbedit: Found vendor 'palo', location 'global', action 'create', type 'service' processing...
2020-04-28 20:48:04,036 - __main__ - INFO - dbedit: Found vendor 'palo', location 'global', action 'create', type 'service' processing...
2020-04-28 20:48:04,037 - __main__ - INFO - dbedit: Found vendor 'palo', location 'global', action 'create', type 'service' processing...
2020-04-28 20:48:04,037 - __main__ - INFO - dbedit: Found vendor 'palo', location 'global', action 'create', type 'service' processing...
2020-04-28 20:48:04,038 - __main__ - INFO - dbedit: Found vendor 'palo', location 'global', action 'create', type 'service' processing...
2020-04-28 20:48:04,038 - __main__ - INFO - dbedit: Found vendor 'palo', location 'global', action 'create', type 'service' processing...
2020-04-28 20:48:04,038 - __main__ - INFO - dbedit: Found vendor 'palo', location 'global', action 'create', type 'service' processing...
2020-04-28 20:48:04,038 - __main__ - INFO - dbedit: Found vendor 'palo', location 'global', action 'create', type 'service' processing...
2020-04-28 20:48:04,038 - __main__ - INFO - dbedit: Found vendor 'palo', location 'global', action 'create', type 'service' processing...
2020-04-28 20:48:04,039 - __main__ - INFO - dbedit: Found vendor 'palo', location 'global', action 'create', type 'service' processing...
2020-04-28 20:48:04,039 - __main__ - INFO - dbedit: Found vendor 'palo', location 'global', action 'create', type 'service' processing...
2020-04-28 20:48:04,043 - __main__ - INFO - dbedit: Found vendor 'palo', location 'global', action 'create', type 'service' processing...
2020-04-28 20:48:04,044 - __main__ - INFO - dbedit: Found vendor 'palo', location 'global', action 'create', type 'service' processing...
2020-04-28 20:48:04,044 - __main__ - INFO - dbedit: Found vendor 'palo', location 'global', action 'create', type 'service' processing...
2020-04-28 20:48:04,045 - __main__ - INFO - dbedit: Found vendor 'palo', location 'global', action 'create', type 'service' processing...
2020-04-28 20:48:04,045 - __main__ - INFO - dbedit: Found vendor 'palo', location 'global', action 'create', type 'service' processing...
2020-04-28 20:48:04,045 - __main__ - INFO - dbedit: Found vendor 'palo', location 'global', action 'create', type 'service' processing...
2020-04-28 20:48:04,046 - __main__ - INFO - dbedit: Found vendor 'palo', location 'global', action 'create', type 'service' processing...
2020-04-28 20:48:04,046 - __main__ - INFO - dbedit: Found vendor 'palo', location 'global', action 'create', type 'service' processing...
2020-04-28 20:48:04,046 - __main__ - INFO - dbedit: Found vendor 'palo', location 'global', action 'create', type 'service' processing...
2020-04-28 20:48:04,047 - __main__ - INFO - dbedit: Found vendor 'palo', location 'global', action 'create', type 'service' processing...
2020-04-28 20:48:04,047 - __main__ - INFO - dbedit: Found vendor 'palo', location 'global', action 'create', type 'service' processing...
2020-04-28 20:48:04,047 - __main__ - INFO - dbedit: Found vendor 'palo', location 'global', action 'create', type 'service' processing...
2020-04-28 20:48:04,047 - __main__ - INFO - dbedit: Found vendor 'palo', location 'global', action 'create', type 'service' processing...
2020-04-28 20:48:04,047 - __main__ - INFO - dbedit: Found vendor 'palo', location 'global', action 'create', type 'service' processing...
2020-04-28 20:48:04,048 - __main__ - INFO - dbedit: Found vendor 'palo', location 'global', action 'create', type 'service' processing...
2020-04-28 20:48:04,048 - __main__ - INFO - dbedit: Found vendor 'palo', location 'global', action 'create', type 'service' processing...
2020-04-28 20:48:04,048 - __main__ - INFO - dbedit: Found vendor 'palo', location 'global', action 'create', type 'service' processing...
2020-04-28 20:48:04,048 - __main__ - INFO - dbedit: Found vendor 'palo', location 'global', action 'create', type 'service' processing...
2020-04-28 20:48:04,048 - __main__ - INFO - dbedit: Found vendor 'palo', location 'global', action 'create', type 'service' processing...
2020-04-28 20:48:04,048 - __main__ - INFO - dbedit: Found vendor 'palo', location 'global', action 'create', type 'service' processing...
2020-04-28 20:48:04,049 - __main__ - INFO - dbedit: Found vendor 'palo', location 'global', action 'create', type 'service' processing...
2020-04-28 20:48:04,049 - __main__ - INFO - dbedit: Found vendor 'palo', location 'global', action 'create', type 'service' processing...
2020-04-28 20:48:04,049 - __main__ - INFO - dbedit: Found vendor 'palo', location 'global', action 'create', type 'service' processing...
2020-04-28 20:48:04,049 - __main__ - INFO - dbedit: Found vendor 'palo', location 'global', action 'create', type 'service' processing...
2020-04-28 20:48:04,049 - __main__ - INFO - dbedit: Found vendor 'palo', location 'global', action 'create', type 'service' processing...
2020-04-28 20:48:04,049 - __main__ - INFO - dbedit: Found vendor 'palo', location 'global', action 'create', type 'service' processing...
2020-04-28 20:48:04,050 - __main__ - INFO - dbedit: Found vendor 'palo', location 'global', action 'create', type 'service' processing...
2020-04-28 20:48:04,050 - __main__ - INFO - dbedit: Found vendor 'palo', location 'global', action 'create', type 'service' processing...
2020-04-28 20:48:04,050 - __main__ - INFO - dbedit: Found vendor 'palo', location 'global', action 'create', type 'service' processing...
2020-04-28 20:48:04,050 - __main__ - INFO - dbedit: Found vendor 'palo', location 'global', action 'create', type 'service' processing...
2020-04-28 20:48:04,050 - __main__ - INFO - dbedit: Found vendor 'palo', location 'global', action 'create', type 'service' processing...
2020-04-28 20:48:04,051 - __main__ - INFO - dbedit: Found vendor 'palo', location 'global', action 'create', type 'service' processing...
2020-04-28 20:48:04,051 - __main__ - INFO - dbedit: Found vendor 'palo', location 'global', action 'create', type 'service' processing...
2020-04-28 20:48:04,051 - __main__ - INFO - dbedit: Found vendor 'palo', location 'global', action 'create', type 'service' processing...
2020-04-28 20:48:04,051 - __main__ - INFO - dbedit: Found vendor 'palo', location 'global', action 'create', type 'service' processing...
2020-04-28 20:48:04,051 - __main__ - INFO - dbedit: Found vendor 'palo', location 'global', action 'create', type 'service' processing...
2020-04-28 20:48:04,051 - __main__ - INFO - dbedit: Found vendor 'palo', location 'global', action 'create', type 'service' processing...
2020-04-28 20:48:04,051 - __main__ - INFO - dbedit: Found vendor 'palo', location 'global', action 'create', type 'service' processing...
2020-04-28 20:48:04,056 - __main__ - INFO - dbedit: Found vendor 'palo', location 'global', action 'create', type 'service' processing...
2020-04-28 20:48:04,056 - __main__ - INFO - dbedit: Found vendor 'palo', location 'global', action 'create', type 'service' processing...
2020-04-28 20:48:04,057 - __main__ - INFO - dbedit: Found vendor 'palo', location 'global', action 'create', type 'service' processing...
2020-04-28 20:48:04,057 - __main__ - INFO - dbedit: Found vendor 'palo', location 'global', action 'create', type 'service' processing...
2020-04-28 20:48:04,057 - __main__ - INFO - dbedit: Found vendor 'palo', location 'global', action 'create', type 'service' processing...
2020-04-28 20:48:04,058 - __main__ - INFO - dbedit: Found vendor 'palo', location 'global', action 'create', type 'service' processing...
2020-04-28 20:48:04,058 - __main__ - INFO - dbedit: Found vendor 'palo', location 'global', action 'create', type 'service' processing...
2020-04-28 20:48:04,058 - __main__ - INFO - dbedit: Found vendor 'palo', location 'global', action 'create', type 'service' processing...
2020-04-28 20:48:04,059 - __main__ - INFO - dbedit: Found vendor 'palo', location 'global', action 'create', type 'service' processing...
2020-04-28 20:48:04,059 - __main__ - INFO - dbedit: Found vendor 'palo', location 'global', action 'create', type 'service' processing...
2020-04-28 20:48:04,059 - __main__ - INFO - dbedit: Found vendor 'palo', location 'global', action 'create', type 'service' processing...
2020-04-28 20:48:04,060 - __main__ - INFO - dbedit: Found vendor 'palo', location 'global', action 'create', type 'service' processing...
2020-04-28 20:48:04,060 - __main__ - INFO - dbedit: Found vendor 'palo', location 'global', action 'create', type 'service' processing...
2020-04-28 20:48:04,060 - __main__ - INFO - dbedit: Found vendor 'palo', location 'global', action 'create', type 'service' processing...
2020-04-28 20:48:04,060 - __main__ - INFO - dbedit: Found vendor 'palo', location 'global', action 'create', type 'service' processing...
2020-04-28 20:48:04,060 - __main__ - INFO - dbedit: Found vendor 'palo', location 'global', action 'create', type 'service' processing...
2020-04-28 20:48:04,060 - __main__ - INFO - dbedit: Found vendor 'palo', location 'global', action 'create', type 'service' processing...
2020-04-28 20:48:04,061 - __main__ - INFO - dbedit: Found vendor 'palo', location 'global', action 'create', type 'service' processing...
2020-04-28 20:48:04,061 - __main__ - INFO - dbedit: Found vendor 'palo', location 'global', action 'create', type 'service' processing...
2020-04-28 20:48:04,061 - __main__ - INFO - dbedit: Found vendor 'palo', location 'global', action 'create', type 'service' processing...
2020-04-28 20:48:04,061 - __main__ - INFO - dbedit: Found vendor 'palo', location 'global', action 'create', type 'service' processing...
2020-04-28 20:48:04,061 - __main__ - INFO - dbedit: Found vendor 'palo', location 'global', action 'create', type 'service' processing...
2020-04-28 20:48:04,061 - __main__ - INFO - dbedit: Found vendor 'palo', location 'global', action 'create', type 'service' processing...
2020-04-28 20:48:04,062 - __main__ - INFO - dbedit: Found vendor 'palo', location 'global', action 'create', type 'service' processing...
2020-04-28 20:48:04,062 - __main__ - INFO - dbedit: Found vendor 'palo', location 'global', action 'create', type 'service' processing...
2020-04-28 20:48:04,062 - __main__ - INFO - dbedit: Found vendor 'palo', location 'global', action 'create', type 'service' processing...
2020-04-28 20:48:04,062 - __main__ - INFO - dbedit: Found vendor 'palo', location 'global', action 'create', type 'service' processing...
2020-04-28 20:48:04,062 - __main__ - INFO - dbedit: Found vendor 'palo', location 'global', action 'create', type 'service' processing...
2020-04-28 20:48:04,062 - __main__ - INFO - dbedit: Found vendor 'palo', location 'global', action 'create', type 'service' processing...
2020-04-28 20:48:04,062 - __main__ - INFO - dbedit: Found vendor 'palo', location 'global', action 'create', type 'service' processing...
2020-04-28 20:48:04,063 - __main__ - INFO - dbedit: Found vendor 'palo', location 'global', action 'create', type 'service' processing...
2020-04-28 20:48:04,063 - __main__ - INFO - dbedit: Found vendor 'palo', location 'global', action 'create', type 'service' processing...
2020-04-28 20:48:04,063 - __main__ - INFO - dbedit: Found vendor 'palo', location 'global', action 'create', type 'service' processing...
2020-04-28 20:48:04,063 - __main__ - INFO - dbedit: Found vendor 'palo', location 'global', action 'create', type 'service' processing...
2020-04-28 20:48:04,063 - __main__ - INFO - dbedit: Found vendor 'palo', location 'global', action 'create', type 'service' processing...
2020-04-28 20:48:04,063 - __main__ - INFO - dbedit: Found vendor 'palo', location 'global', action 'create', type 'service' processing...
2020-04-28 20:48:04,064 - __main__ - INFO - dbedit: Found vendor 'palo', location 'global', action 'create', type 'service' processing...
2020-04-28 20:48:04,064 - __main__ - INFO - dbedit: Found vendor 'palo', location 'global', action 'create', type 'service' processing...
2020-04-28 20:48:04,064 - __main__ - INFO - dbedit: Found vendor 'palo', location 'global', action 'create', type 'service' processing...
2020-04-28 20:48:04,068 - __main__ - INFO - dbedit: Found vendor 'palo', location 'global', action 'create', type 'service' processing...
2020-04-28 20:48:04,068 - __main__ - INFO - dbedit: Found vendor 'palo', location 'global', action 'create', type 'service' processing...
2020-04-28 20:48:04,069 - __main__ - INFO - dbedit: Found vendor 'palo', location 'global', action 'create', type 'service' processing...
2020-04-28 20:48:04,069 - __main__ - INFO - dbedit: Found vendor 'palo', location 'global', action 'create', type 'service' processing...
2020-04-28 20:48:04,070 - __main__ - INFO - dbedit: Found vendor 'palo', location 'global', action 'create', type 'service' processing...
2020-04-28 20:48:04,070 - __main__ - INFO - dbedit: Found vendor 'palo', location 'global', action 'create', type 'service' processing...
2020-04-28 20:48:04,070 - __main__ - INFO - dbedit: Found vendor 'palo', location 'global', action 'create', type 'service' processing...
2020-04-28 20:48:04,071 - __main__ - INFO - dbedit: Found vendor 'palo', location 'global', action 'create', type 'service' processing...
2020-04-28 20:48:04,071 - __main__ - INFO - dbedit: Found vendor 'palo', location 'global', action 'create', type 'service' processing...
2020-04-28 20:48:04,071 - __main__ - INFO - dbedit: Found vendor 'palo', location 'global', action 'create', type 'service' processing...
2020-04-28 20:48:04,072 - __main__ - INFO - dbedit: Found vendor 'palo', location 'global', action 'create', type 'service' processing...
2020-04-28 20:48:04,072 - __main__ - INFO - dbedit: Found vendor 'palo', location 'global', action 'create', type 'service' processing...
2020-04-28 20:48:04,072 - __main__ - INFO - dbedit: Found vendor 'palo', location 'global', action 'create', type 'service' processing...
2020-04-28 20:48:04,072 - __main__ - INFO - dbedit: Found vendor 'palo', location 'global', action 'create', type 'service' processing...
2020-04-28 20:48:04,072 - __main__ - INFO - dbedit: Found vendor 'palo', location 'global', action 'create', type 'service' processing...
2020-04-28 20:48:04,073 - __main__ - INFO - dbedit: Found vendor 'palo', location 'global', action 'create', type 'service' processing...
2020-04-28 20:48:04,073 - __main__ - INFO - dbedit: Found vendor 'palo', location 'global', action 'create', type 'service' processing...
2020-04-28 20:48:04,073 - __main__ - INFO - dbedit: Found vendor 'palo', location 'global', action 'create', type 'service' processing...
2020-04-28 20:48:04,073 - __main__ - INFO - dbedit: Found vendor 'palo', location 'global', action 'create', type 'service' processing...
2020-04-28 20:48:04,073 - __main__ - INFO - dbedit: Found vendor 'palo', location 'global', action 'create', type 'service' processing...
2020-04-28 20:48:04,074 - __main__ - INFO - dbedit: Found vendor 'palo', location 'global', action 'create', type 'service' processing...
2020-04-28 20:48:04,074 - __main__ - INFO - dbedit: Found vendor 'palo', location 'global', action 'create', type 'service' processing...
2020-04-28 20:48:04,074 - __main__ - INFO - dbedit: Found vendor 'palo', location 'global', action 'create', type 'service' processing...
2020-04-28 20:48:04,074 - __main__ - INFO - dbedit: Found vendor 'palo', location 'global', action 'create', type 'service' processing...
2020-04-28 20:48:04,074 - __main__ - INFO - dbedit: Found vendor 'palo', location 'global', action 'create', type 'service' processing...
2020-04-28 20:48:04,074 - __main__ - INFO - dbedit: Found vendor 'palo', location 'global', action 'create', type 'service' processing...
2020-04-28 20:48:04,075 - __main__ - INFO - dbedit: Found vendor 'palo', location 'global', action 'create', type 'service' processing...
2020-04-28 20:48:04,075 - __main__ - INFO - dbedit: Found vendor 'palo', location 'global', action 'create', type 'service' processing...
2020-04-28 20:48:04,075 - __main__ - INFO - dbedit: Found vendor 'palo', location 'global', action 'create', type 'service' processing...
2020-04-28 20:48:04,075 - __main__ - INFO - dbedit: Found vendor 'palo', location 'global', action 'create', type 'service' processing...
2020-04-28 20:48:04,075 - __main__ - INFO - dbedit: Found vendor 'palo', location 'global', action 'create', type 'service' processing...
2020-04-28 20:48:04,075 - __main__ - INFO - dbedit: Found vendor 'palo', location 'global', action 'create', type 'service' processing...
2020-04-28 20:48:04,075 - __main__ - INFO - dbedit: Found vendor 'palo', location 'global', action 'create', type 'service' processing...
2020-04-28 20:48:04,076 - __main__ - INFO - dbedit: Found vendor 'palo', location 'global', action 'create', type 'service' processing...
2020-04-28 20:48:04,076 - __main__ - INFO - Connecting to Panorama 'usdal1-03pac01-mgt.ip.mrshmc.com'
2020-04-28 20:48:04,080 - __main__ - INFO - Global Object Level: 'usdal1-03pac01-mgt.ip.mrshmc.com'
2020-04-28 20:48:04,080 - __main__ - INFO - Collecting Global Objects from Panorama 'usdal1-03pac01-mgt.ip.mrshmc.com'
2020-04-28 20:48:19,524 - __main__ - INFO - Live Device: 'usdal1-03pac01-mgt.ip.mrshmc.com': Found '32371' AddressObject objects
2020-04-28 20:48:22,895 - __main__ - INFO - Live Device: 'usdal1-03pac01-mgt.ip.mrshmc.com': Found '1178' AddressGroup objects
2020-04-28 20:48:24,058 - __main__ - INFO - Live Device: 'usdal1-03pac01-mgt.ip.mrshmc.com': Found '1' ApplicationObject objects
2020-04-28 20:48:25,255 - __main__ - INFO - Live Device: 'usdal1-03pac01-mgt.ip.mrshmc.com': Found '3' ApplicationGroup objects
2020-04-28 20:48:29,607 - __main__ - INFO - Live Device: 'usdal1-03pac01-mgt.ip.mrshmc.com': Found '3580' ServiceObject objects
2020-04-28 20:48:31,228 - __main__ - INFO - Live Device: 'usdal1-03pac01-mgt.ip.mrshmc.com': Found '140' ServiceGroup objects
2020-04-28 20:48:32,447 - __main__ - INFO - Live Device: 'usdal1-03pac01-mgt.ip.mrshmc.com': Found '95' Tag objects
2020-04-28 20:48:33,649 - __main__ - INFO - Live Device: 'usdal1-03pac01-mgt.ip.mrshmc.com': Found '0' ApplicationContainer objects
2020-04-28 20:48:34,855 - __main__ - INFO - Live Device: 'usdal1-03pac01-mgt.ip.mrshmc.com': Found '4' ApplicationFilter objects
2020-04-28 20:48:34,864 - __main__ - INFO - Collecting Predefined Objects from Panorama 'usdal1-03pac01-mgt.ip.mrshmc.com'
2020-04-28 20:48:46,600 - __main__ - INFO - Live Device: 'usdal1-03pac01-mgt.ip.mrshmc.com': Found '3419' Pre-Defined ApplicationObject objects
2020-04-28 20:48:46,600 - __main__ - INFO - Live Device: 'usdal1-03pac01-mgt.ip.mrshmc.com': Found '233' Pre-Defined ApplicationContainer objects
2020-04-28 20:48:47,810 - __main__ - INFO - Live Device: 'usdal1-03pac01-mgt.ip.mrshmc.com': Found '2' Pre-Defined ServiceObject objects
2020-04-28 20:48:49,018 - __main__ - INFO - Live Device: 'usdal1-03pac01-mgt.ip.mrshmc.com': Found '2' Pre-Defined Tag objects
2020-04-28 20:48:49,021 - __main__ - INFO - Panorama 'global': dbedit create requests '0' Dip objects
2020-04-28 20:48:49,022 - __main__ - INFO - Panorama 'global': dbedit create requests '0' AddressObject objects
2020-04-28 20:48:49,023 - __main__ - INFO - Panorama 'global': dbedit create requests '0' AddressGroup objects
2020-04-28 20:48:49,024 - __main__ - INFO - Panorama 'global': dbedit create requests '0' ApplicationObject objects
2020-04-28 20:48:49,024 - __main__ - INFO - Panorama 'global': dbedit create requests '0' ApplicationGroup objects
2020-04-28 20:48:49,025 - __main__ - INFO - Panorama 'global': dbedit create requests '0' ApplicationFilter objects
2020-04-28 20:48:49,026 - __main__ - INFO - Panorama 'global': dbedit create requests '238' ServiceObject objects
2020-04-28 20:48:49,026 - __main__ - INFO - Panorama 'global': dbedit create requests '0' ServiceGroup objects
2020-04-28 20:48:49,027 - __main__ - INFO - Panorama 'global': dbedit create requests '0' Tag objects
2020-04-28 20:48:49,027 - __main__ - INFO - Panorama 'global': dbedit create requests '0' PreSecurityRule objects
2020-04-28 20:48:49,027 - __main__ - INFO - Panorama 'global': dbedit create requests '0' PreNatRule objects
2020-04-28 20:48:49,028 - __main__ - INFO - Panorama 'global': dbedit create requests '0' PostSecurityRule objects
2020-04-28 20:48:49,030 - __main__ - INFO - Panorama 'global': dbedit create requests '0' PostNatRule objects
2020-04-28 20:48:49,030 - __main__ - INFO - Panorama 'usdal1-03pac01-mgt.ip.mrshmc.com' dbedit update checking...
2020-04-28 20:48:49,031 - __main__ - INFO - Panorama 'global': dbedit delete requests '0' DeleteObject objects
2020-04-28 20:48:49,031 - __main__ - INFO - Panorama 'global': dbedit delete requests '0' Dip objects
2020-04-28 20:48:49,038 - __main__ - INFO - Panorama 'global': dbedit rename requests '0' RenameObject objects
2020-04-28 20:48:49,046 - __main__ - INFO - Panorama 'global': dbedit create requests '0' Dip objects
2020-04-28 20:48:49,047 - __main__ - INFO - Panorama 'global': dbedit create requests '0' AddressObject objects
2020-04-28 20:48:49,047 - __main__ - INFO - Panorama 'global': dbedit create requests '0' AddressGroup objects
2020-04-28 20:48:49,047 - __main__ - INFO - Panorama 'global': dbedit create requests '0' ApplicationObject objects
2020-04-28 20:48:49,047 - __main__ - INFO - Panorama 'global': dbedit create requests '0' ApplicationGroup objects
2020-04-28 20:48:49,050 - __main__ - INFO - Panorama 'global': dbedit create requests '0' ApplicationFilter objects
2020-04-28 20:48:49,050 - __main__ - INFO - Panorama 'global': dbedit create requests '238' ServiceObject objects
2020-04-28 20:48:49,050 - __main__ - INFO - Panorama 'global': dbedit create requests '0' ServiceGroup objects
2020-04-28 20:48:49,051 - __main__ - INFO - Panorama 'global': dbedit create requests '0' Tag objects
2020-04-28 20:48:49,051 - __main__ - INFO - Panorama 'global': dbedit create requests '0' PreSecurityRule objects
2020-04-28 20:48:49,051 - __main__ - INFO - Panorama 'global': dbedit create requests '0' PreNatRule objects
2020-04-28 20:48:49,051 - __main__ - INFO - Panorama 'global': dbedit create requests '0' PostSecurityRule objects
2020-04-28 20:48:49,052 - __main__ - INFO - Panorama 'global': dbedit create requests '0' PostNatRule objects
2020-04-28 20:48:49,053 - __main__ - INFO - Panorama 'usdal1-03pac01-mgt.ip.mrshmc.com': Updating objects, (action 'create')
2020-04-28 20:48:49,053 - __main__ - INFO - Panorama 'usdal1-03pac01-mgt.ip.mrshmc.com': TEST MODE - not creating ServiceObject 'tcp-1000-2000'. TEST!
2020-04-28 20:48:49,054 - __main__ - WARNING - Panorama 'usdal1-03pac01-mgt.ip.mrshmc.com': Not attempting to create ServiceObject 'tcp-10022'. Already exists! Skipping...
2020-04-28 20:48:49,054 - __main__ - WARNING - Panorama 'usdal1-03pac01-mgt.ip.mrshmc.com': Not attempting to create ServiceObject 'tcp-10025'. Already exists! Skipping...
2020-04-28 20:48:49,054 - __main__ - WARNING - Panorama 'usdal1-03pac01-mgt.ip.mrshmc.com': Not attempting to create ServiceObject 'tcp-10051'. Already exists! Skipping...
2020-04-28 20:48:49,054 - __main__ - WARNING - Panorama 'usdal1-03pac01-mgt.ip.mrshmc.com': Not attempting to create ServiceObject 'tcp-10053'. Already exists! Skipping...
2020-04-28 20:48:49,054 - __main__ - WARNING - Panorama 'usdal1-03pac01-mgt.ip.mrshmc.com': Not attempting to create ServiceObject 'tcp-10217'. Already exists! Skipping...
2020-04-28 20:48:49,054 - __main__ - WARNING - Panorama 'usdal1-03pac01-mgt.ip.mrshmc.com': Not attempting to create ServiceObject 'tcp-10218'. Already exists! Skipping...
2020-04-28 20:48:49,054 - __main__ - WARNING - Panorama 'usdal1-03pac01-mgt.ip.mrshmc.com': Not attempting to create ServiceObject 'tcp-1022'. Already exists! Skipping...
2020-04-28 20:48:49,054 - __main__ - WARNING - Panorama 'usdal1-03pac01-mgt.ip.mrshmc.com': Not attempting to create ServiceObject 'tcp-1024-65535'. Already exists! Skipping...
2020-04-28 20:48:49,054 - __main__ - WARNING - Panorama 'usdal1-03pac01-mgt.ip.mrshmc.com': Not attempting to create ServiceObject 'tcp-1025-5000'. Already exists! Skipping...
2020-04-28 20:48:49,055 - __main__ - WARNING - Panorama 'usdal1-03pac01-mgt.ip.mrshmc.com': Not attempting to create ServiceObject 'tcp-1026'. Already exists! Skipping...
2020-04-28 20:48:49,055 - __main__ - WARNING - Panorama 'usdal1-03pac01-mgt.ip.mrshmc.com': Not attempting to create ServiceObject 'tcp-1030'. Already exists! Skipping...
2020-04-28 20:48:49,055 - __main__ - WARNING - Panorama 'usdal1-03pac01-mgt.ip.mrshmc.com': Not attempting to create ServiceObject 'tcp-10443'. Already exists! Skipping...
2020-04-28 20:48:49,055 - __main__ - WARNING - Panorama 'usdal1-03pac01-mgt.ip.mrshmc.com': Not attempting to create ServiceObject 'tcp-1069'. Already exists! Skipping...
2020-04-28 20:48:49,055 - __main__ - WARNING - Panorama 'usdal1-03pac01-mgt.ip.mrshmc.com': Not attempting to create ServiceObject 'tcp-11233'. Already exists! Skipping...
2020-04-28 20:48:49,055 - __main__ - WARNING - Panorama 'usdal1-03pac01-mgt.ip.mrshmc.com': Not attempting to create ServiceObject 'tcp-1138'. Already exists! Skipping...
2020-04-28 20:48:49,055 - __main__ - WARNING - Panorama 'usdal1-03pac01-mgt.ip.mrshmc.com': Not attempting to create ServiceObject 'tcp-1200-1205'. Already exists! Skipping...
2020-04-28 20:48:49,056 - __main__ - WARNING - Panorama 'usdal1-03pac01-mgt.ip.mrshmc.com': Not attempting to create ServiceObject 'tcp-12000'. Already exists! Skipping...
2020-04-28 20:48:49,056 - __main__ - WARNING - Panorama 'usdal1-03pac01-mgt.ip.mrshmc.com': Not attempting to create ServiceObject 'tcp-12173-12176'. Already exists! Skipping...
2020-04-28 20:48:49,056 - __main__ - WARNING - Panorama 'usdal1-03pac01-mgt.ip.mrshmc.com': Not attempting to create ServiceObject 'tcp-12233'. Already exists! Skipping...
2020-04-28 20:48:49,056 - __main__ - WARNING - Panorama 'usdal1-03pac01-mgt.ip.mrshmc.com': Not attempting to create ServiceObject 'tcp-1280'. Already exists! Skipping...
2020-04-28 20:48:49,056 - __main__ - WARNING - Panorama 'usdal1-03pac01-mgt.ip.mrshmc.com': Not attempting to create ServiceObject 'tcp-13000-13025'. Already exists! Skipping...
2020-04-28 20:48:49,056 - __main__ - WARNING - Panorama 'usdal1-03pac01-mgt.ip.mrshmc.com': Not attempting to create ServiceObject 'tcp-13003-13025'. Already exists! Skipping...
2020-04-28 20:48:49,056 - __main__ - WARNING - Panorama 'usdal1-03pac01-mgt.ip.mrshmc.com': Not attempting to create ServiceObject 'tcp-14210-14211'. Already exists! Skipping...
2020-04-28 20:48:49,056 - __main__ - WARNING - Panorama 'usdal1-03pac01-mgt.ip.mrshmc.com': Not attempting to create ServiceObject 'tcp-1443'. Already exists! Skipping...
2020-04-28 20:48:49,057 - __main__ - WARNING - Panorama 'usdal1-03pac01-mgt.ip.mrshmc.com': Not attempting to create ServiceObject 'tcp-1452'. Already exists! Skipping...
2020-04-28 20:48:49,057 - __main__ - WARNING - Panorama 'usdal1-03pac01-mgt.ip.mrshmc.com': Not attempting to create ServiceObject 'tcp-15000'. Already exists! Skipping...
2020-04-28 20:48:49,057 - __main__ - WARNING - Panorama 'usdal1-03pac01-mgt.ip.mrshmc.com': Not attempting to create ServiceObject 'tcp-1521-1530'. Already exists! Skipping...
2020-04-28 20:48:49,057 - __main__ - WARNING - Panorama 'usdal1-03pac01-mgt.ip.mrshmc.com': Not attempting to create ServiceObject 'tcp-1752'. Already exists! Skipping...
2020-04-28 20:48:49,057 - __main__ - WARNING - Panorama 'usdal1-03pac01-mgt.ip.mrshmc.com': Not attempting to create ServiceObject 'tcp-1775'. Already exists! Skipping...
2020-04-28 20:48:49,057 - __main__ - WARNING - Panorama 'usdal1-03pac01-mgt.ip.mrshmc.com': Not attempting to create ServiceObject 'tcp-1779'. Already exists! Skipping...
2020-04-28 20:48:49,057 - __main__ - WARNING - Panorama 'usdal1-03pac01-mgt.ip.mrshmc.com': Not attempting to create ServiceObject 'tcp-1782'. Already exists! Skipping...
2020-04-28 20:48:49,057 - __main__ - WARNING - Panorama 'usdal1-03pac01-mgt.ip.mrshmc.com': Not attempting to create ServiceObject 'tcp-1786'. Already exists! Skipping...
2020-04-28 20:48:49,057 - __main__ - WARNING - Panorama 'usdal1-03pac01-mgt.ip.mrshmc.com': Not attempting to create ServiceObject 'tcp-1789'. Already exists! Skipping...
2020-04-28 20:48:49,057 - __main__ - WARNING - Panorama 'usdal1-03pac01-mgt.ip.mrshmc.com': Not attempting to create ServiceObject 'tcp-179'. Already exists! Skipping...
2020-04-28 20:48:49,058 - __main__ - WARNING - Panorama 'usdal1-03pac01-mgt.ip.mrshmc.com': Not attempting to create ServiceObject 'tcp-17992'. Already exists! Skipping...
2020-04-28 20:48:49,058 - __main__ - WARNING - Panorama 'usdal1-03pac01-mgt.ip.mrshmc.com': Not attempting to create ServiceObject 'tcp-18003'. Already exists! Skipping...
2020-04-28 20:48:49,058 - __main__ - WARNING - Panorama 'usdal1-03pac01-mgt.ip.mrshmc.com': Not attempting to create ServiceObject 'tcp-18516'. Already exists! Skipping...
2020-04-28 20:48:49,058 - __main__ - WARNING - Panorama 'usdal1-03pac01-mgt.ip.mrshmc.com': Not attempting to create ServiceObject 'tcp-19000'. Already exists! Skipping...
2020-04-28 20:48:49,058 - __main__ - WARNING - Panorama 'usdal1-03pac01-mgt.ip.mrshmc.com': Not attempting to create ServiceObject 'tcp-19750'. Already exists! Skipping...
2020-04-28 20:48:49,058 - __main__ - WARNING - Panorama 'usdal1-03pac01-mgt.ip.mrshmc.com': Not attempting to create ServiceObject 'tcp-19751'. Already exists! Skipping...
2020-04-28 20:48:49,058 - __main__ - WARNING - Panorama 'usdal1-03pac01-mgt.ip.mrshmc.com': Not attempting to create ServiceObject 'tcp-20022'. Already exists! Skipping...
2020-04-28 20:48:49,065 - __main__ - WARNING - Panorama 'usdal1-03pac01-mgt.ip.mrshmc.com': Not attempting to create ServiceObject 'tcp-2022'. Already exists! Skipping...
2020-04-28 20:48:49,065 - __main__ - INFO - Panorama 'usdal1-03pac01-mgt.ip.mrshmc.com': TEST MODE - not creating ServiceObject 'tcp-2040'. TEST!
2020-04-28 20:48:49,066 - __main__ - WARNING - Panorama 'usdal1-03pac01-mgt.ip.mrshmc.com': Not attempting to create ServiceObject 'tcp-21000'. Already exists! Skipping...
2020-04-28 20:48:49,066 - __main__ - WARNING - Panorama 'usdal1-03pac01-mgt.ip.mrshmc.com': Not attempting to create ServiceObject 'tcp-2121'. Already exists! Skipping...
2020-04-28 20:48:49,066 - __main__ - WARNING - Panorama 'usdal1-03pac01-mgt.ip.mrshmc.com': Not attempting to create ServiceObject 'tcp-2195'. Already exists! Skipping...
2020-04-28 20:48:49,067 - __main__ - WARNING - Panorama 'usdal1-03pac01-mgt.ip.mrshmc.com': Not attempting to create ServiceObject 'tcp-2200'. Already exists! Skipping...
2020-04-28 20:48:49,067 - __main__ - WARNING - Panorama 'usdal1-03pac01-mgt.ip.mrshmc.com': Not attempting to create ServiceObject 'tcp-2200-2300'. Already exists! Skipping...
2020-04-28 20:48:49,067 - __main__ - WARNING - Panorama 'usdal1-03pac01-mgt.ip.mrshmc.com': Not attempting to create ServiceObject 'tcp-2202'. Already exists! Skipping...
2020-04-28 20:48:49,068 - __main__ - WARNING - Panorama 'usdal1-03pac01-mgt.ip.mrshmc.com': Not attempting to create ServiceObject 'tcp-2222'. Already exists! Skipping...
2020-04-28 20:48:49,068 - __main__ - WARNING - Panorama 'usdal1-03pac01-mgt.ip.mrshmc.com': Not attempting to create ServiceObject 'tcp-22222'. Already exists! Skipping...
2020-04-28 20:48:49,068 - __main__ - WARNING - Panorama 'usdal1-03pac01-mgt.ip.mrshmc.com': Not attempting to create ServiceObject 'tcp-2233'. Already exists! Skipping...
2020-04-28 20:48:49,068 - __main__ - WARNING - Panorama 'usdal1-03pac01-mgt.ip.mrshmc.com': Not attempting to create ServiceObject 'tcp-2244'. Already exists! Skipping...
2020-04-28 20:48:49,068 - __main__ - INFO - Panorama 'usdal1-03pac01-mgt.ip.mrshmc.com': TEST MODE - not creating ServiceObject 'tcp-2255'. TEST!
2020-04-28 20:48:49,068 - __main__ - INFO - Panorama 'usdal1-03pac01-mgt.ip.mrshmc.com': TEST MODE - not creating ServiceObject 'tcp-2266'. TEST!
2020-04-28 20:48:49,068 - __main__ - WARNING - Panorama 'usdal1-03pac01-mgt.ip.mrshmc.com': Not attempting to create ServiceObject 'tcp-2323'. Already exists! Skipping...
2020-04-28 20:48:49,068 - __main__ - WARNING - Panorama 'usdal1-03pac01-mgt.ip.mrshmc.com': Not attempting to create ServiceObject 'tcp-2443'. Already exists! Skipping...
2020-04-28 20:48:49,068 - __main__ - WARNING - Panorama 'usdal1-03pac01-mgt.ip.mrshmc.com': Not attempting to create ServiceObject 'tcp-26'. Already exists! Skipping...
2020-04-28 20:48:49,069 - __main__ - WARNING - Panorama 'usdal1-03pac01-mgt.ip.mrshmc.com': Not attempting to create ServiceObject 'tcp-27'. Already exists! Skipping...
2020-04-28 20:48:49,069 - __main__ - WARNING - Panorama 'usdal1-03pac01-mgt.ip.mrshmc.com': Not attempting to create ServiceObject 'tcp-27749'. Already exists! Skipping...
2020-04-28 20:48:49,069 - __main__ - WARNING - Panorama 'usdal1-03pac01-mgt.ip.mrshmc.com': Not attempting to create ServiceObject 'tcp-28'. Already exists! Skipping...
2020-04-28 20:48:49,069 - __main__ - WARNING - Panorama 'usdal1-03pac01-mgt.ip.mrshmc.com': Not attempting to create ServiceObject 'tcp-29'. Already exists! Skipping...
2020-04-28 20:48:49,069 - __main__ - WARNING - Panorama 'usdal1-03pac01-mgt.ip.mrshmc.com': Not attempting to create ServiceObject 'tcp-30206'. Already exists! Skipping...
2020-04-28 20:48:49,069 - __main__ - WARNING - Panorama 'usdal1-03pac01-mgt.ip.mrshmc.com': Not attempting to create ServiceObject 'tcp-3022'. Already exists! Skipping...
2020-04-28 20:48:49,069 - __main__ - WARNING - Panorama 'usdal1-03pac01-mgt.ip.mrshmc.com': Not attempting to create ServiceObject 'tcp-32111'. Already exists! Skipping...
2020-04-28 20:48:49,069 - __main__ - WARNING - Panorama 'usdal1-03pac01-mgt.ip.mrshmc.com': Not attempting to create ServiceObject 'tcp-33001'. Already exists! Skipping...
2020-04-28 20:48:49,069 - __main__ - WARNING - Panorama 'usdal1-03pac01-mgt.ip.mrshmc.com': Not attempting to create ServiceObject 'tcp-3306'. Already exists! Skipping...
2020-04-28 20:48:49,070 - __main__ - INFO - Panorama 'usdal1-03pac01-mgt.ip.mrshmc.com': TEST MODE - not creating ServiceObject 'tcp-333'. TEST!
2020-04-28 20:48:49,070 - __main__ - WARNING - Panorama 'usdal1-03pac01-mgt.ip.mrshmc.com': Not attempting to create ServiceObject 'tcp-3333'. Already exists! Skipping...
2020-04-28 20:48:49,070 - __main__ - WARNING - Panorama 'usdal1-03pac01-mgt.ip.mrshmc.com': Not attempting to create ServiceObject 'tcp-3413'. Already exists! Skipping...
2020-04-28 20:48:49,070 - __main__ - WARNING - Panorama 'usdal1-03pac01-mgt.ip.mrshmc.com': Not attempting to create ServiceObject 'tcp-3456'. Already exists! Skipping...
2020-04-28 20:48:49,070 - __main__ - WARNING - Panorama 'usdal1-03pac01-mgt.ip.mrshmc.com': Not attempting to create ServiceObject 'tcp-3478'. Already exists! Skipping...
2020-04-28 20:48:49,070 - __main__ - WARNING - Panorama 'usdal1-03pac01-mgt.ip.mrshmc.com': Not attempting to create ServiceObject 'tcp-36865'. Already exists! Skipping...
2020-04-28 20:48:49,070 - __main__ - WARNING - Panorama 'usdal1-03pac01-mgt.ip.mrshmc.com': Not attempting to create ServiceObject 'tcp-3690'. Already exists! Skipping...
2020-04-28 20:48:49,070 - __main__ - WARNING - Panorama 'usdal1-03pac01-mgt.ip.mrshmc.com': Not attempting to create ServiceObject 'tcp-401'. Already exists! Skipping...
2020-04-28 20:48:49,070 - __main__ - WARNING - Panorama 'usdal1-03pac01-mgt.ip.mrshmc.com': Not attempting to create ServiceObject 'tcp-4022'. Already exists! Skipping...
2020-04-28 20:48:49,070 - __main__ - WARNING - Panorama 'usdal1-03pac01-mgt.ip.mrshmc.com': Not attempting to create ServiceObject 'tcp-40279'. Already exists! Skipping...
2020-04-28 20:48:49,071 - __main__ - WARNING - Panorama 'usdal1-03pac01-mgt.ip.mrshmc.com': Not attempting to create ServiceObject 'tcp-4080'. Already exists! Skipping...
2020-04-28 20:48:49,071 - __main__ - WARNING - Panorama 'usdal1-03pac01-mgt.ip.mrshmc.com': Not attempting to create ServiceObject 'tcp-4228'. Already exists! Skipping...
2020-04-28 20:48:49,071 - __main__ - WARNING - Panorama 'usdal1-03pac01-mgt.ip.mrshmc.com': Not attempting to create ServiceObject 'tcp-423'. Already exists! Skipping...
2020-04-28 20:48:49,071 - __main__ - WARNING - Panorama 'usdal1-03pac01-mgt.ip.mrshmc.com': Not attempting to create ServiceObject 'tcp-4239'. Already exists! Skipping...
2020-04-28 20:48:49,071 - __main__ - WARNING - Panorama 'usdal1-03pac01-mgt.ip.mrshmc.com': Not attempting to create ServiceObject 'tcp-4244'. Already exists! Skipping...
2020-04-28 20:48:49,071 - __main__ - WARNING - Panorama 'usdal1-03pac01-mgt.ip.mrshmc.com': Not attempting to create ServiceObject 'tcp-4248'. Already exists! Skipping...
2020-04-28 20:48:49,071 - __main__ - WARNING - Panorama 'usdal1-03pac01-mgt.ip.mrshmc.com': Not attempting to create ServiceObject 'tcp-4282'. Already exists! Skipping...
2020-04-28 20:48:49,071 - __main__ - WARNING - Panorama 'usdal1-03pac01-mgt.ip.mrshmc.com': Not attempting to create ServiceObject 'tcp-4285'. Already exists! Skipping...
2020-04-28 20:48:49,071 - __main__ - WARNING - Panorama 'usdal1-03pac01-mgt.ip.mrshmc.com': Not attempting to create ServiceObject 'tcp-4433'. Already exists! Skipping...
2020-04-28 20:48:49,072 - __main__ - WARNING - Panorama 'usdal1-03pac01-mgt.ip.mrshmc.com': Not attempting to create ServiceObject 'tcp-44718'. Already exists! Skipping...
2020-04-28 20:48:49,072 - __main__ - WARNING - Panorama 'usdal1-03pac01-mgt.ip.mrshmc.com': Not attempting to create ServiceObject 'tcp-450'. Already exists! Skipping...
2020-04-28 20:48:49,072 - __main__ - INFO - Panorama 'usdal1-03pac01-mgt.ip.mrshmc.com': TEST MODE - not creating ServiceObject 'tcp-4501-4503'. TEST!
2020-04-28 20:48:49,072 - __main__ - WARNING - Panorama 'usdal1-03pac01-mgt.ip.mrshmc.com': Not attempting to create ServiceObject 'tcp-4502'. Already exists! Skipping...
2020-04-28 20:48:49,072 - __main__ - WARNING - Panorama 'usdal1-03pac01-mgt.ip.mrshmc.com': Not attempting to create ServiceObject 'tcp-45022'. Already exists! Skipping...
2020-04-28 20:48:49,072 - __main__ - WARNING - Panorama 'usdal1-03pac01-mgt.ip.mrshmc.com': Not attempting to create ServiceObject 'tcp-4503'. Already exists! Skipping...
2020-04-28 20:48:49,072 - __main__ - WARNING - Panorama 'usdal1-03pac01-mgt.ip.mrshmc.com': Not attempting to create ServiceObject 'tcp-4505'. Already exists! Skipping...
2020-04-28 20:48:49,072 - __main__ - WARNING - Panorama 'usdal1-03pac01-mgt.ip.mrshmc.com': Not attempting to create ServiceObject 'tcp-4506'. Already exists! Skipping...
2020-04-28 20:48:49,072 - __main__ - INFO - Panorama 'usdal1-03pac01-mgt.ip.mrshmc.com': TEST MODE - not creating ServiceObject 'tcp-4512'. TEST!
2020-04-28 20:48:49,072 - __main__ - WARNING - Panorama 'usdal1-03pac01-mgt.ip.mrshmc.com': Not attempting to create ServiceObject 'tcp-4747'. Already exists! Skipping...
2020-04-28 20:48:49,073 - __main__ - WARNING - Panorama 'usdal1-03pac01-mgt.ip.mrshmc.com': Not attempting to create ServiceObject 'tcp-4892'. Already exists! Skipping...
2020-04-28 20:48:49,073 - __main__ - WARNING - Panorama 'usdal1-03pac01-mgt.ip.mrshmc.com': Not attempting to create ServiceObject 'tcp-4899'. Already exists! Skipping...
2020-04-28 20:48:49,073 - __main__ - WARNING - Panorama 'usdal1-03pac01-mgt.ip.mrshmc.com': Not attempting to create ServiceObject 'tcp-49'. Already exists! Skipping...
2020-04-28 20:48:49,073 - __main__ - WARNING - Panorama 'usdal1-03pac01-mgt.ip.mrshmc.com': Not attempting to create ServiceObject 'tcp-4900-4999'. Already exists! Skipping...
2020-04-28 20:48:49,080 - __main__ - WARNING - Panorama 'usdal1-03pac01-mgt.ip.mrshmc.com': Not attempting to create ServiceObject 'tcp-49000-49009'. Already exists! Skipping...
2020-04-28 20:48:49,080 - __main__ - WARNING - Panorama 'usdal1-03pac01-mgt.ip.mrshmc.com': Not attempting to create ServiceObject 'tcp-49837'. Already exists! Skipping...
2020-04-28 20:48:49,080 - __main__ - WARNING - Panorama 'usdal1-03pac01-mgt.ip.mrshmc.com': Not attempting to create ServiceObject 'tcp-5000-50030'. Already exists! Skipping...
2020-04-28 20:48:49,081 - __main__ - WARNING - Panorama 'usdal1-03pac01-mgt.ip.mrshmc.com': Not attempting to create ServiceObject 'tcp-5000-5010'. Already exists! Skipping...
2020-04-28 20:48:49,081 - __main__ - WARNING - Panorama 'usdal1-03pac01-mgt.ip.mrshmc.com': Not attempting to create ServiceObject 'tcp-5000-6000'. Already exists! Skipping...
2020-04-28 20:48:49,081 - __main__ - WARNING - Panorama 'usdal1-03pac01-mgt.ip.mrshmc.com': Not attempting to create ServiceObject 'tcp-50000-50030'. Already exists! Skipping...
2020-04-28 20:48:49,082 - __main__ - WARNING - Panorama 'usdal1-03pac01-mgt.ip.mrshmc.com': Not attempting to create ServiceObject 'tcp-50000-50200'. Already exists! Skipping...
2020-04-28 20:48:49,082 - __main__ - WARNING - Panorama 'usdal1-03pac01-mgt.ip.mrshmc.com': Not attempting to create ServiceObject 'tcp-50000-51000'. Already exists! Skipping...
2020-04-28 20:48:49,082 - __main__ - WARNING - Panorama 'usdal1-03pac01-mgt.ip.mrshmc.com': Not attempting to create ServiceObject 'tcp-50002'. Already exists! Skipping...
2020-04-28 20:48:49,082 - __main__ - WARNING - Panorama 'usdal1-03pac01-mgt.ip.mrshmc.com': Not attempting to create ServiceObject 'tcp-5003'. Already exists! Skipping...
2020-04-28 20:48:49,082 - __main__ - WARNING - Panorama 'usdal1-03pac01-mgt.ip.mrshmc.com': Not attempting to create ServiceObject 'tcp-5018'. Already exists! Skipping...
2020-04-28 20:48:49,082 - __main__ - WARNING - Panorama 'usdal1-03pac01-mgt.ip.mrshmc.com': Not attempting to create ServiceObject 'tcp-5019'. Already exists! Skipping...
2020-04-28 20:48:49,082 - __main__ - WARNING - Panorama 'usdal1-03pac01-mgt.ip.mrshmc.com': Not attempting to create ServiceObject 'tcp-5024'. Already exists! Skipping...
2020-04-28 20:48:49,082 - __main__ - WARNING - Panorama 'usdal1-03pac01-mgt.ip.mrshmc.com': Not attempting to create ServiceObject 'tcp-50415'. Already exists! Skipping...
2020-04-28 20:48:49,083 - __main__ - WARNING - Panorama 'usdal1-03pac01-mgt.ip.mrshmc.com': Not attempting to create ServiceObject 'tcp-50440'. Already exists! Skipping...
2020-04-28 20:48:49,083 - __main__ - WARNING - Panorama 'usdal1-03pac01-mgt.ip.mrshmc.com': Not attempting to create ServiceObject 'tcp-5050'. Already exists! Skipping...
2020-04-28 20:48:49,083 - __main__ - WARNING - Panorama 'usdal1-03pac01-mgt.ip.mrshmc.com': Not attempting to create ServiceObject 'tcp-5061'. Already exists! Skipping...
2020-04-28 20:48:49,083 - __main__ - WARNING - Panorama 'usdal1-03pac01-mgt.ip.mrshmc.com': Not attempting to create ServiceObject 'tcp-5090'. Already exists! Skipping...
2020-04-28 20:48:49,083 - __main__ - WARNING - Panorama 'usdal1-03pac01-mgt.ip.mrshmc.com': Not attempting to create ServiceObject 'tcp-5091'. Already exists! Skipping...
2020-04-28 20:48:49,083 - __main__ - INFO - Panorama 'usdal1-03pac01-mgt.ip.mrshmc.com': TEST MODE - not creating ServiceObject 'tcp-5096-5099'. TEST!
2020-04-28 20:48:49,083 - __main__ - WARNING - Panorama 'usdal1-03pac01-mgt.ip.mrshmc.com': Not attempting to create ServiceObject 'tcp-51000-52000'. Already exists! Skipping...
2020-04-28 20:48:49,083 - __main__ - WARNING - Panorama 'usdal1-03pac01-mgt.ip.mrshmc.com': Not attempting to create ServiceObject 'tcp-51399'. Already exists! Skipping...
2020-04-28 20:48:49,083 - __main__ - WARNING - Panorama 'usdal1-03pac01-mgt.ip.mrshmc.com': Not attempting to create ServiceObject 'tcp-518'. Already exists! Skipping...
2020-04-28 20:48:49,084 - __main__ - WARNING - Panorama 'usdal1-03pac01-mgt.ip.mrshmc.com': Not attempting to create ServiceObject 'tcp-5223'. Already exists! Skipping...
2020-04-28 20:48:49,084 - __main__ - WARNING - Panorama 'usdal1-03pac01-mgt.ip.mrshmc.com': Not attempting to create ServiceObject 'tcp-52411'. Already exists! Skipping...
2020-04-28 20:48:49,084 - __main__ - WARNING - Panorama 'usdal1-03pac01-mgt.ip.mrshmc.com': Not attempting to create ServiceObject 'tcp-5245'. Already exists! Skipping...
2020-04-28 20:48:49,084 - __main__ - WARNING - Panorama 'usdal1-03pac01-mgt.ip.mrshmc.com': Not attempting to create ServiceObject 'tcp-5349'. Already exists! Skipping...
2020-04-28 20:48:49,084 - __main__ - WARNING - Panorama 'usdal1-03pac01-mgt.ip.mrshmc.com': Not attempting to create ServiceObject 'tcp-5432'. Already exists! Skipping...
2020-04-28 20:48:49,084 - __main__ - WARNING - Panorama 'usdal1-03pac01-mgt.ip.mrshmc.com': Not attempting to create ServiceObject 'tcp-5443'. Already exists! Skipping...
2020-04-28 20:48:49,084 - __main__ - WARNING - Panorama 'usdal1-03pac01-mgt.ip.mrshmc.com': Not attempting to create ServiceObject 'tcp-5450'. Already exists! Skipping...
2020-04-28 20:48:49,084 - __main__ - WARNING - Panorama 'usdal1-03pac01-mgt.ip.mrshmc.com': Not attempting to create ServiceObject 'tcp-5500-5520'. Already exists! Skipping...
2020-04-28 20:48:49,084 - __main__ - INFO - Panorama 'usdal1-03pac01-mgt.ip.mrshmc.com': TEST MODE - not creating ServiceObject 'tcp-5506'. TEST!
2020-04-28 20:48:49,084 - __main__ - WARNING - Panorama 'usdal1-03pac01-mgt.ip.mrshmc.com': Not attempting to create ServiceObject 'tcp-555'. Already exists! Skipping...
2020-04-28 20:48:49,085 - __main__ - WARNING - Panorama 'usdal1-03pac01-mgt.ip.mrshmc.com': Not attempting to create ServiceObject 'tcp-55536-55567'. Already exists! Skipping...
2020-04-28 20:48:49,085 - __main__ - WARNING - Panorama 'usdal1-03pac01-mgt.ip.mrshmc.com': Not attempting to create ServiceObject 'tcp-55536-56559'. Already exists! Skipping...
2020-04-28 20:48:49,085 - __main__ - WARNING - Panorama 'usdal1-03pac01-mgt.ip.mrshmc.com': Not attempting to create ServiceObject 'tcp-5630'. Already exists! Skipping...
2020-04-28 20:48:49,085 - __main__ - WARNING - Panorama 'usdal1-03pac01-mgt.ip.mrshmc.com': Not attempting to create ServiceObject 'tcp-5640'. Already exists! Skipping...
2020-04-28 20:48:49,085 - __main__ - WARNING - Panorama 'usdal1-03pac01-mgt.ip.mrshmc.com': Not attempting to create ServiceObject 'tcp-5701-5702'. Already exists! Skipping...
2020-04-28 20:48:49,085 - __main__ - WARNING - Panorama 'usdal1-03pac01-mgt.ip.mrshmc.com': Not attempting to create ServiceObject 'tcp-5707'. Already exists! Skipping...
2020-04-28 20:48:49,085 - __main__ - WARNING - Panorama 'usdal1-03pac01-mgt.ip.mrshmc.com': Not attempting to create ServiceObject 'tcp-58000-58010'. Already exists! Skipping...
2020-04-28 20:48:49,085 - __main__ - WARNING - Panorama 'usdal1-03pac01-mgt.ip.mrshmc.com': Not attempting to create ServiceObject 'tcp-5814'. Already exists! Skipping...
2020-04-28 20:48:49,085 - __main__ - WARNING - Panorama 'usdal1-03pac01-mgt.ip.mrshmc.com': Not attempting to create ServiceObject 'tcp-6000-6100'. Already exists! Skipping...
2020-04-28 20:48:49,085 - __main__ - WARNING - Panorama 'usdal1-03pac01-mgt.ip.mrshmc.com': Not attempting to create ServiceObject 'tcp-60000-60020'. Already exists! Skipping...
2020-04-28 20:48:49,086 - __main__ - WARNING - Panorama 'usdal1-03pac01-mgt.ip.mrshmc.com': Not attempting to create ServiceObject 'tcp-6006'. Already exists! Skipping...
2020-04-28 20:48:49,086 - __main__ - WARNING - Panorama 'usdal1-03pac01-mgt.ip.mrshmc.com': Not attempting to create ServiceObject 'tcp-6022'. Already exists! Skipping...
2020-04-28 20:48:49,086 - __main__ - WARNING - Panorama 'usdal1-03pac01-mgt.ip.mrshmc.com': Not attempting to create ServiceObject 'tcp-6043'. Already exists! Skipping...
2020-04-28 20:48:49,086 - __main__ - WARNING - Panorama 'usdal1-03pac01-mgt.ip.mrshmc.com': Not attempting to create ServiceObject 'tcp-6060'. Already exists! Skipping...
2020-04-28 20:48:49,086 - __main__ - WARNING - Panorama 'usdal1-03pac01-mgt.ip.mrshmc.com': Not attempting to create ServiceObject 'tcp-61000-65000'. Already exists! Skipping...
2020-04-28 20:48:49,086 - __main__ - WARNING - Panorama 'usdal1-03pac01-mgt.ip.mrshmc.com': Not attempting to create ServiceObject 'tcp-62000-62010'. Already exists! Skipping...
2020-04-28 20:48:49,086 - __main__ - WARNING - Panorama 'usdal1-03pac01-mgt.ip.mrshmc.com': Not attempting to create ServiceObject 'tcp-62001-62010'. Already exists! Skipping...
2020-04-28 20:48:49,086 - __main__ - WARNING - Panorama 'usdal1-03pac01-mgt.ip.mrshmc.com': Not attempting to create ServiceObject 'tcp-62003'. Already exists! Skipping...
2020-04-28 20:48:49,086 - __main__ - WARNING - Panorama 'usdal1-03pac01-mgt.ip.mrshmc.com': Not attempting to create ServiceObject 'tcp-62004'. Already exists! Skipping...
2020-04-28 20:48:49,087 - __main__ - WARNING - Panorama 'usdal1-03pac01-mgt.ip.mrshmc.com': Not attempting to create ServiceObject 'tcp-62005'. Already exists! Skipping...
2020-04-28 20:48:49,087 - __main__ - WARNING - Panorama 'usdal1-03pac01-mgt.ip.mrshmc.com': Not attempting to create ServiceObject 'tcp-62006'. Already exists! Skipping...
2020-04-28 20:48:49,087 - __main__ - WARNING - Panorama 'usdal1-03pac01-mgt.ip.mrshmc.com': Not attempting to create ServiceObject 'tcp-62007'. Already exists! Skipping...
2020-04-28 20:48:49,087 - __main__ - WARNING - Panorama 'usdal1-03pac01-mgt.ip.mrshmc.com': Not attempting to create ServiceObject 'tcp-62008'. Already exists! Skipping...
2020-04-28 20:48:49,087 - __main__ - WARNING - Panorama 'usdal1-03pac01-mgt.ip.mrshmc.com': Not attempting to create ServiceObject 'tcp-62009'. Already exists! Skipping...
2020-04-28 20:48:49,087 - __main__ - WARNING - Panorama 'usdal1-03pac01-mgt.ip.mrshmc.com': Not attempting to create ServiceObject 'tcp-62010'. Already exists! Skipping...
2020-04-28 20:48:49,087 - __main__ - WARNING - Panorama 'usdal1-03pac01-mgt.ip.mrshmc.com': Not attempting to create ServiceObject 'tcp-6222'. Already exists! Skipping...
2020-04-28 20:48:49,087 - __main__ - WARNING - Panorama 'usdal1-03pac01-mgt.ip.mrshmc.com': Not attempting to create ServiceObject 'tcp-6321'. Already exists! Skipping...
2020-04-28 20:48:49,087 - __main__ - WARNING - Panorama 'usdal1-03pac01-mgt.ip.mrshmc.com': Not attempting to create ServiceObject 'tcp-6322'. Already exists! Skipping...
2020-04-28 20:48:49,087 - __main__ - WARNING - Panorama 'usdal1-03pac01-mgt.ip.mrshmc.com': Not attempting to create ServiceObject 'tcp-6330'. Already exists! Skipping...
2020-04-28 20:48:49,088 - __main__ - WARNING - Panorama 'usdal1-03pac01-mgt.ip.mrshmc.com': Not attempting to create ServiceObject 'tcp-6331'. Already exists! Skipping...
2020-04-28 20:48:49,095 - __main__ - WARNING - Panorama 'usdal1-03pac01-mgt.ip.mrshmc.com': Not attempting to create ServiceObject 'tcp-6333'. Already exists! Skipping...
2020-04-28 20:48:49,095 - __main__ - WARNING - Panorama 'usdal1-03pac01-mgt.ip.mrshmc.com': Not attempting to create ServiceObject 'tcp-64101-64110'. Already exists! Skipping...
2020-04-28 20:48:49,096 - __main__ - WARNING - Panorama 'usdal1-03pac01-mgt.ip.mrshmc.com': Not attempting to create ServiceObject 'tcp-6511'. Already exists! Skipping...
2020-04-28 20:48:49,096 - __main__ - WARNING - Panorama 'usdal1-03pac01-mgt.ip.mrshmc.com': Not attempting to create ServiceObject 'tcp-6514'. Already exists! Skipping...
2020-04-28 20:48:49,096 - __main__ - WARNING - Panorama 'usdal1-03pac01-mgt.ip.mrshmc.com': Not attempting to create ServiceObject 'tcp-6670'. Already exists! Skipping...
2020-04-28 20:48:49,097 - __main__ - WARNING - Panorama 'usdal1-03pac01-mgt.ip.mrshmc.com': Not attempting to create ServiceObject 'tcp-6672'. Already exists! Skipping...
2020-04-28 20:48:49,097 - __main__ - WARNING - Panorama 'usdal1-03pac01-mgt.ip.mrshmc.com': Not attempting to create ServiceObject 'tcp-7006'. Already exists! Skipping...
2020-04-28 20:48:49,097 - __main__ - WARNING - Panorama 'usdal1-03pac01-mgt.ip.mrshmc.com': Not attempting to create ServiceObject 'tcp-7103'. Already exists! Skipping...
2020-04-28 20:48:49,097 - __main__ - WARNING - Panorama 'usdal1-03pac01-mgt.ip.mrshmc.com': Not attempting to create ServiceObject 'tcp-7208'. Already exists! Skipping...
2020-04-28 20:48:49,098 - __main__ - WARNING - Panorama 'usdal1-03pac01-mgt.ip.mrshmc.com': Not attempting to create ServiceObject 'tcp-7209'. Already exists! Skipping...
2020-04-28 20:48:49,098 - __main__ - WARNING - Panorama 'usdal1-03pac01-mgt.ip.mrshmc.com': Not attempting to create ServiceObject 'tcp-7443'. Already exists! Skipping...
2020-04-28 20:48:49,098 - __main__ - WARNING - Panorama 'usdal1-03pac01-mgt.ip.mrshmc.com': Not attempting to create ServiceObject 'tcp-7502'. Already exists! Skipping...
2020-04-28 20:48:49,098 - __main__ - WARNING - Panorama 'usdal1-03pac01-mgt.ip.mrshmc.com': Not attempting to create ServiceObject 'tcp-7653'. Already exists! Skipping...
2020-04-28 20:48:49,098 - __main__ - WARNING - Panorama 'usdal1-03pac01-mgt.ip.mrshmc.com': Not attempting to create ServiceObject 'tcp-8014'. Already exists! Skipping...
2020-04-28 20:48:49,098 - __main__ - WARNING - Panorama 'usdal1-03pac01-mgt.ip.mrshmc.com': Not attempting to create ServiceObject 'tcp-8022'. Already exists! Skipping...
2020-04-28 20:48:49,098 - __main__ - INFO - Panorama 'usdal1-03pac01-mgt.ip.mrshmc.com': TEST MODE - not creating ServiceObject 'tcp-8073'. TEST!
2020-04-28 20:48:49,098 - __main__ - WARNING - Panorama 'usdal1-03pac01-mgt.ip.mrshmc.com': Not attempting to create ServiceObject 'tcp-809'. Already exists! Skipping...
2020-04-28 20:48:49,098 - __main__ - WARNING - Panorama 'usdal1-03pac01-mgt.ip.mrshmc.com': Not attempting to create ServiceObject 'tcp-843'. Already exists! Skipping...
2020-04-28 20:48:49,098 - __main__ - WARNING - Panorama 'usdal1-03pac01-mgt.ip.mrshmc.com': Not attempting to create ServiceObject 'tcp-8501'. Already exists! Skipping...
2020-04-28 20:48:49,099 - __main__ - WARNING - Panorama 'usdal1-03pac01-mgt.ip.mrshmc.com': Not attempting to create ServiceObject 'tcp-8801'. Already exists! Skipping...
2020-04-28 20:48:49,099 - __main__ - WARNING - Panorama 'usdal1-03pac01-mgt.ip.mrshmc.com': Not attempting to create ServiceObject 'tcp-8801-8802'. Already exists! Skipping...
2020-04-28 20:48:49,099 - __main__ - WARNING - Panorama 'usdal1-03pac01-mgt.ip.mrshmc.com': Not attempting to create ServiceObject 'tcp-8802'. Already exists! Skipping...
2020-04-28 20:48:49,099 - __main__ - WARNING - Panorama 'usdal1-03pac01-mgt.ip.mrshmc.com': Not attempting to create ServiceObject 'tcp-8822'. Already exists! Skipping...
2020-04-28 20:48:49,099 - __main__ - WARNING - Panorama 'usdal1-03pac01-mgt.ip.mrshmc.com': Not attempting to create ServiceObject 'tcp-8883'. Already exists! Skipping...
2020-04-28 20:48:49,099 - __main__ - WARNING - Panorama 'usdal1-03pac01-mgt.ip.mrshmc.com': Not attempting to create ServiceObject 'tcp-9022'. Already exists! Skipping...
2020-04-28 20:48:49,099 - __main__ - WARNING - Panorama 'usdal1-03pac01-mgt.ip.mrshmc.com': Not attempting to create ServiceObject 'tcp-9053'. Already exists! Skipping...
2020-04-28 20:48:49,099 - __main__ - WARNING - Panorama 'usdal1-03pac01-mgt.ip.mrshmc.com': Not attempting to create ServiceObject 'tcp-9722'. Already exists! Skipping...
2020-04-28 20:48:49,099 - __main__ - WARNING - Panorama 'usdal1-03pac01-mgt.ip.mrshmc.com': Not attempting to create ServiceObject 'tcp-989'. Already exists! Skipping...
2020-04-28 20:48:49,099 - __main__ - WARNING - Panorama 'usdal1-03pac01-mgt.ip.mrshmc.com': Not attempting to create ServiceObject 'tcp-989-991'. Already exists! Skipping...
2020-04-28 20:48:49,100 - __main__ - WARNING - Panorama 'usdal1-03pac01-mgt.ip.mrshmc.com': Not attempting to create ServiceObject 'tcp-990'. Already exists! Skipping...
2020-04-28 20:48:49,100 - __main__ - WARNING - Panorama 'usdal1-03pac01-mgt.ip.mrshmc.com': Not attempting to create ServiceObject 'tcp-9905'. Already exists! Skipping...
2020-04-28 20:48:49,100 - __main__ - WARNING - Panorama 'usdal1-03pac01-mgt.ip.mrshmc.com': Not attempting to create ServiceObject 'tcp-991'. Already exists! Skipping...
2020-04-28 20:48:49,100 - __main__ - WARNING - Panorama 'usdal1-03pac01-mgt.ip.mrshmc.com': Not attempting to create ServiceObject 'tcp-993'. Already exists! Skipping...
2020-04-28 20:48:49,100 - __main__ - INFO - Panorama 'usdal1-03pac01-mgt.ip.mrshmc.com': TEST MODE - not creating ServiceObject 'tcp-9944'. TEST!
2020-04-28 20:48:49,100 - __main__ - WARNING - Panorama 'usdal1-03pac01-mgt.ip.mrshmc.com': Not attempting to create ServiceObject 'tcp-9997'. Already exists! Skipping...
2020-04-28 20:48:49,100 - __main__ - WARNING - Panorama 'usdal1-03pac01-mgt.ip.mrshmc.com': Not attempting to create ServiceObject 'udp-10001'. Already exists! Skipping...
2020-04-28 20:48:49,100 - __main__ - WARNING - Panorama 'usdal1-03pac01-mgt.ip.mrshmc.com': Not attempting to create ServiceObject 'udp-1024-65535'. Already exists! Skipping...
2020-04-28 20:48:49,100 - __main__ - WARNING - Panorama 'usdal1-03pac01-mgt.ip.mrshmc.com': Not attempting to create ServiceObject 'udp-10443'. Already exists! Skipping...
2020-04-28 20:48:49,101 - __main__ - WARNING - Panorama 'usdal1-03pac01-mgt.ip.mrshmc.com': Not attempting to create ServiceObject 'udp-12000'. Already exists! Skipping...
2020-04-28 20:48:49,101 - __main__ - WARNING - Panorama 'usdal1-03pac01-mgt.ip.mrshmc.com': Not attempting to create ServiceObject 'udp-19350'. Already exists! Skipping...
2020-04-28 20:48:49,101 - __main__ - WARNING - Panorama 'usdal1-03pac01-mgt.ip.mrshmc.com': Not attempting to create ServiceObject 'udp-20000-64000'. Already exists! Skipping...
2020-04-28 20:48:49,101 - __main__ - WARNING - Panorama 'usdal1-03pac01-mgt.ip.mrshmc.com': Not attempting to create ServiceObject 'udp-20000-64999'. Already exists! Skipping...
2020-04-28 20:48:49,101 - __main__ - WARNING - Panorama 'usdal1-03pac01-mgt.ip.mrshmc.com': Not attempting to create ServiceObject 'udp-2244'. Already exists! Skipping...
2020-04-28 20:48:49,101 - __main__ - WARNING - Panorama 'usdal1-03pac01-mgt.ip.mrshmc.com': Not attempting to create ServiceObject 'udp-33001'. Already exists! Skipping...
2020-04-28 20:48:49,101 - __main__ - WARNING - Panorama 'usdal1-03pac01-mgt.ip.mrshmc.com': Not attempting to create ServiceObject 'udp-3478-3483'. Already exists! Skipping...
2020-04-28 20:48:49,101 - __main__ - INFO - Panorama 'usdal1-03pac01-mgt.ip.mrshmc.com': TEST MODE - not creating ServiceObject 'udp-3479'. TEST!
2020-04-28 20:48:49,101 - __main__ - WARNING - Panorama 'usdal1-03pac01-mgt.ip.mrshmc.com': Not attempting to create ServiceObject 'udp-36000-36001'. Already exists! Skipping...
2020-04-28 20:48:49,102 - __main__ - WARNING - Panorama 'usdal1-03pac01-mgt.ip.mrshmc.com': Not attempting to create ServiceObject 'udp-36000-59999'. Already exists! Skipping...
2020-04-28 20:48:49,102 - __main__ - WARNING - Panorama 'usdal1-03pac01-mgt.ip.mrshmc.com': Not attempting to create ServiceObject 'udp-443'. Already exists! Skipping...
2020-04-28 20:48:49,102 - __main__ - WARNING - Panorama 'usdal1-03pac01-mgt.ip.mrshmc.com': Not attempting to create ServiceObject 'udp-5000-5999'. Already exists! Skipping...
2020-04-28 20:48:49,102 - __main__ - WARNING - Panorama 'usdal1-03pac01-mgt.ip.mrshmc.com': Not attempting to create ServiceObject 'udp-50000-59999'. Already exists! Skipping...
2020-04-28 20:48:49,102 - __main__ - WARNING - Panorama 'usdal1-03pac01-mgt.ip.mrshmc.com': Not attempting to create ServiceObject 'udp-50000-60000'. Already exists! Skipping...
2020-04-28 20:48:49,102 - __main__ - WARNING - Panorama 'usdal1-03pac01-mgt.ip.mrshmc.com': Not attempting to create ServiceObject 'udp-50000-65535'. Already exists! Skipping...
2020-04-28 20:48:49,102 - __main__ - WARNING - Panorama 'usdal1-03pac01-mgt.ip.mrshmc.com': Not attempting to create ServiceObject 'udp-50002'. Already exists! Skipping...
2020-04-28 20:48:49,102 - __main__ - WARNING - Panorama 'usdal1-03pac01-mgt.ip.mrshmc.com': Not attempting to create ServiceObject 'udp-5004'. Already exists! Skipping...
2020-04-28 20:48:49,102 - __main__ - WARNING - Panorama 'usdal1-03pac01-mgt.ip.mrshmc.com': Not attempting to create ServiceObject 'udp-5091'. Already exists! Skipping...
2020-04-28 20:48:49,102 - __main__ - WARNING - Panorama 'usdal1-03pac01-mgt.ip.mrshmc.com': Not attempting to create ServiceObject 'udp-5093'. Already exists! Skipping...
2020-04-28 20:48:49,103 - __main__ - WARNING - Panorama 'usdal1-03pac01-mgt.ip.mrshmc.com': Not attempting to create ServiceObject 'udp-5349'. Already exists! Skipping...
2020-04-28 20:48:49,103 - __main__ - WARNING - Panorama 'usdal1-03pac01-mgt.ip.mrshmc.com': Not attempting to create ServiceObject 'udp-554'. Already exists! Skipping...
2020-04-28 20:48:49,103 - __main__ - WARNING - Panorama 'usdal1-03pac01-mgt.ip.mrshmc.com': Not attempting to create ServiceObject 'udp-5814'. Already exists! Skipping...
2020-04-28 20:48:49,103 - __main__ - WARNING - Panorama 'usdal1-03pac01-mgt.ip.mrshmc.com': Not attempting to create ServiceObject 'udp-7955'. Already exists! Skipping...
2020-04-28 20:48:49,103 - __main__ - INFO - Panorama 'usdal1-03pac01-mgt.ip.mrshmc.com': TEST MODE - not creating ServiceObject 'udp-8090'. TEST!
2020-04-28 20:48:49,103 - __main__ - WARNING - Panorama 'usdal1-03pac01-mgt.ip.mrshmc.com': Not attempting to create ServiceObject 'udp-8443'. Already exists! Skipping...
2020-04-28 20:48:49,103 - __main__ - WARNING - Panorama 'usdal1-03pac01-mgt.ip.mrshmc.com': Not attempting to create ServiceObject 'udp-8801-8802'. Already exists! Skipping...
2020-04-28 20:48:49,103 - __main__ - INFO - Panorama 'usdal1-03pac01-mgt.ip.mrshmc.com': TEST MODE - not creating ServiceObject 'udp-8802'. TEST!
2020-04-28 20:48:49,109 - __main__ - INFO - Panorama 'usdal1-03pac01-mgt.ip.mrshmc.com': TEST MODE - not creating ServiceObject 'udp-8803'. TEST!
2020-04-28 20:48:49,110 - __main__ - INFO - Panorama 'usdal1-03pac01-mgt.ip.mrshmc.com': TEST MODE - not creating ServiceObject 'udp-8804'. TEST!
2020-04-28 20:48:49,110 - __main__ - INFO - Panorama 'usdal1-03pac01-mgt.ip.mrshmc.com': TEST MODE - not creating ServiceObject 'udp-8805'. TEST!
2020-04-28 20:48:49,110 - __main__ - INFO - Panorama 'usdal1-03pac01-mgt.ip.mrshmc.com': TEST MODE - not creating ServiceObject 'udp-8806'. TEST!
2020-04-28 20:48:49,111 - __main__ - INFO - Panorama 'usdal1-03pac01-mgt.ip.mrshmc.com': TEST MODE - not creating ServiceObject 'udp-8807'. TEST!
2020-04-28 20:48:49,111 - __main__ - INFO - Panorama 'usdal1-03pac01-mgt.ip.mrshmc.com': TEST MODE - not creating ServiceObject 'udp-8808'. TEST!
2020-04-28 20:48:49,111 - __main__ - INFO - Panorama 'usdal1-03pac01-mgt.ip.mrshmc.com': TEST MODE - not creating ServiceObject 'udp-8809'. TEST!
2020-04-28 20:48:49,111 - __main__ - INFO - Panorama 'usdal1-03pac01-mgt.ip.mrshmc.com': TEST MODE - not creating ServiceObject 'udp-8810'. TEST!
2020-04-28 20:48:49,112 - __main__ - WARNING - Panorama 'usdal1-03pac01-mgt.ip.mrshmc.com': Not attempting to create ServiceObject 'udp-9995'. Already exists! Skipping...
2020-04-28 20:48:49,117 - __main__ - INFO - Panorama 'global': dbedit edit requests '0' EditObject objects
2020-04-28 20:48:49,123 - __main__ - INFO - Panorama 'global': dbedit addtogroup requests '0' ModifyGroup objects
2020-04-28 20:48:49,132 - __main__ - INFO - Panorama 'global': dbedit removefromgroup requests '0' ModifyGroup objects
2020-04-28 20:48:49,140 - __main__ - INFO - AMAZING! No API update failures detected ;)
