2020-04-28 17:25:51,698 - __main__ - INFO - Argument '--device' supplied, device in scope 'usdal1-03pac01-mgt.ip.mrshmc.com'
2020-04-28 17:25:51,699 - __main__ - INFO - Argument '--filename' supplied, configuration contained in '../pangenerator/output/mel-brow-addres.csv'
2020-04-28 17:25:51,699 - __main__ - INFO - Argument '--no-locks' supplied, no commit or configuration locks will be taken.
2020-04-28 17:25:51,699 - __main__ - INFO - Argument '--test' supplied, TEST mode - will not perform updates via API.
2020-04-28 17:25:51,700 - __main__ - INFO - Argument '--verbose' supplied, logging will be printed to console.
2020-04-28 17:25:57,206 - __main__ - INFO - Device System Info: SystemInfo(version='9.0.4', platform='M-500', serial='007307001217')
2020-04-28 17:25:57,207 - __main__ - INFO - Filename '../pangenerator/output/mel-brow-addres.csv' provided. Parsing...
2020-04-28 17:25:57,215 - __main__ - INFO - dbedit: Ignoring commented line '#vendor,objtype,op_action,location,name,subtype,members,ip,netmask,cidr,description,color,protocol,source_port,destination_port,nexthop,tag,value,interface,enable_user_identification,metric,mgmt_profile,zone,rule_action,application,category,data_filtering,destination,disable_server_response_inspection,disabled,file_blocking,fromzone,group,hip_profiles,icmp_unreachable,log_end,log_setting,log_start,negate_destination,negate_source,negate_target,schedule,service,source,source_user,spyware,target,tozone ,url_filtering,virus,vulnerability,wildfire_analysis,destination_dynamic_translated_address,destination_dynamic_translated_distribution,destination_dynamic_translated_port,destination_translated_address,destination_translated_port,ha_binding,nat_type,source_translation_address_type,source_translation_fallback_interface,source_translation_fallback_ip_address,source_translation_fallback_ip_type,source_translation_fallback_translated_addresses,source_translation_fallback_type,source_translation_interface,source_translation_ip_address,source_translation_static_bi_directional,source_translation_static_translated_address,source_translation_translated_addresses,source_translation_type,to_interface,category,subcategory,technology,risk,evasive,excessive_bandwidth_use,prone_to_misuse,is_saas,transfers_files,tunnels_other_apps,used_by_malware,has_known_vulnerabilities,pervasive,default_type,parent_app,timeout,tcp_timeout,udp_timeout,tcp_half_closed_timeout,tcp_time_wait_timeout,tunnel_applications,file_type_ident,virus_ident,data_ident,default_port,default_ip_protocol,default_icmp_type,default_icmp_code,ignore_this_end_marker'
2020-04-28 17:25:57,215 - __main__ - INFO - dbedit: Found vendor 'palo', location 'global', action 'create', type 'address' processing...
2020-04-28 17:25:57,215 - __main__ - INFO - dbedit: Found vendor 'palo', location 'global', action 'create', type 'address' processing...
2020-04-28 17:25:57,218 - __main__ - INFO - dbedit: Found vendor 'palo', location 'global', action 'create', type 'address' processing...
2020-04-28 17:25:57,218 - __main__ - INFO - dbedit: Found vendor 'palo', location 'global', action 'create', type 'address' processing...
2020-04-28 17:25:57,218 - __main__ - INFO - dbedit: Found vendor 'palo', location 'global', action 'create', type 'address' processing...
2020-04-28 17:25:57,219 - __main__ - INFO - dbedit: Found vendor 'palo', location 'global', action 'create', type 'address' processing...
2020-04-28 17:25:57,219 - __main__ - INFO - dbedit: Found vendor 'palo', location 'global', action 'create', type 'address' processing...
2020-04-28 17:25:57,219 - __main__ - INFO - dbedit: Found vendor 'palo', location 'global', action 'create', type 'address' processing...
2020-04-28 17:25:57,220 - __main__ - INFO - dbedit: Found vendor 'palo', location 'global', action 'create', type 'address' processing...
2020-04-28 17:25:57,220 - __main__ - INFO - dbedit: Found vendor 'palo', location 'global', action 'create', type 'address' processing...
2020-04-28 17:25:57,220 - __main__ - INFO - dbedit: Found vendor 'palo', location 'global', action 'create', type 'address' processing...
2020-04-28 17:25:57,220 - __main__ - INFO - dbedit: Found vendor 'palo', location 'global', action 'create', type 'address' processing...
2020-04-28 17:25:57,221 - __main__ - INFO - dbedit: Found vendor 'palo', location 'global', action 'create', type 'address' processing...
2020-04-28 17:25:57,221 - __main__ - INFO - dbedit: Found vendor 'palo', location 'global', action 'create', type 'address' processing...
2020-04-28 17:25:57,221 - __main__ - INFO - dbedit: Found vendor 'palo', location 'global', action 'create', type 'address' processing...
2020-04-28 17:25:57,221 - __main__ - INFO - dbedit: Found vendor 'palo', location 'global', action 'create', type 'address' processing...
2020-04-28 17:25:57,221 - __main__ - INFO - dbedit: Found vendor 'palo', location 'global', action 'create', type 'address' processing...
2020-04-28 17:25:57,221 - __main__ - INFO - dbedit: Found vendor 'palo', location 'global', action 'create', type 'address' processing...
2020-04-28 17:25:57,222 - __main__ - INFO - dbedit: Found vendor 'palo', location 'global', action 'create', type 'address' processing...
2020-04-28 17:25:57,222 - __main__ - INFO - dbedit: Found vendor 'palo', location 'global', action 'create', type 'address' processing...
2020-04-28 17:25:57,222 - __main__ - INFO - dbedit: Found vendor 'palo', location 'global', action 'create', type 'address' processing...
2020-04-28 17:25:57,222 - __main__ - INFO - dbedit: Found vendor 'palo', location 'global', action 'create', type 'address' processing...
2020-04-28 17:25:57,222 - __main__ - INFO - dbedit: Found vendor 'palo', location 'global', action 'create', type 'address' processing...
2020-04-28 17:25:57,223 - __main__ - INFO - dbedit: Found vendor 'palo', location 'global', action 'create', type 'address' processing...
2020-04-28 17:25:57,223 - __main__ - INFO - dbedit: Found vendor 'palo', location 'global', action 'create', type 'address' processing...
2020-04-28 17:25:57,223 - __main__ - INFO - dbedit: Found vendor 'palo', location 'global', action 'create', type 'address' processing...
2020-04-28 17:25:57,223 - __main__ - INFO - dbedit: Found vendor 'palo', location 'global', action 'create', type 'address' processing...
2020-04-28 17:25:57,223 - __main__ - INFO - dbedit: Found vendor 'palo', location 'global', action 'create', type 'address' processing...
2020-04-28 17:25:57,223 - __main__ - INFO - dbedit: Found vendor 'palo', location 'global', action 'create', type 'address' processing...
2020-04-28 17:25:57,224 - __main__ - INFO - dbedit: Found vendor 'palo', location 'global', action 'create', type 'address' processing...
2020-04-28 17:25:57,224 - __main__ - INFO - dbedit: Found vendor 'palo', location 'global', action 'create', type 'address' processing...
2020-04-28 17:25:57,224 - __main__ - INFO - dbedit: Found vendor 'palo', location 'global', action 'create', type 'address' processing...
2020-04-28 17:25:57,224 - __main__ - INFO - dbedit: Found vendor 'palo', location 'global', action 'create', type 'address' processing...
2020-04-28 17:25:57,224 - __main__ - INFO - dbedit: Found vendor 'palo', location 'global', action 'create', type 'address' processing...
2020-04-28 17:25:57,224 - __main__ - INFO - dbedit: Found vendor 'palo', location 'global', action 'create', type 'address' processing...
2020-04-28 17:25:57,225 - __main__ - INFO - dbedit: Found vendor 'palo', location 'global', action 'create', type 'address' processing...
2020-04-28 17:25:57,225 - __main__ - INFO - dbedit: Found vendor 'palo', location 'global', action 'create', type 'address' processing...
2020-04-28 17:25:57,225 - __main__ - INFO - dbedit: Found vendor 'palo', location 'global', action 'create', type 'address' processing...
2020-04-28 17:25:57,225 - __main__ - INFO - dbedit: Found vendor 'palo', location 'global', action 'create', type 'address' processing...
2020-04-28 17:25:57,225 - __main__ - INFO - dbedit: Found vendor 'palo', location 'global', action 'create', type 'address' processing...
2020-04-28 17:25:57,225 - __main__ - INFO - dbedit: Found vendor 'palo', location 'global', action 'create', type 'address' processing...
2020-04-28 17:25:57,226 - __main__ - INFO - dbedit: Found vendor 'palo', location 'global', action 'create', type 'address' processing...
2020-04-28 17:25:57,226 - __main__ - INFO - dbedit: Found vendor 'palo', location 'global', action 'create', type 'address' processing...
2020-04-28 17:25:57,226 - __main__ - INFO - dbedit: Found vendor 'palo', location 'global', action 'create', type 'address' processing...
2020-04-28 17:25:57,226 - __main__ - INFO - dbedit: Found vendor 'palo', location 'global', action 'create', type 'address' processing...
2020-04-28 17:25:57,226 - __main__ - INFO - dbedit: Found vendor 'palo', location 'global', action 'create', type 'address' processing...
2020-04-28 17:25:57,231 - __main__ - INFO - dbedit: Found vendor 'palo', location 'global', action 'create', type 'address' processing...
2020-04-28 17:25:57,232 - __main__ - INFO - dbedit: Found vendor 'palo', location 'global', action 'create', type 'address' processing...
2020-04-28 17:25:57,232 - __main__ - INFO - dbedit: Found vendor 'palo', location 'global', action 'create', type 'address' processing...
2020-04-28 17:25:57,232 - __main__ - INFO - dbedit: Found vendor 'palo', location 'global', action 'create', type 'address' processing...
2020-04-28 17:25:57,232 - __main__ - INFO - dbedit: Found vendor 'palo', location 'global', action 'create', type 'address' processing...
2020-04-28 17:25:57,232 - __main__ - INFO - dbedit: Found vendor 'palo', location 'global', action 'create', type 'address' processing...
2020-04-28 17:25:57,233 - __main__ - INFO - dbedit: Found vendor 'palo', location 'global', action 'create', type 'address' processing...
2020-04-28 17:25:57,233 - __main__ - INFO - dbedit: Found vendor 'palo', location 'global', action 'create', type 'address' processing...
2020-04-28 17:25:57,233 - __main__ - INFO - dbedit: Found vendor 'palo', location 'global', action 'create', type 'address' processing...
2020-04-28 17:25:57,234 - __main__ - INFO - dbedit: Found vendor 'palo', location 'global', action 'create', type 'address' processing...
2020-04-28 17:25:57,234 - __main__ - INFO - dbedit: Found vendor 'palo', location 'global', action 'create', type 'address' processing...
2020-04-28 17:25:57,234 - __main__ - INFO - dbedit: Found vendor 'palo', location 'global', action 'create', type 'address' processing...
2020-04-28 17:25:57,235 - __main__ - INFO - dbedit: Found vendor 'palo', location 'global', action 'create', type 'address' processing...
2020-04-28 17:25:57,235 - __main__ - INFO - dbedit: Found vendor 'palo', location 'global', action 'create', type 'address' processing...
2020-04-28 17:25:57,235 - __main__ - INFO - dbedit: Found vendor 'palo', location 'global', action 'create', type 'address' processing...
2020-04-28 17:25:57,236 - __main__ - INFO - dbedit: Found vendor 'palo', location 'global', action 'create', type 'address' processing...
2020-04-28 17:25:57,236 - __main__ - INFO - dbedit: Found vendor 'palo', location 'global', action 'create', type 'address' processing...
2020-04-28 17:25:57,236 - __main__ - INFO - dbedit: Found vendor 'palo', location 'global', action 'create', type 'address' processing...
2020-04-28 17:25:57,236 - __main__ - INFO - dbedit: Found vendor 'palo', location 'global', action 'create', type 'address' processing...
2020-04-28 17:25:57,236 - __main__ - INFO - dbedit: Found vendor 'palo', location 'global', action 'create', type 'address' processing...
2020-04-28 17:25:57,237 - __main__ - INFO - dbedit: Found vendor 'palo', location 'global', action 'create', type 'address' processing...
2020-04-28 17:25:57,237 - __main__ - INFO - dbedit: Found vendor 'palo', location 'global', action 'create', type 'address' processing...
2020-04-28 17:25:57,237 - __main__ - INFO - dbedit: Found vendor 'palo', location 'global', action 'create', type 'address' processing...
2020-04-28 17:25:57,237 - __main__ - INFO - dbedit: Found vendor 'palo', location 'global', action 'create', type 'address' processing...
2020-04-28 17:25:57,237 - __main__ - INFO - dbedit: Found vendor 'palo', location 'global', action 'create', type 'address' processing...
2020-04-28 17:25:57,238 - __main__ - INFO - dbedit: Found vendor 'palo', location 'global', action 'create', type 'address' processing...
2020-04-28 17:25:57,238 - __main__ - INFO - dbedit: Found vendor 'palo', location 'global', action 'create', type 'address' processing...
2020-04-28 17:25:57,238 - __main__ - INFO - dbedit: Found vendor 'palo', location 'global', action 'create', type 'address' processing...
2020-04-28 17:25:57,238 - __main__ - INFO - dbedit: Found vendor 'palo', location 'global', action 'create', type 'address' processing...
2020-04-28 17:25:57,238 - __main__ - INFO - dbedit: Found vendor 'palo', location 'global', action 'create', type 'address' processing...
2020-04-28 17:25:57,239 - __main__ - INFO - dbedit: Found vendor 'palo', location 'global', action 'create', type 'address' processing...
2020-04-28 17:25:57,239 - __main__ - INFO - dbedit: Found vendor 'palo', location 'global', action 'create', type 'address' processing...
2020-04-28 17:25:57,239 - __main__ - INFO - dbedit: Found vendor 'palo', location 'global', action 'create', type 'address' processing...
2020-04-28 17:25:57,239 - __main__ - INFO - dbedit: Found vendor 'palo', location 'global', action 'create', type 'address' processing...
2020-04-28 17:25:57,239 - __main__ - INFO - dbedit: Found vendor 'palo', location 'global', action 'create', type 'address' processing...
2020-04-28 17:25:57,239 - __main__ - INFO - dbedit: Found vendor 'palo', location 'global', action 'create', type 'address' processing...
2020-04-28 17:25:57,240 - __main__ - INFO - dbedit: Found vendor 'palo', location 'global', action 'create', type 'address' processing...
2020-04-28 17:25:57,240 - __main__ - INFO - dbedit: Found vendor 'palo', location 'global', action 'create', type 'address' processing...
2020-04-28 17:25:57,240 - __main__ - INFO - dbedit: Found vendor 'palo', location 'global', action 'create', type 'address' processing...
2020-04-28 17:25:57,244 - __main__ - INFO - dbedit: Found vendor 'palo', location 'global', action 'create', type 'address' processing...
2020-04-28 17:25:57,244 - __main__ - INFO - dbedit: Found vendor 'palo', location 'global', action 'create', type 'address' processing...
2020-04-28 17:25:57,245 - __main__ - INFO - dbedit: Found vendor 'palo', location 'global', action 'create', type 'address' processing...
2020-04-28 17:25:57,245 - __main__ - INFO - dbedit: Found vendor 'palo', location 'global', action 'create', type 'address' processing...
2020-04-28 17:25:57,246 - __main__ - INFO - dbedit: Found vendor 'palo', location 'global', action 'create', type 'address' processing...
2020-04-28 17:25:57,246 - __main__ - INFO - dbedit: Found vendor 'palo', location 'global', action 'create', type 'address' processing...
2020-04-28 17:25:57,247 - __main__ - INFO - dbedit: Found vendor 'palo', location 'global', action 'create', type 'address' processing...
2020-04-28 17:25:57,247 - __main__ - INFO - dbedit: Found vendor 'palo', location 'global', action 'create', type 'address' processing...
2020-04-28 17:25:57,248 - __main__ - INFO - dbedit: Found vendor 'palo', location 'global', action 'create', type 'address' processing...
2020-04-28 17:25:57,248 - __main__ - INFO - dbedit: Found vendor 'palo', location 'global', action 'create', type 'address' processing...
2020-04-28 17:25:57,248 - __main__ - INFO - dbedit: Found vendor 'palo', location 'global', action 'create', type 'address' processing...
2020-04-28 17:25:57,248 - __main__ - INFO - dbedit: Found vendor 'palo', location 'global', action 'create', type 'address' processing...
2020-04-28 17:25:57,249 - __main__ - INFO - dbedit: Found vendor 'palo', location 'global', action 'create', type 'address' processing...
2020-04-28 17:25:57,249 - __main__ - INFO - dbedit: Found vendor 'palo', location 'global', action 'create', type 'address' processing...
2020-04-28 17:25:57,249 - __main__ - INFO - dbedit: Found vendor 'palo', location 'global', action 'create', type 'address' processing...
2020-04-28 17:25:57,249 - __main__ - INFO - dbedit: Found vendor 'palo', location 'global', action 'create', type 'address' processing...
2020-04-28 17:25:57,250 - __main__ - INFO - dbedit: Found vendor 'palo', location 'global', action 'create', type 'address' processing...
2020-04-28 17:25:57,250 - __main__ - INFO - dbedit: Found vendor 'palo', location 'global', action 'create', type 'address' processing...
2020-04-28 17:25:57,250 - __main__ - INFO - dbedit: Found vendor 'palo', location 'global', action 'create', type 'address' processing...
2020-04-28 17:25:57,250 - __main__ - INFO - dbedit: Found vendor 'palo', location 'global', action 'create', type 'address' processing...
2020-04-28 17:25:57,250 - __main__ - INFO - dbedit: Found vendor 'palo', location 'global', action 'create', type 'address' processing...
2020-04-28 17:25:57,250 - __main__ - INFO - dbedit: Found vendor 'palo', location 'global', action 'create', type 'address' processing...
2020-04-28 17:25:57,251 - __main__ - INFO - dbedit: Found vendor 'palo', location 'global', action 'create', type 'address' processing...
2020-04-28 17:25:57,251 - __main__ - INFO - dbedit: Found vendor 'palo', location 'global', action 'create', type 'address' processing...
2020-04-28 17:25:57,251 - __main__ - INFO - dbedit: Found vendor 'palo', location 'global', action 'create', type 'address' processing...
2020-04-28 17:25:57,251 - __main__ - INFO - dbedit: Found vendor 'palo', location 'global', action 'create', type 'address' processing...
2020-04-28 17:25:57,251 - __main__ - INFO - dbedit: Found vendor 'palo', location 'global', action 'create', type 'address' processing...
2020-04-28 17:25:57,251 - __main__ - INFO - dbedit: Found vendor 'palo', location 'global', action 'create', type 'address' processing...
2020-04-28 17:25:57,252 - __main__ - INFO - dbedit: Found vendor 'palo', location 'global', action 'create', type 'address' processing...
2020-04-28 17:25:57,252 - __main__ - INFO - dbedit: Found vendor 'palo', location 'global', action 'create', type 'address' processing...
2020-04-28 17:25:57,255 - __main__ - INFO - dbedit: Found vendor 'palo', location 'global', action 'create', type 'address' processing...
2020-04-28 17:25:57,255 - __main__ - INFO - dbedit: Found vendor 'palo', location 'global', action 'create', type 'address' processing...
2020-04-28 17:25:57,255 - __main__ - INFO - dbedit: Found vendor 'palo', location 'global', action 'create', type 'address' processing...
2020-04-28 17:25:57,255 - __main__ - INFO - dbedit: Found vendor 'palo', location 'global', action 'create', type 'address' processing...
2020-04-28 17:25:57,256 - __main__ - INFO - dbedit: Found vendor 'palo', location 'global', action 'create', type 'address' processing...
2020-04-28 17:25:57,256 - __main__ - INFO - dbedit: Found vendor 'palo', location 'global', action 'create', type 'address' processing...
2020-04-28 17:25:57,256 - __main__ - INFO - dbedit: Found vendor 'palo', location 'global', action 'create', type 'address' processing...
2020-04-28 17:25:57,256 - __main__ - INFO - dbedit: Found vendor 'palo', location 'global', action 'create', type 'address' processing...
2020-04-28 17:25:57,257 - __main__ - INFO - dbedit: Found vendor 'palo', location 'global', action 'create', type 'address' processing...
2020-04-28 17:25:57,257 - __main__ - INFO - dbedit: Found vendor 'palo', location 'global', action 'create', type 'address' processing...
2020-04-28 17:25:57,257 - __main__ - INFO - dbedit: Found vendor 'palo', location 'global', action 'create', type 'address' processing...
2020-04-28 17:25:57,258 - __main__ - INFO - dbedit: Found vendor 'palo', location 'global', action 'create', type 'address' processing...
2020-04-28 17:25:57,258 - __main__ - INFO - dbedit: Found vendor 'palo', location 'global', action 'create', type 'address' processing...
2020-04-28 17:25:57,258 - __main__ - INFO - dbedit: Found vendor 'palo', location 'global', action 'create', type 'address' processing...
2020-04-28 17:25:57,259 - __main__ - INFO - dbedit: Found vendor 'palo', location 'global', action 'create', type 'address' processing...
2020-04-28 17:25:57,259 - __main__ - INFO - dbedit: Found vendor 'palo', location 'global', action 'create', type 'address' processing...
2020-04-28 17:25:57,259 - __main__ - INFO - dbedit: Found vendor 'palo', location 'global', action 'create', type 'address' processing...
2020-04-28 17:25:57,259 - __main__ - INFO - dbedit: Found vendor 'palo', location 'global', action 'create', type 'address' processing...
2020-04-28 17:25:57,259 - __main__ - INFO - dbedit: Found vendor 'palo', location 'global', action 'create', type 'address' processing...
2020-04-28 17:25:57,260 - __main__ - INFO - dbedit: Found vendor 'palo', location 'global', action 'create', type 'address' processing...
2020-04-28 17:25:57,260 - __main__ - INFO - dbedit: Found vendor 'palo', location 'global', action 'create', type 'address' processing...
2020-04-28 17:25:57,261 - __main__ - INFO - dbedit: Found vendor 'palo', location 'global', action 'create', type 'address' processing...
2020-04-28 17:25:57,261 - __main__ - INFO - dbedit: Found vendor 'palo', location 'global', action 'create', type 'address' processing...
2020-04-28 17:25:57,261 - __main__ - INFO - dbedit: Found vendor 'palo', location 'global', action 'create', type 'address' processing...
2020-04-28 17:25:57,261 - __main__ - INFO - dbedit: Found vendor 'palo', location 'global', action 'create', type 'address' processing...
2020-04-28 17:25:57,261 - __main__ - INFO - dbedit: Found vendor 'palo', location 'global', action 'create', type 'address' processing...
2020-04-28 17:25:57,261 - __main__ - INFO - dbedit: Found vendor 'palo', location 'global', action 'create', type 'address' processing...
2020-04-28 17:25:57,262 - __main__ - INFO - dbedit: Found vendor 'palo', location 'global', action 'create', type 'address' processing...
2020-04-28 17:25:57,262 - __main__ - INFO - dbedit: Found vendor 'palo', location 'global', action 'create', type 'address' processing...
2020-04-28 17:25:57,262 - __main__ - INFO - dbedit: Found vendor 'palo', location 'global', action 'create', type 'address' processing...
2020-04-28 17:25:57,262 - __main__ - INFO - dbedit: Found vendor 'palo', location 'global', action 'create', type 'address' processing...
2020-04-28 17:25:57,262 - __main__ - INFO - dbedit: Found vendor 'palo', location 'global', action 'create', type 'address' processing...
2020-04-28 17:25:57,263 - __main__ - INFO - dbedit: Found vendor 'palo', location 'global', action 'create', type 'address' processing...
2020-04-28 17:25:57,263 - __main__ - INFO - dbedit: Found vendor 'palo', location 'global', action 'create', type 'address' processing...
2020-04-28 17:25:57,263 - __main__ - INFO - dbedit: Found vendor 'palo', location 'global', action 'create', type 'address' processing...
2020-04-28 17:25:57,263 - __main__ - INFO - dbedit: Found vendor 'palo', location 'global', action 'create', type 'address' processing...
2020-04-28 17:25:57,263 - __main__ - INFO - dbedit: Found vendor 'palo', location 'global', action 'create', type 'address' processing...
2020-04-28 17:25:57,263 - __main__ - INFO - dbedit: Found vendor 'palo', location 'global', action 'create', type 'address' processing...
2020-04-28 17:25:57,268 - __main__ - INFO - dbedit: Found vendor 'palo', location 'global', action 'create', type 'address' processing...
2020-04-28 17:25:57,269 - __main__ - INFO - dbedit: Found vendor 'palo', location 'global', action 'create', type 'address' processing...
2020-04-28 17:25:57,269 - __main__ - INFO - dbedit: Found vendor 'palo', location 'global', action 'create', type 'address' processing...
2020-04-28 17:25:57,269 - __main__ - INFO - dbedit: Found vendor 'palo', location 'global', action 'create', type 'address' processing...
2020-04-28 17:25:57,270 - __main__ - INFO - dbedit: Found vendor 'palo', location 'global', action 'create', type 'address' processing...
2020-04-28 17:25:57,270 - __main__ - INFO - dbedit: Found vendor 'palo', location 'global', action 'create', type 'address' processing...
2020-04-28 17:25:57,271 - __main__ - INFO - dbedit: Found vendor 'palo', location 'global', action 'create', type 'address' processing...
2020-04-28 17:25:57,271 - __main__ - INFO - dbedit: Found vendor 'palo', location 'global', action 'create', type 'address' processing...
2020-04-28 17:25:57,271 - __main__ - INFO - dbedit: Found vendor 'palo', location 'global', action 'create', type 'address' processing...
2020-04-28 17:25:57,271 - __main__ - INFO - dbedit: Found vendor 'palo', location 'global', action 'create', type 'address' processing...
2020-04-28 17:25:57,272 - __main__ - INFO - dbedit: Found vendor 'palo', location 'global', action 'create', type 'address' processing...
2020-04-28 17:25:57,272 - __main__ - INFO - dbedit: Found vendor 'palo', location 'global', action 'create', type 'address' processing...
2020-04-28 17:25:57,272 - __main__ - INFO - dbedit: Found vendor 'palo', location 'global', action 'create', type 'address' processing...
2020-04-28 17:25:57,272 - __main__ - INFO - dbedit: Found vendor 'palo', location 'global', action 'create', type 'address' processing...
2020-04-28 17:25:57,273 - __main__ - INFO - dbedit: Found vendor 'palo', location 'global', action 'create', type 'address' processing...
2020-04-28 17:25:57,273 - __main__ - INFO - dbedit: Found vendor 'palo', location 'global', action 'create', type 'address' processing...
2020-04-28 17:25:57,273 - __main__ - INFO - dbedit: Found vendor 'palo', location 'global', action 'create', type 'address' processing...
2020-04-28 17:25:57,273 - __main__ - INFO - dbedit: Found vendor 'palo', location 'global', action 'create', type 'address' processing...
2020-04-28 17:25:57,273 - __main__ - INFO - dbedit: Found vendor 'palo', location 'global', action 'create', type 'address' processing...
2020-04-28 17:25:57,273 - __main__ - INFO - dbedit: Found vendor 'palo', location 'global', action 'create', type 'address' processing...
2020-04-28 17:25:57,274 - __main__ - INFO - dbedit: Found vendor 'palo', location 'global', action 'create', type 'address' processing...
2020-04-28 17:25:57,274 - __main__ - INFO - dbedit: Found vendor 'palo', location 'global', action 'create', type 'address' processing...
2020-04-28 17:25:57,274 - __main__ - INFO - dbedit: Found vendor 'palo', location 'global', action 'create', type 'address' processing...
2020-04-28 17:25:57,274 - __main__ - INFO - dbedit: Found vendor 'palo', location 'global', action 'create', type 'address' processing...
2020-04-28 17:25:57,274 - __main__ - INFO - dbedit: Found vendor 'palo', location 'global', action 'create', type 'address' processing...
2020-04-28 17:25:57,275 - __main__ - INFO - dbedit: Found vendor 'palo', location 'global', action 'create', type 'address' processing...
2020-04-28 17:25:57,275 - __main__ - INFO - dbedit: Found vendor 'palo', location 'global', action 'create', type 'address' processing...
2020-04-28 17:25:57,275 - __main__ - INFO - dbedit: Found vendor 'palo', location 'global', action 'create', type 'address' processing...
2020-04-28 17:25:57,275 - __main__ - INFO - dbedit: Found vendor 'palo', location 'global', action 'create', type 'address' processing...
2020-04-28 17:25:57,275 - __main__ - INFO - dbedit: Found vendor 'palo', location 'global', action 'create', type 'address' processing...
2020-04-28 17:25:57,275 - __main__ - INFO - dbedit: Found vendor 'palo', location 'global', action 'create', type 'address' processing...
2020-04-28 17:25:57,276 - __main__ - INFO - dbedit: Found vendor 'palo', location 'global', action 'create', type 'address' processing...
2020-04-28 17:25:57,276 - __main__ - INFO - dbedit: Found vendor 'palo', location 'global', action 'create', type 'address' processing...
2020-04-28 17:25:57,276 - __main__ - INFO - dbedit: Found vendor 'palo', location 'global', action 'create', type 'address' processing...
2020-04-28 17:25:57,276 - __main__ - INFO - dbedit: Found vendor 'palo', location 'global', action 'create', type 'address' processing...
2020-04-28 17:25:57,276 - __main__ - INFO - dbedit: Found vendor 'palo', location 'global', action 'create', type 'address' processing...
2020-04-28 17:25:57,281 - __main__ - INFO - dbedit: Found vendor 'palo', location 'global', action 'create', type 'address' processing...
2020-04-28 17:25:57,281 - __main__ - INFO - dbedit: Found vendor 'palo', location 'global', action 'create', type 'address' processing...
2020-04-28 17:25:57,281 - __main__ - INFO - dbedit: Found vendor 'palo', location 'global', action 'create', type 'address' processing...
2020-04-28 17:25:57,282 - __main__ - INFO - dbedit: Found vendor 'palo', location 'global', action 'create', type 'address' processing...
2020-04-28 17:25:57,282 - __main__ - INFO - dbedit: Found vendor 'palo', location 'global', action 'create', type 'address' processing...
2020-04-28 17:25:57,282 - __main__ - INFO - dbedit: Found vendor 'palo', location 'global', action 'create', type 'address' processing...
2020-04-28 17:25:57,282 - __main__ - INFO - dbedit: Found vendor 'palo', location 'global', action 'create', type 'address' processing...
2020-04-28 17:25:57,283 - __main__ - INFO - dbedit: Found vendor 'palo', location 'global', action 'create', type 'address' processing...
2020-04-28 17:25:57,283 - __main__ - INFO - dbedit: Found vendor 'palo', location 'global', action 'create', type 'address' processing...
2020-04-28 17:25:57,283 - __main__ - INFO - dbedit: Found vendor 'palo', location 'global', action 'create', type 'address' processing...
2020-04-28 17:25:57,284 - __main__ - INFO - dbedit: Found vendor 'palo', location 'global', action 'create', type 'address' processing...
2020-04-28 17:25:57,284 - __main__ - INFO - dbedit: Found vendor 'palo', location 'global', action 'create', type 'address' processing...
2020-04-28 17:25:57,284 - __main__ - INFO - dbedit: Found vendor 'palo', location 'global', action 'create', type 'address' processing...
2020-04-28 17:25:57,285 - __main__ - INFO - dbedit: Found vendor 'palo', location 'global', action 'create', type 'address' processing...
2020-04-28 17:25:57,285 - __main__ - INFO - dbedit: Found vendor 'palo', location 'global', action 'create', type 'address' processing...
2020-04-28 17:25:57,285 - __main__ - INFO - dbedit: Found vendor 'palo', location 'global', action 'create', type 'address' processing...
2020-04-28 17:25:57,285 - __main__ - INFO - dbedit: Found vendor 'palo', location 'global', action 'create', type 'address' processing...
2020-04-28 17:25:57,286 - __main__ - INFO - dbedit: Found vendor 'palo', location 'global', action 'create', type 'address' processing...
2020-04-28 17:25:57,286 - __main__ - INFO - dbedit: Found vendor 'palo', location 'global', action 'create', type 'address' processing...
2020-04-28 17:25:57,286 - __main__ - INFO - dbedit: Found vendor 'palo', location 'global', action 'create', type 'address' processing...
2020-04-28 17:25:57,286 - __main__ - INFO - dbedit: Found vendor 'palo', location 'global', action 'create', type 'address' processing...
2020-04-28 17:25:57,286 - __main__ - INFO - dbedit: Found vendor 'palo', location 'global', action 'create', type 'address' processing...
2020-04-28 17:25:57,286 - __main__ - INFO - dbedit: Found vendor 'palo', location 'global', action 'create', type 'address' processing...
2020-04-28 17:25:57,287 - __main__ - INFO - dbedit: Found vendor 'palo', location 'global', action 'create', type 'address' processing...
2020-04-28 17:25:57,287 - __main__ - INFO - dbedit: Found vendor 'palo', location 'global', action 'create', type 'address' processing...
2020-04-28 17:25:57,287 - __main__ - INFO - dbedit: Found vendor 'palo', location 'global', action 'create', type 'address' processing...
2020-04-28 17:25:57,287 - __main__ - INFO - dbedit: Found vendor 'palo', location 'global', action 'create', type 'address' processing...
2020-04-28 17:25:57,287 - __main__ - INFO - dbedit: Found vendor 'palo', location 'global', action 'create', type 'address' processing...
2020-04-28 17:25:57,288 - __main__ - INFO - dbedit: Found vendor 'palo', location 'global', action 'create', type 'address' processing...
2020-04-28 17:25:57,288 - __main__ - INFO - dbedit: Found vendor 'palo', location 'global', action 'create', type 'address' processing...
2020-04-28 17:25:57,288 - __main__ - INFO - dbedit: Found vendor 'palo', location 'global', action 'create', type 'address' processing...
2020-04-28 17:25:57,288 - __main__ - INFO - dbedit: Found vendor 'palo', location 'global', action 'create', type 'address' processing...
2020-04-28 17:25:57,288 - __main__ - INFO - dbedit: Found vendor 'palo', location 'global', action 'create', type 'address' processing...
2020-04-28 17:25:57,289 - __main__ - INFO - dbedit: Found vendor 'palo', location 'global', action 'create', type 'address' processing...
2020-04-28 17:25:57,289 - __main__ - INFO - dbedit: Found vendor 'palo', location 'global', action 'create', type 'address' processing...
2020-04-28 17:25:57,289 - __main__ - INFO - dbedit: Found vendor 'palo', location 'global', action 'create', type 'address' processing...
2020-04-28 17:25:57,289 - __main__ - INFO - dbedit: Found vendor 'palo', location 'global', action 'create', type 'address' processing...
2020-04-28 17:25:57,293 - __main__ - INFO - dbedit: Found vendor 'palo', location 'global', action 'create', type 'address' processing...
2020-04-28 17:25:57,293 - __main__ - INFO - dbedit: Found vendor 'palo', location 'global', action 'create', type 'address' processing...
2020-04-28 17:25:57,293 - __main__ - INFO - dbedit: Found vendor 'palo', location 'global', action 'create', type 'address' processing...
2020-04-28 17:25:57,294 - __main__ - INFO - dbedit: Found vendor 'palo', location 'global', action 'create', type 'address' processing...
2020-04-28 17:25:57,294 - __main__ - INFO - dbedit: Found vendor 'palo', location 'global', action 'create', type 'address' processing...
2020-04-28 17:25:57,295 - __main__ - INFO - dbedit: Found vendor 'palo', location 'global', action 'create', type 'address-group' processing...
2020-04-28 17:25:57,295 - __main__ - INFO - dbedit: Found vendor 'palo', location 'global', action 'create', type 'address-group' processing...
2020-04-28 17:25:57,295 - __main__ - INFO - dbedit: Found vendor 'palo', location 'global', action 'create', type 'address-group' processing...
2020-04-28 17:25:57,296 - __main__ - INFO - Connecting to Panorama 'usdal1-03pac01-mgt.ip.mrshmc.com'
2020-04-28 17:25:57,297 - __main__ - INFO - Global Object Level: 'usdal1-03pac01-mgt.ip.mrshmc.com'
2020-04-28 17:25:57,297 - __main__ - INFO - Collecting Global Objects from Panorama 'usdal1-03pac01-mgt.ip.mrshmc.com'
2020-04-28 17:26:12,817 - __main__ - INFO - Live Device: 'usdal1-03pac01-mgt.ip.mrshmc.com': Found '32150' AddressObject objects
2020-04-28 17:26:16,135 - __main__ - INFO - Live Device: 'usdal1-03pac01-mgt.ip.mrshmc.com': Found '1175' AddressGroup objects
2020-04-28 17:26:17,350 - __main__ - INFO - Live Device: 'usdal1-03pac01-mgt.ip.mrshmc.com': Found '1' ApplicationObject objects
2020-04-28 17:26:18,549 - __main__ - INFO - Live Device: 'usdal1-03pac01-mgt.ip.mrshmc.com': Found '3' ApplicationGroup objects
2020-04-28 17:26:21,441 - __main__ - INFO - Live Device: 'usdal1-03pac01-mgt.ip.mrshmc.com': Found '3580' ServiceObject objects
2020-04-28 17:26:23,075 - __main__ - INFO - Live Device: 'usdal1-03pac01-mgt.ip.mrshmc.com': Found '140' ServiceGroup objects
2020-04-28 17:26:24,251 - __main__ - INFO - Live Device: 'usdal1-03pac01-mgt.ip.mrshmc.com': Found '95' Tag objects
2020-04-28 17:26:25,449 - __main__ - INFO - Live Device: 'usdal1-03pac01-mgt.ip.mrshmc.com': Found '0' ApplicationContainer objects
2020-04-28 17:26:26,652 - __main__ - INFO - Live Device: 'usdal1-03pac01-mgt.ip.mrshmc.com': Found '4' ApplicationFilter objects
2020-04-28 17:26:26,656 - __main__ - INFO - Collecting Predefined Objects from Panorama 'usdal1-03pac01-mgt.ip.mrshmc.com'
2020-04-28 17:26:36,778 - __main__ - INFO - Live Device: 'usdal1-03pac01-mgt.ip.mrshmc.com': Found '3419' Pre-Defined ApplicationObject objects
2020-04-28 17:26:36,778 - __main__ - INFO - Live Device: 'usdal1-03pac01-mgt.ip.mrshmc.com': Found '233' Pre-Defined ApplicationContainer objects
2020-04-28 17:26:37,994 - __main__ - INFO - Live Device: 'usdal1-03pac01-mgt.ip.mrshmc.com': Found '2' Pre-Defined ServiceObject objects
2020-04-28 17:26:39,194 - __main__ - INFO - Live Device: 'usdal1-03pac01-mgt.ip.mrshmc.com': Found '2' Pre-Defined Tag objects
2020-04-28 17:26:39,197 - __main__ - INFO - Panorama 'global': dbedit create requests '0' Dip objects
2020-04-28 17:26:39,198 - __main__ - INFO - Panorama 'global': dbedit create requests '231' AddressObject objects
2020-04-28 17:26:39,198 - __main__ - INFO - Panorama 'global': dbedit create requests '3' AddressGroup objects
2020-04-28 17:26:39,199 - __main__ - INFO - Panorama 'global': dbedit create requests '0' ApplicationObject objects
2020-04-28 17:26:39,200 - __main__ - INFO - Panorama 'global': dbedit create requests '0' ApplicationGroup objects
2020-04-28 17:26:39,201 - __main__ - INFO - Panorama 'global': dbedit create requests '0' ApplicationFilter objects
2020-04-28 17:26:39,201 - __main__ - INFO - Panorama 'global': dbedit create requests '0' ServiceObject objects
2020-04-28 17:26:39,202 - __main__ - INFO - Panorama 'global': dbedit create requests '0' ServiceGroup objects
2020-04-28 17:26:39,203 - __main__ - INFO - Panorama 'global': dbedit create requests '0' Tag objects
2020-04-28 17:26:39,204 - __main__ - INFO - Panorama 'global': dbedit create requests '0' PreSecurityRule objects
2020-04-28 17:26:39,209 - __main__ - INFO - Panorama 'global': dbedit create requests '0' PreNatRule objects
2020-04-28 17:26:39,209 - __main__ - INFO - Panorama 'global': dbedit create requests '0' PostSecurityRule objects
2020-04-28 17:26:39,210 - __main__ - INFO - Panorama 'global': dbedit create requests '0' PostNatRule objects
2020-04-28 17:26:39,210 - __main__ - INFO - Panorama 'usdal1-03pac01-mgt.ip.mrshmc.com' dbedit update checking...
2020-04-28 17:26:39,211 - __main__ - INFO - Panorama 'global': dbedit delete requests '0' DeleteObject objects
2020-04-28 17:26:39,211 - __main__ - INFO - Panorama 'global': dbedit delete requests '0' Dip objects
2020-04-28 17:26:39,217 - __main__ - INFO - Panorama 'global': dbedit rename requests '0' RenameObject objects
2020-04-28 17:26:39,225 - __main__ - INFO - Panorama 'global': dbedit create requests '0' Dip objects
2020-04-28 17:26:39,226 - __main__ - INFO - Panorama 'global': dbedit create requests '231' AddressObject objects
2020-04-28 17:26:39,226 - __main__ - INFO - Panorama 'global': dbedit create requests '3' AddressGroup objects
2020-04-28 17:26:39,226 - __main__ - INFO - Panorama 'global': dbedit create requests '0' ApplicationObject objects
2020-04-28 17:26:39,227 - __main__ - INFO - Panorama 'global': dbedit create requests '0' ApplicationGroup objects
2020-04-28 17:26:39,227 - __main__ - INFO - Panorama 'global': dbedit create requests '0' ApplicationFilter objects
2020-04-28 17:26:39,229 - __main__ - INFO - Panorama 'global': dbedit create requests '0' ServiceObject objects
2020-04-28 17:26:39,229 - __main__ - INFO - Panorama 'global': dbedit create requests '0' ServiceGroup objects
2020-04-28 17:26:39,229 - __main__ - INFO - Panorama 'global': dbedit create requests '0' Tag objects
2020-04-28 17:26:39,230 - __main__ - INFO - Panorama 'global': dbedit create requests '0' PreSecurityRule objects
2020-04-28 17:26:39,230 - __main__ - INFO - Panorama 'global': dbedit create requests '0' PreNatRule objects
2020-04-28 17:26:39,230 - __main__ - INFO - Panorama 'global': dbedit create requests '0' PostSecurityRule objects
2020-04-28 17:26:39,230 - __main__ - INFO - Panorama 'global': dbedit create requests '0' PostNatRule objects
2020-04-28 17:26:39,231 - __main__ - INFO - Panorama 'usdal1-03pac01-mgt.ip.mrshmc.com': Updating objects, (action 'create')
2020-04-28 17:26:39,231 - __main__ - INFO - Panorama 'usdal1-03pac01-mgt.ip.mrshmc.com': TEST MODE - not creating AddressObject 'H-10.1.0.0-32'. TEST!
2020-04-28 17:26:39,231 - __main__ - INFO - Panorama 'usdal1-03pac01-mgt.ip.mrshmc.com': TEST MODE - not creating AddressObject 'H-10.172.100.15-32'. TEST!
2020-04-28 17:26:39,231 - __main__ - INFO - Panorama 'usdal1-03pac01-mgt.ip.mrshmc.com': TEST MODE - not creating AddressObject 'H-10.197.101.48-32'. TEST!
2020-04-28 17:26:39,231 - __main__ - INFO - Panorama 'usdal1-03pac01-mgt.ip.mrshmc.com': TEST MODE - not creating AddressObject 'H-10.227.52.11-32'. TEST!
2020-04-28 17:26:39,231 - __main__ - INFO - Panorama 'usdal1-03pac01-mgt.ip.mrshmc.com': TEST MODE - not creating AddressObject 'H-10.50.149.30-32'. TEST!
2020-04-28 17:26:39,231 - __main__ - INFO - Panorama 'usdal1-03pac01-mgt.ip.mrshmc.com': TEST MODE - not creating AddressObject 'H-10.50.199.100-32'. TEST!
2020-04-28 17:26:39,231 - __main__ - INFO - Panorama 'usdal1-03pac01-mgt.ip.mrshmc.com': TEST MODE - not creating AddressObject 'H-10.52.0.3-32'. TEST!
2020-04-28 17:26:39,232 - __main__ - INFO - Panorama 'usdal1-03pac01-mgt.ip.mrshmc.com': TEST MODE - not creating AddressObject 'H-10.52.0.4-32'. TEST!
2020-04-28 17:26:39,232 - __main__ - INFO - Panorama 'usdal1-03pac01-mgt.ip.mrshmc.com': TEST MODE - not creating AddressObject 'H-10.52.31.100-32'. TEST!
2020-04-28 17:26:39,232 - __main__ - WARNING - Panorama 'usdal1-03pac01-mgt.ip.mrshmc.com': Not attempting to create AddressObject 'H-10.52.35.231-32'. Already exists! Skipping...
2020-04-28 17:26:39,232 - __main__ - WARNING - Panorama 'usdal1-03pac01-mgt.ip.mrshmc.com': Not attempting to create AddressObject 'H-10.52.35.232-32'. Already exists! Skipping...
2020-04-28 17:26:39,232 - __main__ - WARNING - Panorama 'usdal1-03pac01-mgt.ip.mrshmc.com': Not attempting to create AddressObject 'H-10.52.35.233-32'. Already exists! Skipping...
2020-04-28 17:26:39,232 - __main__ - WARNING - Panorama 'usdal1-03pac01-mgt.ip.mrshmc.com': Not attempting to create AddressObject 'H-10.52.35.235-32'. Already exists! Skipping...
2020-04-28 17:26:39,232 - __main__ - WARNING - Panorama 'usdal1-03pac01-mgt.ip.mrshmc.com': Not attempting to create AddressObject 'H-10.52.35.236-32'. Already exists! Skipping...
2020-04-28 17:26:39,232 - __main__ - WARNING - Panorama 'usdal1-03pac01-mgt.ip.mrshmc.com': Not attempting to create AddressObject 'H-10.52.35.237-32'. Already exists! Skipping...
2020-04-28 17:26:39,232 - __main__ - WARNING - Panorama 'usdal1-03pac01-mgt.ip.mrshmc.com': Not attempting to create AddressObject 'H-10.52.35.238-32'. Already exists! Skipping...
2020-04-28 17:26:39,232 - __main__ - INFO - Panorama 'usdal1-03pac01-mgt.ip.mrshmc.com': TEST MODE - not creating AddressObject 'H-10.52.35.240-32'. TEST!
2020-04-28 17:26:39,233 - __main__ - INFO - Panorama 'usdal1-03pac01-mgt.ip.mrshmc.com': TEST MODE - not creating AddressObject 'H-10.52.35.241-32'. TEST!
2020-04-28 17:26:39,233 - __main__ - INFO - Panorama 'usdal1-03pac01-mgt.ip.mrshmc.com': TEST MODE - not creating AddressObject 'H-108.129.62.47-32'. TEST!
2020-04-28 17:26:39,233 - __main__ - INFO - Panorama 'usdal1-03pac01-mgt.ip.mrshmc.com': TEST MODE - not creating AddressObject 'H-119.205.211.41-32'. TEST!
2020-04-28 17:26:39,233 - __main__ - INFO - Panorama 'usdal1-03pac01-mgt.ip.mrshmc.com': TEST MODE - not creating AddressObject 'H-121.14.119.115-32'. TEST!
2020-04-28 17:26:39,233 - __main__ - INFO - Panorama 'usdal1-03pac01-mgt.ip.mrshmc.com': TEST MODE - not creating AddressObject 'H-121.14.119.116-32'. TEST!
2020-04-28 17:26:39,233 - __main__ - INFO - Panorama 'usdal1-03pac01-mgt.ip.mrshmc.com': TEST MODE - not creating AddressObject 'H-121.14.119.117-32'. TEST!
2020-04-28 17:26:39,233 - __main__ - INFO - Panorama 'usdal1-03pac01-mgt.ip.mrshmc.com': TEST MODE - not creating AddressObject 'H-121.14.119.118-32'. TEST!
2020-04-28 17:26:39,233 - __main__ - INFO - Panorama 'usdal1-03pac01-mgt.ip.mrshmc.com': TEST MODE - not creating AddressObject 'H-138.235.33.0-32'. TEST!
2020-04-28 17:26:39,233 - __main__ - INFO - Panorama 'usdal1-03pac01-mgt.ip.mrshmc.com': TEST MODE - not creating AddressObject 'H-165.225.114.251-32'. TEST!
2020-04-28 17:26:39,233 - __main__ - INFO - Panorama 'usdal1-03pac01-mgt.ip.mrshmc.com': TEST MODE - not creating AddressObject 'H-165.225.114.252-32'. TEST!
2020-04-28 17:26:39,234 - __main__ - INFO - Panorama 'usdal1-03pac01-mgt.ip.mrshmc.com': TEST MODE - not creating AddressObject 'H-165.225.114.253-32'. TEST!
2020-04-28 17:26:39,234 - __main__ - INFO - Panorama 'usdal1-03pac01-mgt.ip.mrshmc.com': TEST MODE - not creating AddressObject 'H-165.225.114.254-32'. TEST!
2020-04-28 17:26:39,234 - __main__ - INFO - Panorama 'usdal1-03pac01-mgt.ip.mrshmc.com': TEST MODE - not creating AddressObject 'H-168.74.30.200-32'. TEST!
2020-04-28 17:26:39,234 - __main__ - INFO - Panorama 'usdal1-03pac01-mgt.ip.mrshmc.com': TEST MODE - not creating AddressObject 'H-172.79.6.38-32'. TEST!
2020-04-28 17:26:39,234 - __main__ - INFO - Panorama 'usdal1-03pac01-mgt.ip.mrshmc.com': TEST MODE - not creating AddressObject 'H-174.136.6.130-32'. TEST!
2020-04-28 17:26:39,234 - __main__ - INFO - Panorama 'usdal1-03pac01-mgt.ip.mrshmc.com': TEST MODE - not creating AddressObject 'H-18.229.56.203-32'. TEST!
2020-04-28 17:26:39,234 - __main__ - INFO - Panorama 'usdal1-03pac01-mgt.ip.mrshmc.com': TEST MODE - not creating AddressObject 'H-196.33.216.123-32'. TEST!
2020-04-28 17:26:39,234 - __main__ - INFO - Panorama 'usdal1-03pac01-mgt.ip.mrshmc.com': TEST MODE - not creating AddressObject 'H-198.105.200.23-32'. TEST!
2020-04-28 17:26:39,234 - __main__ - INFO - Panorama 'usdal1-03pac01-mgt.ip.mrshmc.com': TEST MODE - not creating AddressObject 'H-198.105.202.16-32'. TEST!
2020-04-28 17:26:39,234 - __main__ - INFO - Panorama 'usdal1-03pac01-mgt.ip.mrshmc.com': TEST MODE - not creating AddressObject 'H-202.49.83.36-32'. TEST!
2020-04-28 17:26:39,235 - __main__ - INFO - Panorama 'usdal1-03pac01-mgt.ip.mrshmc.com': TEST MODE - not creating AddressObject 'H-203.121.101.89-32'. TEST!
2020-04-28 17:26:39,235 - __main__ - INFO - Panorama 'usdal1-03pac01-mgt.ip.mrshmc.com': TEST MODE - not creating AddressObject 'H-203.147.144.68-32'. TEST!
2020-04-28 17:26:39,235 - __main__ - INFO - Panorama 'usdal1-03pac01-mgt.ip.mrshmc.com': TEST MODE - not creating AddressObject 'H-203.152.105.111-32'. TEST!
2020-04-28 17:26:39,235 - __main__ - INFO - Panorama 'usdal1-03pac01-mgt.ip.mrshmc.com': TEST MODE - not creating AddressObject 'H-203.21.58.7-32'. TEST!
2020-04-28 17:26:39,235 - __main__ - INFO - Panorama 'usdal1-03pac01-mgt.ip.mrshmc.com': TEST MODE - not creating AddressObject 'H-203.233.91.35-32'. TEST!
2020-04-28 17:26:39,235 - __main__ - INFO - Panorama 'usdal1-03pac01-mgt.ip.mrshmc.com': TEST MODE - not creating AddressObject 'H-203.233.91.71-32'. TEST!
2020-04-28 17:26:39,235 - __main__ - INFO - Panorama 'usdal1-03pac01-mgt.ip.mrshmc.com': TEST MODE - not creating AddressObject 'H-203.4.129.226-32'. TEST!
2020-04-28 17:26:39,235 - __main__ - INFO - Panorama 'usdal1-03pac01-mgt.ip.mrshmc.com': TEST MODE - not creating AddressObject 'H-203.86.1.232-32'. TEST!
2020-04-28 17:26:39,235 - __main__ - INFO - Panorama 'usdal1-03pac01-mgt.ip.mrshmc.com': TEST MODE - not creating AddressObject 'H-203.86.1.233-32'. TEST!
2020-04-28 17:26:39,235 - __main__ - INFO - Panorama 'usdal1-03pac01-mgt.ip.mrshmc.com': TEST MODE - not creating AddressObject 'H-203.86.1.235-32'. TEST!
2020-04-28 17:26:39,236 - __main__ - INFO - Panorama 'usdal1-03pac01-mgt.ip.mrshmc.com': TEST MODE - not creating AddressObject 'H-203.86.1.238-32'. TEST!
2020-04-28 17:26:39,236 - __main__ - INFO - Panorama 'usdal1-03pac01-mgt.ip.mrshmc.com': TEST MODE - not creating AddressObject 'H-205.156.70.10-32'. TEST!
2020-04-28 17:26:39,236 - __main__ - WARNING - Panorama 'usdal1-03pac01-mgt.ip.mrshmc.com': Not attempting to create AddressObject 'H-205.156.70.12-32'. Already exists! Skipping...
2020-04-28 17:26:39,236 - __main__ - INFO - Panorama 'usdal1-03pac01-mgt.ip.mrshmc.com': TEST MODE - not creating AddressObject 'H-205.156.88.1-32'. TEST!
2020-04-28 17:26:39,236 - __main__ - INFO - Panorama 'usdal1-03pac01-mgt.ip.mrshmc.com': TEST MODE - not creating AddressObject 'H-205.156.88.2-32'. TEST!
2020-04-28 17:26:39,236 - __main__ - INFO - Panorama 'usdal1-03pac01-mgt.ip.mrshmc.com': TEST MODE - not creating AddressObject 'H-205.156.88.234-32'. TEST!
2020-04-28 17:26:39,236 - __main__ - INFO - Panorama 'usdal1-03pac01-mgt.ip.mrshmc.com': TEST MODE - not creating AddressObject 'H-205.156.88.235-32'. TEST!
2020-04-28 17:26:39,236 - __main__ - INFO - Panorama 'usdal1-03pac01-mgt.ip.mrshmc.com': TEST MODE - not creating AddressObject 'H-205.156.88.3-32'. TEST!
2020-04-28 17:26:39,237 - __main__ - INFO - Panorama 'usdal1-03pac01-mgt.ip.mrshmc.com': TEST MODE - not creating AddressObject 'H-205.156.88.4-32'. TEST!
2020-04-28 17:26:39,237 - __main__ - WARNING - Panorama 'usdal1-03pac01-mgt.ip.mrshmc.com': Not attempting to create AddressObject 'H-205.156.94.10-32'. Already exists! Skipping...
2020-04-28 17:26:39,237 - __main__ - INFO - Panorama 'usdal1-03pac01-mgt.ip.mrshmc.com': TEST MODE - not creating AddressObject 'H-205.156.94.12-32'. TEST!
2020-04-28 17:26:39,237 - __main__ - INFO - Panorama 'usdal1-03pac01-mgt.ip.mrshmc.com': TEST MODE - not creating AddressObject 'H-206.100.1.124-32'. TEST!
2020-04-28 17:26:39,237 - __main__ - INFO - Panorama 'usdal1-03pac01-mgt.ip.mrshmc.com': TEST MODE - not creating AddressObject 'H-207.223.240.120-32'. TEST!
2020-04-28 17:26:39,237 - __main__ - INFO - Panorama 'usdal1-03pac01-mgt.ip.mrshmc.com': TEST MODE - not creating AddressObject 'H-210.22.12.34-32'. TEST!
2020-04-28 17:26:39,244 - __main__ - INFO - Panorama 'usdal1-03pac01-mgt.ip.mrshmc.com': TEST MODE - not creating AddressObject 'H-210.22.12.48-32'. TEST!
2020-04-28 17:26:39,245 - __main__ - INFO - Panorama 'usdal1-03pac01-mgt.ip.mrshmc.com': TEST MODE - not creating AddressObject 'H-210.22.12.49-32'. TEST!
2020-04-28 17:26:39,245 - __main__ - INFO - Panorama 'usdal1-03pac01-mgt.ip.mrshmc.com': TEST MODE - not creating AddressObject 'H-210.24.138.162-32'. TEST!
2020-04-28 17:26:39,245 - __main__ - INFO - Panorama 'usdal1-03pac01-mgt.ip.mrshmc.com': TEST MODE - not creating AddressObject 'H-211.154.129.207-32'. TEST!
2020-04-28 17:26:39,246 - __main__ - INFO - Panorama 'usdal1-03pac01-mgt.ip.mrshmc.com': TEST MODE - not creating AddressObject 'H-211.35.96.26-32'. TEST!
2020-04-28 17:26:39,246 - __main__ - INFO - Panorama 'usdal1-03pac01-mgt.ip.mrshmc.com': TEST MODE - not creating AddressObject 'H-211.35.96.43-32'. TEST!
2020-04-28 17:26:39,246 - __main__ - INFO - Panorama 'usdal1-03pac01-mgt.ip.mrshmc.com': TEST MODE - not creating AddressObject 'H-211.36.85.94-32'. TEST!
2020-04-28 17:26:39,247 - __main__ - INFO - Panorama 'usdal1-03pac01-mgt.ip.mrshmc.com': TEST MODE - not creating AddressObject 'H-211.42.85.240-32'. TEST!
2020-04-28 17:26:39,247 - __main__ - INFO - Panorama 'usdal1-03pac01-mgt.ip.mrshmc.com': TEST MODE - not creating AddressObject 'H-212.187.211.5-32'. TEST!
2020-04-28 17:26:39,247 - __main__ - INFO - Panorama 'usdal1-03pac01-mgt.ip.mrshmc.com': TEST MODE - not creating AddressObject 'H-219.134.132.36-32'. TEST!
2020-04-28 17:26:39,247 - __main__ - INFO - Panorama 'usdal1-03pac01-mgt.ip.mrshmc.com': TEST MODE - not creating AddressObject 'H-219.134.132.37-32'. TEST!
2020-04-28 17:26:39,247 - __main__ - INFO - Panorama 'usdal1-03pac01-mgt.ip.mrshmc.com': TEST MODE - not creating AddressObject 'H-220.103.253.231-32'. TEST!
2020-04-28 17:26:39,248 - __main__ - INFO - Panorama 'usdal1-03pac01-mgt.ip.mrshmc.com': TEST MODE - not creating AddressObject 'H-220.112.39.14-32'. TEST!
2020-04-28 17:26:39,248 - __main__ - INFO - Panorama 'usdal1-03pac01-mgt.ip.mrshmc.com': TEST MODE - not creating AddressObject 'H-220.112.40.167-32'. TEST!
2020-04-28 17:26:39,248 - __main__ - WARNING - Panorama 'usdal1-03pac01-mgt.ip.mrshmc.com': Not attempting to create AddressObject 'H-220.112.42.8-32'. Already exists! Skipping...
2020-04-28 17:26:39,249 - __main__ - INFO - Panorama 'usdal1-03pac01-mgt.ip.mrshmc.com': TEST MODE - not creating AddressObject 'H-220.231.180.167-32'. TEST!
2020-04-28 17:26:39,249 - __main__ - INFO - Panorama 'usdal1-03pac01-mgt.ip.mrshmc.com': TEST MODE - not creating AddressObject 'H-220.73.215.84-32'. TEST!
2020-04-28 17:26:39,249 - __main__ - INFO - Panorama 'usdal1-03pac01-mgt.ip.mrshmc.com': TEST MODE - not creating AddressObject 'H-221.228.198.144-32'. TEST!
2020-04-28 17:26:39,249 - __main__ - INFO - Panorama 'usdal1-03pac01-mgt.ip.mrshmc.com': TEST MODE - not creating AddressObject 'H-221.228.198.151-32'. TEST!
2020-04-28 17:26:39,249 - __main__ - INFO - Panorama 'usdal1-03pac01-mgt.ip.mrshmc.com': TEST MODE - not creating AddressObject 'H-3.10.8.220-32'. TEST!
2020-04-28 17:26:39,249 - __main__ - INFO - Panorama 'usdal1-03pac01-mgt.ip.mrshmc.com': TEST MODE - not creating AddressObject 'H-3.105.227.19-32'. TEST!
2020-04-28 17:26:39,249 - __main__ - INFO - Panorama 'usdal1-03pac01-mgt.ip.mrshmc.com': TEST MODE - not creating AddressObject 'H-38.103.25.180-32'. TEST!
2020-04-28 17:26:39,250 - __main__ - INFO - Panorama 'usdal1-03pac01-mgt.ip.mrshmc.com': TEST MODE - not creating AddressObject 'H-52.196.118.63-32'. TEST!
2020-04-28 17:26:39,250 - __main__ - INFO - Panorama 'usdal1-03pac01-mgt.ip.mrshmc.com': TEST MODE - not creating AddressObject 'H-52.63.58.54-32'. TEST!
2020-04-28 17:26:39,250 - __main__ - INFO - Panorama 'usdal1-03pac01-mgt.ip.mrshmc.com': TEST MODE - not creating AddressObject 'H-52.63.91.200-32'. TEST!
2020-04-28 17:26:39,250 - __main__ - INFO - Panorama 'usdal1-03pac01-mgt.ip.mrshmc.com': TEST MODE - not creating AddressObject 'H-52.65.142.146-32'. TEST!
2020-04-28 17:26:39,250 - __main__ - INFO - Panorama 'usdal1-03pac01-mgt.ip.mrshmc.com': TEST MODE - not creating AddressObject 'H-52.65.152.196-32'. TEST!
2020-04-28 17:26:39,250 - __main__ - INFO - Panorama 'usdal1-03pac01-mgt.ip.mrshmc.com': TEST MODE - not creating AddressObject 'H-54.252.36.101-32'. TEST!
2020-04-28 17:26:39,250 - __main__ - INFO - Panorama 'usdal1-03pac01-mgt.ip.mrshmc.com': TEST MODE - not creating AddressObject 'H-57.250.231.200-32'. TEST!
2020-04-28 17:26:39,250 - __main__ - INFO - Panorama 'usdal1-03pac01-mgt.ip.mrshmc.com': TEST MODE - not creating AddressObject 'H-58.26.83.218-32'. TEST!
2020-04-28 17:26:39,250 - __main__ - INFO - Panorama 'usdal1-03pac01-mgt.ip.mrshmc.com': TEST MODE - not creating AddressObject 'H-58.26.83.253-32'. TEST!
2020-04-28 17:26:39,251 - __main__ - INFO - Panorama 'usdal1-03pac01-mgt.ip.mrshmc.com': TEST MODE - not creating AddressObject 'H-59.100.100.12-32'. TEST!
2020-04-28 17:26:39,251 - __main__ - INFO - Panorama 'usdal1-03pac01-mgt.ip.mrshmc.com': TEST MODE - not creating AddressObject 'H-59.100.101.12-32'. TEST!
2020-04-28 17:26:39,251 - __main__ - INFO - Panorama 'usdal1-03pac01-mgt.ip.mrshmc.com': TEST MODE - not creating AddressObject 'H-80.127.122.74-32'. TEST!
2020-04-28 17:26:39,251 - __main__ - INFO - Panorama 'usdal1-03pac01-mgt.ip.mrshmc.com': TEST MODE - not creating AddressObject 'H-92.168.29.235-32'. TEST!
2020-04-28 17:26:39,251 - __main__ - INFO - Panorama 'usdal1-03pac01-mgt.ip.mrshmc.com': TEST MODE - not creating AddressObject 'H-92.168.29.236-32'. TEST!
2020-04-28 17:26:39,251 - __main__ - INFO - Panorama 'usdal1-03pac01-mgt.ip.mrshmc.com': TEST MODE - not creating AddressObject 'N-10.100.178.0-24'. TEST!
2020-04-28 17:26:39,251 - __main__ - INFO - Panorama 'usdal1-03pac01-mgt.ip.mrshmc.com': TEST MODE - not creating AddressObject 'N-10.120.198.0-24'. TEST!
2020-04-28 17:26:39,251 - __main__ - INFO - Panorama 'usdal1-03pac01-mgt.ip.mrshmc.com': TEST MODE - not creating AddressObject 'N-10.121.80.0-24'. TEST!
2020-04-28 17:26:39,251 - __main__ - INFO - Panorama 'usdal1-03pac01-mgt.ip.mrshmc.com': TEST MODE - not creating AddressObject 'N-10.121.85.0-24'. TEST!
2020-04-28 17:26:39,252 - __main__ - INFO - Panorama 'usdal1-03pac01-mgt.ip.mrshmc.com': TEST MODE - not creating AddressObject 'N-10.121.86.0-24'. TEST!
2020-04-28 17:26:39,252 - __main__ - INFO - Panorama 'usdal1-03pac01-mgt.ip.mrshmc.com': TEST MODE - not creating AddressObject 'N-10.121.87.0-24'. TEST!
2020-04-28 17:26:39,252 - __main__ - INFO - Panorama 'usdal1-03pac01-mgt.ip.mrshmc.com': TEST MODE - not creating AddressObject 'N-10.121.90.0-24'. TEST!
2020-04-28 17:26:39,252 - __main__ - INFO - Panorama 'usdal1-03pac01-mgt.ip.mrshmc.com': TEST MODE - not creating AddressObject 'N-10.122.1.0-24'. TEST!
2020-04-28 17:26:39,252 - __main__ - INFO - Panorama 'usdal1-03pac01-mgt.ip.mrshmc.com': TEST MODE - not creating AddressObject 'N-10.122.42.0-24'. TEST!
2020-04-28 17:26:39,252 - __main__ - INFO - Panorama 'usdal1-03pac01-mgt.ip.mrshmc.com': TEST MODE - not creating AddressObject 'N-10.122.44.0-24'. TEST!
2020-04-28 17:26:39,252 - __main__ - INFO - Panorama 'usdal1-03pac01-mgt.ip.mrshmc.com': TEST MODE - not creating AddressObject 'N-10.122.46.0-24'. TEST!
2020-04-28 17:26:39,252 - __main__ - INFO - Panorama 'usdal1-03pac01-mgt.ip.mrshmc.com': TEST MODE - not creating AddressObject 'N-10.122.48.0-24'. TEST!
2020-04-28 17:26:39,252 - __main__ - INFO - Panorama 'usdal1-03pac01-mgt.ip.mrshmc.com': TEST MODE - not creating AddressObject 'N-10.16.141.0-24'. TEST!
2020-04-28 17:26:39,252 - __main__ - INFO - Panorama 'usdal1-03pac01-mgt.ip.mrshmc.com': TEST MODE - not creating AddressObject 'N-10.16.144.0-24'. TEST!
2020-04-28 17:26:39,253 - __main__ - INFO - Panorama 'usdal1-03pac01-mgt.ip.mrshmc.com': TEST MODE - not creating AddressObject 'N-10.16.145.0-24'. TEST!
2020-04-28 17:26:39,253 - __main__ - INFO - Panorama 'usdal1-03pac01-mgt.ip.mrshmc.com': TEST MODE - not creating AddressObject 'N-10.16.150.0-24'. TEST!
2020-04-28 17:26:39,258 - __main__ - INFO - Panorama 'usdal1-03pac01-mgt.ip.mrshmc.com': TEST MODE - not creating AddressObject 'N-10.16.151.0-24'. TEST!
2020-04-28 17:26:39,258 - __main__ - INFO - Panorama 'usdal1-03pac01-mgt.ip.mrshmc.com': TEST MODE - not creating AddressObject 'N-10.16.154.0-24'. TEST!
2020-04-28 17:26:39,258 - __main__ - INFO - Panorama 'usdal1-03pac01-mgt.ip.mrshmc.com': TEST MODE - not creating AddressObject 'N-10.16.155.0-24'. TEST!
2020-04-28 17:26:39,259 - __main__ - INFO - Panorama 'usdal1-03pac01-mgt.ip.mrshmc.com': TEST MODE - not creating AddressObject 'N-10.16.160.0-24'. TEST!
2020-04-28 17:26:39,259 - __main__ - INFO - Panorama 'usdal1-03pac01-mgt.ip.mrshmc.com': TEST MODE - not creating AddressObject 'N-10.16.161.0-24'. TEST!
2020-04-28 17:26:39,259 - __main__ - INFO - Panorama 'usdal1-03pac01-mgt.ip.mrshmc.com': TEST MODE - not creating AddressObject 'N-10.16.162.0-24'. TEST!
2020-04-28 17:26:39,259 - __main__ - INFO - Panorama 'usdal1-03pac01-mgt.ip.mrshmc.com': TEST MODE - not creating AddressObject 'N-10.16.163.0-24'. TEST!
2020-04-28 17:26:39,260 - __main__ - INFO - Panorama 'usdal1-03pac01-mgt.ip.mrshmc.com': TEST MODE - not creating AddressObject 'N-10.16.164.0-24'. TEST!
2020-04-28 17:26:39,260 - __main__ - INFO - Panorama 'usdal1-03pac01-mgt.ip.mrshmc.com': TEST MODE - not creating AddressObject 'N-10.16.165.0-24'. TEST!
2020-04-28 17:26:39,260 - __main__ - INFO - Panorama 'usdal1-03pac01-mgt.ip.mrshmc.com': TEST MODE - not creating AddressObject 'N-10.16.171.0-24'. TEST!
2020-04-28 17:26:39,260 - __main__ - INFO - Panorama 'usdal1-03pac01-mgt.ip.mrshmc.com': TEST MODE - not creating AddressObject 'N-10.16.172.0-24'. TEST!
2020-04-28 17:26:39,260 - __main__ - INFO - Panorama 'usdal1-03pac01-mgt.ip.mrshmc.com': TEST MODE - not creating AddressObject 'N-10.16.173.0-24'. TEST!
2020-04-28 17:26:39,260 - __main__ - INFO - Panorama 'usdal1-03pac01-mgt.ip.mrshmc.com': TEST MODE - not creating AddressObject 'N-10.16.174.0-24'. TEST!
2020-04-28 17:26:39,260 - __main__ - INFO - Panorama 'usdal1-03pac01-mgt.ip.mrshmc.com': TEST MODE - not creating AddressObject 'N-10.16.175.0-24'. TEST!
2020-04-28 17:26:39,260 - __main__ - INFO - Panorama 'usdal1-03pac01-mgt.ip.mrshmc.com': TEST MODE - not creating AddressObject 'N-10.16.214.0-24'. TEST!
2020-04-28 17:26:39,260 - __main__ - INFO - Panorama 'usdal1-03pac01-mgt.ip.mrshmc.com': TEST MODE - not creating AddressObject 'N-10.16.215.0-24'. TEST!
2020-04-28 17:26:39,261 - __main__ - INFO - Panorama 'usdal1-03pac01-mgt.ip.mrshmc.com': TEST MODE - not creating AddressObject 'N-10.16.224.0-24'. TEST!
2020-04-28 17:26:39,261 - __main__ - INFO - Panorama 'usdal1-03pac01-mgt.ip.mrshmc.com': TEST MODE - not creating AddressObject 'N-10.16.225.0-24'. TEST!
2020-04-28 17:26:39,261 - __main__ - INFO - Panorama 'usdal1-03pac01-mgt.ip.mrshmc.com': TEST MODE - not creating AddressObject 'N-10.16.234.0-24'. TEST!
2020-04-28 17:26:39,261 - __main__ - INFO - Panorama 'usdal1-03pac01-mgt.ip.mrshmc.com': TEST MODE - not creating AddressObject 'N-10.16.235.0-24'. TEST!
2020-04-28 17:26:39,261 - __main__ - INFO - Panorama 'usdal1-03pac01-mgt.ip.mrshmc.com': TEST MODE - not creating AddressObject 'N-10.16.244.0-24'. TEST!
2020-04-28 17:26:39,261 - __main__ - INFO - Panorama 'usdal1-03pac01-mgt.ip.mrshmc.com': TEST MODE - not creating AddressObject 'N-10.16.245.0-24'. TEST!
2020-04-28 17:26:39,261 - __main__ - INFO - Panorama 'usdal1-03pac01-mgt.ip.mrshmc.com': TEST MODE - not creating AddressObject 'N-10.170.46.0-23'. TEST!
2020-04-28 17:26:39,261 - __main__ - INFO - Panorama 'usdal1-03pac01-mgt.ip.mrshmc.com': TEST MODE - not creating AddressObject 'N-10.18.139.0-24'. TEST!
2020-04-28 17:26:39,261 - __main__ - INFO - Panorama 'usdal1-03pac01-mgt.ip.mrshmc.com': TEST MODE - not creating AddressObject 'N-10.18.140.0-24'. TEST!
2020-04-28 17:26:39,261 - __main__ - INFO - Panorama 'usdal1-03pac01-mgt.ip.mrshmc.com': TEST MODE - not creating AddressObject 'N-10.18.141.0-24'. TEST!
2020-04-28 17:26:39,262 - __main__ - INFO - Panorama 'usdal1-03pac01-mgt.ip.mrshmc.com': TEST MODE - not creating AddressObject 'N-10.18.142.0-24'. TEST!
2020-04-28 17:26:39,262 - __main__ - INFO - Panorama 'usdal1-03pac01-mgt.ip.mrshmc.com': TEST MODE - not creating AddressObject 'N-10.18.144.0-24'. TEST!
2020-04-28 17:26:39,262 - __main__ - INFO - Panorama 'usdal1-03pac01-mgt.ip.mrshmc.com': TEST MODE - not creating AddressObject 'N-10.18.145.0-24'. TEST!
2020-04-28 17:26:39,262 - __main__ - INFO - Panorama 'usdal1-03pac01-mgt.ip.mrshmc.com': TEST MODE - not creating AddressObject 'N-10.18.146.0-24'. TEST!
2020-04-28 17:26:39,262 - __main__ - INFO - Panorama 'usdal1-03pac01-mgt.ip.mrshmc.com': TEST MODE - not creating AddressObject 'N-10.18.147.0-24'. TEST!
2020-04-28 17:26:39,262 - __main__ - INFO - Panorama 'usdal1-03pac01-mgt.ip.mrshmc.com': TEST MODE - not creating AddressObject 'N-10.18.149.0-24'. TEST!
2020-04-28 17:26:39,262 - __main__ - INFO - Panorama 'usdal1-03pac01-mgt.ip.mrshmc.com': TEST MODE - not creating AddressObject 'N-10.18.150.0-24'. TEST!
2020-04-28 17:26:39,262 - __main__ - INFO - Panorama 'usdal1-03pac01-mgt.ip.mrshmc.com': TEST MODE - not creating AddressObject 'N-10.18.151.0-24'. TEST!
2020-04-28 17:26:39,262 - __main__ - INFO - Panorama 'usdal1-03pac01-mgt.ip.mrshmc.com': TEST MODE - not creating AddressObject 'N-10.18.152.0-24'. TEST!
2020-04-28 17:26:39,263 - __main__ - INFO - Panorama 'usdal1-03pac01-mgt.ip.mrshmc.com': TEST MODE - not creating AddressObject 'N-10.18.154.0-24'. TEST!
2020-04-28 17:26:39,263 - __main__ - INFO - Panorama 'usdal1-03pac01-mgt.ip.mrshmc.com': TEST MODE - not creating AddressObject 'N-10.18.155.0-24'. TEST!
2020-04-28 17:26:39,263 - __main__ - INFO - Panorama 'usdal1-03pac01-mgt.ip.mrshmc.com': TEST MODE - not creating AddressObject 'N-10.18.156.0-24'. TEST!
2020-04-28 17:26:39,263 - __main__ - INFO - Panorama 'usdal1-03pac01-mgt.ip.mrshmc.com': TEST MODE - not creating AddressObject 'N-10.18.157.0-24'. TEST!
2020-04-28 17:26:39,263 - __main__ - INFO - Panorama 'usdal1-03pac01-mgt.ip.mrshmc.com': TEST MODE - not creating AddressObject 'N-10.18.160.0-24'. TEST!
2020-04-28 17:26:39,263 - __main__ - INFO - Panorama 'usdal1-03pac01-mgt.ip.mrshmc.com': TEST MODE - not creating AddressObject 'N-10.18.161.0-24'. TEST!
2020-04-28 17:26:39,263 - __main__ - INFO - Panorama 'usdal1-03pac01-mgt.ip.mrshmc.com': TEST MODE - not creating AddressObject 'N-10.18.162.0-24'. TEST!
2020-04-28 17:26:39,263 - __main__ - INFO - Panorama 'usdal1-03pac01-mgt.ip.mrshmc.com': TEST MODE - not creating AddressObject 'N-10.18.172.0-24'. TEST!
2020-04-28 17:26:39,264 - __main__ - INFO - Panorama 'usdal1-03pac01-mgt.ip.mrshmc.com': TEST MODE - not creating AddressObject 'N-10.18.173.0-24'. TEST!
2020-04-28 17:26:39,264 - __main__ - INFO - Panorama 'usdal1-03pac01-mgt.ip.mrshmc.com': TEST MODE - not creating AddressObject 'N-10.18.174.0-24'. TEST!
2020-04-28 17:26:39,264 - __main__ - INFO - Panorama 'usdal1-03pac01-mgt.ip.mrshmc.com': TEST MODE - not creating AddressObject 'N-10.19.102.0-24'. TEST!
2020-04-28 17:26:39,264 - __main__ - INFO - Panorama 'usdal1-03pac01-mgt.ip.mrshmc.com': TEST MODE - not creating AddressObject 'N-10.19.97.0-24'. TEST!
2020-04-28 17:26:39,264 - __main__ - INFO - Panorama 'usdal1-03pac01-mgt.ip.mrshmc.com': TEST MODE - not creating AddressObject 'N-10.19.99.0-24'. TEST!
2020-04-28 17:26:39,264 - __main__ - INFO - Panorama 'usdal1-03pac01-mgt.ip.mrshmc.com': TEST MODE - not creating AddressObject 'N-10.196.228.0-23'. TEST!
2020-04-28 17:26:39,264 - __main__ - INFO - Panorama 'usdal1-03pac01-mgt.ip.mrshmc.com': TEST MODE - not creating AddressObject 'N-10.196.68.0-22'. TEST!
2020-04-28 17:26:39,264 - __main__ - INFO - Panorama 'usdal1-03pac01-mgt.ip.mrshmc.com': TEST MODE - not creating AddressObject 'N-10.197.22.0-24'. TEST!
2020-04-28 17:26:39,265 - __main__ - INFO - Panorama 'usdal1-03pac01-mgt.ip.mrshmc.com': TEST MODE - not creating AddressObject 'N-10.227.92.0-22'. TEST!
2020-04-28 17:26:39,265 - __main__ - INFO - Panorama 'usdal1-03pac01-mgt.ip.mrshmc.com': TEST MODE - not creating AddressObject 'N-10.227.96.0-22'. TEST!
2020-04-28 17:26:39,265 - __main__ - INFO - Panorama 'usdal1-03pac01-mgt.ip.mrshmc.com': TEST MODE - not creating AddressObject 'N-10.26.14.0-24'. TEST!
2020-04-28 17:26:39,265 - __main__ - INFO - Panorama 'usdal1-03pac01-mgt.ip.mrshmc.com': TEST MODE - not creating AddressObject 'N-10.26.15.0-24'. TEST!
2020-04-28 17:26:39,265 - __main__ - INFO - Panorama 'usdal1-03pac01-mgt.ip.mrshmc.com': TEST MODE - not creating AddressObject 'N-10.26.16.0-24'. TEST!
2020-04-28 17:26:39,265 - __main__ - INFO - Panorama 'usdal1-03pac01-mgt.ip.mrshmc.com': TEST MODE - not creating AddressObject 'N-10.26.17.0-24'. TEST!
2020-04-28 17:26:39,265 - __main__ - INFO - Panorama 'usdal1-03pac01-mgt.ip.mrshmc.com': TEST MODE - not creating AddressObject 'N-10.26.23.0-24'. TEST!
2020-04-28 17:26:39,265 - __main__ - INFO - Panorama 'usdal1-03pac01-mgt.ip.mrshmc.com': TEST MODE - not creating AddressObject 'N-10.26.24.0-24'. TEST!
2020-04-28 17:26:39,271 - __main__ - INFO - Panorama 'usdal1-03pac01-mgt.ip.mrshmc.com': TEST MODE - not creating AddressObject 'N-10.26.25.0-24'. TEST!
2020-04-28 17:26:39,271 - __main__ - INFO - Panorama 'usdal1-03pac01-mgt.ip.mrshmc.com': TEST MODE - not creating AddressObject 'N-10.26.26.0-24'. TEST!
2020-04-28 17:26:39,271 - __main__ - INFO - Panorama 'usdal1-03pac01-mgt.ip.mrshmc.com': TEST MODE - not creating AddressObject 'N-10.31.154.0-24'. TEST!
2020-04-28 17:26:39,272 - __main__ - INFO - Panorama 'usdal1-03pac01-mgt.ip.mrshmc.com': TEST MODE - not creating AddressObject 'N-10.31.155.0-24'. TEST!
2020-04-28 17:26:39,272 - __main__ - INFO - Panorama 'usdal1-03pac01-mgt.ip.mrshmc.com': TEST MODE - not creating AddressObject 'N-10.31.157.0-24'. TEST!
2020-04-28 17:26:39,272 - __main__ - INFO - Panorama 'usdal1-03pac01-mgt.ip.mrshmc.com': TEST MODE - not creating AddressObject 'N-10.31.210.0-24'. TEST!
2020-04-28 17:26:39,272 - __main__ - INFO - Panorama 'usdal1-03pac01-mgt.ip.mrshmc.com': TEST MODE - not creating AddressObject 'N-10.31.213.0-24'. TEST!
2020-04-28 17:26:39,273 - __main__ - INFO - Panorama 'usdal1-03pac01-mgt.ip.mrshmc.com': TEST MODE - not creating AddressObject 'N-10.34.10.0-24'. TEST!
2020-04-28 17:26:39,273 - __main__ - INFO - Panorama 'usdal1-03pac01-mgt.ip.mrshmc.com': TEST MODE - not creating AddressObject 'N-10.34.13.0-24'. TEST!
2020-04-28 17:26:39,273 - __main__ - INFO - Panorama 'usdal1-03pac01-mgt.ip.mrshmc.com': TEST MODE - not creating AddressObject 'N-10.34.2.0-24'. TEST!
2020-04-28 17:26:39,273 - __main__ - INFO - Panorama 'usdal1-03pac01-mgt.ip.mrshmc.com': TEST MODE - not creating AddressObject 'N-10.34.5.0-24'. TEST!
2020-04-28 17:26:39,273 - __main__ - INFO - Panorama 'usdal1-03pac01-mgt.ip.mrshmc.com': TEST MODE - not creating AddressObject 'N-10.4.34.0-24'. TEST!
2020-04-28 17:26:39,273 - __main__ - INFO - Panorama 'usdal1-03pac01-mgt.ip.mrshmc.com': TEST MODE - not creating AddressObject 'N-10.4.35.0-24'. TEST!
2020-04-28 17:26:39,273 - __main__ - INFO - Panorama 'usdal1-03pac01-mgt.ip.mrshmc.com': TEST MODE - not creating AddressObject 'N-10.4.36.0-24'. TEST!
2020-04-28 17:26:39,273 - __main__ - INFO - Panorama 'usdal1-03pac01-mgt.ip.mrshmc.com': TEST MODE - not creating AddressObject 'N-10.4.38.0-24'. TEST!
2020-04-28 17:26:39,274 - __main__ - INFO - Panorama 'usdal1-03pac01-mgt.ip.mrshmc.com': TEST MODE - not creating AddressObject 'N-10.49.35.0-24'. TEST!
2020-04-28 17:26:39,274 - __main__ - INFO - Panorama 'usdal1-03pac01-mgt.ip.mrshmc.com': TEST MODE - not creating AddressObject 'N-10.5.226.0-24'. TEST!
2020-04-28 17:26:39,274 - __main__ - INFO - Panorama 'usdal1-03pac01-mgt.ip.mrshmc.com': TEST MODE - not creating AddressObject 'N-10.5.230.0-24'. TEST!
2020-04-28 17:26:39,274 - __main__ - INFO - Panorama 'usdal1-03pac01-mgt.ip.mrshmc.com': TEST MODE - not creating AddressObject 'N-10.5.234.0-24'. TEST!
2020-04-28 17:26:39,274 - __main__ - INFO - Panorama 'usdal1-03pac01-mgt.ip.mrshmc.com': TEST MODE - not creating AddressObject 'N-10.5.238.0-24'. TEST!
2020-04-28 17:26:39,274 - __main__ - INFO - Panorama 'usdal1-03pac01-mgt.ip.mrshmc.com': TEST MODE - not creating AddressObject 'N-10.50.120.0-24'. TEST!
2020-04-28 17:26:39,274 - __main__ - INFO - Panorama 'usdal1-03pac01-mgt.ip.mrshmc.com': TEST MODE - not creating AddressObject 'N-10.50.88.0-21'. TEST!
2020-04-28 17:26:39,274 - __main__ - INFO - Panorama 'usdal1-03pac01-mgt.ip.mrshmc.com': TEST MODE - not creating AddressObject 'N-10.50.96.0-21'. TEST!
2020-04-28 17:26:39,274 - __main__ - INFO - Panorama 'usdal1-03pac01-mgt.ip.mrshmc.com': TEST MODE - not creating AddressObject 'N-10.8.203.0-24'. TEST!
2020-04-28 17:26:39,274 - __main__ - INFO - Panorama 'usdal1-03pac01-mgt.ip.mrshmc.com': TEST MODE - not creating AddressObject 'N-10.8.204.0-24'. TEST!
2020-04-28 17:26:39,275 - __main__ - INFO - Panorama 'usdal1-03pac01-mgt.ip.mrshmc.com': TEST MODE - not creating AddressObject 'N-10.8.207.0-24'. TEST!
2020-04-28 17:26:39,275 - __main__ - INFO - Panorama 'usdal1-03pac01-mgt.ip.mrshmc.com': TEST MODE - not creating AddressObject 'N-10.8.208.0-24'. TEST!
2020-04-28 17:26:39,275 - __main__ - INFO - Panorama 'usdal1-03pac01-mgt.ip.mrshmc.com': TEST MODE - not creating AddressObject 'N-10.9.225.0-24'. TEST!
2020-04-28 17:26:39,275 - __main__ - INFO - Panorama 'usdal1-03pac01-mgt.ip.mrshmc.com': TEST MODE - not creating AddressObject 'N-10.9.228.0-24'. TEST!
2020-04-28 17:26:39,275 - __main__ - INFO - Panorama 'usdal1-03pac01-mgt.ip.mrshmc.com': TEST MODE - not creating AddressObject 'N-10.9.230.0-24'. TEST!
2020-04-28 17:26:39,275 - __main__ - INFO - Panorama 'usdal1-03pac01-mgt.ip.mrshmc.com': TEST MODE - not creating AddressObject 'N-10.9.65.0-24'. TEST!
2020-04-28 17:26:39,275 - __main__ - INFO - Panorama 'usdal1-03pac01-mgt.ip.mrshmc.com': TEST MODE - not creating AddressObject 'N-10.9.66.0-24'. TEST!
2020-04-28 17:26:39,275 - __main__ - INFO - Panorama 'usdal1-03pac01-mgt.ip.mrshmc.com': TEST MODE - not creating AddressObject 'N-10.9.70.0-24'. TEST!
2020-04-28 17:26:39,275 - __main__ - INFO - Panorama 'usdal1-03pac01-mgt.ip.mrshmc.com': TEST MODE - not creating AddressObject 'N-10.9.72.0-24'. TEST!
2020-04-28 17:26:39,275 - __main__ - INFO - Panorama 'usdal1-03pac01-mgt.ip.mrshmc.com': TEST MODE - not creating AddressObject 'N-10.9.74.0-24'. TEST!
2020-04-28 17:26:39,276 - __main__ - INFO - Panorama 'usdal1-03pac01-mgt.ip.mrshmc.com': TEST MODE - not creating AddressObject 'N-10.9.75.0-24'. TEST!
2020-04-28 17:26:39,276 - __main__ - INFO - Panorama 'usdal1-03pac01-mgt.ip.mrshmc.com': TEST MODE - not creating AddressObject 'N-10.9.76.0-24'. TEST!
2020-04-28 17:26:39,276 - __main__ - INFO - Panorama 'usdal1-03pac01-mgt.ip.mrshmc.com': TEST MODE - not creating AddressObject 'N-10.9.77.0-24'. TEST!
2020-04-28 17:26:39,276 - __main__ - INFO - Panorama 'usdal1-03pac01-mgt.ip.mrshmc.com': TEST MODE - not creating AddressObject 'N-10.9.79.0-24'. TEST!
2020-04-28 17:26:39,276 - __main__ - INFO - Panorama 'usdal1-03pac01-mgt.ip.mrshmc.com': TEST MODE - not creating AddressObject 'N-10.9.80.0-24'. TEST!
2020-04-28 17:26:39,276 - __main__ - INFO - Panorama 'usdal1-03pac01-mgt.ip.mrshmc.com': TEST MODE - not creating AddressObject 'N-10.9.81.0-24'. TEST!
2020-04-28 17:26:39,276 - __main__ - INFO - Panorama 'usdal1-03pac01-mgt.ip.mrshmc.com': TEST MODE - not creating AddressObject 'N-10.9.84.0-24'. TEST!
2020-04-28 17:26:39,276 - __main__ - INFO - Panorama 'usdal1-03pac01-mgt.ip.mrshmc.com': TEST MODE - not creating AddressObject 'N-10.9.85.0-24'. TEST!
2020-04-28 17:26:39,277 - __main__ - INFO - Panorama 'usdal1-03pac01-mgt.ip.mrshmc.com': TEST MODE - not creating AddressObject 'N-10.9.86.0-24'. TEST!
2020-04-28 17:26:39,277 - __main__ - INFO - Panorama 'usdal1-03pac01-mgt.ip.mrshmc.com': TEST MODE - not creating AddressObject 'N-10.9.87.0-24'. TEST!
2020-04-28 17:26:39,277 - __main__ - INFO - Panorama 'usdal1-03pac01-mgt.ip.mrshmc.com': TEST MODE - not creating AddressObject 'N-10.9.89.0-24'. TEST!
2020-04-28 17:26:39,277 - __main__ - INFO - Panorama 'usdal1-03pac01-mgt.ip.mrshmc.com': TEST MODE - not creating AddressObject 'N-10.9.90.0-24'. TEST!
2020-04-28 17:26:39,277 - __main__ - INFO - Panorama 'usdal1-03pac01-mgt.ip.mrshmc.com': TEST MODE - not creating AddressObject 'N-111.221.32.0-21'. TEST!
2020-04-28 17:26:39,277 - __main__ - INFO - Panorama 'usdal1-03pac01-mgt.ip.mrshmc.com': TEST MODE - not creating AddressObject 'N-138.235.41.0-24'. TEST!
2020-04-28 17:26:39,277 - __main__ - INFO - Panorama 'usdal1-03pac01-mgt.ip.mrshmc.com': TEST MODE - not creating AddressObject 'N-164.55.240.0-28'. TEST!
2020-04-28 17:26:39,277 - __main__ - INFO - Panorama 'usdal1-03pac01-mgt.ip.mrshmc.com': TEST MODE - not creating AddressObject 'N-202.3.8.160-27'. TEST!
2020-04-28 17:26:39,277 - __main__ - INFO - Panorama 'usdal1-03pac01-mgt.ip.mrshmc.com': TEST MODE - not creating AddressObject 'N-203.0.77.0-24'. TEST!
2020-04-28 17:26:39,278 - __main__ - INFO - Panorama 'usdal1-03pac01-mgt.ip.mrshmc.com': TEST MODE - not creating AddressObject 'N-203.2.190.192-27'. TEST!
2020-04-28 17:26:39,278 - __main__ - INFO - Panorama 'usdal1-03pac01-mgt.ip.mrshmc.com': TEST MODE - not creating AddressObject 'N-203.2.191.192-27'. TEST!
2020-04-28 17:26:39,278 - __main__ - INFO - Panorama 'usdal1-03pac01-mgt.ip.mrshmc.com': TEST MODE - not creating AddressObject 'N-203.23.96.0-24'. TEST!
2020-04-28 17:26:39,278 - __main__ - INFO - Panorama 'usdal1-03pac01-mgt.ip.mrshmc.com': TEST MODE - not creating AddressObject 'N-203.77.184.0-21'. TEST!
2020-04-28 17:26:39,278 - __main__ - INFO - Panorama 'usdal1-03pac01-mgt.ip.mrshmc.com': TEST MODE - not creating AddressObject 'N-205.233.0.0-24'. TEST!
2020-04-28 17:26:39,278 - __main__ - INFO - Panorama 'usdal1-03pac01-mgt.ip.mrshmc.com': TEST MODE - not creating AddressObject 'N-8.5.128.0-24'. TEST!
2020-04-28 17:26:39,278 - __main__ - INFO - Panorama 'usdal1-03pac01-mgt.ip.mrshmc.com': TEST MODE - not creating AddressObject 'N-94.103.30.144-28'. TEST!
2020-04-28 17:26:39,279 - __main__ - INFO - Panorama 'usdal1-03pac01-mgt.ip.mrshmc.com': Updating objects, (action 'create')
2020-04-28 17:26:39,285 - __main__ - INFO - Panorama 'usdal1-03pac01-mgt.ip.mrshmc.com': TEST MODE - not creating AddressGroup 'G_CIRC'. TEST!
2020-04-28 17:26:39,286 - __main__ - INFO - Panorama 'usdal1-03pac01-mgt.ip.mrshmc.com': TEST MODE - not creating AddressGroup 'G_QCgateways'. TEST!
2020-04-28 17:26:39,286 - __main__ - INFO - Panorama 'usdal1-03pac01-mgt.ip.mrshmc.com': TEST MODE - not creating AddressGroup 'G_outbound-blocked-hosts'. TEST!
2020-04-28 17:26:39,292 - __main__ - INFO - Panorama 'global': dbedit edit requests '0' EditObject objects
2020-04-28 17:26:39,299 - __main__ - INFO - Panorama 'global': dbedit addtogroup requests '0' ModifyGroup objects
2020-04-28 17:26:39,307 - __main__ - INFO - Panorama 'global': dbedit removefromgroup requests '0' ModifyGroup objects
2020-04-28 17:26:39,312 - __main__ - INFO - AMAZING! No API update failures detected ;)
