2020-04-28 16:19:56,278 - __main__ - INFO - Argument '--device' supplied, device in scope 'usdal1-03pac01-mgt.ip.mrshmc.com'
2020-04-28 16:19:56,278 - __main__ - INFO - Argument '--filename' supplied, configuration contained in '../pangenerator/output/mel-brow-port.csv'
2020-04-28 16:19:56,280 - __main__ - INFO - Argument '--no-locks' supplied, no commit or configuration locks will be taken.
2020-04-28 16:19:56,280 - __main__ - INFO - Argument '--test' supplied, TEST mode - will not perform updates via API.
2020-04-28 16:19:56,280 - __main__ - INFO - Argument '--verbose' supplied, logging will be printed to console.
2020-04-28 16:20:02,171 - __main__ - INFO - Device System Info: SystemInfo(version='9.0.4', platform='M-500', serial='007307001217')
2020-04-28 16:20:02,172 - __main__ - INFO - Filename '../pangenerator/output/mel-brow-port.csv' provided. Parsing...
2020-04-28 16:20:02,177 - __main__ - INFO - dbedit: Ignoring commented line '#vendor,objtype,op_action,location,name,subtype,members,ip,netmask,cidr,description,color,protocol,source_port,destination_port,nexthop,tag,value,interface,enable_user_identification,metric,mgmt_profile,zone,rule_action,application,category,data_filtering,destination,disable_server_response_inspection,disabled,file_blocking,fromzone,group,hip_profiles,icmp_unreachable,log_end,log_setting,log_start,negate_destination,negate_source,negate_target,schedule,service,source,source_user,spyware,target,tozone ,url_filtering,virus,vulnerability,wildfire_analysis,destination_dynamic_translated_address,destination_dynamic_translated_distribution,destination_dynamic_translated_port,destination_translated_address,destination_translated_port,ha_binding,nat_type,source_translation_address_type,source_translation_fallback_interface,source_translation_fallback_ip_address,source_translation_fallback_ip_type,source_translation_fallback_translated_addresses,source_translation_fallback_type,source_translation_interface,source_translation_ip_address,source_translation_static_bi_directional,source_translation_static_translated_address,source_translation_translated_addresses,source_translation_type,to_interface,category,subcategory,technology,risk,evasive,excessive_bandwidth_use,prone_to_misuse,is_saas,transfers_files,tunnels_other_apps,used_by_malware,has_known_vulnerabilities,pervasive,default_type,parent_app,timeout,tcp_timeout,udp_timeout,tcp_half_closed_timeout,tcp_time_wait_timeout,tunnel_applications,file_type_ident,virus_ident,data_ident,default_port,default_ip_protocol,default_icmp_type,default_icmp_code,ignore_this_end_marker'
2020-04-28 16:20:02,178 - __main__ - INFO - dbedit: Found vendor 'palo', location 'global', action 'create', type 'service' processing...
2020-04-28 16:20:02,179 - __main__ - INFO - dbedit: Found vendor 'palo', location 'global', action 'create', type 'service' processing...
2020-04-28 16:20:02,179 - __main__ - INFO - dbedit: Found vendor 'palo', location 'global', action 'create', type 'service' processing...
2020-04-28 16:20:02,180 - __main__ - INFO - dbedit: Found vendor 'palo', location 'global', action 'create', type 'service' processing...
2020-04-28 16:20:02,180 - __main__ - INFO - dbedit: Found vendor 'palo', location 'global', action 'create', type 'service' processing...
2020-04-28 16:20:02,189 - __main__ - INFO - dbedit: Found vendor 'palo', location 'global', action 'create', type 'service' processing...
2020-04-28 16:20:02,190 - __main__ - INFO - dbedit: Found vendor 'palo', location 'global', action 'create', type 'service' processing...
2020-04-28 16:20:02,190 - __main__ - INFO - dbedit: Found vendor 'palo', location 'global', action 'create', type 'service' processing...
2020-04-28 16:20:02,191 - __main__ - INFO - dbedit: Found vendor 'palo', location 'global', action 'create', type 'service' processing...
2020-04-28 16:20:02,192 - __main__ - INFO - dbedit: Found vendor 'palo', location 'global', action 'create', type 'service' processing...
2020-04-28 16:20:02,192 - __main__ - INFO - dbedit: Found vendor 'palo', location 'global', action 'create', type 'service' processing...
2020-04-28 16:20:02,192 - __main__ - INFO - dbedit: Found vendor 'palo', location 'global', action 'create', type 'service' processing...
2020-04-28 16:20:02,193 - __main__ - INFO - dbedit: Found vendor 'palo', location 'global', action 'create', type 'service' processing...
2020-04-28 16:20:02,193 - __main__ - INFO - dbedit: Found vendor 'palo', location 'global', action 'create', type 'service' processing...
2020-04-28 16:20:02,194 - __main__ - INFO - dbedit: Found vendor 'palo', location 'global', action 'create', type 'service' processing...
2020-04-28 16:20:02,194 - __main__ - INFO - dbedit: Found vendor 'palo', location 'global', action 'create', type 'service' processing...
2020-04-28 16:20:02,194 - __main__ - INFO - dbedit: Found vendor 'palo', location 'global', action 'create', type 'service' processing...
2020-04-28 16:20:02,195 - __main__ - INFO - dbedit: Found vendor 'palo', location 'global', action 'create', type 'service' processing...
2020-04-28 16:20:02,195 - __main__ - INFO - dbedit: Found vendor 'palo', location 'global', action 'create', type 'service' processing...
2020-04-28 16:20:02,195 - __main__ - INFO - dbedit: Found vendor 'palo', location 'global', action 'create', type 'service' processing...
2020-04-28 16:20:02,196 - __main__ - INFO - dbedit: Found vendor 'palo', location 'global', action 'create', type 'service' processing...
2020-04-28 16:20:02,196 - __main__ - INFO - dbedit: Found vendor 'palo', location 'global', action 'create', type 'service' processing...
2020-04-28 16:20:02,196 - __main__ - INFO - dbedit: Found vendor 'palo', location 'global', action 'create', type 'service' processing...
2020-04-28 16:20:02,197 - __main__ - INFO - dbedit: Found vendor 'palo', location 'global', action 'create', type 'service' processing...
2020-04-28 16:20:02,204 - __main__ - INFO - dbedit: Found vendor 'palo', location 'global', action 'create', type 'service' processing...
2020-04-28 16:20:02,205 - __main__ - INFO - dbedit: Found vendor 'palo', location 'global', action 'create', type 'service' processing...
2020-04-28 16:20:02,205 - __main__ - INFO - dbedit: Found vendor 'palo', location 'global', action 'create', type 'service' processing...
2020-04-28 16:20:02,206 - __main__ - INFO - dbedit: Found vendor 'palo', location 'global', action 'create', type 'service' processing...
2020-04-28 16:20:02,206 - __main__ - INFO - dbedit: Found vendor 'palo', location 'global', action 'create', type 'service' processing...
2020-04-28 16:20:02,206 - __main__ - INFO - dbedit: Found vendor 'palo', location 'global', action 'create', type 'service' processing...
2020-04-28 16:20:02,207 - __main__ - INFO - dbedit: Found vendor 'palo', location 'global', action 'create', type 'service' processing...
2020-04-28 16:20:02,207 - __main__ - INFO - dbedit: Found vendor 'palo', location 'global', action 'create', type 'service' processing...
2020-04-28 16:20:02,207 - __main__ - INFO - dbedit: Found vendor 'palo', location 'global', action 'create', type 'service' processing...
2020-04-28 16:20:02,208 - __main__ - INFO - dbedit: Found vendor 'palo', location 'global', action 'create', type 'service' processing...
2020-04-28 16:20:02,208 - __main__ - INFO - dbedit: Found vendor 'palo', location 'global', action 'create', type 'service' processing...
2020-04-28 16:20:02,208 - __main__ - INFO - dbedit: Found vendor 'palo', location 'global', action 'create', type 'service' processing...
2020-04-28 16:20:02,209 - __main__ - INFO - dbedit: Found vendor 'palo', location 'global', action 'create', type 'service' processing...
2020-04-28 16:20:02,209 - __main__ - INFO - dbedit: Found vendor 'palo', location 'global', action 'create', type 'service' processing...
2020-04-28 16:20:02,210 - __main__ - INFO - dbedit: Found vendor 'palo', location 'global', action 'create', type 'service' processing...
2020-04-28 16:20:02,210 - __main__ - INFO - dbedit: Found vendor 'palo', location 'global', action 'create', type 'service' processing...
2020-04-28 16:20:02,210 - __main__ - INFO - dbedit: Found vendor 'palo', location 'global', action 'create', type 'service' processing...
2020-04-28 16:20:02,211 - __main__ - INFO - dbedit: Found vendor 'palo', location 'global', action 'create', type 'service' processing...
2020-04-28 16:20:02,211 - __main__ - INFO - dbedit: Found vendor 'palo', location 'global', action 'create', type 'service' processing...
2020-04-28 16:20:02,212 - __main__ - INFO - dbedit: Found vendor 'palo', location 'global', action 'create', type 'service' processing...
2020-04-28 16:20:02,212 - __main__ - INFO - dbedit: Found vendor 'palo', location 'global', action 'create', type 'service' processing...
2020-04-28 16:20:02,220 - __main__ - INFO - dbedit: Found vendor 'palo', location 'global', action 'create', type 'service' processing...
2020-04-28 16:20:02,221 - __main__ - INFO - dbedit: Found vendor 'palo', location 'global', action 'create', type 'service' processing...
2020-04-28 16:20:02,222 - __main__ - INFO - dbedit: Found vendor 'palo', location 'global', action 'create', type 'service' processing...
2020-04-28 16:20:02,222 - __main__ - INFO - dbedit: Found vendor 'palo', location 'global', action 'create', type 'service' processing...
2020-04-28 16:20:02,223 - __main__ - INFO - dbedit: Found vendor 'palo', location 'global', action 'create', type 'service' processing...
2020-04-28 16:20:02,223 - __main__ - INFO - dbedit: Found vendor 'palo', location 'global', action 'create', type 'service' processing...
2020-04-28 16:20:02,224 - __main__ - INFO - dbedit: Found vendor 'palo', location 'global', action 'create', type 'service' processing...
2020-04-28 16:20:02,224 - __main__ - INFO - dbedit: Found vendor 'palo', location 'global', action 'create', type 'service' processing...
2020-04-28 16:20:02,225 - __main__ - INFO - dbedit: Found vendor 'palo', location 'global', action 'create', type 'service' processing...
2020-04-28 16:20:02,225 - __main__ - INFO - dbedit: Found vendor 'palo', location 'global', action 'create', type 'service' processing...
2020-04-28 16:20:02,225 - __main__ - INFO - dbedit: Found vendor 'palo', location 'global', action 'create', type 'service' processing...
2020-04-28 16:20:02,225 - __main__ - INFO - dbedit: Found vendor 'palo', location 'global', action 'create', type 'service' processing...
2020-04-28 16:20:02,226 - __main__ - INFO - dbedit: Found vendor 'palo', location 'global', action 'create', type 'service' processing...
2020-04-28 16:20:02,226 - __main__ - INFO - dbedit: Found vendor 'palo', location 'global', action 'create', type 'service' processing...
2020-04-28 16:20:02,227 - __main__ - INFO - dbedit: Found vendor 'palo', location 'global', action 'create', type 'service' processing...
2020-04-28 16:20:02,227 - __main__ - INFO - dbedit: Found vendor 'palo', location 'global', action 'create', type 'service' processing...
2020-04-28 16:20:02,227 - __main__ - INFO - dbedit: Found vendor 'palo', location 'global', action 'create', type 'service' processing...
2020-04-28 16:20:02,228 - __main__ - INFO - dbedit: Found vendor 'palo', location 'global', action 'create', type 'service' processing...
2020-04-28 16:20:02,228 - __main__ - INFO - dbedit: Found vendor 'palo', location 'global', action 'create', type 'service' processing...
2020-04-28 16:20:02,228 - __main__ - INFO - dbedit: Found vendor 'palo', location 'global', action 'create', type 'service' processing...
2020-04-28 16:20:02,237 - __main__ - INFO - dbedit: Found vendor 'palo', location 'global', action 'create', type 'service' processing...
2020-04-28 16:20:02,238 - __main__ - INFO - dbedit: Found vendor 'palo', location 'global', action 'create', type 'service' processing...
2020-04-28 16:20:02,238 - __main__ - INFO - dbedit: Found vendor 'palo', location 'global', action 'create', type 'service' processing...
2020-04-28 16:20:02,239 - __main__ - INFO - dbedit: Found vendor 'palo', location 'global', action 'create', type 'service' processing...
2020-04-28 16:20:02,239 - __main__ - INFO - dbedit: Found vendor 'palo', location 'global', action 'create', type 'service' processing...
2020-04-28 16:20:02,240 - __main__ - INFO - dbedit: Found vendor 'palo', location 'global', action 'create', type 'service' processing...
2020-04-28 16:20:02,240 - __main__ - INFO - dbedit: Found vendor 'palo', location 'global', action 'create', type 'service' processing...
2020-04-28 16:20:02,241 - __main__ - INFO - dbedit: Found vendor 'palo', location 'global', action 'create', type 'service' processing...
2020-04-28 16:20:02,241 - __main__ - INFO - dbedit: Found vendor 'palo', location 'global', action 'create', type 'service' processing...
2020-04-28 16:20:02,241 - __main__ - INFO - dbedit: Found vendor 'palo', location 'global', action 'create', type 'service' processing...
2020-04-28 16:20:02,242 - __main__ - INFO - dbedit: Found vendor 'palo', location 'global', action 'create', type 'service' processing...
2020-04-28 16:20:02,242 - __main__ - INFO - dbedit: Found vendor 'palo', location 'global', action 'create', type 'service' processing...
2020-04-28 16:20:02,243 - __main__ - INFO - dbedit: Found vendor 'palo', location 'global', action 'create', type 'service' processing...
2020-04-28 16:20:02,243 - __main__ - INFO - dbedit: Found vendor 'palo', location 'global', action 'create', type 'service' processing...
2020-04-28 16:20:02,243 - __main__ - INFO - dbedit: Found vendor 'palo', location 'global', action 'create', type 'service' processing...
2020-04-28 16:20:02,244 - __main__ - INFO - dbedit: Found vendor 'palo', location 'global', action 'create', type 'service' processing...
2020-04-28 16:20:02,244 - __main__ - INFO - dbedit: Found vendor 'palo', location 'global', action 'create', type 'service' processing...
2020-04-28 16:20:02,245 - __main__ - INFO - dbedit: Found vendor 'palo', location 'global', action 'create', type 'service' processing...
2020-04-28 16:20:02,245 - __main__ - INFO - dbedit: Found vendor 'palo', location 'global', action 'create', type 'service' processing...
2020-04-28 16:20:02,254 - __main__ - INFO - dbedit: Found vendor 'palo', location 'global', action 'create', type 'service' processing...
2020-04-28 16:20:02,255 - __main__ - INFO - dbedit: Found vendor 'palo', location 'global', action 'create', type 'service' processing...
2020-04-28 16:20:02,255 - __main__ - INFO - dbedit: Found vendor 'palo', location 'global', action 'create', type 'service' processing...
2020-04-28 16:20:02,256 - __main__ - INFO - dbedit: Found vendor 'palo', location 'global', action 'create', type 'service' processing...
2020-04-28 16:20:02,256 - __main__ - INFO - dbedit: Found vendor 'palo', location 'global', action 'create', type 'service' processing...
2020-04-28 16:20:02,257 - __main__ - INFO - dbedit: Found vendor 'palo', location 'global', action 'create', type 'service' processing...
2020-04-28 16:20:02,257 - __main__ - INFO - dbedit: Found vendor 'palo', location 'global', action 'create', type 'service' processing...
2020-04-28 16:20:02,258 - __main__ - INFO - dbedit: Found vendor 'palo', location 'global', action 'create', type 'service' processing...
2020-04-28 16:20:02,258 - __main__ - INFO - dbedit: Found vendor 'palo', location 'global', action 'create', type 'service' processing...
2020-04-28 16:20:02,258 - __main__ - INFO - dbedit: Found vendor 'palo', location 'global', action 'create', type 'service' processing...
2020-04-28 16:20:02,259 - __main__ - INFO - dbedit: Found vendor 'palo', location 'global', action 'create', type 'service' processing...
2020-04-28 16:20:02,259 - __main__ - INFO - dbedit: Found vendor 'palo', location 'global', action 'create', type 'service' processing...
2020-04-28 16:20:02,260 - __main__ - INFO - dbedit: Found vendor 'palo', location 'global', action 'create', type 'service' processing...
2020-04-28 16:20:02,260 - __main__ - INFO - dbedit: Found vendor 'palo', location 'global', action 'create', type 'service' processing...
2020-04-28 16:20:02,260 - __main__ - INFO - dbedit: Found vendor 'palo', location 'global', action 'create', type 'service' processing...
2020-04-28 16:20:02,261 - __main__ - INFO - dbedit: Found vendor 'palo', location 'global', action 'create', type 'service' processing...
2020-04-28 16:20:02,261 - __main__ - INFO - dbedit: Found vendor 'palo', location 'global', action 'create', type 'service' processing...
2020-04-28 16:20:02,261 - __main__ - INFO - dbedit: Found vendor 'palo', location 'global', action 'create', type 'service' processing...
2020-04-28 16:20:02,262 - __main__ - INFO - dbedit: Found vendor 'palo', location 'global', action 'create', type 'service' processing...
2020-04-28 16:20:02,262 - __main__ - INFO - dbedit: Found vendor 'palo', location 'global', action 'create', type 'service' processing...
2020-04-28 16:20:02,262 - __main__ - INFO - dbedit: Found vendor 'palo', location 'global', action 'create', type 'service' processing...
2020-04-28 16:20:02,270 - __main__ - INFO - dbedit: Found vendor 'palo', location 'global', action 'create', type 'service' processing...
2020-04-28 16:20:02,271 - __main__ - INFO - dbedit: Found vendor 'palo', location 'global', action 'create', type 'service' processing...
2020-04-28 16:20:02,272 - __main__ - INFO - dbedit: Found vendor 'palo', location 'global', action 'create', type 'service' processing...
2020-04-28 16:20:02,272 - __main__ - INFO - dbedit: Found vendor 'palo', location 'global', action 'create', type 'service' processing...
2020-04-28 16:20:02,273 - __main__ - INFO - dbedit: Found vendor 'palo', location 'global', action 'create', type 'service' processing...
2020-04-28 16:20:02,273 - __main__ - INFO - dbedit: Found vendor 'palo', location 'global', action 'create', type 'service' processing...
2020-04-28 16:20:02,274 - __main__ - INFO - dbedit: Found vendor 'palo', location 'global', action 'create', type 'service' processing...
2020-04-28 16:20:02,274 - __main__ - INFO - dbedit: Found vendor 'palo', location 'global', action 'create', type 'service' processing...
2020-04-28 16:20:02,274 - __main__ - INFO - dbedit: Found vendor 'palo', location 'global', action 'create', type 'service' processing...
2020-04-28 16:20:02,275 - __main__ - INFO - dbedit: Found vendor 'palo', location 'global', action 'create', type 'service' processing...
2020-04-28 16:20:02,275 - __main__ - INFO - dbedit: Found vendor 'palo', location 'global', action 'create', type 'service' processing...
2020-04-28 16:20:02,276 - __main__ - INFO - dbedit: Found vendor 'palo', location 'global', action 'create', type 'service' processing...
2020-04-28 16:20:02,276 - __main__ - INFO - dbedit: Found vendor 'palo', location 'global', action 'create', type 'service' processing...
2020-04-28 16:20:02,277 - __main__ - INFO - dbedit: Found vendor 'palo', location 'global', action 'create', type 'service' processing...
2020-04-28 16:20:02,277 - __main__ - INFO - dbedit: Found vendor 'palo', location 'global', action 'create', type 'service' processing...
2020-04-28 16:20:02,278 - __main__ - INFO - dbedit: Found vendor 'palo', location 'global', action 'create', type 'service' processing...
2020-04-28 16:20:02,278 - __main__ - INFO - dbedit: Found vendor 'palo', location 'global', action 'create', type 'service' processing...
2020-04-28 16:20:02,281 - __main__ - INFO - dbedit: Found vendor 'palo', location 'global', action 'create', type 'service' processing...
2020-04-28 16:20:02,287 - __main__ - INFO - dbedit: Found vendor 'palo', location 'global', action 'create', type 'service' processing...
2020-04-28 16:20:02,288 - __main__ - INFO - dbedit: Found vendor 'palo', location 'global', action 'create', type 'service' processing...
2020-04-28 16:20:02,288 - __main__ - INFO - dbedit: Found vendor 'palo', location 'global', action 'create', type 'service' processing...
2020-04-28 16:20:02,289 - __main__ - INFO - dbedit: Found vendor 'palo', location 'global', action 'create', type 'service' processing...
2020-04-28 16:20:02,290 - __main__ - INFO - dbedit: Found vendor 'palo', location 'global', action 'create', type 'service' processing...
2020-04-28 16:20:02,291 - __main__ - INFO - dbedit: Found vendor 'palo', location 'global', action 'create', type 'service' processing...
2020-04-28 16:20:02,298 - __main__ - INFO - dbedit: Found vendor 'palo', location 'global', action 'create', type 'service' processing...
2020-04-28 16:20:02,301 - __main__ - INFO - dbedit: Found vendor 'palo', location 'global', action 'create', type 'service' processing...
2020-04-28 16:20:02,301 - __main__ - INFO - dbedit: Found vendor 'palo', location 'global', action 'create', type 'service' processing...
2020-04-28 16:20:02,308 - __main__ - INFO - dbedit: Found vendor 'palo', location 'global', action 'create', type 'service' processing...
2020-04-28 16:20:02,309 - __main__ - INFO - dbedit: Found vendor 'palo', location 'global', action 'create', type 'service' processing...
2020-04-28 16:20:02,310 - __main__ - INFO - dbedit: Found vendor 'palo', location 'global', action 'create', type 'service' processing...
2020-04-28 16:20:02,311 - __main__ - INFO - dbedit: Found vendor 'palo', location 'global', action 'create', type 'service' processing...
2020-04-28 16:20:02,318 - __main__ - INFO - dbedit: Found vendor 'palo', location 'global', action 'create', type 'service' processing...
2020-04-28 16:20:02,320 - __main__ - INFO - dbedit: Found vendor 'palo', location 'global', action 'create', type 'service' processing...
2020-04-28 16:20:02,320 - __main__ - INFO - dbedit: Found vendor 'palo', location 'global', action 'create', type 'service' processing...
2020-04-28 16:20:02,327 - __main__ - INFO - dbedit: Found vendor 'palo', location 'global', action 'create', type 'service' processing...
2020-04-28 16:20:02,329 - __main__ - INFO - dbedit: Found vendor 'palo', location 'global', action 'create', type 'service' processing...
2020-04-28 16:20:02,329 - __main__ - INFO - dbedit: Found vendor 'palo', location 'global', action 'create', type 'service' processing...
2020-04-28 16:20:02,336 - __main__ - INFO - dbedit: Found vendor 'palo', location 'global', action 'create', type 'service' processing...
2020-04-28 16:20:02,339 - __main__ - INFO - dbedit: Found vendor 'palo', location 'global', action 'create', type 'service' processing...
2020-04-28 16:20:02,339 - __main__ - INFO - dbedit: Found vendor 'palo', location 'global', action 'create', type 'service' processing...
2020-04-28 16:20:02,346 - __main__ - INFO - dbedit: Found vendor 'palo', location 'global', action 'create', type 'service' processing...
2020-04-28 16:20:02,349 - __main__ - INFO - dbedit: Found vendor 'palo', location 'global', action 'create', type 'service' processing...
2020-04-28 16:20:02,356 - __main__ - INFO - dbedit: Found vendor 'palo', location 'global', action 'create', type 'service' processing...
2020-04-28 16:20:02,358 - __main__ - INFO - dbedit: Found vendor 'palo', location 'global', action 'create', type 'service' processing...
2020-04-28 16:20:02,359 - __main__ - INFO - dbedit: Found vendor 'palo', location 'global', action 'create', type 'service' processing...
2020-04-28 16:20:02,367 - __main__ - INFO - dbedit: Found vendor 'palo', location 'global', action 'create', type 'service' processing...
2020-04-28 16:20:02,368 - __main__ - INFO - dbedit: Found vendor 'palo', location 'global', action 'create', type 'service' processing...
2020-04-28 16:20:02,369 - __main__ - INFO - dbedit: Found vendor 'palo', location 'global', action 'create', type 'service' processing...
2020-04-28 16:20:02,376 - __main__ - INFO - dbedit: Found vendor 'palo', location 'global', action 'create', type 'service' processing...
2020-04-28 16:20:02,376 - __main__ - INFO - dbedit: Found vendor 'palo', location 'global', action 'create', type 'service' processing...
2020-04-28 16:20:02,378 - __main__ - INFO - dbedit: Found vendor 'palo', location 'global', action 'create', type 'service' processing...
2020-04-28 16:20:02,379 - __main__ - INFO - dbedit: Found vendor 'palo', location 'global', action 'create', type 'service' processing...
2020-04-28 16:20:02,386 - __main__ - INFO - dbedit: Found vendor 'palo', location 'global', action 'create', type 'service' processing...
2020-04-28 16:20:02,388 - __main__ - INFO - dbedit: Found vendor 'palo', location 'global', action 'create', type 'service' processing...
2020-04-28 16:20:02,389 - __main__ - INFO - dbedit: Found vendor 'palo', location 'global', action 'create', type 'service' processing...
2020-04-28 16:20:02,400 - __main__ - INFO - dbedit: Found vendor 'palo', location 'global', action 'create', type 'service' processing...
2020-04-28 16:20:02,407 - __main__ - INFO - dbedit: Found vendor 'palo', location 'global', action 'create', type 'service' processing...
2020-04-28 16:20:02,413 - __main__ - INFO - dbedit: Found vendor 'palo', location 'global', action 'create', type 'service' processing...
2020-04-28 16:20:02,415 - __main__ - INFO - dbedit: Found vendor 'palo', location 'global', action 'create', type 'service' processing...
2020-04-28 16:20:02,425 - __main__ - INFO - dbedit: Found vendor 'palo', location 'global', action 'create', type 'service' processing...
2020-04-28 16:20:02,454 - __main__ - INFO - dbedit: Found vendor 'palo', location 'global', action 'create', type 'service' processing...
2020-04-28 16:20:02,458 - __main__ - INFO - dbedit: Found vendor 'palo', location 'global', action 'create', type 'service' processing...
2020-04-28 16:20:02,459 - __main__ - INFO - dbedit: Found vendor 'palo', location 'global', action 'create', type 'service' processing...
2020-04-28 16:20:02,460 - __main__ - INFO - dbedit: Found vendor 'palo', location 'global', action 'create', type 'service' processing...
2020-04-28 16:20:02,462 - __main__ - INFO - dbedit: Found vendor 'palo', location 'global', action 'create', type 'service' processing...
2020-04-28 16:20:02,467 - __main__ - INFO - dbedit: Found vendor 'palo', location 'global', action 'create', type 'service' processing...
2020-04-28 16:20:02,473 - __main__ - INFO - dbedit: Found vendor 'palo', location 'global', action 'create', type 'service' processing...
2020-04-28 16:20:02,473 - __main__ - INFO - dbedit: Found vendor 'palo', location 'global', action 'create', type 'service' processing...
2020-04-28 16:20:02,474 - __main__ - INFO - dbedit: Found vendor 'palo', location 'global', action 'create', type 'service' processing...
2020-04-28 16:20:02,474 - __main__ - INFO - dbedit: Found vendor 'palo', location 'global', action 'create', type 'service' processing...
2020-04-28 16:20:02,474 - __main__ - INFO - dbedit: Found vendor 'palo', location 'global', action 'create', type 'service' processing...
2020-04-28 16:20:02,476 - __main__ - INFO - dbedit: Found vendor 'palo', location 'global', action 'create', type 'service' processing...
2020-04-28 16:20:02,476 - __main__ - INFO - dbedit: Found vendor 'palo', location 'global', action 'create', type 'service' processing...
2020-04-28 16:20:02,484 - __main__ - INFO - dbedit: Found vendor 'palo', location 'global', action 'create', type 'service' processing...
2020-04-28 16:20:02,484 - __main__ - INFO - dbedit: Found vendor 'palo', location 'global', action 'create', type 'service' processing...
2020-04-28 16:20:02,486 - __main__ - INFO - dbedit: Found vendor 'palo', location 'global', action 'create', type 'service' processing...
2020-04-28 16:20:02,487 - __main__ - INFO - dbedit: Found vendor 'palo', location 'global', action 'create', type 'service' processing...
2020-04-28 16:20:02,493 - __main__ - INFO - dbedit: Found vendor 'palo', location 'global', action 'create', type 'service' processing...
2020-04-28 16:20:02,494 - __main__ - INFO - dbedit: Found vendor 'palo', location 'global', action 'create', type 'service' processing...
2020-04-28 16:20:02,495 - __main__ - INFO - dbedit: Found vendor 'palo', location 'global', action 'create', type 'service' processing...
2020-04-28 16:20:02,496 - __main__ - INFO - dbedit: Found vendor 'palo', location 'global', action 'create', type 'service' processing...
2020-04-28 16:20:02,503 - __main__ - INFO - dbedit: Found vendor 'palo', location 'global', action 'create', type 'service' processing...
2020-04-28 16:20:02,504 - __main__ - INFO - dbedit: Found vendor 'palo', location 'global', action 'create', type 'service' processing...
2020-04-28 16:20:02,506 - __main__ - INFO - dbedit: Found vendor 'palo', location 'global', action 'create', type 'service' processing...
2020-04-28 16:20:02,506 - __main__ - INFO - dbedit: Found vendor 'palo', location 'global', action 'create', type 'service' processing...
2020-04-28 16:20:02,513 - __main__ - INFO - dbedit: Found vendor 'palo', location 'global', action 'create', type 'service' processing...
2020-04-28 16:20:02,514 - __main__ - INFO - dbedit: Found vendor 'palo', location 'global', action 'create', type 'service' processing...
2020-04-28 16:20:02,516 - __main__ - INFO - dbedit: Found vendor 'palo', location 'global', action 'create', type 'service' processing...
2020-04-28 16:20:02,523 - __main__ - INFO - dbedit: Found vendor 'palo', location 'global', action 'create', type 'service' processing...
2020-04-28 16:20:02,525 - __main__ - INFO - dbedit: Found vendor 'palo', location 'global', action 'create', type 'service' processing...
2020-04-28 16:20:02,526 - __main__ - INFO - dbedit: Found vendor 'palo', location 'global', action 'create', type 'service' processing...
2020-04-28 16:20:02,533 - __main__ - INFO - dbedit: Found vendor 'palo', location 'global', action 'create', type 'service' processing...
2020-04-28 16:20:02,535 - __main__ - INFO - dbedit: Found vendor 'palo', location 'global', action 'create', type 'service' processing...
2020-04-28 16:20:02,536 - __main__ - INFO - dbedit: Found vendor 'palo', location 'global', action 'create', type 'service' processing...
2020-04-28 16:20:02,543 - __main__ - INFO - dbedit: Found vendor 'palo', location 'global', action 'create', type 'service' processing...
2020-04-28 16:20:02,545 - __main__ - INFO - dbedit: Found vendor 'palo', location 'global', action 'create', type 'service' processing...
2020-04-28 16:20:02,545 - __main__ - INFO - dbedit: Found vendor 'palo', location 'global', action 'create', type 'service' processing...
2020-04-28 16:20:02,552 - __main__ - INFO - dbedit: Found vendor 'palo', location 'global', action 'create', type 'service' processing...
2020-04-28 16:20:02,554 - __main__ - INFO - dbedit: Found vendor 'palo', location 'global', action 'create', type 'service' processing...
2020-04-28 16:20:02,555 - __main__ - INFO - dbedit: Found vendor 'palo', location 'global', action 'create', type 'service' processing...
2020-04-28 16:20:02,562 - __main__ - INFO - dbedit: Found vendor 'palo', location 'global', action 'create', type 'service' processing...
2020-04-28 16:20:02,562 - __main__ - INFO - dbedit: Found vendor 'palo', location 'global', action 'create', type 'service' processing...
2020-04-28 16:20:02,563 - __main__ - INFO - dbedit: Found vendor 'palo', location 'global', action 'create', type 'service' processing...
2020-04-28 16:20:02,564 - __main__ - INFO - dbedit: Found vendor 'palo', location 'global', action 'create', type 'service' processing...
2020-04-28 16:20:02,565 - __main__ - INFO - dbedit: Found vendor 'palo', location 'global', action 'create', type 'service' processing...
2020-04-28 16:20:02,575 - __main__ - INFO - dbedit: Found vendor 'palo', location 'global', action 'create', type 'service' processing...
2020-04-28 16:20:02,575 - __main__ - INFO - dbedit: Found vendor 'palo', location 'global', action 'create', type 'service' processing...
2020-04-28 16:20:02,582 - __main__ - INFO - dbedit: Found vendor 'palo', location 'global', action 'create', type 'service' processing...
2020-04-28 16:20:02,585 - __main__ - INFO - dbedit: Found vendor 'palo', location 'global', action 'create', type 'service' processing...
2020-04-28 16:20:02,585 - __main__ - INFO - dbedit: Found vendor 'palo', location 'global', action 'create', type 'service' processing...
2020-04-28 16:20:02,593 - __main__ - INFO - dbedit: Found vendor 'palo', location 'global', action 'create', type 'service' processing...
2020-04-28 16:20:02,600 - __main__ - INFO - dbedit: Found vendor 'palo', location 'global', action 'create', type 'service' processing...
2020-04-28 16:20:02,606 - __main__ - INFO - dbedit: Found vendor 'palo', location 'global', action 'create', type 'service' processing...
2020-04-28 16:20:02,607 - __main__ - INFO - dbedit: Found vendor 'palo', location 'global', action 'create', type 'service' processing...
2020-04-28 16:20:02,609 - __main__ - INFO - dbedit: Found vendor 'palo', location 'global', action 'create', type 'service' processing...
2020-04-28 16:20:02,609 - __main__ - INFO - dbedit: Found vendor 'palo', location 'global', action 'create', type 'service' processing...
2020-04-28 16:20:02,617 - __main__ - INFO - dbedit: Found vendor 'palo', location 'global', action 'create', type 'service' processing...
2020-04-28 16:20:02,619 - __main__ - INFO - dbedit: Found vendor 'palo', location 'global', action 'create', type 'service' processing...
2020-04-28 16:20:02,619 - __main__ - INFO - dbedit: Found vendor 'palo', location 'global', action 'create', type 'service' processing...
2020-04-28 16:20:02,626 - __main__ - INFO - dbedit: Found vendor 'palo', location 'global', action 'create', type 'service' processing...
2020-04-28 16:20:02,629 - __main__ - INFO - dbedit: Found vendor 'palo', location 'global', action 'create', type 'service' processing...
2020-04-28 16:20:02,629 - __main__ - INFO - dbedit: Found vendor 'palo', location 'global', action 'create', type 'service' processing...
2020-04-28 16:20:02,637 - __main__ - INFO - dbedit: Found vendor 'palo', location 'global', action 'create', type 'service' processing...
2020-04-28 16:20:02,639 - __main__ - INFO - dbedit: Found vendor 'palo', location 'global', action 'create', type 'service' processing...
2020-04-28 16:20:02,639 - __main__ - INFO - dbedit: Found vendor 'palo', location 'global', action 'create', type 'service' processing...
2020-04-28 16:20:02,646 - __main__ - INFO - dbedit: Found vendor 'palo', location 'global', action 'create', type 'service' processing...
2020-04-28 16:20:02,647 - __main__ - INFO - dbedit: Found vendor 'palo', location 'global', action 'create', type 'service' processing...
2020-04-28 16:20:02,649 - __main__ - INFO - dbedit: Found vendor 'palo', location 'global', action 'create', type 'service' processing...
2020-04-28 16:20:02,658 - __main__ - INFO - dbedit: Found vendor 'palo', location 'global', action 'create', type 'service' processing...
2020-04-28 16:20:02,658 - __main__ - INFO - dbedit: Found vendor 'palo', location 'global', action 'create', type 'service' processing...
2020-04-28 16:20:02,665 - __main__ - INFO - dbedit: Found vendor 'palo', location 'global', action 'create', type 'service' processing...
2020-04-28 16:20:02,667 - __main__ - INFO - dbedit: Found vendor 'palo', location 'global', action 'create', type 'service' processing...
2020-04-28 16:20:02,669 - __main__ - INFO - dbedit: Found vendor 'palo', location 'global', action 'create', type 'service' processing...
2020-04-28 16:20:02,669 - __main__ - INFO - Connecting to Panorama 'usdal1-03pac01-mgt.ip.mrshmc.com'
2020-04-28 16:20:02,676 - __main__ - INFO - Global Object Level: 'usdal1-03pac01-mgt.ip.mrshmc.com'
2020-04-28 16:20:02,677 - __main__ - INFO - Collecting Global Objects from Panorama 'usdal1-03pac01-mgt.ip.mrshmc.com'
2020-04-28 16:20:14,888 - __main__ - INFO - Live Device: 'usdal1-03pac01-mgt.ip.mrshmc.com': Found '32150' AddressObject objects
2020-04-28 16:28:11,884 - __main__ - INFO - Live Device: 'usdal1-03pac01-mgt.ip.mrshmc.com': Found '1175' AddressGroup objects
2020-04-28 16:28:13,057 - __main__ - INFO - Live Device: 'usdal1-03pac01-mgt.ip.mrshmc.com': Found '1' ApplicationObject objects
2020-04-28 16:28:14,284 - __main__ - INFO - Live Device: 'usdal1-03pac01-mgt.ip.mrshmc.com': Found '3' ApplicationGroup objects
2020-04-28 16:28:18,022 - __main__ - INFO - Live Device: 'usdal1-03pac01-mgt.ip.mrshmc.com': Found '3580' ServiceObject objects
2020-04-28 16:28:19,622 - __main__ - INFO - Live Device: 'usdal1-03pac01-mgt.ip.mrshmc.com': Found '140' ServiceGroup objects
2020-04-28 16:28:20,848 - __main__ - INFO - Live Device: 'usdal1-03pac01-mgt.ip.mrshmc.com': Found '95' Tag objects
2020-04-28 16:28:22,070 - __main__ - INFO - Live Device: 'usdal1-03pac01-mgt.ip.mrshmc.com': Found '0' ApplicationContainer objects
2020-04-28 16:28:23,246 - __main__ - INFO - Live Device: 'usdal1-03pac01-mgt.ip.mrshmc.com': Found '4' ApplicationFilter objects
2020-04-28 16:28:23,253 - __main__ - INFO - Collecting Predefined Objects from Panorama 'usdal1-03pac01-mgt.ip.mrshmc.com'
2020-04-28 16:28:38,908 - __main__ - INFO - Live Device: 'usdal1-03pac01-mgt.ip.mrshmc.com': Found '3419' Pre-Defined ApplicationObject objects
2020-04-28 16:28:38,909 - __main__ - INFO - Live Device: 'usdal1-03pac01-mgt.ip.mrshmc.com': Found '233' Pre-Defined ApplicationContainer objects
2020-04-28 16:28:40,143 - __main__ - INFO - Live Device: 'usdal1-03pac01-mgt.ip.mrshmc.com': Found '2' Pre-Defined ServiceObject objects
2020-04-28 16:28:41,370 - __main__ - INFO - Live Device: 'usdal1-03pac01-mgt.ip.mrshmc.com': Found '2' Pre-Defined Tag objects
2020-04-28 16:28:41,371 - __main__ - INFO - Panorama 'global': dbedit create requests '0' Dip objects
2020-04-28 16:28:41,371 - __main__ - INFO - Panorama 'global': dbedit create requests '0' AddressObject objects
2020-04-28 16:28:41,371 - __main__ - INFO - Panorama 'global': dbedit create requests '0' AddressGroup objects
2020-04-28 16:28:41,372 - __main__ - INFO - Panorama 'global': dbedit create requests '0' ApplicationObject objects
2020-04-28 16:28:41,372 - __main__ - INFO - Panorama 'global': dbedit create requests '0' ApplicationGroup objects
2020-04-28 16:28:41,373 - __main__ - INFO - Panorama 'global': dbedit create requests '0' ApplicationFilter objects
2020-04-28 16:28:41,373 - __main__ - INFO - Panorama 'global': dbedit create requests '238' ServiceObject objects
2020-04-28 16:28:41,374 - __main__ - INFO - Panorama 'global': dbedit create requests '0' ServiceGroup objects
2020-04-28 16:28:41,374 - __main__ - INFO - Panorama 'global': dbedit create requests '0' Tag objects
2020-04-28 16:28:41,374 - __main__ - INFO - Panorama 'global': dbedit create requests '0' PreSecurityRule objects
2020-04-28 16:28:41,375 - __main__ - INFO - Panorama 'global': dbedit create requests '0' PreNatRule objects
2020-04-28 16:28:41,375 - __main__ - INFO - Panorama 'global': dbedit create requests '0' PostSecurityRule objects
2020-04-28 16:28:41,375 - __main__ - INFO - Panorama 'global': dbedit create requests '0' PostNatRule objects
2020-04-28 16:28:41,376 - __main__ - INFO - Panorama 'usdal1-03pac01-mgt.ip.mrshmc.com' dbedit update checking...
2020-04-28 16:28:41,376 - __main__ - INFO - Panorama 'global': dbedit delete requests '0' DeleteObject objects
2020-04-28 16:28:41,376 - __main__ - INFO - Panorama 'global': dbedit delete requests '0' Dip objects
2020-04-28 16:28:41,384 - __main__ - INFO - Panorama 'global': dbedit rename requests '0' RenameObject objects
2020-04-28 16:28:41,391 - __main__ - INFO - Panorama 'global': dbedit create requests '0' Dip objects
2020-04-28 16:28:41,391 - __main__ - INFO - Panorama 'global': dbedit create requests '0' AddressObject objects
2020-04-28 16:28:41,392 - __main__ - INFO - Panorama 'global': dbedit create requests '0' AddressGroup objects
2020-04-28 16:28:41,393 - __main__ - INFO - Panorama 'global': dbedit create requests '0' ApplicationObject objects
2020-04-28 16:28:41,394 - __main__ - INFO - Panorama 'global': dbedit create requests '0' ApplicationGroup objects
2020-04-28 16:28:41,395 - __main__ - INFO - Panorama 'global': dbedit create requests '0' ApplicationFilter objects
2020-04-28 16:28:41,402 - __main__ - INFO - Panorama 'global': dbedit create requests '238' ServiceObject objects
2020-04-28 16:28:41,404 - __main__ - INFO - Panorama 'global': dbedit create requests '0' ServiceGroup objects
2020-04-28 16:28:41,405 - __main__ - INFO - Panorama 'global': dbedit create requests '0' Tag objects
2020-04-28 16:28:41,412 - __main__ - INFO - Panorama 'global': dbedit create requests '0' PreSecurityRule objects
2020-04-28 16:28:41,415 - __main__ - INFO - Panorama 'global': dbedit create requests '0' PreNatRule objects
2020-04-28 16:28:41,415 - __main__ - INFO - Panorama 'global': dbedit create requests '0' PostSecurityRule objects
2020-04-28 16:28:41,423 - __main__ - INFO - Panorama 'global': dbedit create requests '0' PostNatRule objects
2020-04-28 16:28:41,425 - __main__ - INFO - Panorama 'usdal1-03pac01-mgt.ip.mrshmc.com': Updating objects, (action 'create')
2020-04-28 16:28:41,425 - __main__ - INFO - Panorama 'usdal1-03pac01-mgt.ip.mrshmc.com': TEST MODE - not creating ServiceObject 'tcp-1000-2000'. TEST!
2020-04-28 16:28:41,426 - __main__ - INFO - Panorama 'usdal1-03pac01-mgt.ip.mrshmc.com': TEST MODE - not creating ServiceObject 'tcp-10022'. TEST!
2020-04-28 16:28:41,435 - __main__ - INFO - Panorama 'usdal1-03pac01-mgt.ip.mrshmc.com': TEST MODE - not creating ServiceObject 'tcp-10025'. TEST!
2020-04-28 16:28:41,436 - __main__ - INFO - Panorama 'usdal1-03pac01-mgt.ip.mrshmc.com': TEST MODE - not creating ServiceObject 'tcp-10051'. TEST!
2020-04-28 16:28:41,443 - __main__ - INFO - Panorama 'usdal1-03pac01-mgt.ip.mrshmc.com': TEST MODE - not creating ServiceObject 'tcp-10053'. TEST!
2020-04-28 16:28:41,445 - __main__ - INFO - Panorama 'usdal1-03pac01-mgt.ip.mrshmc.com': TEST MODE - not creating ServiceObject 'tcp-10217'. TEST!
2020-04-28 16:28:41,445 - __main__ - INFO - Panorama 'usdal1-03pac01-mgt.ip.mrshmc.com': TEST MODE - not creating ServiceObject 'tcp-10218'. TEST!
2020-04-28 16:28:41,453 - __main__ - INFO - Panorama 'usdal1-03pac01-mgt.ip.mrshmc.com': TEST MODE - not creating ServiceObject 'tcp-1022'. TEST!
2020-04-28 16:28:41,455 - __main__ - INFO - Panorama 'usdal1-03pac01-mgt.ip.mrshmc.com': TEST MODE - not creating ServiceObject 'tcp-1024-65535'. TEST!
2020-04-28 16:28:41,455 - __main__ - INFO - Panorama 'usdal1-03pac01-mgt.ip.mrshmc.com': TEST MODE - not creating ServiceObject 'tcp-1025-5000'. TEST!
2020-04-28 16:28:41,463 - __main__ - INFO - Panorama 'usdal1-03pac01-mgt.ip.mrshmc.com': TEST MODE - not creating ServiceObject 'tcp-1026'. TEST!
2020-04-28 16:28:41,466 - __main__ - INFO - Panorama 'usdal1-03pac01-mgt.ip.mrshmc.com': TEST MODE - not creating ServiceObject 'tcp-1030'. TEST!
2020-04-28 16:28:41,466 - __main__ - INFO - Panorama 'usdal1-03pac01-mgt.ip.mrshmc.com': TEST MODE - not creating ServiceObject 'tcp-10443'. TEST!
2020-04-28 16:28:41,475 - __main__ - INFO - Panorama 'usdal1-03pac01-mgt.ip.mrshmc.com': TEST MODE - not creating ServiceObject 'tcp-1069'. TEST!
2020-04-28 16:28:41,476 - __main__ - INFO - Panorama 'usdal1-03pac01-mgt.ip.mrshmc.com': TEST MODE - not creating ServiceObject 'tcp-11233'. TEST!
2020-04-28 16:28:41,483 - __main__ - INFO - Panorama 'usdal1-03pac01-mgt.ip.mrshmc.com': TEST MODE - not creating ServiceObject 'tcp-1138'. TEST!
2020-04-28 16:28:41,485 - __main__ - INFO - Panorama 'usdal1-03pac01-mgt.ip.mrshmc.com': TEST MODE - not creating ServiceObject 'tcp-1200-1205'. TEST!
2020-04-28 16:28:41,486 - __main__ - INFO - Panorama 'usdal1-03pac01-mgt.ip.mrshmc.com': TEST MODE - not creating ServiceObject 'tcp-12000'. TEST!
2020-04-28 16:28:41,493 - __main__ - INFO - Panorama 'usdal1-03pac01-mgt.ip.mrshmc.com': TEST MODE - not creating ServiceObject 'tcp-12173-12176'. TEST!
2020-04-28 16:28:41,495 - __main__ - INFO - Panorama 'usdal1-03pac01-mgt.ip.mrshmc.com': TEST MODE - not creating ServiceObject 'tcp-12233'. TEST!
2020-04-28 16:28:41,503 - __main__ - INFO - Panorama 'usdal1-03pac01-mgt.ip.mrshmc.com': TEST MODE - not creating ServiceObject 'tcp-1280'. TEST!
2020-04-28 16:28:41,505 - __main__ - INFO - Panorama 'usdal1-03pac01-mgt.ip.mrshmc.com': TEST MODE - not creating ServiceObject 'tcp-13000-13025'. TEST!
2020-04-28 16:28:41,506 - __main__ - INFO - Panorama 'usdal1-03pac01-mgt.ip.mrshmc.com': TEST MODE - not creating ServiceObject 'tcp-13003-13025'. TEST!
2020-04-28 16:28:41,513 - __main__ - INFO - Panorama 'usdal1-03pac01-mgt.ip.mrshmc.com': TEST MODE - not creating ServiceObject 'tcp-14210-14211'. TEST!
2020-04-28 16:28:41,515 - __main__ - INFO - Panorama 'usdal1-03pac01-mgt.ip.mrshmc.com': TEST MODE - not creating ServiceObject 'tcp-1443'. TEST!
2020-04-28 16:28:41,516 - __main__ - INFO - Panorama 'usdal1-03pac01-mgt.ip.mrshmc.com': TEST MODE - not creating ServiceObject 'tcp-1452'. TEST!
2020-04-28 16:28:41,523 - __main__ - INFO - Panorama 'usdal1-03pac01-mgt.ip.mrshmc.com': TEST MODE - not creating ServiceObject 'tcp-15000'. TEST!
2020-04-28 16:28:41,525 - __main__ - INFO - Panorama 'usdal1-03pac01-mgt.ip.mrshmc.com': TEST MODE - not creating ServiceObject 'tcp-1521-1530'. TEST!
2020-04-28 16:28:41,526 - __main__ - INFO - Panorama 'usdal1-03pac01-mgt.ip.mrshmc.com': TEST MODE - not creating ServiceObject 'tcp-1752'. TEST!
2020-04-28 16:28:41,533 - __main__ - INFO - Panorama 'usdal1-03pac01-mgt.ip.mrshmc.com': TEST MODE - not creating ServiceObject 'tcp-1775'. TEST!
2020-04-28 16:28:41,535 - __main__ - INFO - Panorama 'usdal1-03pac01-mgt.ip.mrshmc.com': TEST MODE - not creating ServiceObject 'tcp-1779'. TEST!
2020-04-28 16:28:41,536 - __main__ - INFO - Panorama 'usdal1-03pac01-mgt.ip.mrshmc.com': TEST MODE - not creating ServiceObject 'tcp-1782'. TEST!
2020-04-28 16:28:41,543 - __main__ - INFO - Panorama 'usdal1-03pac01-mgt.ip.mrshmc.com': TEST MODE - not creating ServiceObject 'tcp-1786'. TEST!
2020-04-28 16:28:41,545 - __main__ - INFO - Panorama 'usdal1-03pac01-mgt.ip.mrshmc.com': TEST MODE - not creating ServiceObject 'tcp-1789'. TEST!
2020-04-28 16:28:41,553 - __main__ - INFO - Panorama 'usdal1-03pac01-mgt.ip.mrshmc.com': TEST MODE - not creating ServiceObject 'tcp-179'. TEST!
2020-04-28 16:28:41,555 - __main__ - INFO - Panorama 'usdal1-03pac01-mgt.ip.mrshmc.com': TEST MODE - not creating ServiceObject 'tcp-17992'. TEST!
2020-04-28 16:28:41,555 - __main__ - INFO - Panorama 'usdal1-03pac01-mgt.ip.mrshmc.com': TEST MODE - not creating ServiceObject 'tcp-18003'. TEST!
2020-04-28 16:28:41,563 - __main__ - INFO - Panorama 'usdal1-03pac01-mgt.ip.mrshmc.com': TEST MODE - not creating ServiceObject 'tcp-18516'. TEST!
2020-04-28 16:28:41,565 - __main__ - INFO - Panorama 'usdal1-03pac01-mgt.ip.mrshmc.com': TEST MODE - not creating ServiceObject 'tcp-19000'. TEST!
2020-04-28 16:28:41,566 - __main__ - INFO - Panorama 'usdal1-03pac01-mgt.ip.mrshmc.com': TEST MODE - not creating ServiceObject 'tcp-19750'. TEST!
2020-04-28 16:28:41,574 - __main__ - INFO - Panorama 'usdal1-03pac01-mgt.ip.mrshmc.com': TEST MODE - not creating ServiceObject 'tcp-19751'. TEST!
2020-04-28 16:28:41,575 - __main__ - INFO - Panorama 'usdal1-03pac01-mgt.ip.mrshmc.com': TEST MODE - not creating ServiceObject 'tcp-20022'. TEST!
2020-04-28 16:28:41,576 - __main__ - INFO - Panorama 'usdal1-03pac01-mgt.ip.mrshmc.com': TEST MODE - not creating ServiceObject 'tcp-2022'. TEST!
2020-04-28 16:28:41,584 - __main__ - INFO - Panorama 'usdal1-03pac01-mgt.ip.mrshmc.com': TEST MODE - not creating ServiceObject 'tcp-2040'. TEST!
2020-04-28 16:28:41,589 - __main__ - INFO - Panorama 'usdal1-03pac01-mgt.ip.mrshmc.com': TEST MODE - not creating ServiceObject 'tcp-21000'. TEST!
2020-04-28 16:28:41,592 - __main__ - INFO - Panorama 'usdal1-03pac01-mgt.ip.mrshmc.com': TEST MODE - not creating ServiceObject 'tcp-2121'. TEST!
2020-04-28 16:28:41,603 - __main__ - INFO - Panorama 'usdal1-03pac01-mgt.ip.mrshmc.com': TEST MODE - not creating ServiceObject 'tcp-2195'. TEST!
2020-04-28 16:28:41,605 - __main__ - INFO - Panorama 'usdal1-03pac01-mgt.ip.mrshmc.com': TEST MODE - not creating ServiceObject 'tcp-2200'. TEST!
2020-04-28 16:28:41,612 - __main__ - INFO - Panorama 'usdal1-03pac01-mgt.ip.mrshmc.com': TEST MODE - not creating ServiceObject 'tcp-2200-2300'. TEST!
2020-04-28 16:28:41,620 - __main__ - INFO - Panorama 'usdal1-03pac01-mgt.ip.mrshmc.com': TEST MODE - not creating ServiceObject 'tcp-2202'. TEST!
2020-04-28 16:28:41,623 - __main__ - INFO - Panorama 'usdal1-03pac01-mgt.ip.mrshmc.com': TEST MODE - not creating ServiceObject 'tcp-2222'. TEST!
2020-04-28 16:28:41,624 - __main__ - INFO - Panorama 'usdal1-03pac01-mgt.ip.mrshmc.com': TEST MODE - not creating ServiceObject 'tcp-22222'. TEST!
2020-04-28 16:28:41,633 - __main__ - INFO - Panorama 'usdal1-03pac01-mgt.ip.mrshmc.com': TEST MODE - not creating ServiceObject 'tcp-2233'. TEST!
2020-04-28 16:28:41,634 - __main__ - INFO - Panorama 'usdal1-03pac01-mgt.ip.mrshmc.com': TEST MODE - not creating ServiceObject 'tcp-2244'. TEST!
2020-04-28 16:28:41,641 - __main__ - INFO - Panorama 'usdal1-03pac01-mgt.ip.mrshmc.com': TEST MODE - not creating ServiceObject 'tcp-2255'. TEST!
2020-04-28 16:28:41,641 - __main__ - INFO - Panorama 'usdal1-03pac01-mgt.ip.mrshmc.com': TEST MODE - not creating ServiceObject 'tcp-2266'. TEST!
2020-04-28 16:28:41,643 - __main__ - INFO - Panorama 'usdal1-03pac01-mgt.ip.mrshmc.com': TEST MODE - not creating ServiceObject 'tcp-2323'. TEST!
2020-04-28 16:28:41,643 - __main__ - INFO - Panorama 'usdal1-03pac01-mgt.ip.mrshmc.com': TEST MODE - not creating ServiceObject 'tcp-2443'. TEST!
2020-04-28 16:28:41,651 - __main__ - INFO - Panorama 'usdal1-03pac01-mgt.ip.mrshmc.com': TEST MODE - not creating ServiceObject 'tcp-26'. TEST!
2020-04-28 16:28:41,651 - __main__ - INFO - Panorama 'usdal1-03pac01-mgt.ip.mrshmc.com': TEST MODE - not creating ServiceObject 'tcp-27'. TEST!
2020-04-28 16:28:41,653 - __main__ - INFO - Panorama 'usdal1-03pac01-mgt.ip.mrshmc.com': TEST MODE - not creating ServiceObject 'tcp-27749'. TEST!
2020-04-28 16:28:41,653 - __main__ - INFO - Panorama 'usdal1-03pac01-mgt.ip.mrshmc.com': TEST MODE - not creating ServiceObject 'tcp-28'. TEST!
2020-04-28 16:28:41,661 - __main__ - INFO - Panorama 'usdal1-03pac01-mgt.ip.mrshmc.com': TEST MODE - not creating ServiceObject 'tcp-29'. TEST!
2020-04-28 16:28:41,667 - __main__ - INFO - Panorama 'usdal1-03pac01-mgt.ip.mrshmc.com': TEST MODE - not creating ServiceObject 'tcp-30206'. TEST!
2020-04-28 16:28:41,669 - __main__ - INFO - Panorama 'usdal1-03pac01-mgt.ip.mrshmc.com': TEST MODE - not creating ServiceObject 'tcp-3022'. TEST!
2020-04-28 16:28:41,677 - __main__ - INFO - Panorama 'usdal1-03pac01-mgt.ip.mrshmc.com': TEST MODE - not creating ServiceObject 'tcp-32111'. TEST!
2020-04-28 16:28:41,678 - __main__ - INFO - Panorama 'usdal1-03pac01-mgt.ip.mrshmc.com': TEST MODE - not creating ServiceObject 'tcp-33001'. TEST!
2020-04-28 16:28:41,686 - __main__ - INFO - Panorama 'usdal1-03pac01-mgt.ip.mrshmc.com': TEST MODE - not creating ServiceObject 'tcp-3306'. TEST!
2020-04-28 16:28:41,687 - __main__ - INFO - Panorama 'usdal1-03pac01-mgt.ip.mrshmc.com': TEST MODE - not creating ServiceObject 'tcp-333'. TEST!
2020-04-28 16:28:41,688 - __main__ - INFO - Panorama 'usdal1-03pac01-mgt.ip.mrshmc.com': TEST MODE - not creating ServiceObject 'tcp-3333'. TEST!
2020-04-28 16:28:41,695 - __main__ - INFO - Panorama 'usdal1-03pac01-mgt.ip.mrshmc.com': TEST MODE - not creating ServiceObject 'tcp-3413'. TEST!
2020-04-28 16:28:41,695 - __main__ - INFO - Panorama 'usdal1-03pac01-mgt.ip.mrshmc.com': TEST MODE - not creating ServiceObject 'tcp-3456'. TEST!
2020-04-28 16:28:41,699 - __main__ - INFO - Panorama 'usdal1-03pac01-mgt.ip.mrshmc.com': TEST MODE - not creating ServiceObject 'tcp-3478'. TEST!
2020-04-28 16:28:41,700 - __main__ - INFO - Panorama 'usdal1-03pac01-mgt.ip.mrshmc.com': TEST MODE - not creating ServiceObject 'tcp-36865'. TEST!
2020-04-28 16:28:41,708 - __main__ - INFO - Panorama 'usdal1-03pac01-mgt.ip.mrshmc.com': TEST MODE - not creating ServiceObject 'tcp-3690'. TEST!
2020-04-28 16:28:41,708 - __main__ - INFO - Panorama 'usdal1-03pac01-mgt.ip.mrshmc.com': TEST MODE - not creating ServiceObject 'tcp-401'. TEST!
2020-04-28 16:28:41,716 - __main__ - INFO - Panorama 'usdal1-03pac01-mgt.ip.mrshmc.com': TEST MODE - not creating ServiceObject 'tcp-4022'. TEST!
2020-04-28 16:28:41,719 - __main__ - INFO - Panorama 'usdal1-03pac01-mgt.ip.mrshmc.com': TEST MODE - not creating ServiceObject 'tcp-40279'. TEST!
2020-04-28 16:28:41,720 - __main__ - INFO - Panorama 'usdal1-03pac01-mgt.ip.mrshmc.com': TEST MODE - not creating ServiceObject 'tcp-4080'. TEST!
2020-04-28 16:28:41,727 - __main__ - INFO - Panorama 'usdal1-03pac01-mgt.ip.mrshmc.com': TEST MODE - not creating ServiceObject 'tcp-4228'. TEST!
2020-04-28 16:28:41,727 - __main__ - INFO - Panorama 'usdal1-03pac01-mgt.ip.mrshmc.com': TEST MODE - not creating ServiceObject 'tcp-423'. TEST!
2020-04-28 16:28:41,729 - __main__ - INFO - Panorama 'usdal1-03pac01-mgt.ip.mrshmc.com': TEST MODE - not creating ServiceObject 'tcp-4239'. TEST!
2020-04-28 16:28:41,737 - __main__ - INFO - Panorama 'usdal1-03pac01-mgt.ip.mrshmc.com': TEST MODE - not creating ServiceObject 'tcp-4244'. TEST!
2020-04-28 16:28:41,739 - __main__ - INFO - Panorama 'usdal1-03pac01-mgt.ip.mrshmc.com': TEST MODE - not creating ServiceObject 'tcp-4248'. TEST!
2020-04-28 16:28:41,739 - __main__ - INFO - Panorama 'usdal1-03pac01-mgt.ip.mrshmc.com': TEST MODE - not creating ServiceObject 'tcp-4282'. TEST!
2020-04-28 16:28:41,749 - __main__ - INFO - Panorama 'usdal1-03pac01-mgt.ip.mrshmc.com': TEST MODE - not creating ServiceObject 'tcp-4285'. TEST!
2020-04-28 16:28:41,750 - __main__ - INFO - Panorama 'usdal1-03pac01-mgt.ip.mrshmc.com': TEST MODE - not creating ServiceObject 'tcp-4433'. TEST!
2020-04-28 16:28:41,757 - __main__ - INFO - Panorama 'usdal1-03pac01-mgt.ip.mrshmc.com': TEST MODE - not creating ServiceObject 'tcp-44718'. TEST!
2020-04-28 16:28:41,757 - __main__ - INFO - Panorama 'usdal1-03pac01-mgt.ip.mrshmc.com': TEST MODE - not creating ServiceObject 'tcp-450'. TEST!
2020-04-28 16:28:41,759 - __main__ - INFO - Panorama 'usdal1-03pac01-mgt.ip.mrshmc.com': TEST MODE - not creating ServiceObject 'tcp-4501-4503'. TEST!
2020-04-28 16:28:41,760 - __main__ - INFO - Panorama 'usdal1-03pac01-mgt.ip.mrshmc.com': TEST MODE - not creating ServiceObject 'tcp-4502'. TEST!
2020-04-28 16:28:41,767 - __main__ - INFO - Panorama 'usdal1-03pac01-mgt.ip.mrshmc.com': TEST MODE - not creating ServiceObject 'tcp-45022'. TEST!
2020-04-28 16:28:41,769 - __main__ - INFO - Panorama 'usdal1-03pac01-mgt.ip.mrshmc.com': TEST MODE - not creating ServiceObject 'tcp-4503'. TEST!
2020-04-28 16:28:41,769 - __main__ - INFO - Panorama 'usdal1-03pac01-mgt.ip.mrshmc.com': TEST MODE - not creating ServiceObject 'tcp-4505'. TEST!
2020-04-28 16:28:41,776 - __main__ - INFO - Panorama 'usdal1-03pac01-mgt.ip.mrshmc.com': TEST MODE - not creating ServiceObject 'tcp-4506'. TEST!
2020-04-28 16:28:41,776 - __main__ - INFO - Panorama 'usdal1-03pac01-mgt.ip.mrshmc.com': TEST MODE - not creating ServiceObject 'tcp-4512'. TEST!
2020-04-28 16:28:41,777 - __main__ - INFO - Panorama 'usdal1-03pac01-mgt.ip.mrshmc.com': TEST MODE - not creating ServiceObject 'tcp-4747'. TEST!
2020-04-28 16:28:41,779 - __main__ - INFO - Panorama 'usdal1-03pac01-mgt.ip.mrshmc.com': TEST MODE - not creating ServiceObject 'tcp-4892'. TEST!
2020-04-28 16:28:41,787 - __main__ - INFO - Panorama 'usdal1-03pac01-mgt.ip.mrshmc.com': TEST MODE - not creating ServiceObject 'tcp-4899'. TEST!
2020-04-28 16:28:41,787 - __main__ - INFO - Panorama 'usdal1-03pac01-mgt.ip.mrshmc.com': TEST MODE - not creating ServiceObject 'tcp-49'. TEST!
2020-04-28 16:28:41,788 - __main__ - INFO - Panorama 'usdal1-03pac01-mgt.ip.mrshmc.com': TEST MODE - not creating ServiceObject 'tcp-4900-4999'. TEST!
2020-04-28 16:28:41,789 - __main__ - INFO - Panorama 'usdal1-03pac01-mgt.ip.mrshmc.com': TEST MODE - not creating ServiceObject 'tcp-49000-49009'. TEST!
2020-04-28 16:28:41,789 - __main__ - INFO - Panorama 'usdal1-03pac01-mgt.ip.mrshmc.com': TEST MODE - not creating ServiceObject 'tcp-49837'. TEST!
2020-04-28 16:28:41,799 - __main__ - INFO - Panorama 'usdal1-03pac01-mgt.ip.mrshmc.com': TEST MODE - not creating ServiceObject 'tcp-5000-50030'. TEST!
2020-04-28 16:28:41,800 - __main__ - INFO - Panorama 'usdal1-03pac01-mgt.ip.mrshmc.com': TEST MODE - not creating ServiceObject 'tcp-5000-5010'. TEST!
2020-04-28 16:28:41,807 - __main__ - INFO - Panorama 'usdal1-03pac01-mgt.ip.mrshmc.com': TEST MODE - not creating ServiceObject 'tcp-5000-6000'. TEST!
2020-04-28 16:28:41,809 - __main__ - INFO - Panorama 'usdal1-03pac01-mgt.ip.mrshmc.com': TEST MODE - not creating ServiceObject 'tcp-50000-50030'. TEST!
2020-04-28 16:28:41,810 - __main__ - INFO - Panorama 'usdal1-03pac01-mgt.ip.mrshmc.com': TEST MODE - not creating ServiceObject 'tcp-50000-50200'. TEST!
2020-04-28 16:28:41,817 - __main__ - INFO - Panorama 'usdal1-03pac01-mgt.ip.mrshmc.com': TEST MODE - not creating ServiceObject 'tcp-50000-51000'. TEST!
2020-04-28 16:28:41,819 - __main__ - INFO - Panorama 'usdal1-03pac01-mgt.ip.mrshmc.com': TEST MODE - not creating ServiceObject 'tcp-50002'. TEST!
2020-04-28 16:28:41,819 - __main__ - INFO - Panorama 'usdal1-03pac01-mgt.ip.mrshmc.com': TEST MODE - not creating ServiceObject 'tcp-5003'. TEST!
2020-04-28 16:28:41,827 - __main__ - INFO - Panorama 'usdal1-03pac01-mgt.ip.mrshmc.com': TEST MODE - not creating ServiceObject 'tcp-5018'. TEST!
2020-04-28 16:28:41,829 - __main__ - INFO - Panorama 'usdal1-03pac01-mgt.ip.mrshmc.com': TEST MODE - not creating ServiceObject 'tcp-5019'. TEST!
2020-04-28 16:28:41,837 - __main__ - INFO - Panorama 'usdal1-03pac01-mgt.ip.mrshmc.com': TEST MODE - not creating ServiceObject 'tcp-5024'. TEST!
2020-04-28 16:28:41,838 - __main__ - INFO - Panorama 'usdal1-03pac01-mgt.ip.mrshmc.com': TEST MODE - not creating ServiceObject 'tcp-50415'. TEST!
2020-04-28 16:28:41,838 - __main__ - INFO - Panorama 'usdal1-03pac01-mgt.ip.mrshmc.com': TEST MODE - not creating ServiceObject 'tcp-50440'. TEST!
2020-04-28 16:28:41,839 - __main__ - INFO - Panorama 'usdal1-03pac01-mgt.ip.mrshmc.com': TEST MODE - not creating ServiceObject 'tcp-5050'. TEST!
2020-04-28 16:28:41,848 - __main__ - INFO - Panorama 'usdal1-03pac01-mgt.ip.mrshmc.com': TEST MODE - not creating ServiceObject 'tcp-5061'. TEST!
2020-04-28 16:28:41,849 - __main__ - INFO - Panorama 'usdal1-03pac01-mgt.ip.mrshmc.com': TEST MODE - not creating ServiceObject 'tcp-5090'. TEST!
2020-04-28 16:28:41,850 - __main__ - INFO - Panorama 'usdal1-03pac01-mgt.ip.mrshmc.com': TEST MODE - not creating ServiceObject 'tcp-5091'. TEST!
2020-04-28 16:28:41,857 - __main__ - INFO - Panorama 'usdal1-03pac01-mgt.ip.mrshmc.com': TEST MODE - not creating ServiceObject 'tcp-5096-5099'. TEST!
2020-04-28 16:28:41,859 - __main__ - INFO - Panorama 'usdal1-03pac01-mgt.ip.mrshmc.com': TEST MODE - not creating ServiceObject 'tcp-51000-52000'. TEST!
2020-04-28 16:28:41,867 - __main__ - INFO - Panorama 'usdal1-03pac01-mgt.ip.mrshmc.com': TEST MODE - not creating ServiceObject 'tcp-51399'. TEST!
2020-04-28 16:28:41,869 - __main__ - INFO - Panorama 'usdal1-03pac01-mgt.ip.mrshmc.com': TEST MODE - not creating ServiceObject 'tcp-518'. TEST!
2020-04-28 16:28:41,870 - __main__ - INFO - Panorama 'usdal1-03pac01-mgt.ip.mrshmc.com': TEST MODE - not creating ServiceObject 'tcp-5223'. TEST!
2020-04-28 16:28:41,877 - __main__ - INFO - Panorama 'usdal1-03pac01-mgt.ip.mrshmc.com': TEST MODE - not creating ServiceObject 'tcp-52411'. TEST!
2020-04-28 16:28:41,882 - __main__ - INFO - Panorama 'usdal1-03pac01-mgt.ip.mrshmc.com': TEST MODE - not creating ServiceObject 'tcp-5245'. TEST!
2020-04-28 16:28:41,882 - __main__ - INFO - Panorama 'usdal1-03pac01-mgt.ip.mrshmc.com': TEST MODE - not creating ServiceObject 'tcp-5349'. TEST!
2020-04-28 16:28:41,890 - __main__ - INFO - Panorama 'usdal1-03pac01-mgt.ip.mrshmc.com': TEST MODE - not creating ServiceObject 'tcp-5432'. TEST!
2020-04-28 16:28:41,895 - __main__ - INFO - Panorama 'usdal1-03pac01-mgt.ip.mrshmc.com': TEST MODE - not creating ServiceObject 'tcp-5443'. TEST!
2020-04-28 16:28:41,897 - __main__ - INFO - Panorama 'usdal1-03pac01-mgt.ip.mrshmc.com': TEST MODE - not creating ServiceObject 'tcp-5450'. TEST!
2020-04-28 16:28:41,906 - __main__ - INFO - Panorama 'usdal1-03pac01-mgt.ip.mrshmc.com': TEST MODE - not creating ServiceObject 'tcp-5500-5520'. TEST!
2020-04-28 16:28:41,906 - __main__ - INFO - Panorama 'usdal1-03pac01-mgt.ip.mrshmc.com': TEST MODE - not creating ServiceObject 'tcp-5506'. TEST!
2020-04-28 16:28:41,913 - __main__ - INFO - Panorama 'usdal1-03pac01-mgt.ip.mrshmc.com': TEST MODE - not creating ServiceObject 'tcp-555'. TEST!
2020-04-28 16:28:41,916 - __main__ - INFO - Panorama 'usdal1-03pac01-mgt.ip.mrshmc.com': TEST MODE - not creating ServiceObject 'tcp-55536-55567'. TEST!
2020-04-28 16:28:41,916 - __main__ - INFO - Panorama 'usdal1-03pac01-mgt.ip.mrshmc.com': TEST MODE - not creating ServiceObject 'tcp-55536-56559'. TEST!
2020-04-28 16:28:41,923 - __main__ - INFO - Panorama 'usdal1-03pac01-mgt.ip.mrshmc.com': TEST MODE - not creating ServiceObject 'tcp-5630'. TEST!
2020-04-28 16:28:41,923 - __main__ - INFO - Panorama 'usdal1-03pac01-mgt.ip.mrshmc.com': TEST MODE - not creating ServiceObject 'tcp-5640'. TEST!
2020-04-28 16:28:41,925 - __main__ - INFO - Panorama 'usdal1-03pac01-mgt.ip.mrshmc.com': TEST MODE - not creating ServiceObject 'tcp-5701-5702'. TEST!
2020-04-28 16:28:41,926 - __main__ - INFO - Panorama 'usdal1-03pac01-mgt.ip.mrshmc.com': TEST MODE - not creating ServiceObject 'tcp-5707'. TEST!
2020-04-28 16:28:41,935 - __main__ - INFO - Panorama 'usdal1-03pac01-mgt.ip.mrshmc.com': TEST MODE - not creating ServiceObject 'tcp-58000-58010'. TEST!
2020-04-28 16:28:41,935 - __main__ - INFO - Panorama 'usdal1-03pac01-mgt.ip.mrshmc.com': TEST MODE - not creating ServiceObject 'tcp-5814'. TEST!
2020-04-28 16:28:41,942 - __main__ - INFO - Panorama 'usdal1-03pac01-mgt.ip.mrshmc.com': TEST MODE - not creating ServiceObject 'tcp-6000-6100'. TEST!
2020-04-28 16:28:41,943 - __main__ - INFO - Panorama 'usdal1-03pac01-mgt.ip.mrshmc.com': TEST MODE - not creating ServiceObject 'tcp-60000-60020'. TEST!
2020-04-28 16:28:41,943 - __main__ - INFO - Panorama 'usdal1-03pac01-mgt.ip.mrshmc.com': TEST MODE - not creating ServiceObject 'tcp-6006'. TEST!
2020-04-28 16:28:41,945 - __main__ - INFO - Panorama 'usdal1-03pac01-mgt.ip.mrshmc.com': TEST MODE - not creating ServiceObject 'tcp-6022'. TEST!
2020-04-28 16:28:41,945 - __main__ - INFO - Panorama 'usdal1-03pac01-mgt.ip.mrshmc.com': TEST MODE - not creating ServiceObject 'tcp-6043'. TEST!
2020-04-28 16:28:41,953 - __main__ - INFO - Panorama 'usdal1-03pac01-mgt.ip.mrshmc.com': TEST MODE - not creating ServiceObject 'tcp-6060'. TEST!
2020-04-28 16:28:41,955 - __main__ - INFO - Panorama 'usdal1-03pac01-mgt.ip.mrshmc.com': TEST MODE - not creating ServiceObject 'tcp-61000-65000'. TEST!
2020-04-28 16:28:41,955 - __main__ - INFO - Panorama 'usdal1-03pac01-mgt.ip.mrshmc.com': TEST MODE - not creating ServiceObject 'tcp-62000-62010'. TEST!
2020-04-28 16:28:41,963 - __main__ - INFO - Panorama 'usdal1-03pac01-mgt.ip.mrshmc.com': TEST MODE - not creating ServiceObject 'tcp-62001-62010'. TEST!
2020-04-28 16:28:41,965 - __main__ - INFO - Panorama 'usdal1-03pac01-mgt.ip.mrshmc.com': TEST MODE - not creating ServiceObject 'tcp-62003'. TEST!
2020-04-28 16:28:41,966 - __main__ - INFO - Panorama 'usdal1-03pac01-mgt.ip.mrshmc.com': TEST MODE - not creating ServiceObject 'tcp-62004'. TEST!
2020-04-28 16:28:41,973 - __main__ - INFO - Panorama 'usdal1-03pac01-mgt.ip.mrshmc.com': TEST MODE - not creating ServiceObject 'tcp-62005'. TEST!
2020-04-28 16:28:41,973 - __main__ - INFO - Panorama 'usdal1-03pac01-mgt.ip.mrshmc.com': TEST MODE - not creating ServiceObject 'tcp-62006'. TEST!
2020-04-28 16:28:41,974 - __main__ - INFO - Panorama 'usdal1-03pac01-mgt.ip.mrshmc.com': TEST MODE - not creating ServiceObject 'tcp-62007'. TEST!
2020-04-28 16:28:41,976 - __main__ - INFO - Panorama 'usdal1-03pac01-mgt.ip.mrshmc.com': TEST MODE - not creating ServiceObject 'tcp-62008'. TEST!
2020-04-28 16:28:41,976 - __main__ - INFO - Panorama 'usdal1-03pac01-mgt.ip.mrshmc.com': TEST MODE - not creating ServiceObject 'tcp-62009'. TEST!
2020-04-28 16:28:41,983 - __main__ - INFO - Panorama 'usdal1-03pac01-mgt.ip.mrshmc.com': TEST MODE - not creating ServiceObject 'tcp-62010'. TEST!
2020-04-28 16:28:41,984 - __main__ - INFO - Panorama 'usdal1-03pac01-mgt.ip.mrshmc.com': TEST MODE - not creating ServiceObject 'tcp-6222'. TEST!
2020-04-28 16:28:41,985 - __main__ - INFO - Panorama 'usdal1-03pac01-mgt.ip.mrshmc.com': TEST MODE - not creating ServiceObject 'tcp-6321'. TEST!
2020-04-28 16:28:41,986 - __main__ - INFO - Panorama 'usdal1-03pac01-mgt.ip.mrshmc.com': TEST MODE - not creating ServiceObject 'tcp-6322'. TEST!
2020-04-28 16:28:41,993 - __main__ - INFO - Panorama 'usdal1-03pac01-mgt.ip.mrshmc.com': TEST MODE - not creating ServiceObject 'tcp-6330'. TEST!
2020-04-28 16:28:41,993 - __main__ - INFO - Panorama 'usdal1-03pac01-mgt.ip.mrshmc.com': TEST MODE - not creating ServiceObject 'tcp-6331'. TEST!
2020-04-28 16:28:41,994 - __main__ - INFO - Panorama 'usdal1-03pac01-mgt.ip.mrshmc.com': TEST MODE - not creating ServiceObject 'tcp-6333'. TEST!
2020-04-28 16:28:41,996 - __main__ - INFO - Panorama 'usdal1-03pac01-mgt.ip.mrshmc.com': TEST MODE - not creating ServiceObject 'tcp-64101-64110'. TEST!
2020-04-28 16:28:42,004 - __main__ - INFO - Panorama 'usdal1-03pac01-mgt.ip.mrshmc.com': TEST MODE - not creating ServiceObject 'tcp-6511'. TEST!
2020-04-28 16:28:42,006 - __main__ - INFO - Panorama 'usdal1-03pac01-mgt.ip.mrshmc.com': TEST MODE - not creating ServiceObject 'tcp-6514'. TEST!
2020-04-28 16:28:42,006 - __main__ - INFO - Panorama 'usdal1-03pac01-mgt.ip.mrshmc.com': TEST MODE - not creating ServiceObject 'tcp-6670'. TEST!
2020-04-28 16:28:42,016 - __main__ - INFO - Panorama 'usdal1-03pac01-mgt.ip.mrshmc.com': TEST MODE - not creating ServiceObject 'tcp-6672'. TEST!
2020-04-28 16:28:42,016 - __main__ - INFO - Panorama 'usdal1-03pac01-mgt.ip.mrshmc.com': TEST MODE - not creating ServiceObject 'tcp-7006'. TEST!
2020-04-28 16:28:42,023 - __main__ - INFO - Panorama 'usdal1-03pac01-mgt.ip.mrshmc.com': TEST MODE - not creating ServiceObject 'tcp-7103'. TEST!
2020-04-28 16:28:42,025 - __main__ - INFO - Panorama 'usdal1-03pac01-mgt.ip.mrshmc.com': TEST MODE - not creating ServiceObject 'tcp-7208'. TEST!
2020-04-28 16:28:42,025 - __main__ - INFO - Panorama 'usdal1-03pac01-mgt.ip.mrshmc.com': TEST MODE - not creating ServiceObject 'tcp-7209'. TEST!
2020-04-28 16:28:42,033 - __main__ - INFO - Panorama 'usdal1-03pac01-mgt.ip.mrshmc.com': TEST MODE - not creating ServiceObject 'tcp-7443'. TEST!
2020-04-28 16:28:42,033 - __main__ - INFO - Panorama 'usdal1-03pac01-mgt.ip.mrshmc.com': TEST MODE - not creating ServiceObject 'tcp-7502'. TEST!
2020-04-28 16:28:42,035 - __main__ - INFO - Panorama 'usdal1-03pac01-mgt.ip.mrshmc.com': TEST MODE - not creating ServiceObject 'tcp-7653'. TEST!
2020-04-28 16:28:42,035 - __main__ - INFO - Panorama 'usdal1-03pac01-mgt.ip.mrshmc.com': TEST MODE - not creating ServiceObject 'tcp-8014'. TEST!
2020-04-28 16:28:42,043 - __main__ - INFO - Panorama 'usdal1-03pac01-mgt.ip.mrshmc.com': TEST MODE - not creating ServiceObject 'tcp-8022'. TEST!
2020-04-28 16:28:42,043 - __main__ - INFO - Panorama 'usdal1-03pac01-mgt.ip.mrshmc.com': TEST MODE - not creating ServiceObject 'tcp-8073'. TEST!
2020-04-28 16:28:42,045 - __main__ - INFO - Panorama 'usdal1-03pac01-mgt.ip.mrshmc.com': TEST MODE - not creating ServiceObject 'tcp-809'. TEST!
2020-04-28 16:28:42,045 - __main__ - INFO - Panorama 'usdal1-03pac01-mgt.ip.mrshmc.com': TEST MODE - not creating ServiceObject 'tcp-843'. TEST!
2020-04-28 16:28:42,053 - __main__ - INFO - Panorama 'usdal1-03pac01-mgt.ip.mrshmc.com': TEST MODE - not creating ServiceObject 'tcp-8501'. TEST!
2020-04-28 16:28:42,055 - __main__ - INFO - Panorama 'usdal1-03pac01-mgt.ip.mrshmc.com': TEST MODE - not creating ServiceObject 'tcp-8801'. TEST!
2020-04-28 16:28:42,055 - __main__ - INFO - Panorama 'usdal1-03pac01-mgt.ip.mrshmc.com': TEST MODE - not creating ServiceObject 'tcp-8801-8802'. TEST!
2020-04-28 16:28:42,062 - __main__ - INFO - Panorama 'usdal1-03pac01-mgt.ip.mrshmc.com': TEST MODE - not creating ServiceObject 'tcp-8802'. TEST!
2020-04-28 16:28:42,066 - __main__ - INFO - Panorama 'usdal1-03pac01-mgt.ip.mrshmc.com': TEST MODE - not creating ServiceObject 'tcp-8822'. TEST!
2020-04-28 16:28:42,066 - __main__ - INFO - Panorama 'usdal1-03pac01-mgt.ip.mrshmc.com': TEST MODE - not creating ServiceObject 'tcp-8883'. TEST!
2020-04-28 16:28:42,073 - __main__ - INFO - Panorama 'usdal1-03pac01-mgt.ip.mrshmc.com': TEST MODE - not creating ServiceObject 'tcp-9022'. TEST!
2020-04-28 16:28:42,074 - __main__ - INFO - Panorama 'usdal1-03pac01-mgt.ip.mrshmc.com': TEST MODE - not creating ServiceObject 'tcp-9053'. TEST!
2020-04-28 16:28:42,075 - __main__ - INFO - Panorama 'usdal1-03pac01-mgt.ip.mrshmc.com': TEST MODE - not creating ServiceObject 'tcp-9722'. TEST!
2020-04-28 16:28:42,076 - __main__ - INFO - Panorama 'usdal1-03pac01-mgt.ip.mrshmc.com': TEST MODE - not creating ServiceObject 'tcp-989'. TEST!
2020-04-28 16:28:42,083 - __main__ - INFO - Panorama 'usdal1-03pac01-mgt.ip.mrshmc.com': TEST MODE - not creating ServiceObject 'tcp-989-991'. TEST!
2020-04-28 16:28:42,084 - __main__ - INFO - Panorama 'usdal1-03pac01-mgt.ip.mrshmc.com': TEST MODE - not creating ServiceObject 'tcp-990'. TEST!
2020-04-28 16:28:42,085 - __main__ - INFO - Panorama 'usdal1-03pac01-mgt.ip.mrshmc.com': TEST MODE - not creating ServiceObject 'tcp-9905'. TEST!
2020-04-28 16:28:42,086 - __main__ - INFO - Panorama 'usdal1-03pac01-mgt.ip.mrshmc.com': TEST MODE - not creating ServiceObject 'tcp-991'. TEST!
2020-04-28 16:28:42,093 - __main__ - INFO - Panorama 'usdal1-03pac01-mgt.ip.mrshmc.com': TEST MODE - not creating ServiceObject 'tcp-993'. TEST!
2020-04-28 16:28:42,093 - __main__ - INFO - Panorama 'usdal1-03pac01-mgt.ip.mrshmc.com': TEST MODE - not creating ServiceObject 'tcp-9944'. TEST!
2020-04-28 16:28:42,093 - __main__ - INFO - Panorama 'usdal1-03pac01-mgt.ip.mrshmc.com': TEST MODE - not creating ServiceObject 'tcp-9997'. TEST!
2020-04-28 16:28:42,095 - __main__ - INFO - Panorama 'usdal1-03pac01-mgt.ip.mrshmc.com': TEST MODE - not creating ServiceObject 'udp-10001'. TEST!
2020-04-28 16:28:42,096 - __main__ - INFO - Panorama 'usdal1-03pac01-mgt.ip.mrshmc.com': TEST MODE - not creating ServiceObject 'udp-1024-65535'. TEST!
2020-04-28 16:28:42,103 - __main__ - INFO - Panorama 'usdal1-03pac01-mgt.ip.mrshmc.com': TEST MODE - not creating ServiceObject 'udp-10443'. TEST!
2020-04-28 16:28:42,105 - __main__ - INFO - Panorama 'usdal1-03pac01-mgt.ip.mrshmc.com': TEST MODE - not creating ServiceObject 'udp-12000'. TEST!
2020-04-28 16:28:42,105 - __main__ - INFO - Panorama 'usdal1-03pac01-mgt.ip.mrshmc.com': TEST MODE - not creating ServiceObject 'udp-19350'. TEST!
2020-04-28 16:28:42,112 - __main__ - INFO - Panorama 'usdal1-03pac01-mgt.ip.mrshmc.com': TEST MODE - not creating ServiceObject 'udp-20000-64000'. TEST!
2020-04-28 16:28:42,113 - __main__ - INFO - Panorama 'usdal1-03pac01-mgt.ip.mrshmc.com': TEST MODE - not creating ServiceObject 'udp-20000-64999'. TEST!
2020-04-28 16:28:42,115 - __main__ - INFO - Panorama 'usdal1-03pac01-mgt.ip.mrshmc.com': TEST MODE - not creating ServiceObject 'udp-2244'. TEST!
2020-04-28 16:28:42,116 - __main__ - INFO - Panorama 'usdal1-03pac01-mgt.ip.mrshmc.com': TEST MODE - not creating ServiceObject 'udp-33001'. TEST!
2020-04-28 16:28:42,123 - __main__ - INFO - Panorama 'usdal1-03pac01-mgt.ip.mrshmc.com': TEST MODE - not creating ServiceObject 'udp-3478-3483'. TEST!
2020-04-28 16:28:42,125 - __main__ - INFO - Panorama 'usdal1-03pac01-mgt.ip.mrshmc.com': TEST MODE - not creating ServiceObject 'udp-3479'. TEST!
2020-04-28 16:28:42,125 - __main__ - INFO - Panorama 'usdal1-03pac01-mgt.ip.mrshmc.com': TEST MODE - not creating ServiceObject 'udp-36000-36001'. TEST!
2020-04-28 16:28:42,133 - __main__ - INFO - Panorama 'usdal1-03pac01-mgt.ip.mrshmc.com': TEST MODE - not creating ServiceObject 'udp-36000-59999'. TEST!
2020-04-28 16:28:42,133 - __main__ - INFO - Panorama 'usdal1-03pac01-mgt.ip.mrshmc.com': TEST MODE - not creating ServiceObject 'udp-443'. TEST!
2020-04-28 16:28:42,136 - __main__ - INFO - Panorama 'usdal1-03pac01-mgt.ip.mrshmc.com': TEST MODE - not creating ServiceObject 'udp-5000-5999'. TEST!
2020-04-28 16:28:42,136 - __main__ - INFO - Panorama 'usdal1-03pac01-mgt.ip.mrshmc.com': TEST MODE - not creating ServiceObject 'udp-50000-59999'. TEST!
2020-04-28 16:28:42,143 - __main__ - INFO - Panorama 'usdal1-03pac01-mgt.ip.mrshmc.com': TEST MODE - not creating ServiceObject 'udp-50000-60000'. TEST!
2020-04-28 16:28:42,144 - __main__ - INFO - Panorama 'usdal1-03pac01-mgt.ip.mrshmc.com': TEST MODE - not creating ServiceObject 'udp-50000-65535'. TEST!
2020-04-28 16:28:42,145 - __main__ - INFO - Panorama 'usdal1-03pac01-mgt.ip.mrshmc.com': TEST MODE - not creating ServiceObject 'udp-50002'. TEST!
2020-04-28 16:28:42,146 - __main__ - INFO - Panorama 'usdal1-03pac01-mgt.ip.mrshmc.com': TEST MODE - not creating ServiceObject 'udp-5004'. TEST!
2020-04-28 16:28:42,153 - __main__ - INFO - Panorama 'usdal1-03pac01-mgt.ip.mrshmc.com': TEST MODE - not creating ServiceObject 'udp-5091'. TEST!
2020-04-28 16:28:42,155 - __main__ - INFO - Panorama 'usdal1-03pac01-mgt.ip.mrshmc.com': TEST MODE - not creating ServiceObject 'udp-5093'. TEST!
2020-04-28 16:28:42,155 - __main__ - INFO - Panorama 'usdal1-03pac01-mgt.ip.mrshmc.com': TEST MODE - not creating ServiceObject 'udp-5349'. TEST!
2020-04-28 16:28:42,162 - __main__ - INFO - Panorama 'usdal1-03pac01-mgt.ip.mrshmc.com': TEST MODE - not creating ServiceObject 'udp-554'. TEST!
2020-04-28 16:28:42,165 - __main__ - INFO - Panorama 'usdal1-03pac01-mgt.ip.mrshmc.com': TEST MODE - not creating ServiceObject 'udp-5814'. TEST!
2020-04-28 16:28:42,166 - __main__ - INFO - Panorama 'usdal1-03pac01-mgt.ip.mrshmc.com': TEST MODE - not creating ServiceObject 'udp-7955'. TEST!
2020-04-28 16:28:42,174 - __main__ - INFO - Panorama 'usdal1-03pac01-mgt.ip.mrshmc.com': TEST MODE - not creating ServiceObject 'udp-8090'. TEST!
2020-04-28 16:28:42,174 - __main__ - INFO - Panorama 'usdal1-03pac01-mgt.ip.mrshmc.com': TEST MODE - not creating ServiceObject 'udp-8443'. TEST!
2020-04-28 16:28:42,176 - __main__ - INFO - Panorama 'usdal1-03pac01-mgt.ip.mrshmc.com': TEST MODE - not creating ServiceObject 'udp-8801-8802'. TEST!
2020-04-28 16:28:42,176 - __main__ - INFO - Panorama 'usdal1-03pac01-mgt.ip.mrshmc.com': TEST MODE - not creating ServiceObject 'udp-8802'. TEST!
2020-04-28 16:28:42,184 - __main__ - INFO - Panorama 'usdal1-03pac01-mgt.ip.mrshmc.com': TEST MODE - not creating ServiceObject 'udp-8803'. TEST!
2020-04-28 16:28:42,189 - __main__ - INFO - Panorama 'usdal1-03pac01-mgt.ip.mrshmc.com': TEST MODE - not creating ServiceObject 'udp-8804'. TEST!
2020-04-28 16:28:42,191 - __main__ - INFO - Panorama 'usdal1-03pac01-mgt.ip.mrshmc.com': TEST MODE - not creating ServiceObject 'udp-8805'. TEST!
2020-04-28 16:28:42,203 - __main__ - INFO - Panorama 'usdal1-03pac01-mgt.ip.mrshmc.com': TEST MODE - not creating ServiceObject 'udp-8806'. TEST!
2020-04-28 16:28:42,205 - __main__ - INFO - Panorama 'usdal1-03pac01-mgt.ip.mrshmc.com': TEST MODE - not creating ServiceObject 'udp-8807'. TEST!
2020-04-28 16:28:42,214 - __main__ - INFO - Panorama 'usdal1-03pac01-mgt.ip.mrshmc.com': TEST MODE - not creating ServiceObject 'udp-8808'. TEST!
2020-04-28 16:28:42,221 - __main__ - INFO - Panorama 'usdal1-03pac01-mgt.ip.mrshmc.com': TEST MODE - not creating ServiceObject 'udp-8809'. TEST!
2020-04-28 16:28:42,223 - __main__ - INFO - Panorama 'usdal1-03pac01-mgt.ip.mrshmc.com': TEST MODE - not creating ServiceObject 'udp-8810'. TEST!
2020-04-28 16:28:42,223 - __main__ - INFO - Panorama 'usdal1-03pac01-mgt.ip.mrshmc.com': TEST MODE - not creating ServiceObject 'udp-9995'. TEST!
2020-04-28 16:28:42,236 - __main__ - INFO - Panorama 'global': dbedit edit requests '0' EditObject objects
2020-04-28 16:28:42,242 - __main__ - INFO - Panorama 'global': dbedit addtogroup requests '0' ModifyGroup objects
2020-04-28 16:28:42,249 - __main__ - INFO - Panorama 'global': dbedit removefromgroup requests '0' ModifyGroup objects
2020-04-28 16:28:42,258 - __main__ - INFO - AMAZING! No API update failures detected ;)
