2020-04-28 20:49:05,571 - __main__ - INFO - Argument '--device' supplied, device in scope 'usdal1-03pac01-mgt.ip.mrshmc.com'
2020-04-28 20:49:05,572 - __main__ - INFO - Argument '--filename' supplied, configuration contained in '../pangenerator/output/mel-brow-port.csv'
2020-04-28 20:49:05,572 - __main__ - INFO - Argument '--no-locks' supplied, no commit or configuration locks will be taken.
2020-04-28 20:49:05,572 - __main__ - INFO - Argument '--verbose' supplied, logging will be printed to console.
2020-04-28 20:49:12,115 - __main__ - INFO - Device System Info: SystemInfo(version='9.0.4', platform='M-500', serial='007307001217')
2020-04-28 20:49:12,145 - __main__ - INFO - Filename '../pangenerator/output/mel-brow-port.csv' provided. Parsing...
2020-04-28 20:49:12,152 - __main__ - INFO - dbedit: Ignoring commented line '#vendor,objtype,op_action,location,name,subtype,members,ip,netmask,cidr,description,color,protocol,source_port,destination_port,nexthop,tag,value,interface,enable_user_identification,metric,mgmt_profile,zone,rule_action,application,category,data_filtering,destination,disable_server_response_inspection,disabled,file_blocking,fromzone,group,hip_profiles,icmp_unreachable,log_end,log_setting,log_start,negate_destination,negate_source,negate_target,schedule,service,source,source_user,spyware,target,tozone ,url_filtering,virus,vulnerability,wildfire_analysis,destination_dynamic_translated_address,destination_dynamic_translated_distribution,destination_dynamic_translated_port,destination_translated_address,destination_translated_port,ha_binding,nat_type,source_translation_address_type,source_translation_fallback_interface,source_translation_fallback_ip_address,source_translation_fallback_ip_type,source_translation_fallback_translated_addresses,source_translation_fallback_type,source_translation_interface,source_translation_ip_address,source_translation_static_bi_directional,source_translation_static_translated_address,source_translation_translated_addresses,source_translation_type,to_interface,category,subcategory,technology,risk,evasive,excessive_bandwidth_use,prone_to_misuse,is_saas,transfers_files,tunnels_other_apps,used_by_malware,has_known_vulnerabilities,pervasive,default_type,parent_app,timeout,tcp_timeout,udp_timeout,tcp_half_closed_timeout,tcp_time_wait_timeout,tunnel_applications,file_type_ident,virus_ident,data_ident,default_port,default_ip_protocol,default_icmp_type,default_icmp_code,ignore_this_end_marker'
2020-04-28 20:49:12,153 - __main__ - INFO - dbedit: Found vendor 'palo', location 'global', action 'create', type 'service' processing...
2020-04-28 20:49:12,153 - __main__ - INFO - dbedit: Found vendor 'palo', location 'global', action 'create', type 'service' processing...
2020-04-28 20:49:12,155 - __main__ - INFO - dbedit: Found vendor 'palo', location 'global', action 'create', type 'service' processing...
2020-04-28 20:49:12,156 - __main__ - INFO - dbedit: Found vendor 'palo', location 'global', action 'create', type 'service' processing...
2020-04-28 20:49:12,156 - __main__ - INFO - dbedit: Found vendor 'palo', location 'global', action 'create', type 'service' processing...
2020-04-28 20:49:12,156 - __main__ - INFO - dbedit: Found vendor 'palo', location 'global', action 'create', type 'service' processing...
2020-04-28 20:49:12,157 - __main__ - INFO - dbedit: Found vendor 'palo', location 'global', action 'create', type 'service' processing...
2020-04-28 20:49:12,157 - __main__ - INFO - dbedit: Found vendor 'palo', location 'global', action 'create', type 'service' processing...
2020-04-28 20:49:12,157 - __main__ - INFO - dbedit: Found vendor 'palo', location 'global', action 'create', type 'service' processing...
2020-04-28 20:49:12,158 - __main__ - INFO - dbedit: Found vendor 'palo', location 'global', action 'create', type 'service' processing...
2020-04-28 20:49:12,158 - __main__ - INFO - dbedit: Found vendor 'palo', location 'global', action 'create', type 'service' processing...
2020-04-28 20:49:12,158 - __main__ - INFO - dbedit: Found vendor 'palo', location 'global', action 'create', type 'service' processing...
2020-04-28 20:49:12,158 - __main__ - INFO - dbedit: Found vendor 'palo', location 'global', action 'create', type 'service' processing...
2020-04-28 20:49:12,158 - __main__ - INFO - dbedit: Found vendor 'palo', location 'global', action 'create', type 'service' processing...
2020-04-28 20:49:12,159 - __main__ - INFO - dbedit: Found vendor 'palo', location 'global', action 'create', type 'service' processing...
2020-04-28 20:49:12,159 - __main__ - INFO - dbedit: Found vendor 'palo', location 'global', action 'create', type 'service' processing...
2020-04-28 20:49:12,159 - __main__ - INFO - dbedit: Found vendor 'palo', location 'global', action 'create', type 'service' processing...
2020-04-28 20:49:12,159 - __main__ - INFO - dbedit: Found vendor 'palo', location 'global', action 'create', type 'service' processing...
2020-04-28 20:49:12,159 - __main__ - INFO - dbedit: Found vendor 'palo', location 'global', action 'create', type 'service' processing...
2020-04-28 20:49:12,159 - __main__ - INFO - dbedit: Found vendor 'palo', location 'global', action 'create', type 'service' processing...
2020-04-28 20:49:12,160 - __main__ - INFO - dbedit: Found vendor 'palo', location 'global', action 'create', type 'service' processing...
2020-04-28 20:49:12,160 - __main__ - INFO - dbedit: Found vendor 'palo', location 'global', action 'create', type 'service' processing...
2020-04-28 20:49:12,160 - __main__ - INFO - dbedit: Found vendor 'palo', location 'global', action 'create', type 'service' processing...
2020-04-28 20:49:12,160 - __main__ - INFO - dbedit: Found vendor 'palo', location 'global', action 'create', type 'service' processing...
2020-04-28 20:49:12,160 - __main__ - INFO - dbedit: Found vendor 'palo', location 'global', action 'create', type 'service' processing...
2020-04-28 20:49:12,160 - __main__ - INFO - dbedit: Found vendor 'palo', location 'global', action 'create', type 'service' processing...
2020-04-28 20:49:12,161 - __main__ - INFO - dbedit: Found vendor 'palo', location 'global', action 'create', type 'service' processing...
2020-04-28 20:49:12,161 - __main__ - INFO - dbedit: Found vendor 'palo', location 'global', action 'create', type 'service' processing...
2020-04-28 20:49:12,161 - __main__ - INFO - dbedit: Found vendor 'palo', location 'global', action 'create', type 'service' processing...
2020-04-28 20:49:12,161 - __main__ - INFO - dbedit: Found vendor 'palo', location 'global', action 'create', type 'service' processing...
2020-04-28 20:49:12,161 - __main__ - INFO - dbedit: Found vendor 'palo', location 'global', action 'create', type 'service' processing...
2020-04-28 20:49:12,162 - __main__ - INFO - dbedit: Found vendor 'palo', location 'global', action 'create', type 'service' processing...
2020-04-28 20:49:12,162 - __main__ - INFO - dbedit: Found vendor 'palo', location 'global', action 'create', type 'service' processing...
2020-04-28 20:49:12,162 - __main__ - INFO - dbedit: Found vendor 'palo', location 'global', action 'create', type 'service' processing...
2020-04-28 20:49:12,162 - __main__ - INFO - dbedit: Found vendor 'palo', location 'global', action 'create', type 'service' processing...
2020-04-28 20:49:12,162 - __main__ - INFO - dbedit: Found vendor 'palo', location 'global', action 'create', type 'service' processing...
2020-04-28 20:49:12,162 - __main__ - INFO - dbedit: Found vendor 'palo', location 'global', action 'create', type 'service' processing...
2020-04-28 20:49:12,163 - __main__ - INFO - dbedit: Found vendor 'palo', location 'global', action 'create', type 'service' processing...
2020-04-28 20:49:12,163 - __main__ - INFO - dbedit: Found vendor 'palo', location 'global', action 'create', type 'service' processing...
2020-04-28 20:49:12,163 - __main__ - INFO - dbedit: Found vendor 'palo', location 'global', action 'create', type 'service' processing...
2020-04-28 20:49:12,163 - __main__ - INFO - dbedit: Found vendor 'palo', location 'global', action 'create', type 'service' processing...
2020-04-28 20:49:12,163 - __main__ - INFO - dbedit: Found vendor 'palo', location 'global', action 'create', type 'service' processing...
2020-04-28 20:49:12,169 - __main__ - INFO - dbedit: Found vendor 'palo', location 'global', action 'create', type 'service' processing...
2020-04-28 20:49:12,169 - __main__ - INFO - dbedit: Found vendor 'palo', location 'global', action 'create', type 'service' processing...
2020-04-28 20:49:12,170 - __main__ - INFO - dbedit: Found vendor 'palo', location 'global', action 'create', type 'service' processing...
2020-04-28 20:49:12,170 - __main__ - INFO - dbedit: Found vendor 'palo', location 'global', action 'create', type 'service' processing...
2020-04-28 20:49:12,170 - __main__ - INFO - dbedit: Found vendor 'palo', location 'global', action 'create', type 'service' processing...
2020-04-28 20:49:12,171 - __main__ - INFO - dbedit: Found vendor 'palo', location 'global', action 'create', type 'service' processing...
2020-04-28 20:49:12,171 - __main__ - INFO - dbedit: Found vendor 'palo', location 'global', action 'create', type 'service' processing...
2020-04-28 20:49:12,171 - __main__ - INFO - dbedit: Found vendor 'palo', location 'global', action 'create', type 'service' processing...
2020-04-28 20:49:12,172 - __main__ - INFO - dbedit: Found vendor 'palo', location 'global', action 'create', type 'service' processing...
2020-04-28 20:49:12,172 - __main__ - INFO - dbedit: Found vendor 'palo', location 'global', action 'create', type 'service' processing...
2020-04-28 20:49:12,172 - __main__ - INFO - dbedit: Found vendor 'palo', location 'global', action 'create', type 'service' processing...
2020-04-28 20:49:12,172 - __main__ - INFO - dbedit: Found vendor 'palo', location 'global', action 'create', type 'service' processing...
2020-04-28 20:49:12,172 - __main__ - INFO - dbedit: Found vendor 'palo', location 'global', action 'create', type 'service' processing...
2020-04-28 20:49:12,173 - __main__ - INFO - dbedit: Found vendor 'palo', location 'global', action 'create', type 'service' processing...
2020-04-28 20:49:12,173 - __main__ - INFO - dbedit: Found vendor 'palo', location 'global', action 'create', type 'service' processing...
2020-04-28 20:49:12,173 - __main__ - INFO - dbedit: Found vendor 'palo', location 'global', action 'create', type 'service' processing...
2020-04-28 20:49:12,173 - __main__ - INFO - dbedit: Found vendor 'palo', location 'global', action 'create', type 'service' processing...
2020-04-28 20:49:12,173 - __main__ - INFO - dbedit: Found vendor 'palo', location 'global', action 'create', type 'service' processing...
2020-04-28 20:49:12,173 - __main__ - INFO - dbedit: Found vendor 'palo', location 'global', action 'create', type 'service' processing...
2020-04-28 20:49:12,173 - __main__ - INFO - dbedit: Found vendor 'palo', location 'global', action 'create', type 'service' processing...
2020-04-28 20:49:12,174 - __main__ - INFO - dbedit: Found vendor 'palo', location 'global', action 'create', type 'service' processing...
2020-04-28 20:49:12,174 - __main__ - INFO - dbedit: Found vendor 'palo', location 'global', action 'create', type 'service' processing...
2020-04-28 20:49:12,174 - __main__ - INFO - dbedit: Found vendor 'palo', location 'global', action 'create', type 'service' processing...
2020-04-28 20:49:12,174 - __main__ - INFO - dbedit: Found vendor 'palo', location 'global', action 'create', type 'service' processing...
2020-04-28 20:49:12,174 - __main__ - INFO - dbedit: Found vendor 'palo', location 'global', action 'create', type 'service' processing...
2020-04-28 20:49:12,174 - __main__ - INFO - dbedit: Found vendor 'palo', location 'global', action 'create', type 'service' processing...
2020-04-28 20:49:12,175 - __main__ - INFO - dbedit: Found vendor 'palo', location 'global', action 'create', type 'service' processing...
2020-04-28 20:49:12,175 - __main__ - INFO - dbedit: Found vendor 'palo', location 'global', action 'create', type 'service' processing...
2020-04-28 20:49:12,175 - __main__ - INFO - dbedit: Found vendor 'palo', location 'global', action 'create', type 'service' processing...
2020-04-28 20:49:12,175 - __main__ - INFO - dbedit: Found vendor 'palo', location 'global', action 'create', type 'service' processing...
2020-04-28 20:49:12,175 - __main__ - INFO - dbedit: Found vendor 'palo', location 'global', action 'create', type 'service' processing...
2020-04-28 20:49:12,175 - __main__ - INFO - dbedit: Found vendor 'palo', location 'global', action 'create', type 'service' processing...
2020-04-28 20:49:12,176 - __main__ - INFO - dbedit: Found vendor 'palo', location 'global', action 'create', type 'service' processing...
2020-04-28 20:49:12,176 - __main__ - INFO - dbedit: Found vendor 'palo', location 'global', action 'create', type 'service' processing...
2020-04-28 20:49:12,176 - __main__ - INFO - dbedit: Found vendor 'palo', location 'global', action 'create', type 'service' processing...
2020-04-28 20:49:12,176 - __main__ - INFO - dbedit: Found vendor 'palo', location 'global', action 'create', type 'service' processing...
2020-04-28 20:49:12,176 - __main__ - INFO - dbedit: Found vendor 'palo', location 'global', action 'create', type 'service' processing...
2020-04-28 20:49:12,176 - __main__ - INFO - dbedit: Found vendor 'palo', location 'global', action 'create', type 'service' processing...
2020-04-28 20:49:12,176 - __main__ - INFO - dbedit: Found vendor 'palo', location 'global', action 'create', type 'service' processing...
2020-04-28 20:49:12,177 - __main__ - INFO - dbedit: Found vendor 'palo', location 'global', action 'create', type 'service' processing...
2020-04-28 20:49:12,177 - __main__ - INFO - dbedit: Found vendor 'palo', location 'global', action 'create', type 'service' processing...
2020-04-28 20:49:12,182 - __main__ - INFO - dbedit: Found vendor 'palo', location 'global', action 'create', type 'service' processing...
2020-04-28 20:49:12,182 - __main__ - INFO - dbedit: Found vendor 'palo', location 'global', action 'create', type 'service' processing...
2020-04-28 20:49:12,182 - __main__ - INFO - dbedit: Found vendor 'palo', location 'global', action 'create', type 'service' processing...
2020-04-28 20:49:12,183 - __main__ - INFO - dbedit: Found vendor 'palo', location 'global', action 'create', type 'service' processing...
2020-04-28 20:49:12,183 - __main__ - INFO - dbedit: Found vendor 'palo', location 'global', action 'create', type 'service' processing...
2020-04-28 20:49:12,183 - __main__ - INFO - dbedit: Found vendor 'palo', location 'global', action 'create', type 'service' processing...
2020-04-28 20:49:12,184 - __main__ - INFO - dbedit: Found vendor 'palo', location 'global', action 'create', type 'service' processing...
2020-04-28 20:49:12,184 - __main__ - INFO - dbedit: Found vendor 'palo', location 'global', action 'create', type 'service' processing...
2020-04-28 20:49:12,184 - __main__ - INFO - dbedit: Found vendor 'palo', location 'global', action 'create', type 'service' processing...
2020-04-28 20:49:12,184 - __main__ - INFO - dbedit: Found vendor 'palo', location 'global', action 'create', type 'service' processing...
2020-04-28 20:49:12,185 - __main__ - INFO - dbedit: Found vendor 'palo', location 'global', action 'create', type 'service' processing...
2020-04-28 20:49:12,185 - __main__ - INFO - dbedit: Found vendor 'palo', location 'global', action 'create', type 'service' processing...
2020-04-28 20:49:12,185 - __main__ - INFO - dbedit: Found vendor 'palo', location 'global', action 'create', type 'service' processing...
2020-04-28 20:49:12,185 - __main__ - INFO - dbedit: Found vendor 'palo', location 'global', action 'create', type 'service' processing...
2020-04-28 20:49:12,185 - __main__ - INFO - dbedit: Found vendor 'palo', location 'global', action 'create', type 'service' processing...
2020-04-28 20:49:12,186 - __main__ - INFO - dbedit: Found vendor 'palo', location 'global', action 'create', type 'service' processing...
2020-04-28 20:49:12,186 - __main__ - INFO - dbedit: Found vendor 'palo', location 'global', action 'create', type 'service' processing...
2020-04-28 20:49:12,186 - __main__ - INFO - dbedit: Found vendor 'palo', location 'global', action 'create', type 'service' processing...
2020-04-28 20:49:12,186 - __main__ - INFO - dbedit: Found vendor 'palo', location 'global', action 'create', type 'service' processing...
2020-04-28 20:49:12,186 - __main__ - INFO - dbedit: Found vendor 'palo', location 'global', action 'create', type 'service' processing...
2020-04-28 20:49:12,186 - __main__ - INFO - dbedit: Found vendor 'palo', location 'global', action 'create', type 'service' processing...
2020-04-28 20:49:12,187 - __main__ - INFO - dbedit: Found vendor 'palo', location 'global', action 'create', type 'service' processing...
2020-04-28 20:49:12,187 - __main__ - INFO - dbedit: Found vendor 'palo', location 'global', action 'create', type 'service' processing...
2020-04-28 20:49:12,187 - __main__ - INFO - dbedit: Found vendor 'palo', location 'global', action 'create', type 'service' processing...
2020-04-28 20:49:12,187 - __main__ - INFO - dbedit: Found vendor 'palo', location 'global', action 'create', type 'service' processing...
2020-04-28 20:49:12,187 - __main__ - INFO - dbedit: Found vendor 'palo', location 'global', action 'create', type 'service' processing...
2020-04-28 20:49:12,187 - __main__ - INFO - dbedit: Found vendor 'palo', location 'global', action 'create', type 'service' processing...
2020-04-28 20:49:12,188 - __main__ - INFO - dbedit: Found vendor 'palo', location 'global', action 'create', type 'service' processing...
2020-04-28 20:49:12,188 - __main__ - INFO - dbedit: Found vendor 'palo', location 'global', action 'create', type 'service' processing...
2020-04-28 20:49:12,188 - __main__ - INFO - dbedit: Found vendor 'palo', location 'global', action 'create', type 'service' processing...
2020-04-28 20:49:12,188 - __main__ - INFO - dbedit: Found vendor 'palo', location 'global', action 'create', type 'service' processing...
2020-04-28 20:49:12,188 - __main__ - INFO - dbedit: Found vendor 'palo', location 'global', action 'create', type 'service' processing...
2020-04-28 20:49:12,188 - __main__ - INFO - dbedit: Found vendor 'palo', location 'global', action 'create', type 'service' processing...
2020-04-28 20:49:12,188 - __main__ - INFO - dbedit: Found vendor 'palo', location 'global', action 'create', type 'service' processing...
2020-04-28 20:49:12,189 - __main__ - INFO - dbedit: Found vendor 'palo', location 'global', action 'create', type 'service' processing...
2020-04-28 20:49:12,189 - __main__ - INFO - dbedit: Found vendor 'palo', location 'global', action 'create', type 'service' processing...
2020-04-28 20:49:12,189 - __main__ - INFO - dbedit: Found vendor 'palo', location 'global', action 'create', type 'service' processing...
2020-04-28 20:49:12,190 - __main__ - INFO - dbedit: Found vendor 'palo', location 'global', action 'create', type 'service' processing...
2020-04-28 20:49:12,193 - __main__ - INFO - dbedit: Found vendor 'palo', location 'global', action 'create', type 'service' processing...
2020-04-28 20:49:12,194 - __main__ - INFO - dbedit: Found vendor 'palo', location 'global', action 'create', type 'service' processing...
2020-04-28 20:49:12,194 - __main__ - INFO - dbedit: Found vendor 'palo', location 'global', action 'create', type 'service' processing...
2020-04-28 20:49:12,195 - __main__ - INFO - dbedit: Found vendor 'palo', location 'global', action 'create', type 'service' processing...
2020-04-28 20:49:12,195 - __main__ - INFO - dbedit: Found vendor 'palo', location 'global', action 'create', type 'service' processing...
2020-04-28 20:49:12,195 - __main__ - INFO - dbedit: Found vendor 'palo', location 'global', action 'create', type 'service' processing...
2020-04-28 20:49:12,196 - __main__ - INFO - dbedit: Found vendor 'palo', location 'global', action 'create', type 'service' processing...
2020-04-28 20:49:12,196 - __main__ - INFO - dbedit: Found vendor 'palo', location 'global', action 'create', type 'service' processing...
2020-04-28 20:49:12,197 - __main__ - INFO - dbedit: Found vendor 'palo', location 'global', action 'create', type 'service' processing...
2020-04-28 20:49:12,197 - __main__ - INFO - dbedit: Found vendor 'palo', location 'global', action 'create', type 'service' processing...
2020-04-28 20:49:12,198 - __main__ - INFO - dbedit: Found vendor 'palo', location 'global', action 'create', type 'service' processing...
2020-04-28 20:49:12,198 - __main__ - INFO - dbedit: Found vendor 'palo', location 'global', action 'create', type 'service' processing...
2020-04-28 20:49:12,198 - __main__ - INFO - dbedit: Found vendor 'palo', location 'global', action 'create', type 'service' processing...
2020-04-28 20:49:12,198 - __main__ - INFO - dbedit: Found vendor 'palo', location 'global', action 'create', type 'service' processing...
2020-04-28 20:49:12,199 - __main__ - INFO - dbedit: Found vendor 'palo', location 'global', action 'create', type 'service' processing...
2020-04-28 20:49:12,199 - __main__ - INFO - dbedit: Found vendor 'palo', location 'global', action 'create', type 'service' processing...
2020-04-28 20:49:12,199 - __main__ - INFO - dbedit: Found vendor 'palo', location 'global', action 'create', type 'service' processing...
2020-04-28 20:49:12,199 - __main__ - INFO - dbedit: Found vendor 'palo', location 'global', action 'create', type 'service' processing...
2020-04-28 20:49:12,199 - __main__ - INFO - dbedit: Found vendor 'palo', location 'global', action 'create', type 'service' processing...
2020-04-28 20:49:12,200 - __main__ - INFO - dbedit: Found vendor 'palo', location 'global', action 'create', type 'service' processing...
2020-04-28 20:49:12,200 - __main__ - INFO - dbedit: Found vendor 'palo', location 'global', action 'create', type 'service' processing...
2020-04-28 20:49:12,200 - __main__ - INFO - dbedit: Found vendor 'palo', location 'global', action 'create', type 'service' processing...
2020-04-28 20:49:12,200 - __main__ - INFO - dbedit: Found vendor 'palo', location 'global', action 'create', type 'service' processing...
2020-04-28 20:49:12,200 - __main__ - INFO - dbedit: Found vendor 'palo', location 'global', action 'create', type 'service' processing...
2020-04-28 20:49:12,200 - __main__ - INFO - dbedit: Found vendor 'palo', location 'global', action 'create', type 'service' processing...
2020-04-28 20:49:12,201 - __main__ - INFO - dbedit: Found vendor 'palo', location 'global', action 'create', type 'service' processing...
2020-04-28 20:49:12,201 - __main__ - INFO - dbedit: Found vendor 'palo', location 'global', action 'create', type 'service' processing...
2020-04-28 20:49:12,201 - __main__ - INFO - dbedit: Found vendor 'palo', location 'global', action 'create', type 'service' processing...
2020-04-28 20:49:12,201 - __main__ - INFO - dbedit: Found vendor 'palo', location 'global', action 'create', type 'service' processing...
2020-04-28 20:49:12,201 - __main__ - INFO - dbedit: Found vendor 'palo', location 'global', action 'create', type 'service' processing...
2020-04-28 20:49:12,201 - __main__ - INFO - dbedit: Found vendor 'palo', location 'global', action 'create', type 'service' processing...
2020-04-28 20:49:12,205 - __main__ - INFO - dbedit: Found vendor 'palo', location 'global', action 'create', type 'service' processing...
2020-04-28 20:49:12,205 - __main__ - INFO - dbedit: Found vendor 'palo', location 'global', action 'create', type 'service' processing...
2020-04-28 20:49:12,205 - __main__ - INFO - dbedit: Found vendor 'palo', location 'global', action 'create', type 'service' processing...
2020-04-28 20:49:12,205 - __main__ - INFO - dbedit: Found vendor 'palo', location 'global', action 'create', type 'service' processing...
2020-04-28 20:49:12,206 - __main__ - INFO - dbedit: Found vendor 'palo', location 'global', action 'create', type 'service' processing...
2020-04-28 20:49:12,206 - __main__ - INFO - dbedit: Found vendor 'palo', location 'global', action 'create', type 'service' processing...
2020-04-28 20:49:12,206 - __main__ - INFO - dbedit: Found vendor 'palo', location 'global', action 'create', type 'service' processing...
2020-04-28 20:49:12,207 - __main__ - INFO - dbedit: Found vendor 'palo', location 'global', action 'create', type 'service' processing...
2020-04-28 20:49:12,207 - __main__ - INFO - dbedit: Found vendor 'palo', location 'global', action 'create', type 'service' processing...
2020-04-28 20:49:12,207 - __main__ - INFO - dbedit: Found vendor 'palo', location 'global', action 'create', type 'service' processing...
2020-04-28 20:49:12,207 - __main__ - INFO - dbedit: Found vendor 'palo', location 'global', action 'create', type 'service' processing...
2020-04-28 20:49:12,207 - __main__ - INFO - dbedit: Found vendor 'palo', location 'global', action 'create', type 'service' processing...
2020-04-28 20:49:12,208 - __main__ - INFO - dbedit: Found vendor 'palo', location 'global', action 'create', type 'service' processing...
2020-04-28 20:49:12,208 - __main__ - INFO - dbedit: Found vendor 'palo', location 'global', action 'create', type 'service' processing...
2020-04-28 20:49:12,208 - __main__ - INFO - dbedit: Found vendor 'palo', location 'global', action 'create', type 'service' processing...
2020-04-28 20:49:12,208 - __main__ - INFO - dbedit: Found vendor 'palo', location 'global', action 'create', type 'service' processing...
2020-04-28 20:49:12,208 - __main__ - INFO - dbedit: Found vendor 'palo', location 'global', action 'create', type 'service' processing...
2020-04-28 20:49:12,209 - __main__ - INFO - dbedit: Found vendor 'palo', location 'global', action 'create', type 'service' processing...
2020-04-28 20:49:12,209 - __main__ - INFO - dbedit: Found vendor 'palo', location 'global', action 'create', type 'service' processing...
2020-04-28 20:49:12,209 - __main__ - INFO - dbedit: Found vendor 'palo', location 'global', action 'create', type 'service' processing...
2020-04-28 20:49:12,209 - __main__ - INFO - dbedit: Found vendor 'palo', location 'global', action 'create', type 'service' processing...
2020-04-28 20:49:12,209 - __main__ - INFO - dbedit: Found vendor 'palo', location 'global', action 'create', type 'service' processing...
2020-04-28 20:49:12,210 - __main__ - INFO - dbedit: Found vendor 'palo', location 'global', action 'create', type 'service' processing...
2020-04-28 20:49:12,210 - __main__ - INFO - dbedit: Found vendor 'palo', location 'global', action 'create', type 'service' processing...
2020-04-28 20:49:12,210 - __main__ - INFO - dbedit: Found vendor 'palo', location 'global', action 'create', type 'service' processing...
2020-04-28 20:49:12,210 - __main__ - INFO - dbedit: Found vendor 'palo', location 'global', action 'create', type 'service' processing...
2020-04-28 20:49:12,210 - __main__ - INFO - dbedit: Found vendor 'palo', location 'global', action 'create', type 'service' processing...
2020-04-28 20:49:12,210 - __main__ - INFO - dbedit: Found vendor 'palo', location 'global', action 'create', type 'service' processing...
2020-04-28 20:49:12,211 - __main__ - INFO - dbedit: Found vendor 'palo', location 'global', action 'create', type 'service' processing...
2020-04-28 20:49:12,211 - __main__ - INFO - dbedit: Found vendor 'palo', location 'global', action 'create', type 'service' processing...
2020-04-28 20:49:12,211 - __main__ - INFO - dbedit: Found vendor 'palo', location 'global', action 'create', type 'service' processing...
2020-04-28 20:49:12,212 - __main__ - INFO - dbedit: Found vendor 'palo', location 'global', action 'create', type 'service' processing...
2020-04-28 20:49:12,212 - __main__ - INFO - dbedit: Found vendor 'palo', location 'global', action 'create', type 'service' processing...
2020-04-28 20:49:12,212 - __main__ - INFO - dbedit: Found vendor 'palo', location 'global', action 'create', type 'service' processing...
2020-04-28 20:49:12,212 - __main__ - INFO - dbedit: Found vendor 'palo', location 'global', action 'create', type 'service' processing...
2020-04-28 20:49:12,212 - __main__ - INFO - dbedit: Found vendor 'palo', location 'global', action 'create', type 'service' processing...
2020-04-28 20:49:12,212 - __main__ - INFO - dbedit: Found vendor 'palo', location 'global', action 'create', type 'service' processing...
2020-04-28 20:49:12,213 - __main__ - INFO - dbedit: Found vendor 'palo', location 'global', action 'create', type 'service' processing...
2020-04-28 20:49:12,213 - __main__ - INFO - dbedit: Found vendor 'palo', location 'global', action 'create', type 'service' processing...
2020-04-28 20:49:12,213 - __main__ - INFO - dbedit: Found vendor 'palo', location 'global', action 'create', type 'service' processing...
2020-04-28 20:49:12,213 - __main__ - INFO - dbedit: Found vendor 'palo', location 'global', action 'create', type 'service' processing...
2020-04-28 20:49:12,218 - __main__ - INFO - dbedit: Found vendor 'palo', location 'global', action 'create', type 'service' processing...
2020-04-28 20:49:12,218 - __main__ - INFO - dbedit: Found vendor 'palo', location 'global', action 'create', type 'service' processing...
2020-04-28 20:49:12,218 - __main__ - INFO - dbedit: Found vendor 'palo', location 'global', action 'create', type 'service' processing...
2020-04-28 20:49:12,219 - __main__ - INFO - dbedit: Found vendor 'palo', location 'global', action 'create', type 'service' processing...
2020-04-28 20:49:12,219 - __main__ - INFO - dbedit: Found vendor 'palo', location 'global', action 'create', type 'service' processing...
2020-04-28 20:49:12,220 - __main__ - INFO - dbedit: Found vendor 'palo', location 'global', action 'create', type 'service' processing...
2020-04-28 20:49:12,220 - __main__ - INFO - dbedit: Found vendor 'palo', location 'global', action 'create', type 'service' processing...
2020-04-28 20:49:12,220 - __main__ - INFO - dbedit: Found vendor 'palo', location 'global', action 'create', type 'service' processing...
2020-04-28 20:49:12,221 - __main__ - INFO - dbedit: Found vendor 'palo', location 'global', action 'create', type 'service' processing...
2020-04-28 20:49:12,221 - __main__ - INFO - dbedit: Found vendor 'palo', location 'global', action 'create', type 'service' processing...
2020-04-28 20:49:12,221 - __main__ - INFO - dbedit: Found vendor 'palo', location 'global', action 'create', type 'service' processing...
2020-04-28 20:49:12,221 - __main__ - INFO - dbedit: Found vendor 'palo', location 'global', action 'create', type 'service' processing...
2020-04-28 20:49:12,221 - __main__ - INFO - dbedit: Found vendor 'palo', location 'global', action 'create', type 'service' processing...
2020-04-28 20:49:12,222 - __main__ - INFO - dbedit: Found vendor 'palo', location 'global', action 'create', type 'service' processing...
2020-04-28 20:49:12,222 - __main__ - INFO - dbedit: Found vendor 'palo', location 'global', action 'create', type 'service' processing...
2020-04-28 20:49:12,222 - __main__ - INFO - dbedit: Found vendor 'palo', location 'global', action 'create', type 'service' processing...
2020-04-28 20:49:12,222 - __main__ - INFO - dbedit: Found vendor 'palo', location 'global', action 'create', type 'service' processing...
2020-04-28 20:49:12,222 - __main__ - INFO - dbedit: Found vendor 'palo', location 'global', action 'create', type 'service' processing...
2020-04-28 20:49:12,222 - __main__ - INFO - dbedit: Found vendor 'palo', location 'global', action 'create', type 'service' processing...
2020-04-28 20:49:12,223 - __main__ - INFO - dbedit: Found vendor 'palo', location 'global', action 'create', type 'service' processing...
2020-04-28 20:49:12,223 - __main__ - INFO - dbedit: Found vendor 'palo', location 'global', action 'create', type 'service' processing...
2020-04-28 20:49:12,223 - __main__ - INFO - dbedit: Found vendor 'palo', location 'global', action 'create', type 'service' processing...
2020-04-28 20:49:12,223 - __main__ - INFO - dbedit: Found vendor 'palo', location 'global', action 'create', type 'service' processing...
2020-04-28 20:49:12,223 - __main__ - INFO - dbedit: Found vendor 'palo', location 'global', action 'create', type 'service' processing...
2020-04-28 20:49:12,223 - __main__ - INFO - dbedit: Found vendor 'palo', location 'global', action 'create', type 'service' processing...
2020-04-28 20:49:12,224 - __main__ - INFO - dbedit: Found vendor 'palo', location 'global', action 'create', type 'service' processing...
2020-04-28 20:49:12,224 - __main__ - INFO - dbedit: Found vendor 'palo', location 'global', action 'create', type 'service' processing...
2020-04-28 20:49:12,224 - __main__ - INFO - dbedit: Found vendor 'palo', location 'global', action 'create', type 'service' processing...
2020-04-28 20:49:12,224 - __main__ - INFO - dbedit: Found vendor 'palo', location 'global', action 'create', type 'service' processing...
2020-04-28 20:49:12,224 - __main__ - INFO - dbedit: Found vendor 'palo', location 'global', action 'create', type 'service' processing...
2020-04-28 20:49:12,224 - __main__ - INFO - dbedit: Found vendor 'palo', location 'global', action 'create', type 'service' processing...
2020-04-28 20:49:12,225 - __main__ - INFO - dbedit: Found vendor 'palo', location 'global', action 'create', type 'service' processing...
2020-04-28 20:49:12,225 - __main__ - INFO - dbedit: Found vendor 'palo', location 'global', action 'create', type 'service' processing...
2020-04-28 20:49:12,225 - __main__ - INFO - dbedit: Found vendor 'palo', location 'global', action 'create', type 'service' processing...
2020-04-28 20:49:12,225 - __main__ - INFO - dbedit: Found vendor 'palo', location 'global', action 'create', type 'service' processing...
2020-04-28 20:49:12,225 - __main__ - INFO - dbedit: Found vendor 'palo', location 'global', action 'create', type 'service' processing...
2020-04-28 20:49:12,225 - __main__ - INFO - dbedit: Found vendor 'palo', location 'global', action 'create', type 'service' processing...
2020-04-28 20:49:12,225 - __main__ - INFO - dbedit: Found vendor 'palo', location 'global', action 'create', type 'service' processing...
2020-04-28 20:49:12,226 - __main__ - INFO - dbedit: Found vendor 'palo', location 'global', action 'create', type 'service' processing...
2020-04-28 20:49:12,226 - __main__ - INFO - dbedit: Found vendor 'palo', location 'global', action 'create', type 'service' processing...
2020-04-28 20:49:12,226 - __main__ - INFO - dbedit: Found vendor 'palo', location 'global', action 'create', type 'service' processing...
2020-04-28 20:49:12,231 - __main__ - INFO - dbedit: Found vendor 'palo', location 'global', action 'create', type 'service' processing...
2020-04-28 20:49:12,231 - __main__ - INFO - dbedit: Found vendor 'palo', location 'global', action 'create', type 'service' processing...
2020-04-28 20:49:12,232 - __main__ - INFO - dbedit: Found vendor 'palo', location 'global', action 'create', type 'service' processing...
2020-04-28 20:49:12,232 - __main__ - INFO - dbedit: Found vendor 'palo', location 'global', action 'create', type 'service' processing...
2020-04-28 20:49:12,232 - __main__ - INFO - Connecting to Panorama 'usdal1-03pac01-mgt.ip.mrshmc.com'
2020-04-28 20:49:12,233 - __main__ - INFO - Global Object Level: 'usdal1-03pac01-mgt.ip.mrshmc.com'
2020-04-28 20:49:12,233 - __main__ - INFO - Collecting Global Objects from Panorama 'usdal1-03pac01-mgt.ip.mrshmc.com'
2020-04-28 20:49:23,134 - __main__ - INFO - Live Device: 'usdal1-03pac01-mgt.ip.mrshmc.com': Found '32371' AddressObject objects
2020-04-28 20:49:26,442 - __main__ - INFO - Live Device: 'usdal1-03pac01-mgt.ip.mrshmc.com': Found '1178' AddressGroup objects
2020-04-28 20:49:27,598 - __main__ - INFO - Live Device: 'usdal1-03pac01-mgt.ip.mrshmc.com': Found '1' ApplicationObject objects
2020-04-28 20:49:28,792 - __main__ - INFO - Live Device: 'usdal1-03pac01-mgt.ip.mrshmc.com': Found '3' ApplicationGroup objects
2020-04-28 20:49:31,948 - __main__ - INFO - Live Device: 'usdal1-03pac01-mgt.ip.mrshmc.com': Found '3580' ServiceObject objects
2020-04-28 20:49:33,568 - __main__ - INFO - Live Device: 'usdal1-03pac01-mgt.ip.mrshmc.com': Found '140' ServiceGroup objects
2020-04-28 20:49:34,753 - __main__ - INFO - Live Device: 'usdal1-03pac01-mgt.ip.mrshmc.com': Found '95' Tag objects
2020-04-28 20:49:35,948 - __main__ - INFO - Live Device: 'usdal1-03pac01-mgt.ip.mrshmc.com': Found '0' ApplicationContainer objects
2020-04-28 20:49:37,147 - __main__ - INFO - Live Device: 'usdal1-03pac01-mgt.ip.mrshmc.com': Found '4' ApplicationFilter objects
2020-04-28 20:49:37,151 - __main__ - INFO - Collecting Predefined Objects from Panorama 'usdal1-03pac01-mgt.ip.mrshmc.com'
2020-04-28 20:49:45,830 - __main__ - INFO - Live Device: 'usdal1-03pac01-mgt.ip.mrshmc.com': Found '3419' Pre-Defined ApplicationObject objects
2020-04-28 20:49:45,830 - __main__ - INFO - Live Device: 'usdal1-03pac01-mgt.ip.mrshmc.com': Found '233' Pre-Defined ApplicationContainer objects
2020-04-28 20:49:46,994 - __main__ - INFO - Live Device: 'usdal1-03pac01-mgt.ip.mrshmc.com': Found '2' Pre-Defined ServiceObject objects
2020-04-28 20:49:48,197 - __main__ - INFO - Live Device: 'usdal1-03pac01-mgt.ip.mrshmc.com': Found '2' Pre-Defined Tag objects
2020-04-28 20:49:48,198 - __main__ - INFO - Panorama 'global': dbedit create requests '0' Dip objects
2020-04-28 20:49:48,199 - __main__ - INFO - Panorama 'global': dbedit create requests '0' AddressObject objects
2020-04-28 20:49:48,199 - __main__ - INFO - Panorama 'global': dbedit create requests '0' AddressGroup objects
2020-04-28 20:49:48,199 - __main__ - INFO - Panorama 'global': dbedit create requests '0' ApplicationObject objects
2020-04-28 20:49:48,200 - __main__ - INFO - Panorama 'global': dbedit create requests '0' ApplicationGroup objects
2020-04-28 20:49:48,200 - __main__ - INFO - Panorama 'global': dbedit create requests '0' ApplicationFilter objects
2020-04-28 20:49:48,200 - __main__ - INFO - Panorama 'global': dbedit create requests '238' ServiceObject objects
2020-04-28 20:49:48,200 - __main__ - INFO - Panorama 'global': dbedit create requests '0' ServiceGroup objects
2020-04-28 20:49:48,201 - __main__ - INFO - Panorama 'global': dbedit create requests '0' Tag objects
2020-04-28 20:49:48,201 - __main__ - INFO - Panorama 'global': dbedit create requests '0' PreSecurityRule objects
2020-04-28 20:49:48,201 - __main__ - INFO - Panorama 'global': dbedit create requests '0' PreNatRule objects
2020-04-28 20:49:48,201 - __main__ - INFO - Panorama 'global': dbedit create requests '0' PostSecurityRule objects
2020-04-28 20:49:48,201 - __main__ - INFO - Panorama 'global': dbedit create requests '0' PostNatRule objects
2020-04-28 20:49:48,201 - __main__ - INFO - Panorama 'usdal1-03pac01-mgt.ip.mrshmc.com' dbedit update checking...
2020-04-28 20:49:48,202 - __main__ - INFO - Panorama 'global': dbedit delete requests '0' DeleteObject objects
2020-04-28 20:49:48,202 - __main__ - INFO - Panorama 'global': dbedit delete requests '0' Dip objects
2020-04-28 20:49:48,207 - __main__ - INFO - Panorama 'global': dbedit rename requests '0' RenameObject objects
2020-04-28 20:49:48,214 - __main__ - INFO - Panorama 'global': dbedit create requests '0' Dip objects
2020-04-28 20:49:48,215 - __main__ - INFO - Panorama 'global': dbedit create requests '0' AddressObject objects
2020-04-28 20:49:48,215 - __main__ - INFO - Panorama 'global': dbedit create requests '0' AddressGroup objects
2020-04-28 20:49:48,215 - __main__ - INFO - Panorama 'global': dbedit create requests '0' ApplicationObject objects
2020-04-28 20:49:48,216 - __main__ - INFO - Panorama 'global': dbedit create requests '0' ApplicationGroup objects
2020-04-28 20:49:48,216 - __main__ - INFO - Panorama 'global': dbedit create requests '0' ApplicationFilter objects
2020-04-28 20:49:48,216 - __main__ - INFO - Panorama 'global': dbedit create requests '238' ServiceObject objects
2020-04-28 20:49:48,216 - __main__ - INFO - Panorama 'global': dbedit create requests '0' ServiceGroup objects
2020-04-28 20:49:48,217 - __main__ - INFO - Panorama 'global': dbedit create requests '0' Tag objects
2020-04-28 20:49:48,218 - __main__ - INFO - Panorama 'global': dbedit create requests '0' PreSecurityRule objects
2020-04-28 20:49:48,219 - __main__ - INFO - Panorama 'global': dbedit create requests '0' PreNatRule objects
2020-04-28 20:49:48,219 - __main__ - INFO - Panorama 'global': dbedit create requests '0' PostSecurityRule objects
2020-04-28 20:49:48,219 - __main__ - INFO - Panorama 'global': dbedit create requests '0' PostNatRule objects
2020-04-28 20:49:48,220 - __main__ - INFO - Panorama 'usdal1-03pac01-mgt.ip.mrshmc.com': Updating objects, (action 'create')
2020-04-28 20:49:48,221 - __main__ - INFO - Panorama 'usdal1-03pac01-mgt.ip.mrshmc.com': creating ServiceObject 'tcp-1000-2000'...
2020-04-28 20:49:49,799 - __main__ - WARNING - Panorama 'usdal1-03pac01-mgt.ip.mrshmc.com': Not attempting to create ServiceObject 'tcp-10022'. Already exists! Skipping...
2020-04-28 20:49:49,800 - __main__ - WARNING - Panorama 'usdal1-03pac01-mgt.ip.mrshmc.com': Not attempting to create ServiceObject 'tcp-10025'. Already exists! Skipping...
2020-04-28 20:49:49,801 - __main__ - WARNING - Panorama 'usdal1-03pac01-mgt.ip.mrshmc.com': Not attempting to create ServiceObject 'tcp-10051'. Already exists! Skipping...
2020-04-28 20:49:49,802 - __main__ - WARNING - Panorama 'usdal1-03pac01-mgt.ip.mrshmc.com': Not attempting to create ServiceObject 'tcp-10053'. Already exists! Skipping...
2020-04-28 20:49:49,803 - __main__ - WARNING - Panorama 'usdal1-03pac01-mgt.ip.mrshmc.com': Not attempting to create ServiceObject 'tcp-10217'. Already exists! Skipping...
2020-04-28 20:49:49,804 - __main__ - WARNING - Panorama 'usdal1-03pac01-mgt.ip.mrshmc.com': Not attempting to create ServiceObject 'tcp-10218'. Already exists! Skipping...
2020-04-28 20:49:49,804 - __main__ - WARNING - Panorama 'usdal1-03pac01-mgt.ip.mrshmc.com': Not attempting to create ServiceObject 'tcp-1022'. Already exists! Skipping...
2020-04-28 20:49:49,805 - __main__ - WARNING - Panorama 'usdal1-03pac01-mgt.ip.mrshmc.com': Not attempting to create ServiceObject 'tcp-1024-65535'. Already exists! Skipping...
2020-04-28 20:49:49,806 - __main__ - WARNING - Panorama 'usdal1-03pac01-mgt.ip.mrshmc.com': Not attempting to create ServiceObject 'tcp-1025-5000'. Already exists! Skipping...
2020-04-28 20:49:49,807 - __main__ - WARNING - Panorama 'usdal1-03pac01-mgt.ip.mrshmc.com': Not attempting to create ServiceObject 'tcp-1026'. Already exists! Skipping...
2020-04-28 20:49:49,808 - __main__ - WARNING - Panorama 'usdal1-03pac01-mgt.ip.mrshmc.com': Not attempting to create ServiceObject 'tcp-1030'. Already exists! Skipping...
2020-04-28 20:49:49,813 - __main__ - WARNING - Panorama 'usdal1-03pac01-mgt.ip.mrshmc.com': Not attempting to create ServiceObject 'tcp-10443'. Already exists! Skipping...
2020-04-28 20:49:49,814 - __main__ - WARNING - Panorama 'usdal1-03pac01-mgt.ip.mrshmc.com': Not attempting to create ServiceObject 'tcp-1069'. Already exists! Skipping...
2020-04-28 20:49:49,814 - __main__ - WARNING - Panorama 'usdal1-03pac01-mgt.ip.mrshmc.com': Not attempting to create ServiceObject 'tcp-11233'. Already exists! Skipping...
2020-04-28 20:49:49,814 - __main__ - WARNING - Panorama 'usdal1-03pac01-mgt.ip.mrshmc.com': Not attempting to create ServiceObject 'tcp-1138'. Already exists! Skipping...
2020-04-28 20:49:49,815 - __main__ - WARNING - Panorama 'usdal1-03pac01-mgt.ip.mrshmc.com': Not attempting to create ServiceObject 'tcp-1200-1205'. Already exists! Skipping...
2020-04-28 20:49:49,815 - __main__ - WARNING - Panorama 'usdal1-03pac01-mgt.ip.mrshmc.com': Not attempting to create ServiceObject 'tcp-12000'. Already exists! Skipping...
2020-04-28 20:49:49,815 - __main__ - WARNING - Panorama 'usdal1-03pac01-mgt.ip.mrshmc.com': Not attempting to create ServiceObject 'tcp-12173-12176'. Already exists! Skipping...
2020-04-28 20:49:49,815 - __main__ - WARNING - Panorama 'usdal1-03pac01-mgt.ip.mrshmc.com': Not attempting to create ServiceObject 'tcp-12233'. Already exists! Skipping...
2020-04-28 20:49:49,816 - __main__ - WARNING - Panorama 'usdal1-03pac01-mgt.ip.mrshmc.com': Not attempting to create ServiceObject 'tcp-1280'. Already exists! Skipping...
2020-04-28 20:49:49,816 - __main__ - WARNING - Panorama 'usdal1-03pac01-mgt.ip.mrshmc.com': Not attempting to create ServiceObject 'tcp-13000-13025'. Already exists! Skipping...
2020-04-28 20:49:49,816 - __main__ - WARNING - Panorama 'usdal1-03pac01-mgt.ip.mrshmc.com': Not attempting to create ServiceObject 'tcp-13003-13025'. Already exists! Skipping...
2020-04-28 20:49:49,816 - __main__ - WARNING - Panorama 'usdal1-03pac01-mgt.ip.mrshmc.com': Not attempting to create ServiceObject 'tcp-14210-14211'. Already exists! Skipping...
2020-04-28 20:49:49,816 - __main__ - WARNING - Panorama 'usdal1-03pac01-mgt.ip.mrshmc.com': Not attempting to create ServiceObject 'tcp-1443'. Already exists! Skipping...
2020-04-28 20:49:49,816 - __main__ - WARNING - Panorama 'usdal1-03pac01-mgt.ip.mrshmc.com': Not attempting to create ServiceObject 'tcp-1452'. Already exists! Skipping...
2020-04-28 20:49:49,816 - __main__ - WARNING - Panorama 'usdal1-03pac01-mgt.ip.mrshmc.com': Not attempting to create ServiceObject 'tcp-15000'. Already exists! Skipping...
2020-04-28 20:49:49,816 - __main__ - WARNING - Panorama 'usdal1-03pac01-mgt.ip.mrshmc.com': Not attempting to create ServiceObject 'tcp-1521-1530'. Already exists! Skipping...
2020-04-28 20:49:49,817 - __main__ - WARNING - Panorama 'usdal1-03pac01-mgt.ip.mrshmc.com': Not attempting to create ServiceObject 'tcp-1752'. Already exists! Skipping...
2020-04-28 20:49:49,817 - __main__ - WARNING - Panorama 'usdal1-03pac01-mgt.ip.mrshmc.com': Not attempting to create ServiceObject 'tcp-1775'. Already exists! Skipping...
2020-04-28 20:49:49,817 - __main__ - WARNING - Panorama 'usdal1-03pac01-mgt.ip.mrshmc.com': Not attempting to create ServiceObject 'tcp-1779'. Already exists! Skipping...
2020-04-28 20:49:49,817 - __main__ - WARNING - Panorama 'usdal1-03pac01-mgt.ip.mrshmc.com': Not attempting to create ServiceObject 'tcp-1782'. Already exists! Skipping...
2020-04-28 20:49:49,817 - __main__ - WARNING - Panorama 'usdal1-03pac01-mgt.ip.mrshmc.com': Not attempting to create ServiceObject 'tcp-1786'. Already exists! Skipping...
2020-04-28 20:49:49,817 - __main__ - WARNING - Panorama 'usdal1-03pac01-mgt.ip.mrshmc.com': Not attempting to create ServiceObject 'tcp-1789'. Already exists! Skipping...
2020-04-28 20:49:49,817 - __main__ - WARNING - Panorama 'usdal1-03pac01-mgt.ip.mrshmc.com': Not attempting to create ServiceObject 'tcp-179'. Already exists! Skipping...
2020-04-28 20:49:49,817 - __main__ - WARNING - Panorama 'usdal1-03pac01-mgt.ip.mrshmc.com': Not attempting to create ServiceObject 'tcp-17992'. Already exists! Skipping...
2020-04-28 20:49:49,817 - __main__ - WARNING - Panorama 'usdal1-03pac01-mgt.ip.mrshmc.com': Not attempting to create ServiceObject 'tcp-18003'. Already exists! Skipping...
2020-04-28 20:49:49,817 - __main__ - WARNING - Panorama 'usdal1-03pac01-mgt.ip.mrshmc.com': Not attempting to create ServiceObject 'tcp-18516'. Already exists! Skipping...
2020-04-28 20:49:49,818 - __main__ - WARNING - Panorama 'usdal1-03pac01-mgt.ip.mrshmc.com': Not attempting to create ServiceObject 'tcp-19000'. Already exists! Skipping...
2020-04-28 20:49:49,818 - __main__ - WARNING - Panorama 'usdal1-03pac01-mgt.ip.mrshmc.com': Not attempting to create ServiceObject 'tcp-19750'. Already exists! Skipping...
2020-04-28 20:49:49,818 - __main__ - WARNING - Panorama 'usdal1-03pac01-mgt.ip.mrshmc.com': Not attempting to create ServiceObject 'tcp-19751'. Already exists! Skipping...
2020-04-28 20:49:49,818 - __main__ - WARNING - Panorama 'usdal1-03pac01-mgt.ip.mrshmc.com': Not attempting to create ServiceObject 'tcp-20022'. Already exists! Skipping...
2020-04-28 20:49:49,818 - __main__ - WARNING - Panorama 'usdal1-03pac01-mgt.ip.mrshmc.com': Not attempting to create ServiceObject 'tcp-2022'. Already exists! Skipping...
2020-04-28 20:49:49,818 - __main__ - INFO - Panorama 'usdal1-03pac01-mgt.ip.mrshmc.com': creating ServiceObject 'tcp-2040'...
2020-04-28 20:49:51,293 - __main__ - WARNING - Panorama 'usdal1-03pac01-mgt.ip.mrshmc.com': Not attempting to create ServiceObject 'tcp-21000'. Already exists! Skipping...
2020-04-28 20:49:51,294 - __main__ - WARNING - Panorama 'usdal1-03pac01-mgt.ip.mrshmc.com': Not attempting to create ServiceObject 'tcp-2121'. Already exists! Skipping...
2020-04-28 20:49:51,295 - __main__ - WARNING - Panorama 'usdal1-03pac01-mgt.ip.mrshmc.com': Not attempting to create ServiceObject 'tcp-2195'. Already exists! Skipping...
2020-04-28 20:49:51,296 - __main__ - WARNING - Panorama 'usdal1-03pac01-mgt.ip.mrshmc.com': Not attempting to create ServiceObject 'tcp-2200'. Already exists! Skipping...
2020-04-28 20:49:51,297 - __main__ - WARNING - Panorama 'usdal1-03pac01-mgt.ip.mrshmc.com': Not attempting to create ServiceObject 'tcp-2200-2300'. Already exists! Skipping...
2020-04-28 20:49:51,298 - __main__ - WARNING - Panorama 'usdal1-03pac01-mgt.ip.mrshmc.com': Not attempting to create ServiceObject 'tcp-2202'. Already exists! Skipping...
2020-04-28 20:49:51,299 - __main__ - WARNING - Panorama 'usdal1-03pac01-mgt.ip.mrshmc.com': Not attempting to create ServiceObject 'tcp-2222'. Already exists! Skipping...
2020-04-28 20:49:51,299 - __main__ - WARNING - Panorama 'usdal1-03pac01-mgt.ip.mrshmc.com': Not attempting to create ServiceObject 'tcp-22222'. Already exists! Skipping...
2020-04-28 20:49:51,300 - __main__ - WARNING - Panorama 'usdal1-03pac01-mgt.ip.mrshmc.com': Not attempting to create ServiceObject 'tcp-2233'. Already exists! Skipping...
2020-04-28 20:49:51,301 - __main__ - WARNING - Panorama 'usdal1-03pac01-mgt.ip.mrshmc.com': Not attempting to create ServiceObject 'tcp-2244'. Already exists! Skipping...
2020-04-28 20:49:51,302 - __main__ - INFO - Panorama 'usdal1-03pac01-mgt.ip.mrshmc.com': creating ServiceObject 'tcp-2255'...
2020-04-28 20:49:52,949 - __main__ - INFO - Panorama 'usdal1-03pac01-mgt.ip.mrshmc.com': creating ServiceObject 'tcp-2266'...
2020-04-28 20:49:54,368 - __main__ - WARNING - Panorama 'usdal1-03pac01-mgt.ip.mrshmc.com': Not attempting to create ServiceObject 'tcp-2323'. Already exists! Skipping...
2020-04-28 20:49:54,369 - __main__ - WARNING - Panorama 'usdal1-03pac01-mgt.ip.mrshmc.com': Not attempting to create ServiceObject 'tcp-2443'. Already exists! Skipping...
2020-04-28 20:49:54,370 - __main__ - WARNING - Panorama 'usdal1-03pac01-mgt.ip.mrshmc.com': Not attempting to create ServiceObject 'tcp-26'. Already exists! Skipping...
2020-04-28 20:49:54,371 - __main__ - WARNING - Panorama 'usdal1-03pac01-mgt.ip.mrshmc.com': Not attempting to create ServiceObject 'tcp-27'. Already exists! Skipping...
2020-04-28 20:49:54,372 - __main__ - WARNING - Panorama 'usdal1-03pac01-mgt.ip.mrshmc.com': Not attempting to create ServiceObject 'tcp-27749'. Already exists! Skipping...
2020-04-28 20:49:54,373 - __main__ - WARNING - Panorama 'usdal1-03pac01-mgt.ip.mrshmc.com': Not attempting to create ServiceObject 'tcp-28'. Already exists! Skipping...
2020-04-28 20:49:54,374 - __main__ - WARNING - Panorama 'usdal1-03pac01-mgt.ip.mrshmc.com': Not attempting to create ServiceObject 'tcp-29'. Already exists! Skipping...
2020-04-28 20:49:54,375 - __main__ - WARNING - Panorama 'usdal1-03pac01-mgt.ip.mrshmc.com': Not attempting to create ServiceObject 'tcp-30206'. Already exists! Skipping...
2020-04-28 20:49:54,375 - __main__ - WARNING - Panorama 'usdal1-03pac01-mgt.ip.mrshmc.com': Not attempting to create ServiceObject 'tcp-3022'. Already exists! Skipping...
2020-04-28 20:49:54,376 - __main__ - WARNING - Panorama 'usdal1-03pac01-mgt.ip.mrshmc.com': Not attempting to create ServiceObject 'tcp-32111'. Already exists! Skipping...
2020-04-28 20:49:54,377 - __main__ - WARNING - Panorama 'usdal1-03pac01-mgt.ip.mrshmc.com': Not attempting to create ServiceObject 'tcp-33001'. Already exists! Skipping...
2020-04-28 20:49:54,378 - __main__ - WARNING - Panorama 'usdal1-03pac01-mgt.ip.mrshmc.com': Not attempting to create ServiceObject 'tcp-3306'. Already exists! Skipping...
2020-04-28 20:49:54,383 - __main__ - INFO - Panorama 'usdal1-03pac01-mgt.ip.mrshmc.com': creating ServiceObject 'tcp-333'...
2020-04-28 20:50:00,838 - __main__ - WARNING - Panorama 'usdal1-03pac01-mgt.ip.mrshmc.com': Not attempting to create ServiceObject 'tcp-3333'. Already exists! Skipping...
2020-04-28 20:50:00,839 - __main__ - WARNING - Panorama 'usdal1-03pac01-mgt.ip.mrshmc.com': Not attempting to create ServiceObject 'tcp-3413'. Already exists! Skipping...
2020-04-28 20:50:00,840 - __main__ - WARNING - Panorama 'usdal1-03pac01-mgt.ip.mrshmc.com': Not attempting to create ServiceObject 'tcp-3456'. Already exists! Skipping...
2020-04-28 20:50:00,841 - __main__ - WARNING - Panorama 'usdal1-03pac01-mgt.ip.mrshmc.com': Not attempting to create ServiceObject 'tcp-3478'. Already exists! Skipping...
2020-04-28 20:50:00,842 - __main__ - WARNING - Panorama 'usdal1-03pac01-mgt.ip.mrshmc.com': Not attempting to create ServiceObject 'tcp-36865'. Already exists! Skipping...
2020-04-28 20:50:00,843 - __main__ - WARNING - Panorama 'usdal1-03pac01-mgt.ip.mrshmc.com': Not attempting to create ServiceObject 'tcp-3690'. Already exists! Skipping...
2020-04-28 20:50:00,844 - __main__ - WARNING - Panorama 'usdal1-03pac01-mgt.ip.mrshmc.com': Not attempting to create ServiceObject 'tcp-401'. Already exists! Skipping...
2020-04-28 20:50:00,845 - __main__ - WARNING - Panorama 'usdal1-03pac01-mgt.ip.mrshmc.com': Not attempting to create ServiceObject 'tcp-4022'. Already exists! Skipping...
2020-04-28 20:50:00,846 - __main__ - WARNING - Panorama 'usdal1-03pac01-mgt.ip.mrshmc.com': Not attempting to create ServiceObject 'tcp-40279'. Already exists! Skipping...
2020-04-28 20:50:00,847 - __main__ - WARNING - Panorama 'usdal1-03pac01-mgt.ip.mrshmc.com': Not attempting to create ServiceObject 'tcp-4080'. Already exists! Skipping...
2020-04-28 20:50:00,847 - __main__ - WARNING - Panorama 'usdal1-03pac01-mgt.ip.mrshmc.com': Not attempting to create ServiceObject 'tcp-4228'. Already exists! Skipping...
2020-04-28 20:50:00,853 - __main__ - WARNING - Panorama 'usdal1-03pac01-mgt.ip.mrshmc.com': Not attempting to create ServiceObject 'tcp-423'. Already exists! Skipping...
2020-04-28 20:50:00,854 - __main__ - WARNING - Panorama 'usdal1-03pac01-mgt.ip.mrshmc.com': Not attempting to create ServiceObject 'tcp-4239'. Already exists! Skipping...
2020-04-28 20:50:00,854 - __main__ - WARNING - Panorama 'usdal1-03pac01-mgt.ip.mrshmc.com': Not attempting to create ServiceObject 'tcp-4244'. Already exists! Skipping...
2020-04-28 20:50:00,854 - __main__ - WARNING - Panorama 'usdal1-03pac01-mgt.ip.mrshmc.com': Not attempting to create ServiceObject 'tcp-4248'. Already exists! Skipping...
2020-04-28 20:50:00,855 - __main__ - WARNING - Panorama 'usdal1-03pac01-mgt.ip.mrshmc.com': Not attempting to create ServiceObject 'tcp-4282'. Already exists! Skipping...
2020-04-28 20:50:00,855 - __main__ - WARNING - Panorama 'usdal1-03pac01-mgt.ip.mrshmc.com': Not attempting to create ServiceObject 'tcp-4285'. Already exists! Skipping...
2020-04-28 20:50:00,855 - __main__ - WARNING - Panorama 'usdal1-03pac01-mgt.ip.mrshmc.com': Not attempting to create ServiceObject 'tcp-4433'. Already exists! Skipping...
2020-04-28 20:50:00,855 - __main__ - WARNING - Panorama 'usdal1-03pac01-mgt.ip.mrshmc.com': Not attempting to create ServiceObject 'tcp-44718'. Already exists! Skipping...
2020-04-28 20:50:00,856 - __main__ - WARNING - Panorama 'usdal1-03pac01-mgt.ip.mrshmc.com': Not attempting to create ServiceObject 'tcp-450'. Already exists! Skipping...
2020-04-28 20:50:00,856 - __main__ - INFO - Panorama 'usdal1-03pac01-mgt.ip.mrshmc.com': creating ServiceObject 'tcp-4501-4503'...
2020-04-28 20:50:02,480 - __main__ - WARNING - Panorama 'usdal1-03pac01-mgt.ip.mrshmc.com': Not attempting to create ServiceObject 'tcp-4502'. Already exists! Skipping...
2020-04-28 20:50:02,481 - __main__ - WARNING - Panorama 'usdal1-03pac01-mgt.ip.mrshmc.com': Not attempting to create ServiceObject 'tcp-45022'. Already exists! Skipping...
2020-04-28 20:50:02,482 - __main__ - WARNING - Panorama 'usdal1-03pac01-mgt.ip.mrshmc.com': Not attempting to create ServiceObject 'tcp-4503'. Already exists! Skipping...
2020-04-28 20:50:02,483 - __main__ - WARNING - Panorama 'usdal1-03pac01-mgt.ip.mrshmc.com': Not attempting to create ServiceObject 'tcp-4505'. Already exists! Skipping...
2020-04-28 20:50:02,484 - __main__ - WARNING - Panorama 'usdal1-03pac01-mgt.ip.mrshmc.com': Not attempting to create ServiceObject 'tcp-4506'. Already exists! Skipping...
2020-04-28 20:50:02,485 - __main__ - INFO - Panorama 'usdal1-03pac01-mgt.ip.mrshmc.com': creating ServiceObject 'tcp-4512'...
2020-04-28 20:50:04,129 - __main__ - WARNING - Panorama 'usdal1-03pac01-mgt.ip.mrshmc.com': Not attempting to create ServiceObject 'tcp-4747'. Already exists! Skipping...
2020-04-28 20:50:04,130 - __main__ - WARNING - Panorama 'usdal1-03pac01-mgt.ip.mrshmc.com': Not attempting to create ServiceObject 'tcp-4892'. Already exists! Skipping...
2020-04-28 20:50:04,131 - __main__ - WARNING - Panorama 'usdal1-03pac01-mgt.ip.mrshmc.com': Not attempting to create ServiceObject 'tcp-4899'. Already exists! Skipping...
2020-04-28 20:50:04,132 - __main__ - WARNING - Panorama 'usdal1-03pac01-mgt.ip.mrshmc.com': Not attempting to create ServiceObject 'tcp-49'. Already exists! Skipping...
2020-04-28 20:50:04,133 - __main__ - WARNING - Panorama 'usdal1-03pac01-mgt.ip.mrshmc.com': Not attempting to create ServiceObject 'tcp-4900-4999'. Already exists! Skipping...
2020-04-28 20:50:04,134 - __main__ - WARNING - Panorama 'usdal1-03pac01-mgt.ip.mrshmc.com': Not attempting to create ServiceObject 'tcp-49000-49009'. Already exists! Skipping...
2020-04-28 20:50:04,135 - __main__ - WARNING - Panorama 'usdal1-03pac01-mgt.ip.mrshmc.com': Not attempting to create ServiceObject 'tcp-49837'. Already exists! Skipping...
2020-04-28 20:50:04,136 - __main__ - WARNING - Panorama 'usdal1-03pac01-mgt.ip.mrshmc.com': Not attempting to create ServiceObject 'tcp-5000-50030'. Already exists! Skipping...
2020-04-28 20:50:04,137 - __main__ - WARNING - Panorama 'usdal1-03pac01-mgt.ip.mrshmc.com': Not attempting to create ServiceObject 'tcp-5000-5010'. Already exists! Skipping...
2020-04-28 20:50:04,137 - __main__ - WARNING - Panorama 'usdal1-03pac01-mgt.ip.mrshmc.com': Not attempting to create ServiceObject 'tcp-5000-6000'. Already exists! Skipping...
2020-04-28 20:50:04,138 - __main__ - WARNING - Panorama 'usdal1-03pac01-mgt.ip.mrshmc.com': Not attempting to create ServiceObject 'tcp-50000-50030'. Already exists! Skipping...
2020-04-28 20:50:04,144 - __main__ - WARNING - Panorama 'usdal1-03pac01-mgt.ip.mrshmc.com': Not attempting to create ServiceObject 'tcp-50000-50200'. Already exists! Skipping...
2020-04-28 20:50:04,145 - __main__ - WARNING - Panorama 'usdal1-03pac01-mgt.ip.mrshmc.com': Not attempting to create ServiceObject 'tcp-50000-51000'. Already exists! Skipping...
2020-04-28 20:50:04,145 - __main__ - WARNING - Panorama 'usdal1-03pac01-mgt.ip.mrshmc.com': Not attempting to create ServiceObject 'tcp-50002'. Already exists! Skipping...
2020-04-28 20:50:04,145 - __main__ - WARNING - Panorama 'usdal1-03pac01-mgt.ip.mrshmc.com': Not attempting to create ServiceObject 'tcp-5003'. Already exists! Skipping...
2020-04-28 20:50:04,146 - __main__ - WARNING - Panorama 'usdal1-03pac01-mgt.ip.mrshmc.com': Not attempting to create ServiceObject 'tcp-5018'. Already exists! Skipping...
2020-04-28 20:50:04,146 - __main__ - WARNING - Panorama 'usdal1-03pac01-mgt.ip.mrshmc.com': Not attempting to create ServiceObject 'tcp-5019'. Already exists! Skipping...
2020-04-28 20:50:04,146 - __main__ - WARNING - Panorama 'usdal1-03pac01-mgt.ip.mrshmc.com': Not attempting to create ServiceObject 'tcp-5024'. Already exists! Skipping...
2020-04-28 20:50:04,146 - __main__ - WARNING - Panorama 'usdal1-03pac01-mgt.ip.mrshmc.com': Not attempting to create ServiceObject 'tcp-50415'. Already exists! Skipping...
2020-04-28 20:50:04,147 - __main__ - WARNING - Panorama 'usdal1-03pac01-mgt.ip.mrshmc.com': Not attempting to create ServiceObject 'tcp-50440'. Already exists! Skipping...
2020-04-28 20:50:04,147 - __main__ - WARNING - Panorama 'usdal1-03pac01-mgt.ip.mrshmc.com': Not attempting to create ServiceObject 'tcp-5050'. Already exists! Skipping...
2020-04-28 20:50:04,147 - __main__ - WARNING - Panorama 'usdal1-03pac01-mgt.ip.mrshmc.com': Not attempting to create ServiceObject 'tcp-5061'. Already exists! Skipping...
2020-04-28 20:50:04,147 - __main__ - WARNING - Panorama 'usdal1-03pac01-mgt.ip.mrshmc.com': Not attempting to create ServiceObject 'tcp-5090'. Already exists! Skipping...
2020-04-28 20:50:04,147 - __main__ - WARNING - Panorama 'usdal1-03pac01-mgt.ip.mrshmc.com': Not attempting to create ServiceObject 'tcp-5091'. Already exists! Skipping...
2020-04-28 20:50:04,147 - __main__ - INFO - Panorama 'usdal1-03pac01-mgt.ip.mrshmc.com': creating ServiceObject 'tcp-5096-5099'...
2020-04-28 20:50:05,740 - __main__ - WARNING - Panorama 'usdal1-03pac01-mgt.ip.mrshmc.com': Not attempting to create ServiceObject 'tcp-51000-52000'. Already exists! Skipping...
2020-04-28 20:50:05,741 - __main__ - WARNING - Panorama 'usdal1-03pac01-mgt.ip.mrshmc.com': Not attempting to create ServiceObject 'tcp-51399'. Already exists! Skipping...
2020-04-28 20:50:05,742 - __main__ - WARNING - Panorama 'usdal1-03pac01-mgt.ip.mrshmc.com': Not attempting to create ServiceObject 'tcp-518'. Already exists! Skipping...
2020-04-28 20:50:05,743 - __main__ - WARNING - Panorama 'usdal1-03pac01-mgt.ip.mrshmc.com': Not attempting to create ServiceObject 'tcp-5223'. Already exists! Skipping...
2020-04-28 20:50:05,744 - __main__ - WARNING - Panorama 'usdal1-03pac01-mgt.ip.mrshmc.com': Not attempting to create ServiceObject 'tcp-52411'. Already exists! Skipping...
2020-04-28 20:50:05,745 - __main__ - WARNING - Panorama 'usdal1-03pac01-mgt.ip.mrshmc.com': Not attempting to create ServiceObject 'tcp-5245'. Already exists! Skipping...
2020-04-28 20:50:05,746 - __main__ - WARNING - Panorama 'usdal1-03pac01-mgt.ip.mrshmc.com': Not attempting to create ServiceObject 'tcp-5349'. Already exists! Skipping...
2020-04-28 20:50:05,746 - __main__ - WARNING - Panorama 'usdal1-03pac01-mgt.ip.mrshmc.com': Not attempting to create ServiceObject 'tcp-5432'. Already exists! Skipping...
2020-04-28 20:50:05,747 - __main__ - WARNING - Panorama 'usdal1-03pac01-mgt.ip.mrshmc.com': Not attempting to create ServiceObject 'tcp-5443'. Already exists! Skipping...
2020-04-28 20:50:05,748 - __main__ - WARNING - Panorama 'usdal1-03pac01-mgt.ip.mrshmc.com': Not attempting to create ServiceObject 'tcp-5450'. Already exists! Skipping...
2020-04-28 20:50:05,749 - __main__ - WARNING - Panorama 'usdal1-03pac01-mgt.ip.mrshmc.com': Not attempting to create ServiceObject 'tcp-5500-5520'. Already exists! Skipping...
2020-04-28 20:50:05,755 - __main__ - INFO - Panorama 'usdal1-03pac01-mgt.ip.mrshmc.com': creating ServiceObject 'tcp-5506'...
2020-04-28 20:50:07,258 - __main__ - WARNING - Panorama 'usdal1-03pac01-mgt.ip.mrshmc.com': Not attempting to create ServiceObject 'tcp-555'. Already exists! Skipping...
2020-04-28 20:50:07,261 - __main__ - WARNING - Panorama 'usdal1-03pac01-mgt.ip.mrshmc.com': Not attempting to create ServiceObject 'tcp-55536-55567'. Already exists! Skipping...
2020-04-28 20:50:07,261 - __main__ - WARNING - Panorama 'usdal1-03pac01-mgt.ip.mrshmc.com': Not attempting to create ServiceObject 'tcp-55536-56559'. Already exists! Skipping...
2020-04-28 20:50:07,262 - __main__ - WARNING - Panorama 'usdal1-03pac01-mgt.ip.mrshmc.com': Not attempting to create ServiceObject 'tcp-5630'. Already exists! Skipping...
2020-04-28 20:50:07,263 - __main__ - WARNING - Panorama 'usdal1-03pac01-mgt.ip.mrshmc.com': Not attempting to create ServiceObject 'tcp-5640'. Already exists! Skipping...
2020-04-28 20:50:07,264 - __main__ - WARNING - Panorama 'usdal1-03pac01-mgt.ip.mrshmc.com': Not attempting to create ServiceObject 'tcp-5701-5702'. Already exists! Skipping...
2020-04-28 20:50:07,265 - __main__ - WARNING - Panorama 'usdal1-03pac01-mgt.ip.mrshmc.com': Not attempting to create ServiceObject 'tcp-5707'. Already exists! Skipping...
2020-04-28 20:50:07,266 - __main__ - WARNING - Panorama 'usdal1-03pac01-mgt.ip.mrshmc.com': Not attempting to create ServiceObject 'tcp-58000-58010'. Already exists! Skipping...
2020-04-28 20:50:07,267 - __main__ - WARNING - Panorama 'usdal1-03pac01-mgt.ip.mrshmc.com': Not attempting to create ServiceObject 'tcp-5814'. Already exists! Skipping...
2020-04-28 20:50:07,268 - __main__ - WARNING - Panorama 'usdal1-03pac01-mgt.ip.mrshmc.com': Not attempting to create ServiceObject 'tcp-6000-6100'. Already exists! Skipping...
2020-04-28 20:50:07,268 - __main__ - WARNING - Panorama 'usdal1-03pac01-mgt.ip.mrshmc.com': Not attempting to create ServiceObject 'tcp-60000-60020'. Already exists! Skipping...
2020-04-28 20:50:07,275 - __main__ - WARNING - Panorama 'usdal1-03pac01-mgt.ip.mrshmc.com': Not attempting to create ServiceObject 'tcp-6006'. Already exists! Skipping...
2020-04-28 20:50:07,276 - __main__ - WARNING - Panorama 'usdal1-03pac01-mgt.ip.mrshmc.com': Not attempting to create ServiceObject 'tcp-6022'. Already exists! Skipping...
2020-04-28 20:50:07,277 - __main__ - WARNING - Panorama 'usdal1-03pac01-mgt.ip.mrshmc.com': Not attempting to create ServiceObject 'tcp-6043'. Already exists! Skipping...
2020-04-28 20:50:07,278 - __main__ - WARNING - Panorama 'usdal1-03pac01-mgt.ip.mrshmc.com': Not attempting to create ServiceObject 'tcp-6060'. Already exists! Skipping...
2020-04-28 20:50:07,278 - __main__ - WARNING - Panorama 'usdal1-03pac01-mgt.ip.mrshmc.com': Not attempting to create ServiceObject 'tcp-61000-65000'. Already exists! Skipping...
2020-04-28 20:50:07,279 - __main__ - WARNING - Panorama 'usdal1-03pac01-mgt.ip.mrshmc.com': Not attempting to create ServiceObject 'tcp-62000-62010'. Already exists! Skipping...
2020-04-28 20:50:07,280 - __main__ - WARNING - Panorama 'usdal1-03pac01-mgt.ip.mrshmc.com': Not attempting to create ServiceObject 'tcp-62001-62010'. Already exists! Skipping...
2020-04-28 20:50:07,281 - __main__ - WARNING - Panorama 'usdal1-03pac01-mgt.ip.mrshmc.com': Not attempting to create ServiceObject 'tcp-62003'. Already exists! Skipping...
2020-04-28 20:50:07,282 - __main__ - WARNING - Panorama 'usdal1-03pac01-mgt.ip.mrshmc.com': Not attempting to create ServiceObject 'tcp-62004'. Already exists! Skipping...
2020-04-28 20:50:07,288 - __main__ - WARNING - Panorama 'usdal1-03pac01-mgt.ip.mrshmc.com': Not attempting to create ServiceObject 'tcp-62005'. Already exists! Skipping...
2020-04-28 20:50:07,288 - __main__ - WARNING - Panorama 'usdal1-03pac01-mgt.ip.mrshmc.com': Not attempting to create ServiceObject 'tcp-62006'. Already exists! Skipping...
2020-04-28 20:50:07,289 - __main__ - WARNING - Panorama 'usdal1-03pac01-mgt.ip.mrshmc.com': Not attempting to create ServiceObject 'tcp-62007'. Already exists! Skipping...
2020-04-28 20:50:07,289 - __main__ - WARNING - Panorama 'usdal1-03pac01-mgt.ip.mrshmc.com': Not attempting to create ServiceObject 'tcp-62008'. Already exists! Skipping...
2020-04-28 20:50:07,289 - __main__ - WARNING - Panorama 'usdal1-03pac01-mgt.ip.mrshmc.com': Not attempting to create ServiceObject 'tcp-62009'. Already exists! Skipping...
2020-04-28 20:50:07,290 - __main__ - WARNING - Panorama 'usdal1-03pac01-mgt.ip.mrshmc.com': Not attempting to create ServiceObject 'tcp-62010'. Already exists! Skipping...
2020-04-28 20:50:07,290 - __main__ - WARNING - Panorama 'usdal1-03pac01-mgt.ip.mrshmc.com': Not attempting to create ServiceObject 'tcp-6222'. Already exists! Skipping...
2020-04-28 20:50:07,290 - __main__ - WARNING - Panorama 'usdal1-03pac01-mgt.ip.mrshmc.com': Not attempting to create ServiceObject 'tcp-6321'. Already exists! Skipping...
2020-04-28 20:50:07,290 - __main__ - WARNING - Panorama 'usdal1-03pac01-mgt.ip.mrshmc.com': Not attempting to create ServiceObject 'tcp-6322'. Already exists! Skipping...
2020-04-28 20:50:07,291 - __main__ - WARNING - Panorama 'usdal1-03pac01-mgt.ip.mrshmc.com': Not attempting to create ServiceObject 'tcp-6330'. Already exists! Skipping...
2020-04-28 20:50:07,291 - __main__ - WARNING - Panorama 'usdal1-03pac01-mgt.ip.mrshmc.com': Not attempting to create ServiceObject 'tcp-6331'. Already exists! Skipping...
2020-04-28 20:50:07,291 - __main__ - WARNING - Panorama 'usdal1-03pac01-mgt.ip.mrshmc.com': Not attempting to create ServiceObject 'tcp-6333'. Already exists! Skipping...
2020-04-28 20:50:07,291 - __main__ - WARNING - Panorama 'usdal1-03pac01-mgt.ip.mrshmc.com': Not attempting to create ServiceObject 'tcp-64101-64110'. Already exists! Skipping...
2020-04-28 20:50:07,291 - __main__ - WARNING - Panorama 'usdal1-03pac01-mgt.ip.mrshmc.com': Not attempting to create ServiceObject 'tcp-6511'. Already exists! Skipping...
2020-04-28 20:50:07,291 - __main__ - WARNING - Panorama 'usdal1-03pac01-mgt.ip.mrshmc.com': Not attempting to create ServiceObject 'tcp-6514'. Already exists! Skipping...
2020-04-28 20:50:07,291 - __main__ - WARNING - Panorama 'usdal1-03pac01-mgt.ip.mrshmc.com': Not attempting to create ServiceObject 'tcp-6670'. Already exists! Skipping...
2020-04-28 20:50:07,292 - __main__ - WARNING - Panorama 'usdal1-03pac01-mgt.ip.mrshmc.com': Not attempting to create ServiceObject 'tcp-6672'. Already exists! Skipping...
2020-04-28 20:50:07,292 - __main__ - WARNING - Panorama 'usdal1-03pac01-mgt.ip.mrshmc.com': Not attempting to create ServiceObject 'tcp-7006'. Already exists! Skipping...
2020-04-28 20:50:07,292 - __main__ - WARNING - Panorama 'usdal1-03pac01-mgt.ip.mrshmc.com': Not attempting to create ServiceObject 'tcp-7103'. Already exists! Skipping...
2020-04-28 20:50:07,292 - __main__ - WARNING - Panorama 'usdal1-03pac01-mgt.ip.mrshmc.com': Not attempting to create ServiceObject 'tcp-7208'. Already exists! Skipping...
2020-04-28 20:50:07,292 - __main__ - WARNING - Panorama 'usdal1-03pac01-mgt.ip.mrshmc.com': Not attempting to create ServiceObject 'tcp-7209'. Already exists! Skipping...
2020-04-28 20:50:07,292 - __main__ - WARNING - Panorama 'usdal1-03pac01-mgt.ip.mrshmc.com': Not attempting to create ServiceObject 'tcp-7443'. Already exists! Skipping...
2020-04-28 20:50:07,292 - __main__ - WARNING - Panorama 'usdal1-03pac01-mgt.ip.mrshmc.com': Not attempting to create ServiceObject 'tcp-7502'. Already exists! Skipping...
2020-04-28 20:50:07,292 - __main__ - WARNING - Panorama 'usdal1-03pac01-mgt.ip.mrshmc.com': Not attempting to create ServiceObject 'tcp-7653'. Already exists! Skipping...
2020-04-28 20:50:07,292 - __main__ - WARNING - Panorama 'usdal1-03pac01-mgt.ip.mrshmc.com': Not attempting to create ServiceObject 'tcp-8014'. Already exists! Skipping...
2020-04-28 20:50:07,292 - __main__ - WARNING - Panorama 'usdal1-03pac01-mgt.ip.mrshmc.com': Not attempting to create ServiceObject 'tcp-8022'. Already exists! Skipping...
2020-04-28 20:50:07,293 - __main__ - INFO - Panorama 'usdal1-03pac01-mgt.ip.mrshmc.com': creating ServiceObject 'tcp-8073'...
2020-04-28 20:50:08,829 - __main__ - WARNING - Panorama 'usdal1-03pac01-mgt.ip.mrshmc.com': Not attempting to create ServiceObject 'tcp-809'. Already exists! Skipping...
2020-04-28 20:50:08,831 - __main__ - WARNING - Panorama 'usdal1-03pac01-mgt.ip.mrshmc.com': Not attempting to create ServiceObject 'tcp-843'. Already exists! Skipping...
2020-04-28 20:50:08,832 - __main__ - WARNING - Panorama 'usdal1-03pac01-mgt.ip.mrshmc.com': Not attempting to create ServiceObject 'tcp-8501'. Already exists! Skipping...
2020-04-28 20:50:08,832 - __main__ - WARNING - Panorama 'usdal1-03pac01-mgt.ip.mrshmc.com': Not attempting to create ServiceObject 'tcp-8801'. Already exists! Skipping...
2020-04-28 20:50:08,833 - __main__ - WARNING - Panorama 'usdal1-03pac01-mgt.ip.mrshmc.com': Not attempting to create ServiceObject 'tcp-8801-8802'. Already exists! Skipping...
2020-04-28 20:50:08,834 - __main__ - WARNING - Panorama 'usdal1-03pac01-mgt.ip.mrshmc.com': Not attempting to create ServiceObject 'tcp-8802'. Already exists! Skipping...
2020-04-28 20:50:08,835 - __main__ - WARNING - Panorama 'usdal1-03pac01-mgt.ip.mrshmc.com': Not attempting to create ServiceObject 'tcp-8822'. Already exists! Skipping...
2020-04-28 20:50:08,836 - __main__ - WARNING - Panorama 'usdal1-03pac01-mgt.ip.mrshmc.com': Not attempting to create ServiceObject 'tcp-8883'. Already exists! Skipping...
2020-04-28 20:50:08,837 - __main__ - WARNING - Panorama 'usdal1-03pac01-mgt.ip.mrshmc.com': Not attempting to create ServiceObject 'tcp-9022'. Already exists! Skipping...
2020-04-28 20:50:08,838 - __main__ - WARNING - Panorama 'usdal1-03pac01-mgt.ip.mrshmc.com': Not attempting to create ServiceObject 'tcp-9053'. Already exists! Skipping...
2020-04-28 20:50:08,838 - __main__ - WARNING - Panorama 'usdal1-03pac01-mgt.ip.mrshmc.com': Not attempting to create ServiceObject 'tcp-9722'. Already exists! Skipping...
2020-04-28 20:50:08,844 - __main__ - WARNING - Panorama 'usdal1-03pac01-mgt.ip.mrshmc.com': Not attempting to create ServiceObject 'tcp-989'. Already exists! Skipping...
2020-04-28 20:50:08,845 - __main__ - WARNING - Panorama 'usdal1-03pac01-mgt.ip.mrshmc.com': Not attempting to create ServiceObject 'tcp-989-991'. Already exists! Skipping...
2020-04-28 20:50:08,845 - __main__ - WARNING - Panorama 'usdal1-03pac01-mgt.ip.mrshmc.com': Not attempting to create ServiceObject 'tcp-990'. Already exists! Skipping...
2020-04-28 20:50:08,845 - __main__ - WARNING - Panorama 'usdal1-03pac01-mgt.ip.mrshmc.com': Not attempting to create ServiceObject 'tcp-9905'. Already exists! Skipping...
2020-04-28 20:50:08,846 - __main__ - WARNING - Panorama 'usdal1-03pac01-mgt.ip.mrshmc.com': Not attempting to create ServiceObject 'tcp-991'. Already exists! Skipping...
2020-04-28 20:50:08,846 - __main__ - WARNING - Panorama 'usdal1-03pac01-mgt.ip.mrshmc.com': Not attempting to create ServiceObject 'tcp-993'. Already exists! Skipping...
2020-04-28 20:50:08,846 - __main__ - INFO - Panorama 'usdal1-03pac01-mgt.ip.mrshmc.com': creating ServiceObject 'tcp-9944'...
2020-04-28 20:50:10,309 - __main__ - WARNING - Panorama 'usdal1-03pac01-mgt.ip.mrshmc.com': Not attempting to create ServiceObject 'tcp-9997'. Already exists! Skipping...
2020-04-28 20:50:10,310 - __main__ - WARNING - Panorama 'usdal1-03pac01-mgt.ip.mrshmc.com': Not attempting to create ServiceObject 'udp-10001'. Already exists! Skipping...
2020-04-28 20:50:10,311 - __main__ - WARNING - Panorama 'usdal1-03pac01-mgt.ip.mrshmc.com': Not attempting to create ServiceObject 'udp-1024-65535'. Already exists! Skipping...
2020-04-28 20:50:10,312 - __main__ - WARNING - Panorama 'usdal1-03pac01-mgt.ip.mrshmc.com': Not attempting to create ServiceObject 'udp-10443'. Already exists! Skipping...
2020-04-28 20:50:10,313 - __main__ - WARNING - Panorama 'usdal1-03pac01-mgt.ip.mrshmc.com': Not attempting to create ServiceObject 'udp-12000'. Already exists! Skipping...
2020-04-28 20:50:10,314 - __main__ - WARNING - Panorama 'usdal1-03pac01-mgt.ip.mrshmc.com': Not attempting to create ServiceObject 'udp-19350'. Already exists! Skipping...
2020-04-28 20:50:10,315 - __main__ - WARNING - Panorama 'usdal1-03pac01-mgt.ip.mrshmc.com': Not attempting to create ServiceObject 'udp-20000-64000'. Already exists! Skipping...
2020-04-28 20:50:10,316 - __main__ - WARNING - Panorama 'usdal1-03pac01-mgt.ip.mrshmc.com': Not attempting to create ServiceObject 'udp-20000-64999'. Already exists! Skipping...
2020-04-28 20:50:10,316 - __main__ - WARNING - Panorama 'usdal1-03pac01-mgt.ip.mrshmc.com': Not attempting to create ServiceObject 'udp-2244'. Already exists! Skipping...
2020-04-28 20:50:10,317 - __main__ - WARNING - Panorama 'usdal1-03pac01-mgt.ip.mrshmc.com': Not attempting to create ServiceObject 'udp-33001'. Already exists! Skipping...
2020-04-28 20:50:10,318 - __main__ - WARNING - Panorama 'usdal1-03pac01-mgt.ip.mrshmc.com': Not attempting to create ServiceObject 'udp-3478-3483'. Already exists! Skipping...
2020-04-28 20:50:10,324 - __main__ - INFO - Panorama 'usdal1-03pac01-mgt.ip.mrshmc.com': creating ServiceObject 'udp-3479'...
2020-04-28 20:50:13,484 - __main__ - WARNING - Panorama 'usdal1-03pac01-mgt.ip.mrshmc.com': Not attempting to create ServiceObject 'udp-36000-36001'. Already exists! Skipping...
2020-04-28 20:50:13,485 - __main__ - WARNING - Panorama 'usdal1-03pac01-mgt.ip.mrshmc.com': Not attempting to create ServiceObject 'udp-36000-59999'. Already exists! Skipping...
2020-04-28 20:50:13,486 - __main__ - WARNING - Panorama 'usdal1-03pac01-mgt.ip.mrshmc.com': Not attempting to create ServiceObject 'udp-443'. Already exists! Skipping...
2020-04-28 20:50:13,487 - __main__ - WARNING - Panorama 'usdal1-03pac01-mgt.ip.mrshmc.com': Not attempting to create ServiceObject 'udp-5000-5999'. Already exists! Skipping...
2020-04-28 20:50:13,488 - __main__ - WARNING - Panorama 'usdal1-03pac01-mgt.ip.mrshmc.com': Not attempting to create ServiceObject 'udp-50000-59999'. Already exists! Skipping...
2020-04-28 20:50:13,489 - __main__ - WARNING - Panorama 'usdal1-03pac01-mgt.ip.mrshmc.com': Not attempting to create ServiceObject 'udp-50000-60000'. Already exists! Skipping...
2020-04-28 20:50:13,490 - __main__ - WARNING - Panorama 'usdal1-03pac01-mgt.ip.mrshmc.com': Not attempting to create ServiceObject 'udp-50000-65535'. Already exists! Skipping...
2020-04-28 20:50:13,490 - __main__ - WARNING - Panorama 'usdal1-03pac01-mgt.ip.mrshmc.com': Not attempting to create ServiceObject 'udp-50002'. Already exists! Skipping...
2020-04-28 20:50:13,491 - __main__ - WARNING - Panorama 'usdal1-03pac01-mgt.ip.mrshmc.com': Not attempting to create ServiceObject 'udp-5004'. Already exists! Skipping...
2020-04-28 20:50:13,492 - __main__ - WARNING - Panorama 'usdal1-03pac01-mgt.ip.mrshmc.com': Not attempting to create ServiceObject 'udp-5091'. Already exists! Skipping...
2020-04-28 20:50:13,493 - __main__ - WARNING - Panorama 'usdal1-03pac01-mgt.ip.mrshmc.com': Not attempting to create ServiceObject 'udp-5093'. Already exists! Skipping...
2020-04-28 20:50:13,499 - __main__ - WARNING - Panorama 'usdal1-03pac01-mgt.ip.mrshmc.com': Not attempting to create ServiceObject 'udp-5349'. Already exists! Skipping...
2020-04-28 20:50:13,500 - __main__ - WARNING - Panorama 'usdal1-03pac01-mgt.ip.mrshmc.com': Not attempting to create ServiceObject 'udp-554'. Already exists! Skipping...
2020-04-28 20:50:13,500 - __main__ - WARNING - Panorama 'usdal1-03pac01-mgt.ip.mrshmc.com': Not attempting to create ServiceObject 'udp-5814'. Already exists! Skipping...
2020-04-28 20:50:13,500 - __main__ - WARNING - Panorama 'usdal1-03pac01-mgt.ip.mrshmc.com': Not attempting to create ServiceObject 'udp-7955'. Already exists! Skipping...
2020-04-28 20:50:13,501 - __main__ - INFO - Panorama 'usdal1-03pac01-mgt.ip.mrshmc.com': creating ServiceObject 'udp-8090'...
2020-04-28 20:50:15,221 - __main__ - WARNING - Panorama 'usdal1-03pac01-mgt.ip.mrshmc.com': Not attempting to create ServiceObject 'udp-8443'. Already exists! Skipping...
2020-04-28 20:50:15,221 - __main__ - WARNING - Panorama 'usdal1-03pac01-mgt.ip.mrshmc.com': Not attempting to create ServiceObject 'udp-8801-8802'. Already exists! Skipping...
2020-04-28 20:50:15,222 - __main__ - INFO - Panorama 'usdal1-03pac01-mgt.ip.mrshmc.com': creating ServiceObject 'udp-8802'...
2020-04-28 20:50:16,862 - __main__ - INFO - Panorama 'usdal1-03pac01-mgt.ip.mrshmc.com': creating ServiceObject 'udp-8803'...
2020-04-28 20:50:18,450 - __main__ - INFO - Panorama 'usdal1-03pac01-mgt.ip.mrshmc.com': creating ServiceObject 'udp-8804'...
2020-04-28 20:50:19,911 - __main__ - INFO - Panorama 'usdal1-03pac01-mgt.ip.mrshmc.com': creating ServiceObject 'udp-8805'...
2020-04-28 20:50:21,439 - __main__ - INFO - Panorama 'usdal1-03pac01-mgt.ip.mrshmc.com': creating ServiceObject 'udp-8806'...
2020-04-28 20:50:23,000 - __main__ - INFO - Panorama 'usdal1-03pac01-mgt.ip.mrshmc.com': creating ServiceObject 'udp-8807'...
2020-04-28 20:50:24,448 - __main__ - INFO - Panorama 'usdal1-03pac01-mgt.ip.mrshmc.com': creating ServiceObject 'udp-8808'...
2020-04-28 20:50:25,919 - __main__ - INFO - Panorama 'usdal1-03pac01-mgt.ip.mrshmc.com': creating ServiceObject 'udp-8809'...
2020-04-28 20:50:27,600 - __main__ - INFO - Panorama 'usdal1-03pac01-mgt.ip.mrshmc.com': creating ServiceObject 'udp-8810'...
2020-04-28 20:50:29,059 - __main__ - WARNING - Panorama 'usdal1-03pac01-mgt.ip.mrshmc.com': Not attempting to create ServiceObject 'udp-9995'. Already exists! Skipping...
2020-04-28 20:50:29,069 - __main__ - INFO - Panorama 'global': dbedit edit requests '0' EditObject objects
2020-04-28 20:50:29,075 - __main__ - INFO - Panorama 'global': dbedit addtogroup requests '0' ModifyGroup objects
2020-04-28 20:50:29,083 - __main__ - INFO - Panorama 'global': dbedit removefromgroup requests '0' ModifyGroup objects
2020-04-28 20:50:29,089 - __main__ - INFO - AMAZING! No API update failures detected ;)
