2020-04-28 18:35:08,225 - __main__ - INFO - Argument '--device' supplied, device in scope 'usdal1-03pac01-mgt.ip.mrshmc.com'
2020-04-28 18:35:08,225 - __main__ - INFO - Argument '--filename' supplied, configuration contained in '../pangenerator/output/small-rename-test.csv'
2020-04-28 18:35:08,226 - __main__ - INFO - Argument '--no-locks' supplied, no commit or configuration locks will be taken.
2020-04-28 18:35:08,227 - __main__ - INFO - Argument '--verbose' supplied, logging will be printed to console.
2020-04-28 18:35:13,807 - __main__ - INFO - Device System Info: SystemInfo(version='9.0.4', platform='M-500', serial='007307001217')
2020-04-28 18:35:13,820 - __main__ - INFO - Filename '../pangenerator/output/small-rename-test.csv' provided. Parsing...
2020-04-28 18:35:13,823 - __main__ - INFO - dbedit: Ignoring commented line '#vendor,objtype,op_action,location,name,subtype,members,ip,netmask,cidr,description,color,protocol,source_port,destination_port,nexthop,tag,value,interface,enable_user_identification,metric,mgmt_profile,zone,rule_action,application,category,data_filtering,destination,disable_server_response_inspection,disabled,file_blocking,fromzone,group,hip_profiles,icmp_unreachable,log_end,log_setting,log_start,negate_destination,negate_source,negate_target,schedule,service,source,source_user,spyware,target,tozone ,url_filtering,virus,vulnerability,wildfire_analysis,destination_dynamic_translated_address,destination_dynamic_translated_distribution,destination_dynamic_translated_port,destination_translated_address,destination_translated_port,ha_binding,nat_type,source_translation_address_type,source_translation_fallback_interface,source_translation_fallback_ip_address,source_translation_fallback_ip_type,source_translation_fallback_translated_addresses,source_translation_fallback_type,source_translation_interface,source_translation_ip_address,source_translation_static_bi_directional,source_translation_static_translated_address,source_translation_translated_addresses,source_translation_type,to_interface,category,subcategory,technology,risk,evasive,excessive_bandwidth_use,prone_to_misuse,is_saas,transfers_files,tunnels_other_apps,used_by_malware,has_known_vulnerabilities,pervasive,default_type,parent_app,timeout,tcp_timeout,udp_timeout,tcp_half_closed_timeout,tcp_time_wait_timeout,tunnel_applications,file_type_ident,virus_ident,data_ident,default_port,default_ip_protocol,default_icmp_type,default_icmp_code,ignore_this_end_marker'
2020-04-28 18:35:13,823 - __main__ - INFO - dbedit: Found vendor 'palo', location 'global', action 'rename', type 'service' processing...
2020-04-28 18:35:13,824 - __main__ - INFO - dbedit: Found vendor 'palo', location 'global', action 'rename', type 'service' processing...
2020-04-28 18:35:13,824 - __main__ - INFO - dbedit: Found vendor 'palo', location 'global', action 'rename', type 'service' processing...
2020-04-28 18:35:13,824 - __main__ - INFO - dbedit: Found vendor 'palo', location 'global', action 'rename', type 'service' processing...
2020-04-28 18:35:13,824 - __main__ - INFO - dbedit: Found vendor 'palo', location 'global', action 'rename', type 'service' processing...
2020-04-28 18:35:13,824 - __main__ - INFO - dbedit: Found vendor 'palo', location 'global', action 'rename', type 'service' processing...
2020-04-28 18:35:13,825 - __main__ - INFO - dbedit: Found vendor 'palo', location 'global', action 'rename', type 'service' processing...
2020-04-28 18:35:13,825 - __main__ - INFO - dbedit: Found vendor 'palo', location 'global', action 'rename', type 'service' processing...
2020-04-28 18:35:13,825 - __main__ - INFO - dbedit: Found vendor 'palo', location 'global', action 'rename', type 'service' processing...
2020-04-28 18:35:13,825 - __main__ - INFO - dbedit: Found vendor 'palo', location 'global', action 'rename', type 'service' processing...
2020-04-28 18:35:13,825 - __main__ - INFO - dbedit: Found vendor 'palo', location 'global', action 'rename', type 'service' processing...
2020-04-28 18:35:13,825 - __main__ - INFO - dbedit: Found vendor 'palo', location 'global', action 'rename', type 'service' processing...
2020-04-28 18:35:13,825 - __main__ - INFO - dbedit: Found vendor 'palo', location 'global', action 'rename', type 'service' processing...
2020-04-28 18:35:13,826 - __main__ - INFO - dbedit: Found vendor 'palo', location 'global', action 'rename', type 'service' processing...
2020-04-28 18:35:13,826 - __main__ - INFO - dbedit: Found vendor 'palo', location 'global', action 'rename', type 'service' processing...
2020-04-28 18:35:13,826 - __main__ - INFO - dbedit: Found vendor 'palo', location 'global', action 'rename', type 'service' processing...
2020-04-28 18:35:13,826 - __main__ - INFO - dbedit: Found vendor 'palo', location 'global', action 'rename', type 'service' processing...
2020-04-28 18:35:13,826 - __main__ - INFO - dbedit: Found vendor 'palo', location 'global', action 'rename', type 'service' processing...
2020-04-28 18:35:13,826 - __main__ - INFO - dbedit: Found vendor 'palo', location 'global', action 'rename', type 'service' processing...
2020-04-28 18:35:13,827 - __main__ - INFO - dbedit: Found vendor 'palo', location 'global', action 'rename', type 'service' processing...
2020-04-28 18:35:13,827 - __main__ - INFO - dbedit: Found vendor 'palo', location 'global', action 'rename', type 'service' processing...
2020-04-28 18:35:13,827 - __main__ - INFO - Connecting to Panorama 'usdal1-03pac01-mgt.ip.mrshmc.com'
2020-04-28 18:35:13,827 - __main__ - INFO - Global Object Level: 'usdal1-03pac01-mgt.ip.mrshmc.com'
2020-04-28 18:35:13,828 - __main__ - INFO - Collecting Global Objects from Panorama 'usdal1-03pac01-mgt.ip.mrshmc.com'
2020-04-28 18:35:24,774 - __main__ - INFO - Live Device: 'usdal1-03pac01-mgt.ip.mrshmc.com': Found '32371' AddressObject objects
2020-04-28 18:35:28,077 - __main__ - INFO - Live Device: 'usdal1-03pac01-mgt.ip.mrshmc.com': Found '1178' AddressGroup objects
2020-04-28 18:35:29,240 - __main__ - INFO - Live Device: 'usdal1-03pac01-mgt.ip.mrshmc.com': Found '1' ApplicationObject objects
2020-04-28 18:35:30,528 - __main__ - INFO - Live Device: 'usdal1-03pac01-mgt.ip.mrshmc.com': Found '3' ApplicationGroup objects
2020-04-28 18:35:33,441 - __main__ - INFO - Live Device: 'usdal1-03pac01-mgt.ip.mrshmc.com': Found '3580' ServiceObject objects
2020-04-28 18:35:35,111 - __main__ - INFO - Live Device: 'usdal1-03pac01-mgt.ip.mrshmc.com': Found '140' ServiceGroup objects
2020-04-28 18:35:36,314 - __main__ - INFO - Live Device: 'usdal1-03pac01-mgt.ip.mrshmc.com': Found '95' Tag objects
2020-04-28 18:35:37,498 - __main__ - INFO - Live Device: 'usdal1-03pac01-mgt.ip.mrshmc.com': Found '0' ApplicationContainer objects
2020-04-28 18:35:38,753 - __main__ - INFO - Live Device: 'usdal1-03pac01-mgt.ip.mrshmc.com': Found '4' ApplicationFilter objects
2020-04-28 18:35:38,757 - __main__ - INFO - Collecting Predefined Objects from Panorama 'usdal1-03pac01-mgt.ip.mrshmc.com'
2020-04-28 18:35:50,897 - __main__ - INFO - Live Device: 'usdal1-03pac01-mgt.ip.mrshmc.com': Found '3419' Pre-Defined ApplicationObject objects
2020-04-28 18:35:50,897 - __main__ - INFO - Live Device: 'usdal1-03pac01-mgt.ip.mrshmc.com': Found '233' Pre-Defined ApplicationContainer objects
2020-04-28 18:35:52,069 - __main__ - INFO - Live Device: 'usdal1-03pac01-mgt.ip.mrshmc.com': Found '2' Pre-Defined ServiceObject objects
2020-04-28 18:35:53,225 - __main__ - INFO - Live Device: 'usdal1-03pac01-mgt.ip.mrshmc.com': Found '2' Pre-Defined Tag objects
2020-04-28 18:35:53,226 - __main__ - INFO - Panorama 'global': dbedit create requests '0' Dip objects
2020-04-28 18:35:53,226 - __main__ - INFO - Panorama 'global': dbedit create requests '0' AddressObject objects
2020-04-28 18:35:53,227 - __main__ - INFO - Panorama 'global': dbedit create requests '0' AddressGroup objects
2020-04-28 18:35:53,227 - __main__ - INFO - Panorama 'global': dbedit create requests '0' ApplicationObject objects
2020-04-28 18:35:53,228 - __main__ - INFO - Panorama 'global': dbedit create requests '0' ApplicationGroup objects
2020-04-28 18:35:53,228 - __main__ - INFO - Panorama 'global': dbedit create requests '0' ApplicationFilter objects
2020-04-28 18:35:53,228 - __main__ - INFO - Panorama 'global': dbedit create requests '0' ServiceObject objects
2020-04-28 18:35:53,228 - __main__ - INFO - Panorama 'global': dbedit create requests '0' ServiceGroup objects
2020-04-28 18:35:53,229 - __main__ - INFO - Panorama 'global': dbedit create requests '0' Tag objects
2020-04-28 18:35:53,229 - __main__ - INFO - Panorama 'global': dbedit create requests '0' PreSecurityRule objects
2020-04-28 18:35:53,229 - __main__ - INFO - Panorama 'global': dbedit create requests '0' PreNatRule objects
2020-04-28 18:35:53,229 - __main__ - INFO - Panorama 'global': dbedit create requests '0' PostSecurityRule objects
2020-04-28 18:35:53,229 - __main__ - INFO - Panorama 'global': dbedit create requests '0' PostNatRule objects
2020-04-28 18:35:53,229 - __main__ - INFO - Panorama 'usdal1-03pac01-mgt.ip.mrshmc.com' dbedit update checking...
2020-04-28 18:35:53,230 - __main__ - INFO - Panorama 'global': dbedit delete requests '0' DeleteObject objects
2020-04-28 18:35:53,230 - __main__ - INFO - Panorama 'global': dbedit delete requests '0' Dip objects
2020-04-28 18:35:53,235 - __main__ - INFO - Panorama 'global': dbedit rename requests '21' RenameObject objects
2020-04-28 18:35:53,240 - __main__ - INFO - Panorama 'usdal1-03pac01-mgt.ip.mrshmc.com': Updating objects, (action 'rename')
2020-04-28 18:35:54,465 - __main__ - WARNING - Panorama 'usdal1-03pac01-mgt.ip.mrshmc.com': Not attempting to rename service '1433' to 'tcp-1433'. Newname already exists! Skipping...
2020-04-28 18:35:57,240 - __main__ - INFO - Panorama 'usdal1-03pac01-mgt.ip.mrshmc.com': Successfully renamed service '5441' to 'tcp-5441'. OK!
2020-04-28 18:35:59,858 - __main__ - INFO - Panorama 'usdal1-03pac01-mgt.ip.mrshmc.com': Successfully renamed service '6060' to 'tcp-6060'. OK!
2020-04-28 18:36:02,388 - __main__ - INFO - Panorama 'usdal1-03pac01-mgt.ip.mrshmc.com': Successfully renamed service '6443' to 'tcp-6443'. OK!
2020-04-28 18:36:04,947 - __main__ - INFO - Panorama 'usdal1-03pac01-mgt.ip.mrshmc.com': Successfully renamed service 'aol' to 'tcp-5190'. OK!
2020-04-28 18:36:07,527 - __main__ - INFO - Panorama 'usdal1-03pac01-mgt.ip.mrshmc.com': Successfully renamed service 'bgp' to 'tcp-179'. OK!
2020-04-28 18:36:10,087 - __main__ - INFO - Panorama 'usdal1-03pac01-mgt.ip.mrshmc.com': Successfully renamed service 'biff' to 'udp-512'. OK!
2020-04-28 18:36:11,358 - __main__ - WARNING - Panorama 'usdal1-03pac01-mgt.ip.mrshmc.com': Not attempting to rename service 'bootpc' to 'udp-68'. Newname already exists! Skipping...
2020-04-28 18:36:14,410 - __main__ - INFO - Panorama 'usdal1-03pac01-mgt.ip.mrshmc.com': Successfully renamed service 'bootps' to 'udp-67'. OK!
2020-04-28 18:36:17,049 - __main__ - INFO - Panorama 'usdal1-03pac01-mgt.ip.mrshmc.com': Successfully renamed service 'chargen' to 'tcp-19'. OK!
2020-04-28 18:36:19,669 - __main__ - INFO - Panorama 'usdal1-03pac01-mgt.ip.mrshmc.com': Successfully renamed service 'cifs' to 'tcp-3020'. OK!
2020-04-28 18:36:20,938 - __main__ - WARNING - Panorama 'usdal1-03pac01-mgt.ip.mrshmc.com': Not attempting to rename service 'citrix-ica' to 'tcp-1494'. Newname already exists! Skipping...
2020-04-28 18:36:22,200 - __main__ - WARNING - Panorama 'usdal1-03pac01-mgt.ip.mrshmc.com': Not attempting to rename service 'cmd' to 'tcp-514'. Newname already exists! Skipping...
2020-04-28 18:36:29,778 - __main__ - INFO - Panorama 'usdal1-03pac01-mgt.ip.mrshmc.com': Successfully renamed service 'ctiqbe' to 'tcp-2748'. OK!
2020-04-28 18:36:32,346 - __main__ - INFO - Panorama 'usdal1-03pac01-mgt.ip.mrshmc.com': Successfully renamed service 'daytime' to 'tcp-13'. OK!
2020-04-28 18:36:35,596 - __main__ - INFO - Panorama 'usdal1-03pac01-mgt.ip.mrshmc.com': Successfully renamed service 'dnsix' to 'udp-195'. OK!
2020-04-28 18:36:36,878 - __main__ - WARNING - Panorama 'usdal1-03pac01-mgt.ip.mrshmc.com': Not attempting to rename service 'domain' to 'udp-53'. Newname already exists! Skipping...
2020-04-28 18:36:39,642 - __main__ - INFO - Panorama 'usdal1-03pac01-mgt.ip.mrshmc.com': Successfully renamed service 'exec' to 'tcp-512'. OK!
2020-04-28 18:36:42,276 - __main__ - INFO - Panorama 'usdal1-03pac01-mgt.ip.mrshmc.com': Successfully renamed service 'finger' to 'tcp-79'. OK!
2020-04-28 18:36:44,898 - __main__ - INFO - Panorama 'usdal1-03pac01-mgt.ip.mrshmc.com': Successfully renamed service 'FireEyeHX-VPN_range-1200-1220' to 'tcp-1200-1220'. OK!
2020-04-28 18:36:47,558 - __main__ - INFO - Panorama 'usdal1-03pac01-mgt.ip.mrshmc.com': Successfully renamed service 'tcp_1433-1450' to 'tcp-1433-1450'. OK!
2020-04-28 18:36:47,571 - __main__ - INFO - Panorama 'global': dbedit create requests '0' Dip objects
2020-04-28 18:36:47,572 - __main__ - INFO - Panorama 'global': dbedit create requests '0' AddressObject objects
2020-04-28 18:36:47,572 - __main__ - INFO - Panorama 'global': dbedit create requests '0' AddressGroup objects
2020-04-28 18:36:47,573 - __main__ - INFO - Panorama 'global': dbedit create requests '0' ApplicationObject objects
2020-04-28 18:36:47,574 - __main__ - INFO - Panorama 'global': dbedit create requests '0' ApplicationGroup objects
2020-04-28 18:36:47,574 - __main__ - INFO - Panorama 'global': dbedit create requests '0' ApplicationFilter objects
2020-04-28 18:36:47,575 - __main__ - INFO - Panorama 'global': dbedit create requests '0' ServiceObject objects
2020-04-28 18:36:47,576 - __main__ - INFO - Panorama 'global': dbedit create requests '0' ServiceGroup objects
2020-04-28 18:36:47,576 - __main__ - INFO - Panorama 'global': dbedit create requests '0' Tag objects
2020-04-28 18:36:47,577 - __main__ - INFO - Panorama 'global': dbedit create requests '0' PreSecurityRule objects
2020-04-28 18:36:47,577 - __main__ - INFO - Panorama 'global': dbedit create requests '0' PreNatRule objects
2020-04-28 18:36:47,578 - __main__ - INFO - Panorama 'global': dbedit create requests '0' PostSecurityRule objects
2020-04-28 18:36:47,578 - __main__ - INFO - Panorama 'global': dbedit create requests '0' PostNatRule objects
2020-04-28 18:36:47,589 - __main__ - INFO - Panorama 'global': dbedit edit requests '0' EditObject objects
2020-04-28 18:36:47,598 - __main__ - INFO - Panorama 'global': dbedit addtogroup requests '0' ModifyGroup objects
2020-04-28 18:36:47,605 - __main__ - INFO - Panorama 'global': dbedit removefromgroup requests '0' ModifyGroup objects
2020-04-28 18:36:47,611 - __main__ - INFO - AMAZING! No API update failures detected ;)
