2020-04-28 17:28:26,927 - __main__ - INFO - Argument '--device' supplied, device in scope 'usdal1-03pac01-mgt.ip.mrshmc.com'
2020-04-28 17:28:26,927 - __main__ - INFO - Argument '--filename' supplied, configuration contained in '../pangenerator/output/mel-brow-addres.csv'
2020-04-28 17:28:26,928 - __main__ - INFO - Argument '--no-locks' supplied, no commit or configuration locks will be taken.
2020-04-28 17:28:26,928 - __main__ - INFO - Argument '--verbose' supplied, logging will be printed to console.
2020-04-28 17:28:32,515 - __main__ - INFO - Device System Info: SystemInfo(version='9.0.4', platform='M-500', serial='007307001217')
2020-04-28 17:28:32,517 - __main__ - INFO - Filename '../pangenerator/output/mel-brow-addres.csv' provided. Parsing...
2020-04-28 17:28:32,525 - __main__ - INFO - dbedit: Ignoring commented line '#vendor,objtype,op_action,location,name,subtype,members,ip,netmask,cidr,description,color,protocol,source_port,destination_port,nexthop,tag,value,interface,enable_user_identification,metric,mgmt_profile,zone,rule_action,application,category,data_filtering,destination,disable_server_response_inspection,disabled,file_blocking,fromzone,group,hip_profiles,icmp_unreachable,log_end,log_setting,log_start,negate_destination,negate_source,negate_target,schedule,service,source,source_user,spyware,target,tozone ,url_filtering,virus,vulnerability,wildfire_analysis,destination_dynamic_translated_address,destination_dynamic_translated_distribution,destination_dynamic_translated_port,destination_translated_address,destination_translated_port,ha_binding,nat_type,source_translation_address_type,source_translation_fallback_interface,source_translation_fallback_ip_address,source_translation_fallback_ip_type,source_translation_fallback_translated_addresses,source_translation_fallback_type,source_translation_interface,source_translation_ip_address,source_translation_static_bi_directional,source_translation_static_translated_address,source_translation_translated_addresses,source_translation_type,to_interface,category,subcategory,technology,risk,evasive,excessive_bandwidth_use,prone_to_misuse,is_saas,transfers_files,tunnels_other_apps,used_by_malware,has_known_vulnerabilities,pervasive,default_type,parent_app,timeout,tcp_timeout,udp_timeout,tcp_half_closed_timeout,tcp_time_wait_timeout,tunnel_applications,file_type_ident,virus_ident,data_ident,default_port,default_ip_protocol,default_icmp_type,default_icmp_code,ignore_this_end_marker'
2020-04-28 17:28:32,525 - __main__ - INFO - dbedit: Found vendor 'palo', location 'global', action 'create', type 'address' processing...
2020-04-28 17:28:32,525 - __main__ - INFO - dbedit: Found vendor 'palo', location 'global', action 'create', type 'address' processing...
2020-04-28 17:28:32,527 - __main__ - INFO - dbedit: Found vendor 'palo', location 'global', action 'create', type 'address' processing...
2020-04-28 17:28:32,528 - __main__ - INFO - dbedit: Found vendor 'palo', location 'global', action 'create', type 'address' processing...
2020-04-28 17:28:32,528 - __main__ - INFO - dbedit: Found vendor 'palo', location 'global', action 'create', type 'address' processing...
2020-04-28 17:28:32,528 - __main__ - INFO - dbedit: Found vendor 'palo', location 'global', action 'create', type 'address' processing...
2020-04-28 17:28:32,529 - __main__ - INFO - dbedit: Found vendor 'palo', location 'global', action 'create', type 'address' processing...
2020-04-28 17:28:32,529 - __main__ - INFO - dbedit: Found vendor 'palo', location 'global', action 'create', type 'address' processing...
2020-04-28 17:28:32,529 - __main__ - INFO - dbedit: Found vendor 'palo', location 'global', action 'create', type 'address' processing...
2020-04-28 17:28:32,529 - __main__ - INFO - dbedit: Found vendor 'palo', location 'global', action 'create', type 'address' processing...
2020-04-28 17:28:32,530 - __main__ - INFO - dbedit: Found vendor 'palo', location 'global', action 'create', type 'address' processing...
2020-04-28 17:28:32,530 - __main__ - INFO - dbedit: Found vendor 'palo', location 'global', action 'create', type 'address' processing...
2020-04-28 17:28:32,530 - __main__ - INFO - dbedit: Found vendor 'palo', location 'global', action 'create', type 'address' processing...
2020-04-28 17:28:32,530 - __main__ - INFO - dbedit: Found vendor 'palo', location 'global', action 'create', type 'address' processing...
2020-04-28 17:28:32,530 - __main__ - INFO - dbedit: Found vendor 'palo', location 'global', action 'create', type 'address' processing...
2020-04-28 17:28:32,531 - __main__ - INFO - dbedit: Found vendor 'palo', location 'global', action 'create', type 'address' processing...
2020-04-28 17:28:32,531 - __main__ - INFO - dbedit: Found vendor 'palo', location 'global', action 'create', type 'address' processing...
2020-04-28 17:28:32,531 - __main__ - INFO - dbedit: Found vendor 'palo', location 'global', action 'create', type 'address' processing...
2020-04-28 17:28:32,531 - __main__ - INFO - dbedit: Found vendor 'palo', location 'global', action 'create', type 'address' processing...
2020-04-28 17:28:32,531 - __main__ - INFO - dbedit: Found vendor 'palo', location 'global', action 'create', type 'address' processing...
2020-04-28 17:28:32,531 - __main__ - INFO - dbedit: Found vendor 'palo', location 'global', action 'create', type 'address' processing...
2020-04-28 17:28:32,532 - __main__ - INFO - dbedit: Found vendor 'palo', location 'global', action 'create', type 'address' processing...
2020-04-28 17:28:32,532 - __main__ - INFO - dbedit: Found vendor 'palo', location 'global', action 'create', type 'address' processing...
2020-04-28 17:28:32,532 - __main__ - INFO - dbedit: Found vendor 'palo', location 'global', action 'create', type 'address' processing...
2020-04-28 17:28:32,532 - __main__ - INFO - dbedit: Found vendor 'palo', location 'global', action 'create', type 'address' processing...
2020-04-28 17:28:32,532 - __main__ - INFO - dbedit: Found vendor 'palo', location 'global', action 'create', type 'address' processing...
2020-04-28 17:28:32,533 - __main__ - INFO - dbedit: Found vendor 'palo', location 'global', action 'create', type 'address' processing...
2020-04-28 17:28:32,533 - __main__ - INFO - dbedit: Found vendor 'palo', location 'global', action 'create', type 'address' processing...
2020-04-28 17:28:32,533 - __main__ - INFO - dbedit: Found vendor 'palo', location 'global', action 'create', type 'address' processing...
2020-04-28 17:28:32,533 - __main__ - INFO - dbedit: Found vendor 'palo', location 'global', action 'create', type 'address' processing...
2020-04-28 17:28:32,533 - __main__ - INFO - dbedit: Found vendor 'palo', location 'global', action 'create', type 'address' processing...
2020-04-28 17:28:32,533 - __main__ - INFO - dbedit: Found vendor 'palo', location 'global', action 'create', type 'address' processing...
2020-04-28 17:28:32,533 - __main__ - INFO - dbedit: Found vendor 'palo', location 'global', action 'create', type 'address' processing...
2020-04-28 17:28:32,534 - __main__ - INFO - dbedit: Found vendor 'palo', location 'global', action 'create', type 'address' processing...
2020-04-28 17:28:32,534 - __main__ - INFO - dbedit: Found vendor 'palo', location 'global', action 'create', type 'address' processing...
2020-04-28 17:28:32,534 - __main__ - INFO - dbedit: Found vendor 'palo', location 'global', action 'create', type 'address' processing...
2020-04-28 17:28:32,534 - __main__ - INFO - dbedit: Found vendor 'palo', location 'global', action 'create', type 'address' processing...
2020-04-28 17:28:32,534 - __main__ - INFO - dbedit: Found vendor 'palo', location 'global', action 'create', type 'address' processing...
2020-04-28 17:28:32,535 - __main__ - INFO - dbedit: Found vendor 'palo', location 'global', action 'create', type 'address' processing...
2020-04-28 17:28:32,535 - __main__ - INFO - dbedit: Found vendor 'palo', location 'global', action 'create', type 'address' processing...
2020-04-28 17:28:32,535 - __main__ - INFO - dbedit: Found vendor 'palo', location 'global', action 'create', type 'address' processing...
2020-04-28 17:28:32,535 - __main__ - INFO - dbedit: Found vendor 'palo', location 'global', action 'create', type 'address' processing...
2020-04-28 17:28:32,535 - __main__ - INFO - dbedit: Found vendor 'palo', location 'global', action 'create', type 'address' processing...
2020-04-28 17:28:32,539 - __main__ - INFO - dbedit: Found vendor 'palo', location 'global', action 'create', type 'address' processing...
2020-04-28 17:28:32,539 - __main__ - INFO - dbedit: Found vendor 'palo', location 'global', action 'create', type 'address' processing...
2020-04-28 17:28:32,540 - __main__ - INFO - dbedit: Found vendor 'palo', location 'global', action 'create', type 'address' processing...
2020-04-28 17:28:32,540 - __main__ - INFO - dbedit: Found vendor 'palo', location 'global', action 'create', type 'address' processing...
2020-04-28 17:28:32,540 - __main__ - INFO - dbedit: Found vendor 'palo', location 'global', action 'create', type 'address' processing...
2020-04-28 17:28:32,540 - __main__ - INFO - dbedit: Found vendor 'palo', location 'global', action 'create', type 'address' processing...
2020-04-28 17:28:32,540 - __main__ - INFO - dbedit: Found vendor 'palo', location 'global', action 'create', type 'address' processing...
2020-04-28 17:28:32,541 - __main__ - INFO - dbedit: Found vendor 'palo', location 'global', action 'create', type 'address' processing...
2020-04-28 17:28:32,541 - __main__ - INFO - dbedit: Found vendor 'palo', location 'global', action 'create', type 'address' processing...
2020-04-28 17:28:32,541 - __main__ - INFO - dbedit: Found vendor 'palo', location 'global', action 'create', type 'address' processing...
2020-04-28 17:28:32,541 - __main__ - INFO - dbedit: Found vendor 'palo', location 'global', action 'create', type 'address' processing...
2020-04-28 17:28:32,541 - __main__ - INFO - dbedit: Found vendor 'palo', location 'global', action 'create', type 'address' processing...
2020-04-28 17:28:32,542 - __main__ - INFO - dbedit: Found vendor 'palo', location 'global', action 'create', type 'address' processing...
2020-04-28 17:28:32,542 - __main__ - INFO - dbedit: Found vendor 'palo', location 'global', action 'create', type 'address' processing...
2020-04-28 17:28:32,542 - __main__ - INFO - dbedit: Found vendor 'palo', location 'global', action 'create', type 'address' processing...
2020-04-28 17:28:32,542 - __main__ - INFO - dbedit: Found vendor 'palo', location 'global', action 'create', type 'address' processing...
2020-04-28 17:28:32,542 - __main__ - INFO - dbedit: Found vendor 'palo', location 'global', action 'create', type 'address' processing...
2020-04-28 17:28:32,543 - __main__ - INFO - dbedit: Found vendor 'palo', location 'global', action 'create', type 'address' processing...
2020-04-28 17:28:32,543 - __main__ - INFO - dbedit: Found vendor 'palo', location 'global', action 'create', type 'address' processing...
2020-04-28 17:28:32,543 - __main__ - INFO - dbedit: Found vendor 'palo', location 'global', action 'create', type 'address' processing...
2020-04-28 17:28:32,543 - __main__ - INFO - dbedit: Found vendor 'palo', location 'global', action 'create', type 'address' processing...
2020-04-28 17:28:32,543 - __main__ - INFO - dbedit: Found vendor 'palo', location 'global', action 'create', type 'address' processing...
2020-04-28 17:28:32,543 - __main__ - INFO - dbedit: Found vendor 'palo', location 'global', action 'create', type 'address' processing...
2020-04-28 17:28:32,544 - __main__ - INFO - dbedit: Found vendor 'palo', location 'global', action 'create', type 'address' processing...
2020-04-28 17:28:32,544 - __main__ - INFO - dbedit: Found vendor 'palo', location 'global', action 'create', type 'address' processing...
2020-04-28 17:28:32,544 - __main__ - INFO - dbedit: Found vendor 'palo', location 'global', action 'create', type 'address' processing...
2020-04-28 17:28:32,544 - __main__ - INFO - dbedit: Found vendor 'palo', location 'global', action 'create', type 'address' processing...
2020-04-28 17:28:32,544 - __main__ - INFO - dbedit: Found vendor 'palo', location 'global', action 'create', type 'address' processing...
2020-04-28 17:28:32,544 - __main__ - INFO - dbedit: Found vendor 'palo', location 'global', action 'create', type 'address' processing...
2020-04-28 17:28:32,545 - __main__ - INFO - dbedit: Found vendor 'palo', location 'global', action 'create', type 'address' processing...
2020-04-28 17:28:32,545 - __main__ - INFO - dbedit: Found vendor 'palo', location 'global', action 'create', type 'address' processing...
2020-04-28 17:28:32,545 - __main__ - INFO - dbedit: Found vendor 'palo', location 'global', action 'create', type 'address' processing...
2020-04-28 17:28:32,545 - __main__ - INFO - dbedit: Found vendor 'palo', location 'global', action 'create', type 'address' processing...
2020-04-28 17:28:32,545 - __main__ - INFO - dbedit: Found vendor 'palo', location 'global', action 'create', type 'address' processing...
2020-04-28 17:28:32,545 - __main__ - INFO - dbedit: Found vendor 'palo', location 'global', action 'create', type 'address' processing...
2020-04-28 17:28:32,546 - __main__ - INFO - dbedit: Found vendor 'palo', location 'global', action 'create', type 'address' processing...
2020-04-28 17:28:32,546 - __main__ - INFO - dbedit: Found vendor 'palo', location 'global', action 'create', type 'address' processing...
2020-04-28 17:28:32,546 - __main__ - INFO - dbedit: Found vendor 'palo', location 'global', action 'create', type 'address' processing...
2020-04-28 17:28:32,546 - __main__ - INFO - dbedit: Found vendor 'palo', location 'global', action 'create', type 'address' processing...
2020-04-28 17:28:32,547 - __main__ - INFO - dbedit: Found vendor 'palo', location 'global', action 'create', type 'address' processing...
2020-04-28 17:28:32,547 - __main__ - INFO - dbedit: Found vendor 'palo', location 'global', action 'create', type 'address' processing...
2020-04-28 17:28:32,547 - __main__ - INFO - dbedit: Found vendor 'palo', location 'global', action 'create', type 'address' processing...
2020-04-28 17:28:32,547 - __main__ - INFO - dbedit: Found vendor 'palo', location 'global', action 'create', type 'address' processing...
2020-04-28 17:28:32,547 - __main__ - INFO - dbedit: Found vendor 'palo', location 'global', action 'create', type 'address' processing...
2020-04-28 17:28:32,547 - __main__ - INFO - dbedit: Found vendor 'palo', location 'global', action 'create', type 'address' processing...
2020-04-28 17:28:32,548 - __main__ - INFO - dbedit: Found vendor 'palo', location 'global', action 'create', type 'address' processing...
2020-04-28 17:28:32,548 - __main__ - INFO - dbedit: Found vendor 'palo', location 'global', action 'create', type 'address' processing...
2020-04-28 17:28:32,552 - __main__ - INFO - dbedit: Found vendor 'palo', location 'global', action 'create', type 'address' processing...
2020-04-28 17:28:32,552 - __main__ - INFO - dbedit: Found vendor 'palo', location 'global', action 'create', type 'address' processing...
2020-04-28 17:28:32,553 - __main__ - INFO - dbedit: Found vendor 'palo', location 'global', action 'create', type 'address' processing...
2020-04-28 17:28:32,553 - __main__ - INFO - dbedit: Found vendor 'palo', location 'global', action 'create', type 'address' processing...
2020-04-28 17:28:32,553 - __main__ - INFO - dbedit: Found vendor 'palo', location 'global', action 'create', type 'address' processing...
2020-04-28 17:28:32,554 - __main__ - INFO - dbedit: Found vendor 'palo', location 'global', action 'create', type 'address' processing...
2020-04-28 17:28:32,554 - __main__ - INFO - dbedit: Found vendor 'palo', location 'global', action 'create', type 'address' processing...
2020-04-28 17:28:32,554 - __main__ - INFO - dbedit: Found vendor 'palo', location 'global', action 'create', type 'address' processing...
2020-04-28 17:28:32,555 - __main__ - INFO - dbedit: Found vendor 'palo', location 'global', action 'create', type 'address' processing...
2020-04-28 17:28:32,555 - __main__ - INFO - dbedit: Found vendor 'palo', location 'global', action 'create', type 'address' processing...
2020-04-28 17:28:32,555 - __main__ - INFO - dbedit: Found vendor 'palo', location 'global', action 'create', type 'address' processing...
2020-04-28 17:28:32,556 - __main__ - INFO - dbedit: Found vendor 'palo', location 'global', action 'create', type 'address' processing...
2020-04-28 17:28:32,556 - __main__ - INFO - dbedit: Found vendor 'palo', location 'global', action 'create', type 'address' processing...
2020-04-28 17:28:32,556 - __main__ - INFO - dbedit: Found vendor 'palo', location 'global', action 'create', type 'address' processing...
2020-04-28 17:28:32,556 - __main__ - INFO - dbedit: Found vendor 'palo', location 'global', action 'create', type 'address' processing...
2020-04-28 17:28:32,556 - __main__ - INFO - dbedit: Found vendor 'palo', location 'global', action 'create', type 'address' processing...
2020-04-28 17:28:32,557 - __main__ - INFO - dbedit: Found vendor 'palo', location 'global', action 'create', type 'address' processing...
2020-04-28 17:28:32,557 - __main__ - INFO - dbedit: Found vendor 'palo', location 'global', action 'create', type 'address' processing...
2020-04-28 17:28:32,557 - __main__ - INFO - dbedit: Found vendor 'palo', location 'global', action 'create', type 'address' processing...
2020-04-28 17:28:32,557 - __main__ - INFO - dbedit: Found vendor 'palo', location 'global', action 'create', type 'address' processing...
2020-04-28 17:28:32,557 - __main__ - INFO - dbedit: Found vendor 'palo', location 'global', action 'create', type 'address' processing...
2020-04-28 17:28:32,558 - __main__ - INFO - dbedit: Found vendor 'palo', location 'global', action 'create', type 'address' processing...
2020-04-28 17:28:32,558 - __main__ - INFO - dbedit: Found vendor 'palo', location 'global', action 'create', type 'address' processing...
2020-04-28 17:28:32,558 - __main__ - INFO - dbedit: Found vendor 'palo', location 'global', action 'create', type 'address' processing...
2020-04-28 17:28:32,558 - __main__ - INFO - dbedit: Found vendor 'palo', location 'global', action 'create', type 'address' processing...
2020-04-28 17:28:32,558 - __main__ - INFO - dbedit: Found vendor 'palo', location 'global', action 'create', type 'address' processing...
2020-04-28 17:28:32,559 - __main__ - INFO - dbedit: Found vendor 'palo', location 'global', action 'create', type 'address' processing...
2020-04-28 17:28:32,559 - __main__ - INFO - dbedit: Found vendor 'palo', location 'global', action 'create', type 'address' processing...
2020-04-28 17:28:32,559 - __main__ - INFO - dbedit: Found vendor 'palo', location 'global', action 'create', type 'address' processing...
2020-04-28 17:28:32,559 - __main__ - INFO - dbedit: Found vendor 'palo', location 'global', action 'create', type 'address' processing...
2020-04-28 17:28:32,559 - __main__ - INFO - dbedit: Found vendor 'palo', location 'global', action 'create', type 'address' processing...
2020-04-28 17:28:32,560 - __main__ - INFO - dbedit: Found vendor 'palo', location 'global', action 'create', type 'address' processing...
2020-04-28 17:28:32,560 - __main__ - INFO - dbedit: Found vendor 'palo', location 'global', action 'create', type 'address' processing...
2020-04-28 17:28:32,560 - __main__ - INFO - dbedit: Found vendor 'palo', location 'global', action 'create', type 'address' processing...
2020-04-28 17:28:32,560 - __main__ - INFO - dbedit: Found vendor 'palo', location 'global', action 'create', type 'address' processing...
2020-04-28 17:28:32,560 - __main__ - INFO - dbedit: Found vendor 'palo', location 'global', action 'create', type 'address' processing...
2020-04-28 17:28:32,561 - __main__ - INFO - dbedit: Found vendor 'palo', location 'global', action 'create', type 'address' processing...
2020-04-28 17:28:32,564 - __main__ - INFO - dbedit: Found vendor 'palo', location 'global', action 'create', type 'address' processing...
2020-04-28 17:28:32,565 - __main__ - INFO - dbedit: Found vendor 'palo', location 'global', action 'create', type 'address' processing...
2020-04-28 17:28:32,565 - __main__ - INFO - dbedit: Found vendor 'palo', location 'global', action 'create', type 'address' processing...
2020-04-28 17:28:32,565 - __main__ - INFO - dbedit: Found vendor 'palo', location 'global', action 'create', type 'address' processing...
2020-04-28 17:28:32,565 - __main__ - INFO - dbedit: Found vendor 'palo', location 'global', action 'create', type 'address' processing...
2020-04-28 17:28:32,566 - __main__ - INFO - dbedit: Found vendor 'palo', location 'global', action 'create', type 'address' processing...
2020-04-28 17:28:32,566 - __main__ - INFO - dbedit: Found vendor 'palo', location 'global', action 'create', type 'address' processing...
2020-04-28 17:28:32,566 - __main__ - INFO - dbedit: Found vendor 'palo', location 'global', action 'create', type 'address' processing...
2020-04-28 17:28:32,567 - __main__ - INFO - dbedit: Found vendor 'palo', location 'global', action 'create', type 'address' processing...
2020-04-28 17:28:32,568 - __main__ - INFO - dbedit: Found vendor 'palo', location 'global', action 'create', type 'address' processing...
2020-04-28 17:28:32,568 - __main__ - INFO - dbedit: Found vendor 'palo', location 'global', action 'create', type 'address' processing...
2020-04-28 17:28:32,568 - __main__ - INFO - dbedit: Found vendor 'palo', location 'global', action 'create', type 'address' processing...
2020-04-28 17:28:32,569 - __main__ - INFO - dbedit: Found vendor 'palo', location 'global', action 'create', type 'address' processing...
2020-04-28 17:28:32,569 - __main__ - INFO - dbedit: Found vendor 'palo', location 'global', action 'create', type 'address' processing...
2020-04-28 17:28:32,569 - __main__ - INFO - dbedit: Found vendor 'palo', location 'global', action 'create', type 'address' processing...
2020-04-28 17:28:32,569 - __main__ - INFO - dbedit: Found vendor 'palo', location 'global', action 'create', type 'address' processing...
2020-04-28 17:28:32,570 - __main__ - INFO - dbedit: Found vendor 'palo', location 'global', action 'create', type 'address' processing...
2020-04-28 17:28:32,570 - __main__ - INFO - dbedit: Found vendor 'palo', location 'global', action 'create', type 'address' processing...
2020-04-28 17:28:32,570 - __main__ - INFO - dbedit: Found vendor 'palo', location 'global', action 'create', type 'address' processing...
2020-04-28 17:28:32,570 - __main__ - INFO - dbedit: Found vendor 'palo', location 'global', action 'create', type 'address' processing...
2020-04-28 17:28:32,570 - __main__ - INFO - dbedit: Found vendor 'palo', location 'global', action 'create', type 'address' processing...
2020-04-28 17:28:32,571 - __main__ - INFO - dbedit: Found vendor 'palo', location 'global', action 'create', type 'address' processing...
2020-04-28 17:28:32,571 - __main__ - INFO - dbedit: Found vendor 'palo', location 'global', action 'create', type 'address' processing...
2020-04-28 17:28:32,571 - __main__ - INFO - dbedit: Found vendor 'palo', location 'global', action 'create', type 'address' processing...
2020-04-28 17:28:32,571 - __main__ - INFO - dbedit: Found vendor 'palo', location 'global', action 'create', type 'address' processing...
2020-04-28 17:28:32,571 - __main__ - INFO - dbedit: Found vendor 'palo', location 'global', action 'create', type 'address' processing...
2020-04-28 17:28:32,572 - __main__ - INFO - dbedit: Found vendor 'palo', location 'global', action 'create', type 'address' processing...
2020-04-28 17:28:32,572 - __main__ - INFO - dbedit: Found vendor 'palo', location 'global', action 'create', type 'address' processing...
2020-04-28 17:28:32,572 - __main__ - INFO - dbedit: Found vendor 'palo', location 'global', action 'create', type 'address' processing...
2020-04-28 17:28:32,572 - __main__ - INFO - dbedit: Found vendor 'palo', location 'global', action 'create', type 'address' processing...
2020-04-28 17:28:32,572 - __main__ - INFO - dbedit: Found vendor 'palo', location 'global', action 'create', type 'address' processing...
2020-04-28 17:28:32,572 - __main__ - INFO - dbedit: Found vendor 'palo', location 'global', action 'create', type 'address' processing...
2020-04-28 17:28:32,576 - __main__ - INFO - dbedit: Found vendor 'palo', location 'global', action 'create', type 'address' processing...
2020-04-28 17:28:32,577 - __main__ - INFO - dbedit: Found vendor 'palo', location 'global', action 'create', type 'address' processing...
2020-04-28 17:28:32,577 - __main__ - INFO - dbedit: Found vendor 'palo', location 'global', action 'create', type 'address' processing...
2020-04-28 17:28:32,577 - __main__ - INFO - dbedit: Found vendor 'palo', location 'global', action 'create', type 'address' processing...
2020-04-28 17:28:32,577 - __main__ - INFO - dbedit: Found vendor 'palo', location 'global', action 'create', type 'address' processing...
2020-04-28 17:28:32,578 - __main__ - INFO - dbedit: Found vendor 'palo', location 'global', action 'create', type 'address' processing...
2020-04-28 17:28:32,578 - __main__ - INFO - dbedit: Found vendor 'palo', location 'global', action 'create', type 'address' processing...
2020-04-28 17:28:32,578 - __main__ - INFO - dbedit: Found vendor 'palo', location 'global', action 'create', type 'address' processing...
2020-04-28 17:28:32,579 - __main__ - INFO - dbedit: Found vendor 'palo', location 'global', action 'create', type 'address' processing...
2020-04-28 17:28:32,579 - __main__ - INFO - dbedit: Found vendor 'palo', location 'global', action 'create', type 'address' processing...
2020-04-28 17:28:32,579 - __main__ - INFO - dbedit: Found vendor 'palo', location 'global', action 'create', type 'address' processing...
2020-04-28 17:28:32,580 - __main__ - INFO - dbedit: Found vendor 'palo', location 'global', action 'create', type 'address' processing...
2020-04-28 17:28:32,580 - __main__ - INFO - dbedit: Found vendor 'palo', location 'global', action 'create', type 'address' processing...
2020-04-28 17:28:32,580 - __main__ - INFO - dbedit: Found vendor 'palo', location 'global', action 'create', type 'address' processing...
2020-04-28 17:28:32,581 - __main__ - INFO - dbedit: Found vendor 'palo', location 'global', action 'create', type 'address' processing...
2020-04-28 17:28:32,581 - __main__ - INFO - dbedit: Found vendor 'palo', location 'global', action 'create', type 'address' processing...
2020-04-28 17:28:32,581 - __main__ - INFO - dbedit: Found vendor 'palo', location 'global', action 'create', type 'address' processing...
2020-04-28 17:28:32,581 - __main__ - INFO - dbedit: Found vendor 'palo', location 'global', action 'create', type 'address' processing...
2020-04-28 17:28:32,582 - __main__ - INFO - dbedit: Found vendor 'palo', location 'global', action 'create', type 'address' processing...
2020-04-28 17:28:32,582 - __main__ - INFO - dbedit: Found vendor 'palo', location 'global', action 'create', type 'address' processing...
2020-04-28 17:28:32,582 - __main__ - INFO - dbedit: Found vendor 'palo', location 'global', action 'create', type 'address' processing...
2020-04-28 17:28:32,582 - __main__ - INFO - dbedit: Found vendor 'palo', location 'global', action 'create', type 'address' processing...
2020-04-28 17:28:32,582 - __main__ - INFO - dbedit: Found vendor 'palo', location 'global', action 'create', type 'address' processing...
2020-04-28 17:28:32,582 - __main__ - INFO - dbedit: Found vendor 'palo', location 'global', action 'create', type 'address' processing...
2020-04-28 17:28:32,583 - __main__ - INFO - dbedit: Found vendor 'palo', location 'global', action 'create', type 'address' processing...
2020-04-28 17:28:32,583 - __main__ - INFO - dbedit: Found vendor 'palo', location 'global', action 'create', type 'address' processing...
2020-04-28 17:28:32,583 - __main__ - INFO - dbedit: Found vendor 'palo', location 'global', action 'create', type 'address' processing...
2020-04-28 17:28:32,583 - __main__ - INFO - dbedit: Found vendor 'palo', location 'global', action 'create', type 'address' processing...
2020-04-28 17:28:32,583 - __main__ - INFO - dbedit: Found vendor 'palo', location 'global', action 'create', type 'address' processing...
2020-04-28 17:28:32,584 - __main__ - INFO - dbedit: Found vendor 'palo', location 'global', action 'create', type 'address' processing...
2020-04-28 17:28:32,584 - __main__ - INFO - dbedit: Found vendor 'palo', location 'global', action 'create', type 'address' processing...
2020-04-28 17:28:32,584 - __main__ - INFO - dbedit: Found vendor 'palo', location 'global', action 'create', type 'address' processing...
2020-04-28 17:28:32,584 - __main__ - INFO - dbedit: Found vendor 'palo', location 'global', action 'create', type 'address' processing...
2020-04-28 17:28:32,588 - __main__ - INFO - dbedit: Found vendor 'palo', location 'global', action 'create', type 'address' processing...
2020-04-28 17:28:32,588 - __main__ - INFO - dbedit: Found vendor 'palo', location 'global', action 'create', type 'address' processing...
2020-04-28 17:28:32,588 - __main__ - INFO - dbedit: Found vendor 'palo', location 'global', action 'create', type 'address' processing...
2020-04-28 17:28:32,589 - __main__ - INFO - dbedit: Found vendor 'palo', location 'global', action 'create', type 'address' processing...
2020-04-28 17:28:32,589 - __main__ - INFO - dbedit: Found vendor 'palo', location 'global', action 'create', type 'address' processing...
2020-04-28 17:28:32,589 - __main__ - INFO - dbedit: Found vendor 'palo', location 'global', action 'create', type 'address' processing...
2020-04-28 17:28:32,590 - __main__ - INFO - dbedit: Found vendor 'palo', location 'global', action 'create', type 'address' processing...
2020-04-28 17:28:32,590 - __main__ - INFO - dbedit: Found vendor 'palo', location 'global', action 'create', type 'address' processing...
2020-04-28 17:28:32,591 - __main__ - INFO - dbedit: Found vendor 'palo', location 'global', action 'create', type 'address' processing...
2020-04-28 17:28:32,591 - __main__ - INFO - dbedit: Found vendor 'palo', location 'global', action 'create', type 'address' processing...
2020-04-28 17:28:32,591 - __main__ - INFO - dbedit: Found vendor 'palo', location 'global', action 'create', type 'address' processing...
2020-04-28 17:28:32,591 - __main__ - INFO - dbedit: Found vendor 'palo', location 'global', action 'create', type 'address' processing...
2020-04-28 17:28:32,592 - __main__ - INFO - dbedit: Found vendor 'palo', location 'global', action 'create', type 'address' processing...
2020-04-28 17:28:32,592 - __main__ - INFO - dbedit: Found vendor 'palo', location 'global', action 'create', type 'address' processing...
2020-04-28 17:28:32,592 - __main__ - INFO - dbedit: Found vendor 'palo', location 'global', action 'create', type 'address' processing...
2020-04-28 17:28:32,592 - __main__ - INFO - dbedit: Found vendor 'palo', location 'global', action 'create', type 'address' processing...
2020-04-28 17:28:32,592 - __main__ - INFO - dbedit: Found vendor 'palo', location 'global', action 'create', type 'address' processing...
2020-04-28 17:28:32,593 - __main__ - INFO - dbedit: Found vendor 'palo', location 'global', action 'create', type 'address' processing...
2020-04-28 17:28:32,593 - __main__ - INFO - dbedit: Found vendor 'palo', location 'global', action 'create', type 'address' processing...
2020-04-28 17:28:32,593 - __main__ - INFO - dbedit: Found vendor 'palo', location 'global', action 'create', type 'address' processing...
2020-04-28 17:28:32,593 - __main__ - INFO - dbedit: Found vendor 'palo', location 'global', action 'create', type 'address' processing...
2020-04-28 17:28:32,593 - __main__ - INFO - dbedit: Found vendor 'palo', location 'global', action 'create', type 'address' processing...
2020-04-28 17:28:32,593 - __main__ - INFO - dbedit: Found vendor 'palo', location 'global', action 'create', type 'address' processing...
2020-04-28 17:28:32,594 - __main__ - INFO - dbedit: Found vendor 'palo', location 'global', action 'create', type 'address' processing...
2020-04-28 17:28:32,594 - __main__ - INFO - dbedit: Found vendor 'palo', location 'global', action 'create', type 'address' processing...
2020-04-28 17:28:32,594 - __main__ - INFO - dbedit: Found vendor 'palo', location 'global', action 'create', type 'address' processing...
2020-04-28 17:28:32,594 - __main__ - INFO - dbedit: Found vendor 'palo', location 'global', action 'create', type 'address' processing...
2020-04-28 17:28:32,594 - __main__ - INFO - dbedit: Found vendor 'palo', location 'global', action 'create', type 'address' processing...
2020-04-28 17:28:32,595 - __main__ - INFO - dbedit: Found vendor 'palo', location 'global', action 'create', type 'address' processing...
2020-04-28 17:28:32,595 - __main__ - INFO - dbedit: Found vendor 'palo', location 'global', action 'create', type 'address' processing...
2020-04-28 17:28:32,595 - __main__ - INFO - dbedit: Found vendor 'palo', location 'global', action 'create', type 'address' processing...
2020-04-28 17:28:32,595 - __main__ - INFO - dbedit: Found vendor 'palo', location 'global', action 'create', type 'address' processing...
2020-04-28 17:28:32,595 - __main__ - INFO - dbedit: Found vendor 'palo', location 'global', action 'create', type 'address' processing...
2020-04-28 17:28:32,595 - __main__ - INFO - dbedit: Found vendor 'palo', location 'global', action 'create', type 'address' processing...
2020-04-28 17:28:32,596 - __main__ - INFO - dbedit: Found vendor 'palo', location 'global', action 'create', type 'address' processing...
2020-04-28 17:28:32,596 - __main__ - INFO - dbedit: Found vendor 'palo', location 'global', action 'create', type 'address' processing...
2020-04-28 17:28:32,600 - __main__ - INFO - dbedit: Found vendor 'palo', location 'global', action 'create', type 'address' processing...
2020-04-28 17:28:32,600 - __main__ - INFO - dbedit: Found vendor 'palo', location 'global', action 'create', type 'address' processing...
2020-04-28 17:28:32,600 - __main__ - INFO - dbedit: Found vendor 'palo', location 'global', action 'create', type 'address' processing...
2020-04-28 17:28:32,600 - __main__ - INFO - dbedit: Found vendor 'palo', location 'global', action 'create', type 'address-group' processing...
2020-04-28 17:28:32,600 - __main__ - INFO - dbedit: Found vendor 'palo', location 'global', action 'create', type 'address-group' processing...
2020-04-28 17:28:32,600 - __main__ - INFO - dbedit: Found vendor 'palo', location 'global', action 'create', type 'address-group' processing...
2020-04-28 17:28:32,601 - __main__ - INFO - Connecting to Panorama 'usdal1-03pac01-mgt.ip.mrshmc.com'
2020-04-28 17:28:32,601 - __main__ - INFO - Global Object Level: 'usdal1-03pac01-mgt.ip.mrshmc.com'
2020-04-28 17:28:32,601 - __main__ - INFO - Collecting Global Objects from Panorama 'usdal1-03pac01-mgt.ip.mrshmc.com'
2020-04-28 17:28:43,359 - __main__ - INFO - Live Device: 'usdal1-03pac01-mgt.ip.mrshmc.com': Found '32150' AddressObject objects
2020-04-28 17:28:46,674 - __main__ - INFO - Live Device: 'usdal1-03pac01-mgt.ip.mrshmc.com': Found '1175' AddressGroup objects
2020-04-28 17:28:47,888 - __main__ - INFO - Live Device: 'usdal1-03pac01-mgt.ip.mrshmc.com': Found '1' ApplicationObject objects
2020-04-28 17:28:49,071 - __main__ - INFO - Live Device: 'usdal1-03pac01-mgt.ip.mrshmc.com': Found '3' ApplicationGroup objects
2020-04-28 17:28:51,959 - __main__ - INFO - Live Device: 'usdal1-03pac01-mgt.ip.mrshmc.com': Found '3580' ServiceObject objects
2020-04-28 17:28:53,596 - __main__ - INFO - Live Device: 'usdal1-03pac01-mgt.ip.mrshmc.com': Found '140' ServiceGroup objects
2020-04-28 17:28:54,802 - __main__ - INFO - Live Device: 'usdal1-03pac01-mgt.ip.mrshmc.com': Found '95' Tag objects
2020-04-28 17:28:56,053 - __main__ - INFO - Live Device: 'usdal1-03pac01-mgt.ip.mrshmc.com': Found '0' ApplicationContainer objects
2020-04-28 17:28:57,222 - __main__ - INFO - Live Device: 'usdal1-03pac01-mgt.ip.mrshmc.com': Found '4' ApplicationFilter objects
2020-04-28 17:28:57,226 - __main__ - INFO - Collecting Predefined Objects from Panorama 'usdal1-03pac01-mgt.ip.mrshmc.com'
2020-04-28 17:29:06,160 - __main__ - INFO - Live Device: 'usdal1-03pac01-mgt.ip.mrshmc.com': Found '3419' Pre-Defined ApplicationObject objects
2020-04-28 17:29:06,160 - __main__ - INFO - Live Device: 'usdal1-03pac01-mgt.ip.mrshmc.com': Found '233' Pre-Defined ApplicationContainer objects
2020-04-28 17:29:07,383 - __main__ - INFO - Live Device: 'usdal1-03pac01-mgt.ip.mrshmc.com': Found '2' Pre-Defined ServiceObject objects
2020-04-28 17:29:08,539 - __main__ - INFO - Live Device: 'usdal1-03pac01-mgt.ip.mrshmc.com': Found '2' Pre-Defined Tag objects
2020-04-28 17:29:08,540 - __main__ - INFO - Panorama 'global': dbedit create requests '0' Dip objects
2020-04-28 17:29:08,540 - __main__ - INFO - Panorama 'global': dbedit create requests '231' AddressObject objects
2020-04-28 17:29:08,541 - __main__ - INFO - Panorama 'global': dbedit create requests '3' AddressGroup objects
2020-04-28 17:29:08,541 - __main__ - INFO - Panorama 'global': dbedit create requests '0' ApplicationObject objects
2020-04-28 17:29:08,541 - __main__ - INFO - Panorama 'global': dbedit create requests '0' ApplicationGroup objects
2020-04-28 17:29:08,542 - __main__ - INFO - Panorama 'global': dbedit create requests '0' ApplicationFilter objects
2020-04-28 17:29:08,542 - __main__ - INFO - Panorama 'global': dbedit create requests '0' ServiceObject objects
2020-04-28 17:29:08,542 - __main__ - INFO - Panorama 'global': dbedit create requests '0' ServiceGroup objects
2020-04-28 17:29:08,542 - __main__ - INFO - Panorama 'global': dbedit create requests '0' Tag objects
2020-04-28 17:29:08,542 - __main__ - INFO - Panorama 'global': dbedit create requests '0' PreSecurityRule objects
2020-04-28 17:29:08,542 - __main__ - INFO - Panorama 'global': dbedit create requests '0' PreNatRule objects
2020-04-28 17:29:08,543 - __main__ - INFO - Panorama 'global': dbedit create requests '0' PostSecurityRule objects
2020-04-28 17:29:08,543 - __main__ - INFO - Panorama 'global': dbedit create requests '0' PostNatRule objects
2020-04-28 17:29:08,543 - __main__ - INFO - Panorama 'usdal1-03pac01-mgt.ip.mrshmc.com' dbedit update checking...
2020-04-28 17:29:08,543 - __main__ - INFO - Panorama 'global': dbedit delete requests '0' DeleteObject objects
2020-04-28 17:29:08,543 - __main__ - INFO - Panorama 'global': dbedit delete requests '0' Dip objects
2020-04-28 17:29:08,549 - __main__ - INFO - Panorama 'global': dbedit rename requests '0' RenameObject objects
2020-04-28 17:29:08,557 - __main__ - INFO - Panorama 'global': dbedit create requests '0' Dip objects
2020-04-28 17:29:08,557 - __main__ - INFO - Panorama 'global': dbedit create requests '231' AddressObject objects
2020-04-28 17:29:08,557 - __main__ - INFO - Panorama 'global': dbedit create requests '3' AddressGroup objects
2020-04-28 17:29:08,558 - __main__ - INFO - Panorama 'global': dbedit create requests '0' ApplicationObject objects
2020-04-28 17:29:08,558 - __main__ - INFO - Panorama 'global': dbedit create requests '0' ApplicationGroup objects
2020-04-28 17:29:08,558 - __main__ - INFO - Panorama 'global': dbedit create requests '0' ApplicationFilter objects
2020-04-28 17:29:08,558 - __main__ - INFO - Panorama 'global': dbedit create requests '0' ServiceObject objects
2020-04-28 17:29:08,559 - __main__ - INFO - Panorama 'global': dbedit create requests '0' ServiceGroup objects
2020-04-28 17:29:08,559 - __main__ - INFO - Panorama 'global': dbedit create requests '0' Tag objects
2020-04-28 17:29:08,559 - __main__ - INFO - Panorama 'global': dbedit create requests '0' PreSecurityRule objects
2020-04-28 17:29:08,559 - __main__ - INFO - Panorama 'global': dbedit create requests '0' PreNatRule objects
2020-04-28 17:29:08,559 - __main__ - INFO - Panorama 'global': dbedit create requests '0' PostSecurityRule objects
2020-04-28 17:29:08,561 - __main__ - INFO - Panorama 'global': dbedit create requests '0' PostNatRule objects
2020-04-28 17:29:08,561 - __main__ - INFO - Panorama 'usdal1-03pac01-mgt.ip.mrshmc.com': Updating objects, (action 'create')
2020-04-28 17:29:08,561 - __main__ - INFO - Panorama 'usdal1-03pac01-mgt.ip.mrshmc.com': creating AddressObject 'H-10.1.0.0-32'...
2020-04-28 17:29:10,487 - __main__ - INFO - Panorama 'usdal1-03pac01-mgt.ip.mrshmc.com': creating AddressObject 'H-10.172.100.15-32'...
2020-04-28 17:29:12,453 - __main__ - INFO - Panorama 'usdal1-03pac01-mgt.ip.mrshmc.com': creating AddressObject 'H-10.197.101.48-32'...
2020-04-28 17:29:14,287 - __main__ - INFO - Panorama 'usdal1-03pac01-mgt.ip.mrshmc.com': creating AddressObject 'H-10.227.52.11-32'...
2020-04-28 17:29:16,367 - __main__ - INFO - Panorama 'usdal1-03pac01-mgt.ip.mrshmc.com': creating AddressObject 'H-10.50.149.30-32'...
2020-04-28 17:29:18,540 - __main__ - INFO - Panorama 'usdal1-03pac01-mgt.ip.mrshmc.com': creating AddressObject 'H-10.50.199.100-32'...
2020-04-28 17:29:20,409 - __main__ - INFO - Panorama 'usdal1-03pac01-mgt.ip.mrshmc.com': creating AddressObject 'H-10.52.0.3-32'...
2020-04-28 17:29:22,247 - __main__ - INFO - Panorama 'usdal1-03pac01-mgt.ip.mrshmc.com': creating AddressObject 'H-10.52.0.4-32'...
2020-04-28 17:29:25,868 - __main__ - INFO - Panorama 'usdal1-03pac01-mgt.ip.mrshmc.com': creating AddressObject 'H-10.52.31.100-32'...
2020-04-28 17:29:28,031 - __main__ - WARNING - Panorama 'usdal1-03pac01-mgt.ip.mrshmc.com': Not attempting to create AddressObject 'H-10.52.35.231-32'. Already exists! Skipping...
2020-04-28 17:29:28,032 - __main__ - WARNING - Panorama 'usdal1-03pac01-mgt.ip.mrshmc.com': Not attempting to create AddressObject 'H-10.52.35.232-32'. Already exists! Skipping...
2020-04-28 17:29:28,033 - __main__ - WARNING - Panorama 'usdal1-03pac01-mgt.ip.mrshmc.com': Not attempting to create AddressObject 'H-10.52.35.233-32'. Already exists! Skipping...
2020-04-28 17:29:28,033 - __main__ - WARNING - Panorama 'usdal1-03pac01-mgt.ip.mrshmc.com': Not attempting to create AddressObject 'H-10.52.35.235-32'. Already exists! Skipping...
2020-04-28 17:29:28,034 - __main__ - WARNING - Panorama 'usdal1-03pac01-mgt.ip.mrshmc.com': Not attempting to create AddressObject 'H-10.52.35.236-32'. Already exists! Skipping...
2020-04-28 17:29:28,034 - __main__ - WARNING - Panorama 'usdal1-03pac01-mgt.ip.mrshmc.com': Not attempting to create AddressObject 'H-10.52.35.237-32'. Already exists! Skipping...
2020-04-28 17:29:28,035 - __main__ - WARNING - Panorama 'usdal1-03pac01-mgt.ip.mrshmc.com': Not attempting to create AddressObject 'H-10.52.35.238-32'. Already exists! Skipping...
2020-04-28 17:29:28,035 - __main__ - INFO - Panorama 'usdal1-03pac01-mgt.ip.mrshmc.com': creating AddressObject 'H-10.52.35.240-32'...
2020-04-28 17:29:30,082 - __main__ - INFO - Panorama 'usdal1-03pac01-mgt.ip.mrshmc.com': creating AddressObject 'H-10.52.35.241-32'...
2020-04-28 17:29:32,193 - __main__ - INFO - Panorama 'usdal1-03pac01-mgt.ip.mrshmc.com': creating AddressObject 'H-108.129.62.47-32'...
2020-04-28 17:29:34,033 - __main__ - INFO - Panorama 'usdal1-03pac01-mgt.ip.mrshmc.com': creating AddressObject 'H-119.205.211.41-32'...
2020-04-28 17:29:40,992 - __main__ - INFO - Panorama 'usdal1-03pac01-mgt.ip.mrshmc.com': creating AddressObject 'H-121.14.119.115-32'...
2020-04-28 17:29:42,990 - __main__ - INFO - Panorama 'usdal1-03pac01-mgt.ip.mrshmc.com': creating AddressObject 'H-121.14.119.116-32'...
2020-04-28 17:29:44,869 - __main__ - INFO - Panorama 'usdal1-03pac01-mgt.ip.mrshmc.com': creating AddressObject 'H-121.14.119.117-32'...
2020-04-28 17:29:46,903 - __main__ - INFO - Panorama 'usdal1-03pac01-mgt.ip.mrshmc.com': creating AddressObject 'H-121.14.119.118-32'...
2020-04-28 17:29:48,749 - __main__ - INFO - Panorama 'usdal1-03pac01-mgt.ip.mrshmc.com': creating AddressObject 'H-138.235.33.0-32'...
2020-04-28 17:29:50,753 - __main__ - INFO - Panorama 'usdal1-03pac01-mgt.ip.mrshmc.com': creating AddressObject 'H-165.225.114.251-32'...
2020-04-28 17:29:53,137 - __main__ - INFO - Panorama 'usdal1-03pac01-mgt.ip.mrshmc.com': creating AddressObject 'H-165.225.114.252-32'...
2020-04-28 17:29:54,992 - __main__ - INFO - Panorama 'usdal1-03pac01-mgt.ip.mrshmc.com': creating AddressObject 'H-165.225.114.253-32'...
2020-04-28 17:29:56,972 - __main__ - INFO - Panorama 'usdal1-03pac01-mgt.ip.mrshmc.com': creating AddressObject 'H-165.225.114.254-32'...
2020-04-28 17:29:59,083 - __main__ - INFO - Panorama 'usdal1-03pac01-mgt.ip.mrshmc.com': creating AddressObject 'H-168.74.30.200-32'...
2020-04-28 17:30:01,035 - __main__ - INFO - Panorama 'usdal1-03pac01-mgt.ip.mrshmc.com': creating AddressObject 'H-172.79.6.38-32'...
2020-04-28 17:30:03,228 - __main__ - INFO - Panorama 'usdal1-03pac01-mgt.ip.mrshmc.com': creating AddressObject 'H-174.136.6.130-32'...
2020-04-28 17:30:05,397 - __main__ - INFO - Panorama 'usdal1-03pac01-mgt.ip.mrshmc.com': creating AddressObject 'H-18.229.56.203-32'...
2020-04-28 17:30:09,242 - __main__ - INFO - Panorama 'usdal1-03pac01-mgt.ip.mrshmc.com': creating AddressObject 'H-196.33.216.123-32'...
2020-04-28 17:30:11,335 - __main__ - INFO - Panorama 'usdal1-03pac01-mgt.ip.mrshmc.com': creating AddressObject 'H-198.105.200.23-32'...
2020-04-28 17:30:14,785 - __main__ - INFO - Panorama 'usdal1-03pac01-mgt.ip.mrshmc.com': creating AddressObject 'H-198.105.202.16-32'...
2020-04-28 17:30:17,108 - __main__ - INFO - Panorama 'usdal1-03pac01-mgt.ip.mrshmc.com': creating AddressObject 'H-202.49.83.36-32'...
2020-04-28 17:30:19,356 - __main__ - INFO - Panorama 'usdal1-03pac01-mgt.ip.mrshmc.com': creating AddressObject 'H-203.121.101.89-32'...
2020-04-28 17:30:21,473 - __main__ - INFO - Panorama 'usdal1-03pac01-mgt.ip.mrshmc.com': creating AddressObject 'H-203.147.144.68-32'...
2020-04-28 17:30:23,605 - __main__ - INFO - Panorama 'usdal1-03pac01-mgt.ip.mrshmc.com': creating AddressObject 'H-203.152.105.111-32'...
2020-04-28 17:30:25,814 - __main__ - INFO - Panorama 'usdal1-03pac01-mgt.ip.mrshmc.com': creating AddressObject 'H-203.21.58.7-32'...
2020-04-28 17:30:28,091 - __main__ - INFO - Panorama 'usdal1-03pac01-mgt.ip.mrshmc.com': creating AddressObject 'H-203.233.91.35-32'...
2020-04-28 17:30:30,205 - __main__ - INFO - Panorama 'usdal1-03pac01-mgt.ip.mrshmc.com': creating AddressObject 'H-203.233.91.71-32'...
2020-04-28 17:30:32,306 - __main__ - INFO - Panorama 'usdal1-03pac01-mgt.ip.mrshmc.com': creating AddressObject 'H-203.4.129.226-32'...
2020-04-28 17:30:34,846 - __main__ - INFO - Panorama 'usdal1-03pac01-mgt.ip.mrshmc.com': creating AddressObject 'H-203.86.1.232-32'...
2020-04-28 17:30:36,812 - __main__ - INFO - Panorama 'usdal1-03pac01-mgt.ip.mrshmc.com': creating AddressObject 'H-203.86.1.233-32'...
2020-04-28 17:30:38,948 - __main__ - INFO - Panorama 'usdal1-03pac01-mgt.ip.mrshmc.com': creating AddressObject 'H-203.86.1.235-32'...
2020-04-28 17:30:40,883 - __main__ - INFO - Panorama 'usdal1-03pac01-mgt.ip.mrshmc.com': creating AddressObject 'H-203.86.1.238-32'...
2020-04-28 17:30:42,926 - __main__ - INFO - Panorama 'usdal1-03pac01-mgt.ip.mrshmc.com': creating AddressObject 'H-205.156.70.10-32'...
2020-04-28 17:30:45,136 - __main__ - WARNING - Panorama 'usdal1-03pac01-mgt.ip.mrshmc.com': Not attempting to create AddressObject 'H-205.156.70.12-32'. Already exists! Skipping...
2020-04-28 17:30:45,138 - __main__ - INFO - Panorama 'usdal1-03pac01-mgt.ip.mrshmc.com': creating AddressObject 'H-205.156.88.1-32'...
2020-04-28 17:30:47,015 - __main__ - INFO - Panorama 'usdal1-03pac01-mgt.ip.mrshmc.com': creating AddressObject 'H-205.156.88.2-32'...
2020-04-28 17:30:49,003 - __main__ - INFO - Panorama 'usdal1-03pac01-mgt.ip.mrshmc.com': creating AddressObject 'H-205.156.88.234-32'...
2020-04-28 17:30:51,103 - __main__ - INFO - Panorama 'usdal1-03pac01-mgt.ip.mrshmc.com': creating AddressObject 'H-205.156.88.235-32'...
2020-04-28 17:30:53,241 - __main__ - INFO - Panorama 'usdal1-03pac01-mgt.ip.mrshmc.com': creating AddressObject 'H-205.156.88.3-32'...
2020-04-28 17:30:55,161 - __main__ - INFO - Panorama 'usdal1-03pac01-mgt.ip.mrshmc.com': creating AddressObject 'H-205.156.88.4-32'...
2020-04-28 17:31:00,039 - __main__ - WARNING - Panorama 'usdal1-03pac01-mgt.ip.mrshmc.com': Not attempting to create AddressObject 'H-205.156.94.10-32'. Already exists! Skipping...
2020-04-28 17:31:00,039 - __main__ - INFO - Panorama 'usdal1-03pac01-mgt.ip.mrshmc.com': creating AddressObject 'H-205.156.94.12-32'...
2020-04-28 17:31:01,974 - __main__ - INFO - Panorama 'usdal1-03pac01-mgt.ip.mrshmc.com': creating AddressObject 'H-206.100.1.124-32'...
2020-04-28 17:31:04,102 - __main__ - INFO - Panorama 'usdal1-03pac01-mgt.ip.mrshmc.com': creating AddressObject 'H-207.223.240.120-32'...
2020-04-28 17:31:06,233 - __main__ - INFO - Panorama 'usdal1-03pac01-mgt.ip.mrshmc.com': creating AddressObject 'H-210.22.12.34-32'...
2020-04-28 17:31:08,133 - __main__ - INFO - Panorama 'usdal1-03pac01-mgt.ip.mrshmc.com': creating AddressObject 'H-210.22.12.48-32'...
2020-04-28 17:31:10,183 - __main__ - INFO - Panorama 'usdal1-03pac01-mgt.ip.mrshmc.com': creating AddressObject 'H-210.22.12.49-32'...
2020-04-28 17:31:12,261 - __main__ - INFO - Panorama 'usdal1-03pac01-mgt.ip.mrshmc.com': creating AddressObject 'H-210.24.138.162-32'...
2020-04-28 17:31:14,171 - __main__ - INFO - Panorama 'usdal1-03pac01-mgt.ip.mrshmc.com': creating AddressObject 'H-211.154.129.207-32'...
2020-04-28 17:31:16,374 - __main__ - INFO - Panorama 'usdal1-03pac01-mgt.ip.mrshmc.com': creating AddressObject 'H-211.35.96.26-32'...
2020-04-28 17:31:18,615 - __main__ - INFO - Panorama 'usdal1-03pac01-mgt.ip.mrshmc.com': creating AddressObject 'H-211.35.96.43-32'...
2020-04-28 17:31:20,691 - __main__ - INFO - Panorama 'usdal1-03pac01-mgt.ip.mrshmc.com': creating AddressObject 'H-211.36.85.94-32'...
2020-04-28 17:31:22,595 - __main__ - INFO - Panorama 'usdal1-03pac01-mgt.ip.mrshmc.com': creating AddressObject 'H-211.42.85.240-32'...
2020-04-28 17:31:24,633 - __main__ - INFO - Panorama 'usdal1-03pac01-mgt.ip.mrshmc.com': creating AddressObject 'H-212.187.211.5-32'...
2020-04-28 17:31:26,626 - __main__ - INFO - Panorama 'usdal1-03pac01-mgt.ip.mrshmc.com': creating AddressObject 'H-219.134.132.36-32'...
2020-04-28 17:31:28,718 - __main__ - INFO - Panorama 'usdal1-03pac01-mgt.ip.mrshmc.com': creating AddressObject 'H-219.134.132.37-32'...
2020-04-28 17:31:30,733 - __main__ - INFO - Panorama 'usdal1-03pac01-mgt.ip.mrshmc.com': creating AddressObject 'H-220.103.253.231-32'...
2020-04-28 17:31:32,751 - __main__ - INFO - Panorama 'usdal1-03pac01-mgt.ip.mrshmc.com': creating AddressObject 'H-220.112.39.14-32'...
2020-04-28 17:31:34,634 - __main__ - INFO - Panorama 'usdal1-03pac01-mgt.ip.mrshmc.com': creating AddressObject 'H-220.112.40.167-32'...
2020-04-28 17:31:36,533 - __main__ - WARNING - Panorama 'usdal1-03pac01-mgt.ip.mrshmc.com': Not attempting to create AddressObject 'H-220.112.42.8-32'. Already exists! Skipping...
2020-04-28 17:31:36,535 - __main__ - INFO - Panorama 'usdal1-03pac01-mgt.ip.mrshmc.com': creating AddressObject 'H-220.231.180.167-32'...
2020-04-28 17:31:38,632 - __main__ - INFO - Panorama 'usdal1-03pac01-mgt.ip.mrshmc.com': creating AddressObject 'H-220.73.215.84-32'...
2020-04-28 17:31:40,632 - __main__ - INFO - Panorama 'usdal1-03pac01-mgt.ip.mrshmc.com': creating AddressObject 'H-221.228.198.144-32'...
2020-04-28 17:31:42,705 - __main__ - INFO - Panorama 'usdal1-03pac01-mgt.ip.mrshmc.com': creating AddressObject 'H-221.228.198.151-32'...
2020-04-28 17:31:44,762 - __main__ - INFO - Panorama 'usdal1-03pac01-mgt.ip.mrshmc.com': creating AddressObject 'H-3.10.8.220-32'...
2020-04-28 17:31:46,753 - __main__ - INFO - Panorama 'usdal1-03pac01-mgt.ip.mrshmc.com': creating AddressObject 'H-3.105.227.19-32'...
2020-04-28 17:31:48,723 - __main__ - INFO - Panorama 'usdal1-03pac01-mgt.ip.mrshmc.com': creating AddressObject 'H-38.103.25.180-32'...
2020-04-28 17:31:50,862 - __main__ - INFO - Panorama 'usdal1-03pac01-mgt.ip.mrshmc.com': creating AddressObject 'H-52.196.118.63-32'...
2020-04-28 17:31:52,983 - __main__ - INFO - Panorama 'usdal1-03pac01-mgt.ip.mrshmc.com': creating AddressObject 'H-52.63.58.54-32'...
2020-04-28 17:31:55,024 - __main__ - INFO - Panorama 'usdal1-03pac01-mgt.ip.mrshmc.com': creating AddressObject 'H-52.63.91.200-32'...
2020-04-28 17:31:57,052 - __main__ - INFO - Panorama 'usdal1-03pac01-mgt.ip.mrshmc.com': creating AddressObject 'H-52.65.142.146-32'...
2020-04-28 17:31:59,063 - __main__ - INFO - Panorama 'usdal1-03pac01-mgt.ip.mrshmc.com': creating AddressObject 'H-52.65.152.196-32'...
2020-04-28 17:32:01,032 - __main__ - INFO - Panorama 'usdal1-03pac01-mgt.ip.mrshmc.com': creating AddressObject 'H-54.252.36.101-32'...
2020-04-28 17:32:03,084 - __main__ - INFO - Panorama 'usdal1-03pac01-mgt.ip.mrshmc.com': creating AddressObject 'H-57.250.231.200-32'...
2020-04-28 17:32:05,098 - __main__ - INFO - Panorama 'usdal1-03pac01-mgt.ip.mrshmc.com': creating AddressObject 'H-58.26.83.218-32'...
2020-04-28 17:32:06,982 - __main__ - INFO - Panorama 'usdal1-03pac01-mgt.ip.mrshmc.com': creating AddressObject 'H-58.26.83.253-32'...
2020-04-28 17:32:08,873 - __main__ - INFO - Panorama 'usdal1-03pac01-mgt.ip.mrshmc.com': creating AddressObject 'H-59.100.100.12-32'...
2020-04-28 17:32:11,390 - __main__ - INFO - Panorama 'usdal1-03pac01-mgt.ip.mrshmc.com': creating AddressObject 'H-59.100.101.12-32'...
2020-04-28 17:32:16,861 - __main__ - INFO - Panorama 'usdal1-03pac01-mgt.ip.mrshmc.com': creating AddressObject 'H-80.127.122.74-32'...
2020-04-28 17:32:18,946 - __main__ - INFO - Panorama 'usdal1-03pac01-mgt.ip.mrshmc.com': creating AddressObject 'H-92.168.29.235-32'...
2020-04-28 17:32:21,204 - __main__ - INFO - Panorama 'usdal1-03pac01-mgt.ip.mrshmc.com': creating AddressObject 'H-92.168.29.236-32'...
2020-04-28 17:32:23,119 - __main__ - INFO - Panorama 'usdal1-03pac01-mgt.ip.mrshmc.com': creating AddressObject 'N-10.100.178.0-24'...
2020-04-28 17:32:25,094 - __main__ - INFO - Panorama 'usdal1-03pac01-mgt.ip.mrshmc.com': creating AddressObject 'N-10.120.198.0-24'...
2020-04-28 17:32:27,083 - __main__ - INFO - Panorama 'usdal1-03pac01-mgt.ip.mrshmc.com': creating AddressObject 'N-10.121.80.0-24'...
2020-04-28 17:32:28,975 - __main__ - INFO - Panorama 'usdal1-03pac01-mgt.ip.mrshmc.com': creating AddressObject 'N-10.121.85.0-24'...
2020-04-28 17:32:30,992 - __main__ - INFO - Panorama 'usdal1-03pac01-mgt.ip.mrshmc.com': creating AddressObject 'N-10.121.86.0-24'...
2020-04-28 17:32:33,035 - __main__ - INFO - Panorama 'usdal1-03pac01-mgt.ip.mrshmc.com': creating AddressObject 'N-10.121.87.0-24'...
2020-04-28 17:32:35,140 - __main__ - INFO - Panorama 'usdal1-03pac01-mgt.ip.mrshmc.com': creating AddressObject 'N-10.121.90.0-24'...
2020-04-28 17:32:37,143 - __main__ - INFO - Panorama 'usdal1-03pac01-mgt.ip.mrshmc.com': creating AddressObject 'N-10.122.1.0-24'...
2020-04-28 17:32:39,119 - __main__ - INFO - Panorama 'usdal1-03pac01-mgt.ip.mrshmc.com': creating AddressObject 'N-10.122.42.0-24'...
2020-04-28 17:32:41,114 - __main__ - INFO - Panorama 'usdal1-03pac01-mgt.ip.mrshmc.com': creating AddressObject 'N-10.122.44.0-24'...
2020-04-28 17:32:43,054 - __main__ - INFO - Panorama 'usdal1-03pac01-mgt.ip.mrshmc.com': creating AddressObject 'N-10.122.46.0-24'...
2020-04-28 17:32:45,062 - __main__ - INFO - Panorama 'usdal1-03pac01-mgt.ip.mrshmc.com': creating AddressObject 'N-10.122.48.0-24'...
2020-04-28 17:32:47,123 - __main__ - INFO - Panorama 'usdal1-03pac01-mgt.ip.mrshmc.com': creating AddressObject 'N-10.16.141.0-24'...
2020-04-28 17:32:49,032 - __main__ - INFO - Panorama 'usdal1-03pac01-mgt.ip.mrshmc.com': creating AddressObject 'N-10.16.144.0-24'...
2020-04-28 17:32:51,054 - __main__ - INFO - Panorama 'usdal1-03pac01-mgt.ip.mrshmc.com': creating AddressObject 'N-10.16.145.0-24'...
2020-04-28 17:32:52,970 - __main__ - INFO - Panorama 'usdal1-03pac01-mgt.ip.mrshmc.com': creating AddressObject 'N-10.16.150.0-24'...
2020-04-28 17:32:55,131 - __main__ - INFO - Panorama 'usdal1-03pac01-mgt.ip.mrshmc.com': creating AddressObject 'N-10.16.151.0-24'...
2020-04-28 17:32:57,285 - __main__ - INFO - Panorama 'usdal1-03pac01-mgt.ip.mrshmc.com': creating AddressObject 'N-10.16.154.0-24'...
2020-04-28 17:32:59,461 - __main__ - INFO - Panorama 'usdal1-03pac01-mgt.ip.mrshmc.com': creating AddressObject 'N-10.16.155.0-24'...
2020-04-28 17:33:01,394 - __main__ - INFO - Panorama 'usdal1-03pac01-mgt.ip.mrshmc.com': creating AddressObject 'N-10.16.160.0-24'...
2020-04-28 17:33:03,279 - __main__ - INFO - Panorama 'usdal1-03pac01-mgt.ip.mrshmc.com': creating AddressObject 'N-10.16.161.0-24'...
2020-04-28 17:33:05,322 - __main__ - INFO - Panorama 'usdal1-03pac01-mgt.ip.mrshmc.com': creating AddressObject 'N-10.16.162.0-24'...
2020-04-28 17:33:07,916 - __main__ - INFO - Panorama 'usdal1-03pac01-mgt.ip.mrshmc.com': creating AddressObject 'N-10.16.163.0-24'...
2020-04-28 17:33:10,072 - __main__ - INFO - Panorama 'usdal1-03pac01-mgt.ip.mrshmc.com': creating AddressObject 'N-10.16.164.0-24'...
2020-04-28 17:33:12,132 - __main__ - INFO - Panorama 'usdal1-03pac01-mgt.ip.mrshmc.com': creating AddressObject 'N-10.16.165.0-24'...
2020-04-28 17:33:14,052 - __main__ - INFO - Panorama 'usdal1-03pac01-mgt.ip.mrshmc.com': creating AddressObject 'N-10.16.171.0-24'...
2020-04-28 17:33:16,613 - __main__ - INFO - Panorama 'usdal1-03pac01-mgt.ip.mrshmc.com': creating AddressObject 'N-10.16.172.0-24'...
2020-04-28 17:33:19,005 - __main__ - INFO - Panorama 'usdal1-03pac01-mgt.ip.mrshmc.com': creating AddressObject 'N-10.16.173.0-24'...
2020-04-28 17:33:21,105 - __main__ - INFO - Panorama 'usdal1-03pac01-mgt.ip.mrshmc.com': creating AddressObject 'N-10.16.174.0-24'...
2020-04-28 17:33:23,543 - __main__ - INFO - Panorama 'usdal1-03pac01-mgt.ip.mrshmc.com': creating AddressObject 'N-10.16.175.0-24'...
2020-04-28 17:33:25,611 - __main__ - INFO - Panorama 'usdal1-03pac01-mgt.ip.mrshmc.com': creating AddressObject 'N-10.16.214.0-24'...
2020-04-28 17:33:27,511 - __main__ - INFO - Panorama 'usdal1-03pac01-mgt.ip.mrshmc.com': creating AddressObject 'N-10.16.215.0-24'...
2020-04-28 17:33:29,483 - __main__ - INFO - Panorama 'usdal1-03pac01-mgt.ip.mrshmc.com': creating AddressObject 'N-10.16.224.0-24'...
2020-04-28 17:33:32,004 - __main__ - INFO - Panorama 'usdal1-03pac01-mgt.ip.mrshmc.com': creating AddressObject 'N-10.16.225.0-24'...
2020-04-28 17:33:34,272 - __main__ - INFO - Panorama 'usdal1-03pac01-mgt.ip.mrshmc.com': creating AddressObject 'N-10.16.234.0-24'...
2020-04-28 17:33:36,223 - __main__ - INFO - Panorama 'usdal1-03pac01-mgt.ip.mrshmc.com': creating AddressObject 'N-10.16.235.0-24'...
2020-04-28 17:33:38,243 - __main__ - INFO - Panorama 'usdal1-03pac01-mgt.ip.mrshmc.com': creating AddressObject 'N-10.16.244.0-24'...
2020-04-28 17:33:40,461 - __main__ - INFO - Panorama 'usdal1-03pac01-mgt.ip.mrshmc.com': creating AddressObject 'N-10.16.245.0-24'...
2020-04-28 17:33:42,532 - __main__ - INFO - Panorama 'usdal1-03pac01-mgt.ip.mrshmc.com': creating AddressObject 'N-10.170.46.0-23'...
2020-04-28 17:33:44,569 - __main__ - INFO - Panorama 'usdal1-03pac01-mgt.ip.mrshmc.com': creating AddressObject 'N-10.18.139.0-24'...
2020-04-28 17:33:46,491 - __main__ - INFO - Panorama 'usdal1-03pac01-mgt.ip.mrshmc.com': creating AddressObject 'N-10.18.140.0-24'...
2020-04-28 17:33:48,394 - __main__ - INFO - Panorama 'usdal1-03pac01-mgt.ip.mrshmc.com': creating AddressObject 'N-10.18.141.0-24'...
2020-04-28 17:33:50,262 - __main__ - INFO - Panorama 'usdal1-03pac01-mgt.ip.mrshmc.com': creating AddressObject 'N-10.18.142.0-24'...
2020-04-28 17:33:52,702 - __main__ - INFO - Panorama 'usdal1-03pac01-mgt.ip.mrshmc.com': creating AddressObject 'N-10.18.144.0-24'...
2020-04-28 17:33:54,749 - __main__ - INFO - Panorama 'usdal1-03pac01-mgt.ip.mrshmc.com': creating AddressObject 'N-10.18.145.0-24'...
2020-04-28 17:33:56,822 - __main__ - INFO - Panorama 'usdal1-03pac01-mgt.ip.mrshmc.com': creating AddressObject 'N-10.18.146.0-24'...
2020-04-28 17:33:58,863 - __main__ - INFO - Panorama 'usdal1-03pac01-mgt.ip.mrshmc.com': creating AddressObject 'N-10.18.147.0-24'...
2020-04-28 17:34:01,315 - __main__ - INFO - Panorama 'usdal1-03pac01-mgt.ip.mrshmc.com': creating AddressObject 'N-10.18.149.0-24'...
2020-04-28 17:34:03,204 - __main__ - INFO - Panorama 'usdal1-03pac01-mgt.ip.mrshmc.com': creating AddressObject 'N-10.18.150.0-24'...
2020-04-28 17:34:05,121 - __main__ - INFO - Panorama 'usdal1-03pac01-mgt.ip.mrshmc.com': creating AddressObject 'N-10.18.151.0-24'...
2020-04-28 17:34:07,213 - __main__ - INFO - Panorama 'usdal1-03pac01-mgt.ip.mrshmc.com': creating AddressObject 'N-10.18.152.0-24'...
2020-04-28 17:34:09,257 - __main__ - INFO - Panorama 'usdal1-03pac01-mgt.ip.mrshmc.com': creating AddressObject 'N-10.18.154.0-24'...
2020-04-28 17:34:11,282 - __main__ - INFO - Panorama 'usdal1-03pac01-mgt.ip.mrshmc.com': creating AddressObject 'N-10.18.155.0-24'...
2020-04-28 17:34:13,922 - __main__ - INFO - Panorama 'usdal1-03pac01-mgt.ip.mrshmc.com': creating AddressObject 'N-10.18.156.0-24'...
2020-04-28 17:34:15,825 - __main__ - INFO - Panorama 'usdal1-03pac01-mgt.ip.mrshmc.com': creating AddressObject 'N-10.18.157.0-24'...
2020-04-28 17:34:17,921 - __main__ - INFO - Panorama 'usdal1-03pac01-mgt.ip.mrshmc.com': creating AddressObject 'N-10.18.160.0-24'...
2020-04-28 17:34:20,424 - __main__ - INFO - Panorama 'usdal1-03pac01-mgt.ip.mrshmc.com': creating AddressObject 'N-10.18.161.0-24'...
2020-04-28 17:34:22,621 - __main__ - INFO - Panorama 'usdal1-03pac01-mgt.ip.mrshmc.com': creating AddressObject 'N-10.18.162.0-24'...
2020-04-28 17:34:24,634 - __main__ - INFO - Panorama 'usdal1-03pac01-mgt.ip.mrshmc.com': creating AddressObject 'N-10.18.172.0-24'...
2020-04-28 17:34:26,582 - __main__ - INFO - Panorama 'usdal1-03pac01-mgt.ip.mrshmc.com': creating AddressObject 'N-10.18.173.0-24'...
2020-04-28 17:34:28,657 - __main__ - INFO - Panorama 'usdal1-03pac01-mgt.ip.mrshmc.com': creating AddressObject 'N-10.18.174.0-24'...
2020-04-28 17:34:30,553 - __main__ - INFO - Panorama 'usdal1-03pac01-mgt.ip.mrshmc.com': creating AddressObject 'N-10.19.102.0-24'...
2020-04-28 17:34:32,633 - __main__ - INFO - Panorama 'usdal1-03pac01-mgt.ip.mrshmc.com': creating AddressObject 'N-10.19.97.0-24'...
2020-04-28 17:34:34,791 - __main__ - INFO - Panorama 'usdal1-03pac01-mgt.ip.mrshmc.com': creating AddressObject 'N-10.19.99.0-24'...
2020-04-28 17:34:36,970 - __main__ - INFO - Panorama 'usdal1-03pac01-mgt.ip.mrshmc.com': creating AddressObject 'N-10.196.228.0-23'...
2020-04-28 17:34:39,098 - __main__ - INFO - Panorama 'usdal1-03pac01-mgt.ip.mrshmc.com': creating AddressObject 'N-10.196.68.0-22'...
2020-04-28 17:34:41,109 - __main__ - INFO - Panorama 'usdal1-03pac01-mgt.ip.mrshmc.com': creating AddressObject 'N-10.197.22.0-24'...
2020-04-28 17:34:43,480 - __main__ - INFO - Panorama 'usdal1-03pac01-mgt.ip.mrshmc.com': creating AddressObject 'N-10.227.92.0-22'...
2020-04-28 17:34:45,503 - __main__ - INFO - Panorama 'usdal1-03pac01-mgt.ip.mrshmc.com': creating AddressObject 'N-10.227.96.0-22'...
2020-04-28 17:34:47,664 - __main__ - INFO - Panorama 'usdal1-03pac01-mgt.ip.mrshmc.com': creating AddressObject 'N-10.26.14.0-24'...
2020-04-28 17:34:49,644 - __main__ - INFO - Panorama 'usdal1-03pac01-mgt.ip.mrshmc.com': creating AddressObject 'N-10.26.15.0-24'...
2020-04-28 17:34:51,626 - __main__ - INFO - Panorama 'usdal1-03pac01-mgt.ip.mrshmc.com': creating AddressObject 'N-10.26.16.0-24'...
2020-04-28 17:34:53,512 - __main__ - INFO - Panorama 'usdal1-03pac01-mgt.ip.mrshmc.com': creating AddressObject 'N-10.26.17.0-24'...
2020-04-28 17:34:55,483 - __main__ - INFO - Panorama 'usdal1-03pac01-mgt.ip.mrshmc.com': creating AddressObject 'N-10.26.23.0-24'...
2020-04-28 17:34:57,384 - __main__ - INFO - Panorama 'usdal1-03pac01-mgt.ip.mrshmc.com': creating AddressObject 'N-10.26.24.0-24'...
2020-04-28 17:34:59,486 - __main__ - INFO - Panorama 'usdal1-03pac01-mgt.ip.mrshmc.com': creating AddressObject 'N-10.26.25.0-24'...
2020-04-28 17:35:01,512 - __main__ - INFO - Panorama 'usdal1-03pac01-mgt.ip.mrshmc.com': creating AddressObject 'N-10.26.26.0-24'...
2020-04-28 17:35:03,935 - __main__ - INFO - Panorama 'usdal1-03pac01-mgt.ip.mrshmc.com': creating AddressObject 'N-10.31.154.0-24'...
2020-04-28 17:35:06,020 - __main__ - INFO - Panorama 'usdal1-03pac01-mgt.ip.mrshmc.com': creating AddressObject 'N-10.31.155.0-24'...
2020-04-28 17:35:08,032 - __main__ - INFO - Panorama 'usdal1-03pac01-mgt.ip.mrshmc.com': creating AddressObject 'N-10.31.157.0-24'...
2020-04-28 17:35:10,332 - __main__ - INFO - Panorama 'usdal1-03pac01-mgt.ip.mrshmc.com': creating AddressObject 'N-10.31.210.0-24'...
2020-04-28 17:35:12,550 - __main__ - INFO - Panorama 'usdal1-03pac01-mgt.ip.mrshmc.com': creating AddressObject 'N-10.31.213.0-24'...
2020-04-28 17:35:14,515 - __main__ - INFO - Panorama 'usdal1-03pac01-mgt.ip.mrshmc.com': creating AddressObject 'N-10.34.10.0-24'...
2020-04-28 17:35:16,572 - __main__ - INFO - Panorama 'usdal1-03pac01-mgt.ip.mrshmc.com': creating AddressObject 'N-10.34.13.0-24'...
2020-04-28 17:35:18,551 - __main__ - INFO - Panorama 'usdal1-03pac01-mgt.ip.mrshmc.com': creating AddressObject 'N-10.34.2.0-24'...
2020-04-28 17:35:20,443 - __main__ - INFO - Panorama 'usdal1-03pac01-mgt.ip.mrshmc.com': creating AddressObject 'N-10.34.5.0-24'...
2020-04-28 17:35:22,353 - __main__ - INFO - Panorama 'usdal1-03pac01-mgt.ip.mrshmc.com': creating AddressObject 'N-10.4.34.0-24'...
2020-04-28 17:35:24,447 - __main__ - INFO - Panorama 'usdal1-03pac01-mgt.ip.mrshmc.com': creating AddressObject 'N-10.4.35.0-24'...
2020-04-28 17:35:26,473 - __main__ - INFO - Panorama 'usdal1-03pac01-mgt.ip.mrshmc.com': creating AddressObject 'N-10.4.36.0-24'...
2020-04-28 17:35:28,475 - __main__ - INFO - Panorama 'usdal1-03pac01-mgt.ip.mrshmc.com': creating AddressObject 'N-10.4.38.0-24'...
2020-04-28 17:35:30,584 - __main__ - INFO - Panorama 'usdal1-03pac01-mgt.ip.mrshmc.com': creating AddressObject 'N-10.49.35.0-24'...
2020-04-28 17:35:32,483 - __main__ - INFO - Panorama 'usdal1-03pac01-mgt.ip.mrshmc.com': creating AddressObject 'N-10.5.226.0-24'...
2020-04-28 17:35:34,594 - __main__ - INFO - Panorama 'usdal1-03pac01-mgt.ip.mrshmc.com': creating AddressObject 'N-10.5.230.0-24'...
2020-04-28 17:35:36,493 - __main__ - INFO - Panorama 'usdal1-03pac01-mgt.ip.mrshmc.com': creating AddressObject 'N-10.5.234.0-24'...
2020-04-28 17:35:38,580 - __main__ - INFO - Panorama 'usdal1-03pac01-mgt.ip.mrshmc.com': creating AddressObject 'N-10.5.238.0-24'...
2020-04-28 17:35:40,732 - __main__ - INFO - Panorama 'usdal1-03pac01-mgt.ip.mrshmc.com': creating AddressObject 'N-10.50.120.0-24'...
2020-04-28 17:35:42,874 - __main__ - INFO - Panorama 'usdal1-03pac01-mgt.ip.mrshmc.com': creating AddressObject 'N-10.50.88.0-21'...
2020-04-28 17:35:44,846 - __main__ - INFO - Panorama 'usdal1-03pac01-mgt.ip.mrshmc.com': creating AddressObject 'N-10.50.96.0-21'...
2020-04-28 17:35:46,842 - __main__ - INFO - Panorama 'usdal1-03pac01-mgt.ip.mrshmc.com': creating AddressObject 'N-10.8.203.0-24'...
2020-04-28 17:35:48,784 - __main__ - INFO - Panorama 'usdal1-03pac01-mgt.ip.mrshmc.com': creating AddressObject 'N-10.8.204.0-24'...
2020-04-28 17:35:50,909 - __main__ - INFO - Panorama 'usdal1-03pac01-mgt.ip.mrshmc.com': creating AddressObject 'N-10.8.207.0-24'...
2020-04-28 17:35:52,984 - __main__ - INFO - Panorama 'usdal1-03pac01-mgt.ip.mrshmc.com': creating AddressObject 'N-10.8.208.0-24'...
2020-04-28 17:35:55,034 - __main__ - INFO - Panorama 'usdal1-03pac01-mgt.ip.mrshmc.com': creating AddressObject 'N-10.9.225.0-24'...
2020-04-28 17:35:57,566 - __main__ - INFO - Panorama 'usdal1-03pac01-mgt.ip.mrshmc.com': creating AddressObject 'N-10.9.228.0-24'...
2020-04-28 17:35:59,652 - __main__ - INFO - Panorama 'usdal1-03pac01-mgt.ip.mrshmc.com': creating AddressObject 'N-10.9.230.0-24'...
2020-04-28 17:36:01,735 - __main__ - INFO - Panorama 'usdal1-03pac01-mgt.ip.mrshmc.com': creating AddressObject 'N-10.9.65.0-24'...
2020-04-28 17:36:03,954 - __main__ - INFO - Panorama 'usdal1-03pac01-mgt.ip.mrshmc.com': creating AddressObject 'N-10.9.66.0-24'...
2020-04-28 17:36:06,155 - __main__ - INFO - Panorama 'usdal1-03pac01-mgt.ip.mrshmc.com': creating AddressObject 'N-10.9.70.0-24'...
2020-04-28 17:36:08,721 - __main__ - INFO - Panorama 'usdal1-03pac01-mgt.ip.mrshmc.com': creating AddressObject 'N-10.9.72.0-24'...
2020-04-28 17:36:10,608 - __main__ - INFO - Panorama 'usdal1-03pac01-mgt.ip.mrshmc.com': creating AddressObject 'N-10.9.74.0-24'...
2020-04-28 17:36:12,834 - __main__ - INFO - Panorama 'usdal1-03pac01-mgt.ip.mrshmc.com': creating AddressObject 'N-10.9.75.0-24'...
2020-04-28 17:36:14,803 - __main__ - INFO - Panorama 'usdal1-03pac01-mgt.ip.mrshmc.com': creating AddressObject 'N-10.9.76.0-24'...
2020-04-28 17:36:16,786 - __main__ - INFO - Panorama 'usdal1-03pac01-mgt.ip.mrshmc.com': creating AddressObject 'N-10.9.77.0-24'...
2020-04-28 17:36:18,913 - __main__ - INFO - Panorama 'usdal1-03pac01-mgt.ip.mrshmc.com': creating AddressObject 'N-10.9.79.0-24'...
2020-04-28 17:36:20,904 - __main__ - INFO - Panorama 'usdal1-03pac01-mgt.ip.mrshmc.com': creating AddressObject 'N-10.9.80.0-24'...
2020-04-28 17:36:22,929 - __main__ - INFO - Panorama 'usdal1-03pac01-mgt.ip.mrshmc.com': creating AddressObject 'N-10.9.81.0-24'...
2020-04-28 17:36:24,882 - __main__ - INFO - Panorama 'usdal1-03pac01-mgt.ip.mrshmc.com': creating AddressObject 'N-10.9.84.0-24'...
2020-04-28 17:36:26,964 - __main__ - INFO - Panorama 'usdal1-03pac01-mgt.ip.mrshmc.com': creating AddressObject 'N-10.9.85.0-24'...
2020-04-28 17:36:28,572 - __main__ - ERROR - PanDeviceXapiError('ElementTree.fromstring ParseError: no element found: line 1, column 0')
2020-04-28 17:36:28,573 - __main__ - INFO - Panorama 'usdal1-03pac01-mgt.ip.mrshmc.com': creating AddressObject 'N-10.9.86.0-24'...
2020-04-28 17:36:38,073 - __main__ - INFO - Panorama 'usdal1-03pac01-mgt.ip.mrshmc.com': creating AddressObject 'N-10.9.87.0-24'...
2020-04-28 17:36:40,143 - __main__ - INFO - Panorama 'usdal1-03pac01-mgt.ip.mrshmc.com': creating AddressObject 'N-10.9.89.0-24'...
2020-04-28 17:36:42,213 - __main__ - INFO - Panorama 'usdal1-03pac01-mgt.ip.mrshmc.com': creating AddressObject 'N-10.9.90.0-24'...
2020-04-28 17:36:44,398 - __main__ - INFO - Panorama 'usdal1-03pac01-mgt.ip.mrshmc.com': creating AddressObject 'N-111.221.32.0-21'...
2020-04-28 17:36:46,393 - __main__ - INFO - Panorama 'usdal1-03pac01-mgt.ip.mrshmc.com': creating AddressObject 'N-138.235.41.0-24'...
2020-04-28 17:36:48,514 - __main__ - INFO - Panorama 'usdal1-03pac01-mgt.ip.mrshmc.com': creating AddressObject 'N-164.55.240.0-28'...
2020-04-28 17:36:50,491 - __main__ - INFO - Panorama 'usdal1-03pac01-mgt.ip.mrshmc.com': creating AddressObject 'N-202.3.8.160-27'...
2020-04-28 17:36:52,593 - __main__ - INFO - Panorama 'usdal1-03pac01-mgt.ip.mrshmc.com': creating AddressObject 'N-203.0.77.0-24'...
2020-04-28 17:36:54,483 - __main__ - INFO - Panorama 'usdal1-03pac01-mgt.ip.mrshmc.com': creating AddressObject 'N-203.2.190.192-27'...
2020-04-28 17:36:56,552 - __main__ - INFO - Panorama 'usdal1-03pac01-mgt.ip.mrshmc.com': creating AddressObject 'N-203.2.191.192-27'...
2020-04-28 17:36:58,972 - __main__ - INFO - Panorama 'usdal1-03pac01-mgt.ip.mrshmc.com': creating AddressObject 'N-203.23.96.0-24'...
2020-04-28 17:37:00,951 - __main__ - INFO - Panorama 'usdal1-03pac01-mgt.ip.mrshmc.com': creating AddressObject 'N-203.77.184.0-21'...
2020-04-28 17:37:03,082 - __main__ - INFO - Panorama 'usdal1-03pac01-mgt.ip.mrshmc.com': creating AddressObject 'N-205.233.0.0-24'...
2020-04-28 17:37:05,196 - __main__ - INFO - Panorama 'usdal1-03pac01-mgt.ip.mrshmc.com': creating AddressObject 'N-8.5.128.0-24'...
2020-04-28 17:37:11,313 - __main__ - INFO - Panorama 'usdal1-03pac01-mgt.ip.mrshmc.com': creating AddressObject 'N-94.103.30.144-28'...
2020-04-28 17:37:13,740 - __main__ - INFO - Panorama 'usdal1-03pac01-mgt.ip.mrshmc.com': Updating objects, (action 'create')
2020-04-28 17:37:13,741 - __main__ - INFO - Panorama 'usdal1-03pac01-mgt.ip.mrshmc.com': creating AddressGroup 'G_CIRC'...
2020-04-28 17:37:42,368 - __main__ - INFO - Panorama 'usdal1-03pac01-mgt.ip.mrshmc.com': creating AddressGroup 'G_QCgateways'...
2020-04-28 17:38:08,054 - __main__ - INFO - Panorama 'usdal1-03pac01-mgt.ip.mrshmc.com': creating AddressGroup 'G_outbound-blocked-hosts'...
2020-04-28 17:38:31,140 - __main__ - INFO - Panorama 'global': dbedit edit requests '0' EditObject objects
2020-04-28 17:38:31,145 - __main__ - INFO - Panorama 'global': dbedit addtogroup requests '0' ModifyGroup objects
2020-04-28 17:38:31,151 - __main__ - INFO - Panorama 'global': dbedit removefromgroup requests '0' ModifyGroup objects
2020-04-28 17:38:31,156 - __main__ - ERROR - API update failures exist. Please investigate! 'usdal1-03pac01-mgt.ip.mrshmc.com'
2020-04-28 17:38:31,157 - __main__ - ERROR - API update failure for: 'N-10.9.85.0-24'
