2020-04-28 18:33:16,931 - __main__ - INFO - Argument '--device' supplied, device in scope 'usdal1-03pac01-mgt.ip.mrshmc.com'
2020-04-28 18:33:16,931 - __main__ - INFO - Argument '--filename' supplied, configuration contained in '../pangenerator/output/small-rename-test.csv'
2020-04-28 18:33:16,931 - __main__ - INFO - Argument '--no-locks' supplied, no commit or configuration locks will be taken.
2020-04-28 18:33:16,932 - __main__ - INFO - Argument '--test' supplied, TEST mode - will not perform updates via API.
2020-04-28 18:33:16,932 - __main__ - INFO - Argument '--verbose' supplied, logging will be printed to console.
2020-04-28 18:33:22,670 - __main__ - INFO - Device System Info: SystemInfo(version='9.0.4', platform='M-500', serial='007307001217')
2020-04-28 18:33:22,671 - __main__ - INFO - Filename '../pangenerator/output/small-rename-test.csv' provided. Parsing...
2020-04-28 18:33:22,685 - __main__ - INFO - dbedit: Ignoring commented line '#vendor,objtype,op_action,location,name,subtype,members,ip,netmask,cidr,description,color,protocol,source_port,destination_port,nexthop,tag,value,interface,enable_user_identification,metric,mgmt_profile,zone,rule_action,application,category,data_filtering,destination,disable_server_response_inspection,disabled,file_blocking,fromzone,group,hip_profiles,icmp_unreachable,log_end,log_setting,log_start,negate_destination,negate_source,negate_target,schedule,service,source,source_user,spyware,target,tozone ,url_filtering,virus,vulnerability,wildfire_analysis,destination_dynamic_translated_address,destination_dynamic_translated_distribution,destination_dynamic_translated_port,destination_translated_address,destination_translated_port,ha_binding,nat_type,source_translation_address_type,source_translation_fallback_interface,source_translation_fallback_ip_address,source_translation_fallback_ip_type,source_translation_fallback_translated_addresses,source_translation_fallback_type,source_translation_interface,source_translation_ip_address,source_translation_static_bi_directional,source_translation_static_translated_address,source_translation_translated_addresses,source_translation_type,to_interface,category,subcategory,technology,risk,evasive,excessive_bandwidth_use,prone_to_misuse,is_saas,transfers_files,tunnels_other_apps,used_by_malware,has_known_vulnerabilities,pervasive,default_type,parent_app,timeout,tcp_timeout,udp_timeout,tcp_half_closed_timeout,tcp_time_wait_timeout,tunnel_applications,file_type_ident,virus_ident,data_ident,default_port,default_ip_protocol,default_icmp_type,default_icmp_code,ignore_this_end_marker'
2020-04-28 18:33:22,686 - __main__ - INFO - dbedit: Found vendor 'palo', location 'global', action 'rename', type 'service' processing...
2020-04-28 18:33:22,688 - __main__ - INFO - dbedit: Found vendor 'palo', location 'global', action 'rename', type 'service' processing...
2020-04-28 18:33:22,689 - __main__ - INFO - dbedit: Found vendor 'palo', location 'global', action 'rename', type 'service' processing...
2020-04-28 18:33:22,689 - __main__ - INFO - dbedit: Found vendor 'palo', location 'global', action 'rename', type 'service' processing...
2020-04-28 18:33:22,690 - __main__ - INFO - dbedit: Found vendor 'palo', location 'global', action 'rename', type 'service' processing...
2020-04-28 18:33:22,691 - __main__ - INFO - dbedit: Found vendor 'palo', location 'global', action 'rename', type 'service' processing...
2020-04-28 18:33:22,696 - __main__ - INFO - dbedit: Found vendor 'palo', location 'global', action 'rename', type 'service' processing...
2020-04-28 18:33:22,697 - __main__ - INFO - dbedit: Found vendor 'palo', location 'global', action 'rename', type 'service' processing...
2020-04-28 18:33:22,697 - __main__ - INFO - dbedit: Found vendor 'palo', location 'global', action 'rename', type 'service' processing...
2020-04-28 18:33:22,698 - __main__ - INFO - dbedit: Found vendor 'palo', location 'global', action 'rename', type 'service' processing...
2020-04-28 18:33:22,698 - __main__ - INFO - dbedit: Found vendor 'palo', location 'global', action 'rename', type 'service' processing...
2020-04-28 18:33:22,699 - __main__ - INFO - dbedit: Found vendor 'palo', location 'global', action 'rename', type 'service' processing...
2020-04-28 18:33:22,699 - __main__ - INFO - dbedit: Found vendor 'palo', location 'global', action 'rename', type 'service' processing...
2020-04-28 18:33:22,700 - __main__ - INFO - dbedit: Found vendor 'palo', location 'global', action 'rename', type 'service' processing...
2020-04-28 18:33:22,700 - __main__ - INFO - dbedit: Found vendor 'palo', location 'global', action 'rename', type 'service' processing...
2020-04-28 18:33:22,700 - __main__ - INFO - dbedit: Found vendor 'palo', location 'global', action 'rename', type 'service' processing...
2020-04-28 18:33:22,701 - __main__ - INFO - dbedit: Found vendor 'palo', location 'global', action 'rename', type 'service' processing...
2020-04-28 18:33:22,701 - __main__ - INFO - dbedit: Found vendor 'palo', location 'global', action 'rename', type 'service' processing...
2020-04-28 18:33:22,701 - __main__ - INFO - dbedit: Found vendor 'palo', location 'global', action 'rename', type 'service' processing...
2020-04-28 18:33:22,701 - __main__ - INFO - dbedit: Found vendor 'palo', location 'global', action 'rename', type 'service' processing...
2020-04-28 18:33:22,701 - __main__ - INFO - dbedit: Found vendor 'palo', location 'global', action 'rename', type 'service' processing...
2020-04-28 18:33:22,702 - __main__ - INFO - Connecting to Panorama 'usdal1-03pac01-mgt.ip.mrshmc.com'
2020-04-28 18:33:22,702 - __main__ - INFO - Global Object Level: 'usdal1-03pac01-mgt.ip.mrshmc.com'
2020-04-28 18:33:22,702 - __main__ - INFO - Collecting Global Objects from Panorama 'usdal1-03pac01-mgt.ip.mrshmc.com'
2020-04-28 18:33:33,538 - __main__ - INFO - Live Device: 'usdal1-03pac01-mgt.ip.mrshmc.com': Found '32371' AddressObject objects
2020-04-28 18:33:36,871 - __main__ - INFO - Live Device: 'usdal1-03pac01-mgt.ip.mrshmc.com': Found '1178' AddressGroup objects
2020-04-28 18:33:38,045 - __main__ - INFO - Live Device: 'usdal1-03pac01-mgt.ip.mrshmc.com': Found '1' ApplicationObject objects
2020-04-28 18:33:39,234 - __main__ - INFO - Live Device: 'usdal1-03pac01-mgt.ip.mrshmc.com': Found '3' ApplicationGroup objects
2020-04-28 18:33:42,137 - __main__ - INFO - Live Device: 'usdal1-03pac01-mgt.ip.mrshmc.com': Found '3580' ServiceObject objects
2020-04-28 18:33:43,764 - __main__ - INFO - Live Device: 'usdal1-03pac01-mgt.ip.mrshmc.com': Found '140' ServiceGroup objects
2020-04-28 18:33:44,978 - __main__ - INFO - Live Device: 'usdal1-03pac01-mgt.ip.mrshmc.com': Found '95' Tag objects
2020-04-28 18:33:46,168 - __main__ - INFO - Live Device: 'usdal1-03pac01-mgt.ip.mrshmc.com': Found '0' ApplicationContainer objects
2020-04-28 18:33:47,401 - __main__ - INFO - Live Device: 'usdal1-03pac01-mgt.ip.mrshmc.com': Found '4' ApplicationFilter objects
2020-04-28 18:33:47,405 - __main__ - INFO - Collecting Predefined Objects from Panorama 'usdal1-03pac01-mgt.ip.mrshmc.com'
2020-04-28 18:33:57,500 - __main__ - INFO - Live Device: 'usdal1-03pac01-mgt.ip.mrshmc.com': Found '3419' Pre-Defined ApplicationObject objects
2020-04-28 18:33:57,501 - __main__ - INFO - Live Device: 'usdal1-03pac01-mgt.ip.mrshmc.com': Found '233' Pre-Defined ApplicationContainer objects
2020-04-28 18:33:58,667 - __main__ - INFO - Live Device: 'usdal1-03pac01-mgt.ip.mrshmc.com': Found '2' Pre-Defined ServiceObject objects
2020-04-28 18:33:59,870 - __main__ - INFO - Live Device: 'usdal1-03pac01-mgt.ip.mrshmc.com': Found '2' Pre-Defined Tag objects
2020-04-28 18:33:59,871 - __main__ - INFO - Panorama 'global': dbedit create requests '0' Dip objects
2020-04-28 18:33:59,871 - __main__ - INFO - Panorama 'global': dbedit create requests '0' AddressObject objects
2020-04-28 18:33:59,872 - __main__ - INFO - Panorama 'global': dbedit create requests '0' AddressGroup objects
2020-04-28 18:33:59,872 - __main__ - INFO - Panorama 'global': dbedit create requests '0' ApplicationObject objects
2020-04-28 18:33:59,873 - __main__ - INFO - Panorama 'global': dbedit create requests '0' ApplicationGroup objects
2020-04-28 18:33:59,873 - __main__ - INFO - Panorama 'global': dbedit create requests '0' ApplicationFilter objects
2020-04-28 18:33:59,874 - __main__ - INFO - Panorama 'global': dbedit create requests '0' ServiceObject objects
2020-04-28 18:33:59,874 - __main__ - INFO - Panorama 'global': dbedit create requests '0' ServiceGroup objects
2020-04-28 18:33:59,875 - __main__ - INFO - Panorama 'global': dbedit create requests '0' Tag objects
2020-04-28 18:33:59,875 - __main__ - INFO - Panorama 'global': dbedit create requests '0' PreSecurityRule objects
2020-04-28 18:33:59,876 - __main__ - INFO - Panorama 'global': dbedit create requests '0' PreNatRule objects
2020-04-28 18:33:59,876 - __main__ - INFO - Panorama 'global': dbedit create requests '0' PostSecurityRule objects
2020-04-28 18:33:59,877 - __main__ - INFO - Panorama 'global': dbedit create requests '0' PostNatRule objects
2020-04-28 18:33:59,877 - __main__ - INFO - Panorama 'usdal1-03pac01-mgt.ip.mrshmc.com' dbedit update checking...
2020-04-28 18:33:59,878 - __main__ - INFO - Panorama 'global': dbedit delete requests '0' DeleteObject objects
2020-04-28 18:33:59,878 - __main__ - INFO - Panorama 'global': dbedit delete requests '0' Dip objects
2020-04-28 18:33:59,888 - __main__ - INFO - Panorama 'global': dbedit rename requests '21' RenameObject objects
2020-04-28 18:33:59,891 - __main__ - INFO - Panorama 'usdal1-03pac01-mgt.ip.mrshmc.com': Updating objects, (action 'rename')
2020-04-28 18:34:01,144 - __main__ - WARNING - Panorama 'usdal1-03pac01-mgt.ip.mrshmc.com': Not attempting to rename service '1433' to 'tcp-1433'. Newname already exists! Skipping...
2020-04-28 18:34:02,407 - __main__ - INFO - Panorama 'usdal1-03pac01-mgt.ip.mrshmc.com': TEST MODE - not renaming service '5441' to 'tcp-5441'. TEST!
2020-04-28 18:34:03,660 - __main__ - INFO - Panorama 'usdal1-03pac01-mgt.ip.mrshmc.com': TEST MODE - not renaming service '6060' to 'tcp-6060'. TEST!
2020-04-28 18:34:04,910 - __main__ - INFO - Panorama 'usdal1-03pac01-mgt.ip.mrshmc.com': TEST MODE - not renaming service '6443' to 'tcp-6443'. TEST!
2020-04-28 18:34:06,158 - __main__ - INFO - Panorama 'usdal1-03pac01-mgt.ip.mrshmc.com': TEST MODE - not renaming service 'aol' to 'tcp-5190'. TEST!
2020-04-28 18:34:07,409 - __main__ - INFO - Panorama 'usdal1-03pac01-mgt.ip.mrshmc.com': TEST MODE - not renaming service 'bgp' to 'tcp-179'. TEST!
2020-04-28 18:34:08,677 - __main__ - INFO - Panorama 'usdal1-03pac01-mgt.ip.mrshmc.com': TEST MODE - not renaming service 'biff' to 'udp-512'. TEST!
2020-04-28 18:34:09,928 - __main__ - WARNING - Panorama 'usdal1-03pac01-mgt.ip.mrshmc.com': Not attempting to rename service 'bootpc' to 'udp-68'. Newname already exists! Skipping...
2020-04-28 18:34:11,202 - __main__ - INFO - Panorama 'usdal1-03pac01-mgt.ip.mrshmc.com': TEST MODE - not renaming service 'bootps' to 'udp-67'. TEST!
2020-04-28 18:34:12,648 - __main__ - INFO - Panorama 'usdal1-03pac01-mgt.ip.mrshmc.com': TEST MODE - not renaming service 'chargen' to 'tcp-19'. TEST!
2020-04-28 18:34:13,915 - __main__ - INFO - Panorama 'usdal1-03pac01-mgt.ip.mrshmc.com': TEST MODE - not renaming service 'cifs' to 'tcp-3020'. TEST!
2020-04-28 18:34:15,167 - __main__ - WARNING - Panorama 'usdal1-03pac01-mgt.ip.mrshmc.com': Not attempting to rename service 'citrix-ica' to 'tcp-1494'. Newname already exists! Skipping...
2020-04-28 18:34:16,429 - __main__ - WARNING - Panorama 'usdal1-03pac01-mgt.ip.mrshmc.com': Not attempting to rename service 'cmd' to 'tcp-514'. Newname already exists! Skipping...
2020-04-28 18:34:17,701 - __main__ - INFO - Panorama 'usdal1-03pac01-mgt.ip.mrshmc.com': TEST MODE - not renaming service 'ctiqbe' to 'tcp-2748'. TEST!
2020-04-28 18:34:18,917 - __main__ - INFO - Panorama 'usdal1-03pac01-mgt.ip.mrshmc.com': TEST MODE - not renaming service 'daytime' to 'tcp-13'. TEST!
2020-04-28 18:34:20,167 - __main__ - INFO - Panorama 'usdal1-03pac01-mgt.ip.mrshmc.com': TEST MODE - not renaming service 'dnsix' to 'udp-195'. TEST!
2020-04-28 18:34:21,407 - __main__ - WARNING - Panorama 'usdal1-03pac01-mgt.ip.mrshmc.com': Not attempting to rename service 'domain' to 'udp-53'. Newname already exists! Skipping...
2020-04-28 18:34:22,677 - __main__ - INFO - Panorama 'usdal1-03pac01-mgt.ip.mrshmc.com': TEST MODE - not renaming service 'exec' to 'tcp-512'. TEST!
2020-04-28 18:34:23,901 - __main__ - INFO - Panorama 'usdal1-03pac01-mgt.ip.mrshmc.com': TEST MODE - not renaming service 'finger' to 'tcp-79'. TEST!
2020-04-28 18:34:25,148 - __main__ - INFO - Panorama 'usdal1-03pac01-mgt.ip.mrshmc.com': TEST MODE - not renaming service 'FireEyeHX-VPN_range-1200-1220' to 'tcp-1200-1220'. TEST!
2020-04-28 18:34:26,410 - __main__ - INFO - Panorama 'usdal1-03pac01-mgt.ip.mrshmc.com': TEST MODE - not renaming service 'tcp_1433-1450' to 'tcp-1433-1450'. TEST!
2020-04-28 18:34:26,419 - __main__ - INFO - Panorama 'global': dbedit create requests '0' Dip objects
2020-04-28 18:34:26,419 - __main__ - INFO - Panorama 'global': dbedit create requests '0' AddressObject objects
2020-04-28 18:34:26,419 - __main__ - INFO - Panorama 'global': dbedit create requests '0' AddressGroup objects
2020-04-28 18:34:26,420 - __main__ - INFO - Panorama 'global': dbedit create requests '0' ApplicationObject objects
2020-04-28 18:34:26,420 - __main__ - INFO - Panorama 'global': dbedit create requests '0' ApplicationGroup objects
2020-04-28 18:34:26,420 - __main__ - INFO - Panorama 'global': dbedit create requests '0' ApplicationFilter objects
2020-04-28 18:34:26,422 - __main__ - INFO - Panorama 'global': dbedit create requests '0' ServiceObject objects
2020-04-28 18:34:26,422 - __main__ - INFO - Panorama 'global': dbedit create requests '0' ServiceGroup objects
2020-04-28 18:34:26,422 - __main__ - INFO - Panorama 'global': dbedit create requests '0' Tag objects
2020-04-28 18:34:26,422 - __main__ - INFO - Panorama 'global': dbedit create requests '0' PreSecurityRule objects
2020-04-28 18:34:26,422 - __main__ - INFO - Panorama 'global': dbedit create requests '0' PreNatRule objects
2020-04-28 18:34:26,423 - __main__ - INFO - Panorama 'global': dbedit create requests '0' PostSecurityRule objects
2020-04-28 18:34:26,423 - __main__ - INFO - Panorama 'global': dbedit create requests '0' PostNatRule objects
2020-04-28 18:34:26,429 - __main__ - INFO - Panorama 'global': dbedit edit requests '0' EditObject objects
2020-04-28 18:34:26,435 - __main__ - INFO - Panorama 'global': dbedit addtogroup requests '0' ModifyGroup objects
2020-04-28 18:34:26,442 - __main__ - INFO - Panorama 'global': dbedit removefromgroup requests '0' ModifyGroup objects
2020-04-28 18:34:26,449 - __main__ - INFO - AMAZING! No API update failures detected ;)
